#tests: test_name, ' ', status(PASSED | FAILED | ERROR), ' ', [exception, { trace_mut_index | '(', { alternative_trace_mut_index, ',' }, ')' }]
jester.tests.IgnoreListTest:testReadingEmptyIgnoreValues()V ERROR java.lang.StringIndexOutOfBoundsException 52 
jester.tests.IgnoreListTest:testReadingIgnoreValues()V FAILED junit.framework.AssertionFailedError 
jester.tests.IgnoreListTest:testReadingIgnoreValuesEndOfLineSpecialCase()V FAILED junit.framework.AssertionFailedError 
jester.tests.IgnoreListTest:testReadingMultipleIgnoreValues()V FAILED junit.framework.AssertionFailedError 
jester.tests.IgnoreListTest:testReadingMultipleIgnoreBlankLines()V ERROR java.lang.StringIndexOutOfBoundsException 52 
jester.tests.IgnoreListTest:testReadingIncorrectFile()V PASSED
jester.tests.TestTesterTest:testTestsMustStartOffWorking()V PASSED
jester.tests.TestTesterTest:testThatTestRunByIterator()V PASSED
jester.tests.ReportItemTest:testXmlEncoding()V ERROR java.lang.StringIndexOutOfBoundsException 52 74 13 
jester.tests.ReportItemTest:testLineNumberOneLine()V ERROR java.lang.StringIndexOutOfBoundsException 52 74 13 28 
jester.tests.ReportItemTest:testLineNumberSomeLines()V ERROR java.lang.StringIndexOutOfBoundsException 52 74 13 28 
jester.tests.TwoStringSwappingCodeManglerTest:testCouldntMangle()V ERROR java.lang.StringIndexOutOfBoundsException 52 74 (18,57) (18,57) 
jester.tests.TwoStringSwappingCodeManglerTest:testSimpleMangle1()V ERROR java.lang.StringIndexOutOfBoundsException 52 74 (18,57) (18,57) 
jester.tests.ReportTest:testBottomScore()V ERROR java.lang.StringIndexOutOfBoundsException 52 74 47 
jester.tests.ReportTest:testCantFinishDifferentFile()V ERROR java.lang.StringIndexOutOfBoundsException 52 74 47 
jester.tests.ReportTest:testCantStartTwoFiles()V ERROR java.lang.StringIndexOutOfBoundsException 52 74 47 
jester.tests.ReportTest:testChangesToSameFileOrderedByIndex()V ERROR java.lang.StringIndexOutOfBoundsException 52 74 47 
jester.tests.ReportTest:testFileScoreSeparateFromTotalScore()V ERROR java.lang.StringIndexOutOfBoundsException 52 74 47 
jester.tests.ReportTest:testInitialScore()V ERROR java.lang.StringIndexOutOfBoundsException 52 74 47 
jester.tests.ReportTest:testMediumScore()V ERROR java.lang.StringIndexOutOfBoundsException 52 74 47 
jester.tests.ReportTest:testThatChangeThatCausedTestsToFailIsNotIncluded()V ERROR java.lang.StringIndexOutOfBoundsException 52 74 47 
jester.tests.ReportTest:testThatChangeThatDidNotCauseTestsToFailIsIncluded()V ERROR java.lang.StringIndexOutOfBoundsException 52 74 47 
jester.tests.ReportTest:testTopScore()V ERROR java.lang.StringIndexOutOfBoundsException 52 74 47 
jester.tests.ReportTest:testTotalScoreForManyFiles()V ERROR java.lang.StringIndexOutOfBoundsException 52 74 47 
jester.tests.ReportTest:testFileMustBeStarted()V PASSED
jester.tests.MutationsListTest:testDefaults()V PASSED
jester.tests.MutationsListTest:testReadMutations()V ERROR java.lang.StringIndexOutOfBoundsException 72 (46,59) 
jester.tests.MutationsListTest:testReadMutationsIgnoreBogusLinesIncludingBlankOnes()V ERROR java.lang.StringIndexOutOfBoundsException 72 (46,59) 
jester.tests.MainArgumentsTest:testMissingArgumentsCauseExceptionToBeThrown()V ERROR java.lang.ArrayIndexOutOfBoundsException 64 73 
jester.tests.MainArgumentsTest:testMissingFileCauseExceptionToBeThrown()V ERROR java.lang.ArrayIndexOutOfBoundsException 64 73 
jester.tests.MainArgumentsTest:testMandatoryArguments()V ERROR java.lang.ArrayIndexOutOfBoundsException 64 73 
jester.tests.MainArgumentsTest:testThatMultipleMutationDirectoriesOrFilesAreAllowed()V ERROR java.lang.ArrayIndexOutOfBoundsException 64 73 
jester.tests.MainArgumentsTest:testClasspathArgument()V ERROR java.lang.ArrayIndexOutOfBoundsException 64 73 
jester.tests.MainArgumentsTest:testThatOneCanSpecifyOptionToNotShowProgressDialog()V ERROR java.lang.ArrayIndexOutOfBoundsException 64 73 
jester.tests.MainArgumentsTest:testThatClasspathArgumentCanAppearFirst()V ERROR java.lang.ArrayIndexOutOfBoundsException 64 73 25 
jester.tests.MainArgumentsTest:testThatClasspathArgumentCanAppearSecond()V ERROR java.lang.ArrayIndexOutOfBoundsException 64 73 25 
jester.tests.MainArgumentsTest:testThatClasspathArgumentCanAppearLast()V ERROR java.lang.ArrayIndexOutOfBoundsException 64 73 25 
jester.tests.MainArgumentsTest:testThatClasspathArgumentCanAppearInMiddleOfDirectoriesBecauseThereIsNoHarmInIt()V ERROR java.lang.ArrayIndexOutOfBoundsException 64 73 25 
jester.tests.ConfigurationTest:testDefaults()V PASSED
jester.tests.XMLReportWriterTest:testWritingChangesAsXMLHasBothGivenAndAbsoluteFilePaths()V ERROR java.lang.StringIndexOutOfBoundsException 52 74 
jester.tests.SimpleIntCodeManglerTest:testCouldntMangle()V ERROR java.lang.StringIndexOutOfBoundsException 52 74 (18,57) (18,57) 
jester.tests.SimpleIntCodeManglerTest:testContinuesIfChangeFails()V ERROR java.lang.StringIndexOutOfBoundsException 52 74 (18,57) (18,57) 
jester.tests.SimpleIntCodeManglerTest:testContinuesIfChangeSucceeds()V ERROR java.lang.StringIndexOutOfBoundsException 52 74 (18,57) (18,57) 
jester.tests.SimpleIntCodeManglerTest:testDoesntTryToChangeBadlyNamedMethodCalls()V ERROR java.lang.StringIndexOutOfBoundsException 52 74 (18,57) (18,57) 
jester.tests.SimpleIntCodeManglerTest:testSimpleMangle()V ERROR java.lang.StringIndexOutOfBoundsException 52 74 (18,57) (18,57) 
jester.tests.SimpleIntCodeManglerTest:testBug955882()V ERROR java.lang.StringIndexOutOfBoundsException 52 74 (18,57) (18,57) 
jester.tests.IgnoreListDocumentTest:testTextIsIgnored()V FAILED junit.framework.AssertionFailedError 
jester.tests.IgnoreListDocumentTest:testTextIsIgnoredForMultipleIgnores()V FAILED junit.framework.AssertionFailedError 
jester.tests.IgnoreListDocumentTest:testCharAtReturnsSpaceInsideIgnoreRegion()V FAILED junit.framework.AssertionFailedError 
jester.tests.ClassTestTesterTest:testThatChangeThatFailsTestsIsNotRecorded()V ERROR java.lang.StringIndexOutOfBoundsException 52 74 (18,57) (18,57) 
jester.tests.ClassTestTesterTest:testThatChangeThatPassesTestsIsRecorded()V ERROR java.lang.StringIndexOutOfBoundsException 52 74 (18,57) (18,57) 
jester.tests.ClassTestTesterTest:testThatOriginalContentsAreNotWrittenBackIfNoChanges()V ERROR java.lang.StringIndexOutOfBoundsException 52 74 (18,57) (18,57) 
jester.tests.ClassTestTesterTest:testThatOriginalContentsAreWrittenBack()V ERROR java.lang.StringIndexOutOfBoundsException 52 74 (18,57) (18,57) 
jester.tests.ClassTestTesterTest:testThatMutationListIsUsed()V ERROR java.lang.StringIndexOutOfBoundsException 52 74 (18,57) (18,57) 
jester.tests.acceptancetests.VeryTestedTest:testBoolean()V PASSED
jester.tests.acceptancetests.VeryTestedTest:testConditionFalseBranch()V PASSED
jester.tests.acceptancetests.VeryTestedTest:testConditionTrueBranch()V PASSED
jester.tests.acceptancetests.VeryTestedTest:testDecrement()V PASSED
jester.tests.acceptancetests.VeryTestedTest:testEqual()V PASSED
jester.tests.acceptancetests.VeryTestedTest:testIncrement()V PASSED
jester.tests.acceptancetests.VeryTestedTest:testInfiniteLoop()V PASSED
jester.tests.acceptancetests.VeryTestedTest:testInt()V PASSED
jester.tests.acceptancetests.VeryTestedTest:testNotEqual()V PASSED
jester.tests.functionaltests.VeryTestedTest:testNumber()V PASSED

#uuts: uut_name, [ '|', mutator_class, '|', change_position_in_file_buffer, '|', change ]
jester.IgnoreList:IgnoreList(Ljava.lang.String;)V
jester.IgnoreListDocument:isInIgnoreRegion(I)Z
jester.tests.ReportTest:newRealReport(Ljava.io.PrintWriter;)Ljester.Report;
jester.tests.MockTestRunner:MockTestRunner()V
jester.tests.functionaltests.VeryTested:VeryTested()V
jester.tests.acceptancetests.VeryTested:turnIntoInfiniteLoop()V
jester.tests.MockClassSourceChanger:MockClassSourceChanger()V
jester.tests.acceptancetests.VeryTested:mustNotBeEqual()Z
jester.tests.MockMutationMaker:MockMutationMaker()V
jester.SourceChangeException:SourceChangeException(Ljava.lang.String;)V
jester.tests.acceptancetests.VeryTested:mustDecrement(I)I
jester.RealLogger:RealLogger()V
jester.tests.MockClassIterator:setExpectedIterate(Ljester.ClassTestTester;)V
jester.tests.ReportItemTest:newReportItem(Ljava.lang.String;Ljava.lang.String;Ljava.lang.String;I)Ljester.ReportItem;
jester.RealConfiguration:testsPassString()Ljava.lang.String;
jester.RealConfiguration:isTrueProperty(Ljava.lang.String;Z)Z
jester.IgnorePair:toString()Ljava.lang.String;
jester.tests.MockClassTestTester:MockClassTestTester()V
jester.tests.MockClassSourceChanger:setOriginalContents(Ljava.lang.String;)V
jester.tests.MockClassIterator:MockClassIterator()V
jester.RealXMLReportWriter:RealXMLReportWriter(Ljava.io.Writer;)V
jester.RealMutationsList:RealMutationsList(Ljava.lang.String;Ljava.io.PrintStream;)V
jester.RealConfiguration:RealConfiguration(Ljava.lang.String;Ljava.io.PrintStream;)V
jester.RealConfiguration:shouldReportEagerly()Z
jester.RealReport:fileNumberOfChanges()I
jester.tests.MainArgumentsTest:checkThatClasspathArgumentCanAppearInAnyOrder([Ljava.lang.String;)V
jester.tests.MockTestRunner:testsRunWithoutFailures()Z
jester.RealReport:score(II)I | OPERATOR | 5280 | / -> >>>
jester.tests.ReportItemTest:lineNumberForCharacterIndex(Ljava.lang.String;I)I
jester.tests.MockClassIterator:verify()V
jester.tests.acceptancetests.VeryTested:mustTakeCorrectBranchFor(Z)I
jester.IgnoreListDocument:charAt(I)C
jester.tests.TestConfiguration:TestConfiguration()V
jester.TestTester:TestTester(Ljester.TestRunner;Ljester.ClassIterator;Ljester.ClassTestTester;)V
jester.RealReport:totalScore()I
jester.IgnoreListDocument:IgnoreListDocument(Ljava.lang.String;Ljester.IgnoreList;)V
jester.MainArguments:MainArguments([Ljava.lang.String;Ljester.FileExistenceChecker;)V
jester.tests.MockClassIterator:iterate(Ljester.ClassTestTester;)V
jester.RealReport:RealReport(Ljester.Configuration;Ljava.io.PrintWriter;Ljester.XMLReportWriter;Ljester.ProgressReporter;)V
jester.tests.functionaltests.VeryTested:mustReturnOne()I
jester.tests.acceptancetests.VeryTested:mustIncrement(I)I
jester.tests.ReportTest:newRealReport()Ljester.Report;
jester.RealReport:changeThatDidNotCauseTestsToFail(ILjava.lang.String;Ljava.lang.String;)V
jester.tests.acceptancetests.VeryTested:mustReturnOne()I
jester.tests.acceptancetests.VeryTested:mustBeEqual()Z
jester.tests.acceptancetests.VeryTested:mustReturnTrue()Z
jester.RealMutationsList:visit(Ljester.MutationMaker;)V
jester.tests.ReportTest:startFile(Ljester.Report;Ljava.lang.String;Ljava.lang.String;)V
jester.tests.MockMutationMaker:addExpectedMutateValues(Ljava.lang.String;Ljava.lang.String;)V
jester.RealConfiguration:stringProperty(Ljava.lang.String;Ljava.lang.String;)Ljava.lang.String;
jester.tests.MockClassSourceChanger:setThrowExceptionOnFirstChangeAttempt(Z)V
jester.RealConfiguration:testRunningCommand()Ljava.lang.String;
jester.IgnoreList:ignorePairs()Ljava.util.List; | CONDITION | 492 | if (x) -> if (!x)
jester.RealConfiguration:closeUIOnFinish()Z
jester.IgnoreListDocument:indexOf(Ljava.lang.String;I)I
jester.RealConfiguration:sourceFileExtension()Ljava.lang.String;
jester.RealReport:fileNumberOfChangesThatDidNotCauseTestsToFail()I
jester.tests.MockClassSourceChanger:setOriginalContents(Ljava.lang.String;Ljester.IgnoreList;)V
jester.RealReport:totalNumberOfChanges()I
jester.RealMutationsList:visit(Ljava.io.BufferedReader;Ljester.MutationMaker;)V
jester.tests.IgnoreListTest:ignorePair(Ljava.lang.String;Ljava.lang.String;)Ljester.IgnorePair;
jester.tests.MockClassIterator:setExpectedIterateCalls(I)V
jester.JesterArgumentException:JesterArgumentException(Ljava.lang.String;)V
jester.RealConfiguration:compilationCommand()Ljava.lang.String;
jester.MainArguments:setTestClassFromArguments(Ljava.util.List;)V | CONSTANT | 3213 | 0 -> -1
jester.RealReport:fileScore()I
jester.IgnorePair:IgnorePair(Ljava.lang.String;Ljava.lang.String;)V
jester.tests.MockTestRunner:setTestsRunWithoutFailures(Z)V
jester.tests.MockMutationMaker:verify()V
jester.tests.MockMutationMaker:mutate(Ljava.lang.String;Ljava.lang.String;)V
jester.RealReport:changeThatCausedTestsToFail(ILjava.lang.String;Ljava.lang.String;)V
jester.TestTester:run()V
jester.RealMutationsList:visitLine(Ljava.lang.String;Ljester.MutationMaker;)V | CONSTANT | 1934 | 0 -> -1
jester.MainArguments:readArguments([Ljava.lang.String;)V
jester.IgnoreListDocument:calculateIgnoreRegions()V | ASSIGN | 1677 | = null

#matrix (1 line per test, in order of tests): { mut_index, ' ', mut_call_count, ' ' }
0 1 52 1 
66 1 0 1 16 1 60 1 52 1 
66 1 0 1 16 1 60 1 52 1 
66 1 0 1 16 1 60 1 52 1 
66 1 0 1 60 1 52 1 
0 1 52 1 
9 1 26 1 3 1 33 1 67 1 71 1 
19 1 29 1 67 1 33 1 61 1 12 1 26 1 3 1 71 1 17 1 37 1 
0 1 52 1 35 1 13 1 74 1 
28 1 0 1 52 1 35 1 13 1 74 1 
28 1 0 1 52 1 35 1 13 1 74 1 
18 1 57 1 0 1 6 1 52 1 35 1 74 1 
18 1 57 1 0 1 6 1 52 1 35 1 74 1 
47 1 41 1 32 1 0 1 52 1 38 1 35 1 74 1 2 1 
47 1 41 1 32 1 0 1 52 1 38 1 35 1 74 1 2 1 
47 1 41 1 32 1 0 1 52 1 38 1 35 1 74 1 2 1 
47 1 32 1 0 1 52 1 38 1 35 1 74 1 2 1 
47 1 41 1 32 1 0 1 52 1 38 1 35 1 74 1 2 1 
41 1 56 2 32 1 0 1 58 1 34 1 35 1 2 1 24 1 47 1 65 1 52 1 38 1 74 1 27 2 
47 1 41 1 32 1 0 1 52 1 38 1 35 1 74 1 2 1 
47 1 32 1 0 1 52 1 38 1 35 1 74 1 2 1 
47 1 32 1 0 1 52 1 38 1 35 1 74 1 2 1 
47 1 41 1 32 1 0 1 52 1 38 1 35 1 74 1 2 1 
47 1 41 1 32 1 0 1 52 1 38 1 35 1 74 1 2 1 
9 2 41 1 32 1 42 1 70 1 38 1 2 1 
8 1 21 1 68 1 46 1 69 1 48 1 
8 1 21 1 59 1 72 1 48 1 
8 1 21 1 59 1 72 1 48 1 
36 1 64 1 73 1 62 1 
36 1 64 1 73 1 
36 1 64 1 73 1 
36 1 64 1 73 1 
36 1 64 1 73 1 
36 1 64 1 73 1 
36 1 25 1 64 1 73 1 
36 1 25 1 64 1 73 1 
36 1 25 1 64 1 73 1 
36 1 25 1 64 1 73 1 
55 1 22 1 49 4 11 1 63 1 23 1 14 1 15 2 51 1 53 1 
20 1 0 1 52 1 35 1 74 1 
18 1 57 1 0 1 6 1 52 1 35 1 74 1 
18 1 57 1 0 1 6 1 52 1 35 1 50 1 74 1 
18 1 57 1 0 1 6 1 52 1 35 1 50 1 74 1 
18 1 57 1 0 1 6 1 52 1 35 1 74 1 
18 1 57 1 0 1 6 1 52 1 35 1 74 1 
18 1 57 1 0 1 6 1 52 1 35 1 74 1 
54 1 0 1 35 1 1 1 52 1 74 1 
54 1 0 1 52 1 1 1 35 1 74 1 
31 1 0 1 35 1 1 1 52 1 74 1 
18 1 57 1 3 1 0 1 67 1 6 1 52 1 35 1 74 1 
18 1 57 1 3 1 0 1 67 1 6 1 52 1 35 1 74 1 
18 1 57 1 3 1 0 1 6 1 52 1 35 1 74 1 
18 1 57 1 3 1 0 1 6 1 52 1 35 1 74 1 
18 1 57 1 3 1 0 1 6 1 52 1 35 1 74 1 
45 1 
30 1 
30 1 
10 1 
44 1 
40 1 
5 1 
43 1 
7 1 
39 1 4 1 
