#tests: test_name, ' ', status(PASSED | FAILED | ERROR), ' ', [exception, { trace_mut_index | '(', { alternative_trace_mut_index, ',' }, ')' }]
jester.tests.IgnoreListTest:testReadingEmptyIgnoreValues()V FAILED junit.framework.AssertionFailedError 
jester.tests.IgnoreListTest:testReadingIgnoreValues()V ERROR java.lang.NullPointerException 8 
jester.tests.IgnoreListTest:testReadingIgnoreValuesEndOfLineSpecialCase()V ERROR java.lang.NullPointerException 8 
jester.tests.IgnoreListTest:testReadingMultipleIgnoreValues()V ERROR java.lang.NullPointerException 8 
jester.tests.IgnoreListTest:testReadingMultipleIgnoreBlankLines()V ERROR java.lang.NullPointerException 8 
jester.tests.IgnoreListTest:testReadingIncorrectFile()V PASSED
jester.tests.TestTesterTest:testTestsMustStartOffWorking()V PASSED
jester.tests.TestTesterTest:testThatTestRunByIterator()V PASSED
jester.tests.ReportItemTest:testXmlEncoding()V ERROR java.lang.NullPointerException 63 40 
jester.tests.ReportItemTest:testLineNumberOneLine()V ERROR java.lang.NullPointerException 63 40 73 
jester.tests.ReportItemTest:testLineNumberSomeLines()V ERROR java.lang.NullPointerException 63 40 73 
jester.tests.TwoStringSwappingCodeManglerTest:testCouldntMangle()V ERROR java.lang.NullPointerException 63 (53,72) (53,72) 
jester.tests.TwoStringSwappingCodeManglerTest:testSimpleMangle1()V ERROR java.lang.NullPointerException 63 (53,72) (53,72) 
jester.tests.ReportTest:testBottomScore()V ERROR java.lang.NullPointerException 63 3 
jester.tests.ReportTest:testCantFinishDifferentFile()V ERROR java.lang.NullPointerException 63 3 
jester.tests.ReportTest:testCantStartTwoFiles()V ERROR java.lang.NullPointerException 63 3 
jester.tests.ReportTest:testChangesToSameFileOrderedByIndex()V ERROR java.lang.NullPointerException 63 3 
jester.tests.ReportTest:testFileScoreSeparateFromTotalScore()V ERROR java.lang.NullPointerException 63 3 
jester.tests.ReportTest:testInitialScore()V ERROR java.lang.NullPointerException 63 3 
jester.tests.ReportTest:testMediumScore()V ERROR java.lang.NullPointerException 63 3 
jester.tests.ReportTest:testThatChangeThatCausedTestsToFailIsNotIncluded()V ERROR java.lang.NullPointerException 63 3 
jester.tests.ReportTest:testThatChangeThatDidNotCauseTestsToFailIsIncluded()V ERROR java.lang.NullPointerException 63 3 
jester.tests.ReportTest:testTopScore()V ERROR java.lang.NullPointerException 63 3 
jester.tests.ReportTest:testTotalScoreForManyFiles()V ERROR java.lang.NullPointerException 63 3 
jester.tests.ReportTest:testFileMustBeStarted()V PASSED
jester.tests.MutationsListTest:testDefaults()V PASSED
jester.tests.MutationsListTest:testReadMutations()V ERROR java.lang.NullPointerException 31 (16,25) 
jester.tests.MutationsListTest:testReadMutationsIgnoreBogusLinesIncludingBlankOnes()V ERROR java.lang.NullPointerException 31 (16,25) 
jester.tests.MainArgumentsTest:testMissingArgumentsCauseExceptionToBeThrown()V PASSED
jester.tests.MainArgumentsTest:testMissingFileCauseExceptionToBeThrown()V PASSED
jester.tests.MainArgumentsTest:testMandatoryArguments()V PASSED
jester.tests.MainArgumentsTest:testThatMultipleMutationDirectoriesOrFilesAreAllowed()V PASSED
jester.tests.MainArgumentsTest:testClasspathArgument()V ERROR junit.framework.ComparisonFailure 
jester.tests.MainArgumentsTest:testThatOneCanSpecifyOptionToNotShowProgressDialog()V PASSED
jester.tests.MainArgumentsTest:testThatClasspathArgumentCanAppearFirst()V ERROR junit.framework.ComparisonFailure 38 
jester.tests.MainArgumentsTest:testThatClasspathArgumentCanAppearSecond()V ERROR junit.framework.ComparisonFailure 38 
jester.tests.MainArgumentsTest:testThatClasspathArgumentCanAppearLast()V ERROR junit.framework.ComparisonFailure 38 
jester.tests.MainArgumentsTest:testThatClasspathArgumentCanAppearInMiddleOfDirectoriesBecauseThereIsNoHarmInIt()V ERROR junit.framework.ComparisonFailure 38 
jester.tests.ConfigurationTest:testDefaults()V PASSED
jester.tests.XMLReportWriterTest:testWritingChangesAsXMLHasBothGivenAndAbsoluteFilePaths()V ERROR java.lang.NullPointerException 63 
jester.tests.SimpleIntCodeManglerTest:testCouldntMangle()V ERROR java.lang.NullPointerException 63 (53,72) (53,72) 
jester.tests.SimpleIntCodeManglerTest:testContinuesIfChangeFails()V ERROR java.lang.NullPointerException 63 (53,72) (53,72) 
jester.tests.SimpleIntCodeManglerTest:testContinuesIfChangeSucceeds()V ERROR java.lang.NullPointerException 63 (53,72) (53,72) 
jester.tests.SimpleIntCodeManglerTest:testDoesntTryToChangeBadlyNamedMethodCalls()V ERROR java.lang.NullPointerException 63 (53,72) (53,72) 
jester.tests.SimpleIntCodeManglerTest:testSimpleMangle()V ERROR java.lang.NullPointerException 63 (53,72) (53,72) 
jester.tests.SimpleIntCodeManglerTest:testBug955882()V ERROR java.lang.NullPointerException 63 (53,72) (53,72) 
jester.tests.IgnoreListDocumentTest:testTextIsIgnored()V ERROR java.lang.NullPointerException 63 
jester.tests.IgnoreListDocumentTest:testTextIsIgnoredForMultipleIgnores()V ERROR java.lang.NullPointerException 63 
jester.tests.IgnoreListDocumentTest:testCharAtReturnsSpaceInsideIgnoreRegion()V ERROR java.lang.NullPointerException 63 
jester.tests.ClassTestTesterTest:testThatChangeThatFailsTestsIsNotRecorded()V ERROR java.lang.NullPointerException 63 (53,72) (53,72) 
jester.tests.ClassTestTesterTest:testThatChangeThatPassesTestsIsRecorded()V ERROR java.lang.NullPointerException 63 (53,72) (53,72) 
jester.tests.ClassTestTesterTest:testThatOriginalContentsAreNotWrittenBackIfNoChanges()V ERROR java.lang.NullPointerException 63 (53,72) (53,72) 
jester.tests.ClassTestTesterTest:testThatOriginalContentsAreWrittenBack()V ERROR java.lang.NullPointerException 63 (53,72) (53,72) 
jester.tests.ClassTestTesterTest:testThatMutationListIsUsed()V ERROR java.lang.NullPointerException 63 (53,72) (53,72) 
jester.tests.acceptancetests.VeryTestedTest:testBoolean()V PASSED
jester.tests.acceptancetests.VeryTestedTest:testConditionFalseBranch()V FAILED junit.framework.AssertionFailedError 
jester.tests.acceptancetests.VeryTestedTest:testConditionTrueBranch()V FAILED junit.framework.AssertionFailedError 
jester.tests.acceptancetests.VeryTestedTest:testDecrement()V PASSED
jester.tests.acceptancetests.VeryTestedTest:testEqual()V PASSED
jester.tests.acceptancetests.VeryTestedTest:testIncrement()V PASSED
jester.tests.acceptancetests.VeryTestedTest:testInfiniteLoop()V PASSED
jester.tests.acceptancetests.VeryTestedTest:testInt()V PASSED
jester.tests.acceptancetests.VeryTestedTest:testNotEqual()V PASSED
jester.tests.functionaltests.VeryTestedTest:testNumber()V FAILED junit.framework.AssertionFailedError 

#uuts: uut_name, [ '|', mutator_class, '|', change_position_in_file_buffer, '|', change ]
jester.tests.MockClassIterator:setExpectedIterate(Ljester.ClassTestTester;)V
jester.tests.MockMutationMaker:addExpectedMutateValues(Ljava.lang.String;Ljava.lang.String;)V
jester.MainArguments:setTestClassFromArguments(Ljava.util.List;)V
jester.tests.ReportTest:startFile(Ljester.Report;Ljava.lang.String;Ljava.lang.String;)V
jester.RealReport:totalNumberOfChanges()I
jester.tests.acceptancetests.VeryTested:mustDecrement(I)I
jester.tests.MockMutationMaker:verify()V
jester.RealConfiguration:sourceFileExtension()Ljava.lang.String;
jester.IgnoreList:ignorePairs()Ljava.util.List; | ASSIGN | 357 | = null
jester.tests.acceptancetests.VeryTested:mustTakeCorrectBranchFor(Z)I | CONDITION | 550 | if (x) -> if (!x)
jester.tests.MockMutationMaker:mutate(Ljava.lang.String;Ljava.lang.String;)V
jester.RealLogger:RealLogger()V
jester.tests.MockClassTestTester:MockClassTestTester()V
jester.MainArguments:shouldShowProgressDialog()Z
jester.RealConfiguration:stringProperty(Ljava.lang.String;Ljava.lang.String;)Ljava.lang.String;
jester.tests.acceptancetests.VeryTested:mustBeEqual()Z
jester.RealMutationsList:visit(Ljava.io.BufferedReader;Ljester.MutationMaker;)V
jester.IgnoreListDocument:IgnoreListDocument(Ljava.lang.String;Ljester.IgnoreList;)V | STATEMENT | 397 | stmt -> ;
jester.tests.acceptancetests.VeryTested:mustNotBeEqual()Z
jester.JesterArgumentException:JesterArgumentException(Ljava.lang.String;)V
jester.tests.acceptancetests.VeryTested:mustIncrement(I)I
jester.RealReport:changeThatDidNotCauseTestsToFail(ILjava.lang.String;Ljava.lang.String;)V
jester.tests.ReportTest:newRealReport(Ljava.io.PrintWriter;)Ljester.Report;
jester.MainArguments:readArguments([Ljava.lang.String;)V
jester.RealMutationsList:RealMutationsList(Ljava.lang.String;Ljava.io.PrintStream;)V
jester.RealMutationsList:visit(Ljester.MutationMaker;)V
jester.IgnoreList:IgnoreList(Ljava.lang.String;)V
jester.tests.MockClassSourceChanger:setThrowExceptionOnFirstChangeAttempt(Z)V
jester.RealConfiguration:testRunningCommand()Ljava.lang.String;
jester.tests.MockClassIterator:setExpectedIterateCalls(I)V
jester.RealConfiguration:shouldReportEagerly()Z
jester.RealMutationsList:visitLine(Ljava.lang.String;Ljester.MutationMaker;)V | ASSIGN | 1919 | = null
jester.MainArguments:setOptionalShouldShowProgressDialogFromArguments(Ljava.util.List;)V
jester.RealReport:fileNumberOfChanges()I
jester.RealReport:totalScore()I
jester.tests.MockTestRunner:MockTestRunner()V
jester.tests.acceptancetests.VeryTested:mustReturnTrue()Z
jester.tests.TestConfiguration:TestConfiguration()V
jester.tests.MainArgumentsTest:checkThatClasspathArgumentCanAppearInAnyOrder([Ljava.lang.String;)V
jester.RealReport:fileScore()I
jester.tests.ReportItemTest:newReportItem(Ljava.lang.String;Ljava.lang.String;Ljava.lang.String;I)Ljester.ReportItem;
jester.RealReport:changeThatCausedTestsToFail(ILjava.lang.String;Ljava.lang.String;)V
jester.IgnorePair:IgnorePair(Ljava.lang.String;Ljava.lang.String;)V
jester.RealReport:RealReport(Ljester.Configuration;Ljava.io.PrintWriter;Ljester.XMLReportWriter;Ljester.ProgressReporter;)V
jester.tests.IgnoreListTest:ignorePair(Ljava.lang.String;Ljava.lang.String;)Ljester.IgnorePair;
jester.tests.acceptancetests.VeryTested:turnIntoInfiniteLoop()V
jester.RealConfiguration:closeUIOnFinish()Z
jester.tests.MockClassIterator:verify()V
jester.RealConfiguration:isTrueProperty(Ljava.lang.String;Z)Z
jester.RealXMLReportWriter:RealXMLReportWriter(Ljava.io.Writer;)V
jester.MainArguments:checkDirectoriesOrFilesToMutateExist()V
jester.tests.MockClassIterator:MockClassIterator()V
jester.tests.MainArgumentsTest.1:exists(Ljava.lang.String;)Z
jester.tests.MockClassSourceChanger:setOriginalContents(Ljava.lang.String;)V
jester.RealReport:fileNumberOfChangesThatDidNotCauseTestsToFail()I
jester.tests.MockTestRunner:testsRunWithoutFailures()Z
jester.tests.acceptancetests.VeryTested:mustReturnOne()I
jester.RealConfiguration:testsPassString()Ljava.lang.String;
jester.ConfigurationException:ConfigurationException(Ljava.lang.String;)V
jester.MainArguments:setOptionalClasspathFromArguments(Ljava.util.List;)V | STATEMENT | 3897 | stmt -> ;
jester.tests.MainArgumentsTest:assertEquals([Ljava.lang.String;[Ljava.lang.String;)V
jester.RealReport:score(II)I
jester.MainArguments:setDirectoriesOrFilesToMutateFromArguments(Ljava.util.List;)V
jester.IgnoreListDocument:calculateIgnoreRegions()V
jester.tests.MainArgumentsTest.2:exists(Ljava.lang.String;)Z
jester.tests.MockClassIterator:iterate(Ljester.ClassTestTester;)V
jester.tests.functionaltests.VeryTested:VeryTested()V
jester.MainArguments:getDirectoryOrFileNames()[Ljava.lang.String;
jester.MainArguments:MainArguments([Ljava.lang.String;Ljester.FileExistenceChecker;)V
jester.tests.MockClassSourceChanger:MockClassSourceChanger()V
jester.RealConfiguration:compilationCommand()Ljava.lang.String;
jester.TestTester:run()V
jester.tests.MockClassSourceChanger:setOriginalContents(Ljava.lang.String;Ljester.IgnoreList;)V
jester.tests.ReportItemTest:lineNumberForCharacterIndex(Ljava.lang.String;I)I
jester.tests.functionaltests.VeryTested:mustReturnOne()I | CONSTANT | 141 | 1 -> 0
jester.tests.ReportTest:newRealReport()Ljester.Report;
jester.tests.MockTestRunner:setTestsRunWithoutFailures(Z)V
jester.SourceChangeException:SourceChangeException(Ljava.lang.String;)V
jester.tests.MockMutationMaker:MockMutationMaker()V
jester.TestTester:TestTester(Ljester.TestRunner;Ljester.ClassIterator;Ljester.ClassTestTester;)V
jester.RealConfiguration:RealConfiguration(Ljava.lang.String;Ljava.io.PrintStream;)V
jester.MainArguments:getTestClassName()Ljava.lang.String;

#matrix (1 line per test, in order of tests): { mut_index, ' ', mut_call_count, ' ' }
26 1 8 1 
26 1 44 1 8 1 42 2 
26 1 44 1 8 1 42 2 
26 1 44 1 8 1 42 2 
26 1 44 1 8 1 42 2 
26 1 8 1 77 1 58 1 
79 1 55 1 71 1 76 1 77 1 35 1 
65 1 0 1 55 1 12 1 76 1 35 1 47 1 79 1 71 1 29 1 51 1 
26 1 40 1 17 1 63 1 
73 1 26 1 40 1 17 1 63 1 
73 1 26 1 40 1 17 1 63 1 
69 1 26 1 17 1 72 1 63 1 53 1 
69 1 26 1 17 1 72 1 63 1 53 1 
37 1 75 1 22 1 26 1 43 1 3 1 17 1 63 1 
37 1 75 1 22 1 26 1 43 1 3 1 17 1 63 1 
37 1 75 1 22 1 26 1 43 1 3 1 17 1 63 1 
37 1 22 1 26 1 43 1 3 1 17 1 63 1 
37 1 75 1 22 1 26 1 43 1 3 1 17 1 63 1 
54 2 75 1 22 1 43 1 3 1 33 1 34 1 4 1 37 1 39 1 26 1 61 2 17 1 63 1 
37 1 75 1 22 1 26 1 43 1 3 1 17 1 63 1 
37 1 22 1 26 1 43 1 3 1 17 1 63 1 
37 1 22 1 26 1 43 1 3 1 17 1 63 1 
37 1 75 1 22 1 26 1 43 1 3 1 17 1 63 1 
37 1 75 1 22 1 26 1 43 1 3 1 17 1 63 1 
37 1 21 1 75 1 22 1 43 1 41 1 77 2 
10 1 1 1 78 1 24 1 25 1 6 1 
31 1 1 1 78 1 24 1 16 1 
31 1 1 1 78 1 24 1 16 1 
19 2 62 1 23 1 2 1 68 1 
19 1 64 1 50 1 32 1 62 1 23 1 2 1 68 1 59 1 
23 1 32 1 2 1 67 1 68 1 59 1 50 1 60 1 62 1 52 1 81 1 
23 1 32 1 2 1 67 1 68 1 59 1 50 1 60 1 62 1 52 1 81 1 
23 1 32 1 2 1 67 1 68 1 59 1 60 1 50 1 62 1 52 1 81 1 
23 1 32 1 2 1 68 1 59 1 13 1 50 1 62 1 52 1 
23 1 32 1 2 1 67 1 68 1 59 1 38 1 60 1 50 1 62 1 52 1 81 1 
23 1 32 1 2 1 67 1 68 1 59 1 38 1 60 1 50 1 62 1 52 1 81 1 
23 1 32 1 2 1 67 1 68 1 59 1 38 1 60 1 50 1 62 1 52 1 81 1 
23 1 32 1 2 1 67 1 68 1 59 1 38 1 60 1 50 1 62 1 52 1 81 1 
11 1 57 1 46 1 48 2 70 1 14 4 7 1 28 1 80 1 30 1 
49 1 26 1 17 1 63 1 
69 1 26 1 17 1 72 1 63 1 53 1 
69 1 26 1 27 1 17 1 72 1 63 1 53 1 
69 1 26 1 27 1 17 1 72 1 63 1 53 1 
69 1 26 1 17 1 72 1 63 1 53 1 
69 1 26 1 17 1 72 1 63 1 53 1 
69 1 26 1 17 1 72 1 63 1 53 1 
26 1 17 1 63 1 
26 1 17 1 63 1 
26 1 17 1 63 1 
69 1 26 1 76 1 17 1 72 1 63 1 35 1 53 1 
69 1 26 1 76 1 17 1 72 1 63 1 35 1 53 1 
69 1 26 1 17 1 72 1 63 1 35 1 53 1 
69 1 26 1 17 1 72 1 63 1 35 1 53 1 
69 1 26 1 17 1 72 1 63 1 35 1 53 1 
36 1 
9 1 
9 1 
5 1 
15 1 
20 1 
45 1 
56 1 
18 1 
74 1 66 1 
