#tests: test_name, ' ', status(PASSED | FAILED | ERROR), ' ', [exception, { trace_mut_index | '(', { alternative_trace_mut_index, ',' }, ')' }]
jester.tests.IgnoreListTest:testReadingEmptyIgnoreValues()V ERROR java.lang.ArrayIndexOutOfBoundsException 67 
jester.tests.IgnoreListTest:testReadingIgnoreValues()V ERROR java.lang.ArrayIndexOutOfBoundsException 67 
jester.tests.IgnoreListTest:testReadingIgnoreValuesEndOfLineSpecialCase()V ERROR java.lang.ArrayIndexOutOfBoundsException 67 
jester.tests.IgnoreListTest:testReadingMultipleIgnoreValues()V ERROR java.lang.ArrayIndexOutOfBoundsException 67 
jester.tests.IgnoreListTest:testReadingMultipleIgnoreBlankLines()V ERROR java.lang.ArrayIndexOutOfBoundsException 67 
jester.tests.IgnoreListTest:testReadingIncorrectFile()V ERROR java.lang.ArrayIndexOutOfBoundsException 67 
jester.tests.TestTesterTest:testTestsMustStartOffWorking()V PASSED
jester.tests.TestTesterTest:testThatTestRunByIterator()V PASSED
jester.tests.ReportItemTest:testXmlEncoding()V ERROR java.lang.ArrayIndexOutOfBoundsException 67 13 1 
jester.tests.ReportItemTest:testLineNumberOneLine()V ERROR java.lang.ArrayIndexOutOfBoundsException 67 13 1 49 
jester.tests.ReportItemTest:testLineNumberSomeLines()V ERROR java.lang.ArrayIndexOutOfBoundsException 67 13 1 49 
jester.tests.TwoStringSwappingCodeManglerTest:testCouldntMangle()V ERROR java.lang.ArrayIndexOutOfBoundsException 67 13 (14,58) (14,58) 
jester.tests.TwoStringSwappingCodeManglerTest:testSimpleMangle1()V ERROR java.lang.ArrayIndexOutOfBoundsException 67 13 (14,58) (14,58) 
jester.tests.ReportTest:testBottomScore()V ERROR java.lang.ArrayIndexOutOfBoundsException 67 13 5 
jester.tests.ReportTest:testCantFinishDifferentFile()V ERROR java.lang.ArrayIndexOutOfBoundsException 67 13 5 
jester.tests.ReportTest:testCantStartTwoFiles()V ERROR java.lang.ArrayIndexOutOfBoundsException 67 13 5 
jester.tests.ReportTest:testChangesToSameFileOrderedByIndex()V ERROR java.lang.ArrayIndexOutOfBoundsException 67 13 5 
jester.tests.ReportTest:testFileScoreSeparateFromTotalScore()V ERROR java.lang.ArrayIndexOutOfBoundsException 67 13 5 
jester.tests.ReportTest:testInitialScore()V ERROR java.lang.ArrayIndexOutOfBoundsException 67 13 5 
jester.tests.ReportTest:testMediumScore()V ERROR java.lang.ArrayIndexOutOfBoundsException 67 13 5 
jester.tests.ReportTest:testThatChangeThatCausedTestsToFailIsNotIncluded()V ERROR java.lang.ArrayIndexOutOfBoundsException 67 13 5 
jester.tests.ReportTest:testThatChangeThatDidNotCauseTestsToFailIsIncluded()V ERROR java.lang.ArrayIndexOutOfBoundsException 67 13 5 
jester.tests.ReportTest:testTopScore()V ERROR java.lang.ArrayIndexOutOfBoundsException 67 13 5 
jester.tests.ReportTest:testTotalScoreForManyFiles()V ERROR java.lang.ArrayIndexOutOfBoundsException 67 13 5 
jester.tests.ReportTest:testFileMustBeStarted()V PASSED
jester.tests.MutationsListTest:testDefaults()V PASSED
jester.tests.MutationsListTest:testReadMutations()V FAILED junit.framework.AssertionFailedError 23 28 (66,69) 
jester.tests.MutationsListTest:testReadMutationsIgnoreBogusLinesIncludingBlankOnes()V FAILED junit.framework.AssertionFailedError 23 28 (66,69) 
jester.tests.MainArgumentsTest:testMissingArgumentsCauseExceptionToBeThrown()V ERROR java.lang.NullPointerException 12 34 
jester.tests.MainArgumentsTest:testMissingFileCauseExceptionToBeThrown()V ERROR java.lang.NullPointerException 12 34 
jester.tests.MainArgumentsTest:testMandatoryArguments()V ERROR java.lang.NullPointerException 12 34 
jester.tests.MainArgumentsTest:testThatMultipleMutationDirectoriesOrFilesAreAllowed()V ERROR java.lang.NullPointerException 12 34 
jester.tests.MainArgumentsTest:testClasspathArgument()V ERROR java.lang.NullPointerException 12 34 
jester.tests.MainArgumentsTest:testThatOneCanSpecifyOptionToNotShowProgressDialog()V ERROR java.lang.NullPointerException 12 34 
jester.tests.MainArgumentsTest:testThatClasspathArgumentCanAppearFirst()V ERROR java.lang.NullPointerException 12 34 70 
jester.tests.MainArgumentsTest:testThatClasspathArgumentCanAppearSecond()V ERROR java.lang.NullPointerException 12 34 70 
jester.tests.MainArgumentsTest:testThatClasspathArgumentCanAppearLast()V ERROR java.lang.NullPointerException 12 34 70 
jester.tests.MainArgumentsTest:testThatClasspathArgumentCanAppearInMiddleOfDirectoriesBecauseThereIsNoHarmInIt()V ERROR java.lang.NullPointerException 12 34 70 
jester.tests.ConfigurationTest:testDefaults()V PASSED
jester.tests.XMLReportWriterTest:testWritingChangesAsXMLHasBothGivenAndAbsoluteFilePaths()V ERROR java.lang.ArrayIndexOutOfBoundsException 67 13 
jester.tests.SimpleIntCodeManglerTest:testCouldntMangle()V ERROR java.lang.ArrayIndexOutOfBoundsException 67 13 (14,58) (14,58) 
jester.tests.SimpleIntCodeManglerTest:testContinuesIfChangeFails()V ERROR java.lang.ArrayIndexOutOfBoundsException 67 13 (14,58) (14,58) 
jester.tests.SimpleIntCodeManglerTest:testContinuesIfChangeSucceeds()V ERROR java.lang.ArrayIndexOutOfBoundsException 67 13 (14,58) (14,58) 
jester.tests.SimpleIntCodeManglerTest:testDoesntTryToChangeBadlyNamedMethodCalls()V ERROR java.lang.ArrayIndexOutOfBoundsException 67 13 (14,58) (14,58) 
jester.tests.SimpleIntCodeManglerTest:testSimpleMangle()V ERROR java.lang.ArrayIndexOutOfBoundsException 67 13 (14,58) (14,58) 
jester.tests.SimpleIntCodeManglerTest:testBug955882()V ERROR java.lang.ArrayIndexOutOfBoundsException 67 13 (14,58) (14,58) 
jester.tests.IgnoreListDocumentTest:testTextIsIgnored()V ERROR java.lang.ArrayIndexOutOfBoundsException 67 13 
jester.tests.IgnoreListDocumentTest:testTextIsIgnoredForMultipleIgnores()V ERROR java.lang.ArrayIndexOutOfBoundsException 67 13 
jester.tests.IgnoreListDocumentTest:testCharAtReturnsSpaceInsideIgnoreRegion()V ERROR java.lang.ArrayIndexOutOfBoundsException 67 13 
jester.tests.ClassTestTesterTest:testThatChangeThatFailsTestsIsNotRecorded()V ERROR java.lang.ArrayIndexOutOfBoundsException 67 13 (14,58) (14,58) 
jester.tests.ClassTestTesterTest:testThatChangeThatPassesTestsIsRecorded()V ERROR java.lang.ArrayIndexOutOfBoundsException 67 13 (14,58) (14,58) 
jester.tests.ClassTestTesterTest:testThatOriginalContentsAreNotWrittenBackIfNoChanges()V ERROR java.lang.ArrayIndexOutOfBoundsException 67 13 (14,58) (14,58) 
jester.tests.ClassTestTesterTest:testThatOriginalContentsAreWrittenBack()V ERROR java.lang.ArrayIndexOutOfBoundsException 67 13 (14,58) (14,58) 
jester.tests.ClassTestTesterTest:testThatMutationListIsUsed()V ERROR java.lang.ArrayIndexOutOfBoundsException 67 13 (14,58) (14,58) 
jester.tests.acceptancetests.VeryTestedTest:testBoolean()V PASSED
jester.tests.acceptancetests.VeryTestedTest:testConditionFalseBranch()V PASSED
jester.tests.acceptancetests.VeryTestedTest:testConditionTrueBranch()V PASSED
jester.tests.acceptancetests.VeryTestedTest:testDecrement()V PASSED
jester.tests.acceptancetests.VeryTestedTest:testEqual()V PASSED
jester.tests.acceptancetests.VeryTestedTest:testIncrement()V PASSED
jester.tests.acceptancetests.VeryTestedTest:testInfiniteLoop()V PASSED
jester.tests.acceptancetests.VeryTestedTest:testInt()V PASSED
jester.tests.acceptancetests.VeryTestedTest:testNotEqual()V PASSED
jester.tests.functionaltests.VeryTestedTest:testNumber()V PASSED

#uuts: uut_name, [ '|', mutator_class, '|', change_position_in_file_buffer, '|', change ]
jester.RealReport:changeThatCausedTestsToFail(ILjava.lang.String;Ljava.lang.String;)V
jester.tests.ReportItemTest:newReportItem(Ljava.lang.String;Ljava.lang.String;Ljava.lang.String;I)Ljester.ReportItem;
jester.RealReport:totalNumberOfChanges()I | OPERATOR | 5427 | + -> -
jester.tests.acceptancetests.VeryTested:mustNotBeEqual()Z
jester.RealReport:score(II)I
jester.tests.ReportTest:startFile(Ljester.Report;Ljava.lang.String;Ljava.lang.String;)V
jester.MainArguments:setTestClassFromArguments(Ljava.util.List;)V
jester.RealConfiguration:closeUIOnFinish()Z
jester.RealConfiguration:isTrueProperty(Ljava.lang.String;Z)Z
jester.TestTester:run()V
jester.MainArguments:MainArguments([Ljava.lang.String;Ljester.FileExistenceChecker;)V
jester.RealConfiguration:stringProperty(Ljava.lang.String;Ljava.lang.String;)Ljava.lang.String;
jester.MainArguments:setOptionalClasspathFromArguments(Ljava.util.List;)V | ASSIGN | 3683 | = null
jester.IgnoreListDocument:calculateIgnoreRegions()V
jester.tests.MockClassSourceChanger:setOriginalContents(Ljava.lang.String;)V
jester.TestTester:TestTester(Ljester.TestRunner;Ljester.ClassIterator;Ljester.ClassTestTester;)V
jester.tests.MockClassIterator:setExpectedIterateCalls(I)V
jester.tests.acceptancetests.VeryTested:mustTakeCorrectBranchFor(Z)I
jester.RealReport:RealReport(Ljester.Configuration;Ljava.io.PrintWriter;Ljester.XMLReportWriter;Ljester.ProgressReporter;)V
jester.tests.TestConfiguration:TestConfiguration()V
jester.RealReport:fileNumberOfChanges()I
jester.RealConfiguration:sourceFileExtension()Ljava.lang.String;
jester.tests.acceptancetests.VeryTested:mustIncrement(I)I
jester.tests.MockMutationMaker:mutate(Ljava.lang.String;Ljava.lang.String;)V
jester.RealConfiguration:shouldReportEagerly()Z
jester.IgnorePair:IgnorePair(Ljava.lang.String;Ljava.lang.String;)V
jester.tests.MockMutationMaker:addExpectedMutateValues(Ljava.lang.String;Ljava.lang.String;)V
jester.tests.ReportTest:newRealReport()Ljester.Report;
jester.RealMutationsList:visitLine(Ljava.lang.String;Ljester.MutationMaker;)V | CONSTANT | 2363 | 1 -> 0
jester.tests.ReportTest:newRealReport(Ljava.io.PrintWriter;)Ljester.Report;
jester.tests.IgnoreListTest:ignorePair(Ljava.lang.String;Ljava.lang.String;)Ljester.IgnorePair;
jester.tests.MockMutationMaker:verify()V
jester.RealXMLReportWriter:RealXMLReportWriter(Ljava.io.Writer;)V
jester.tests.MockClassIterator:verify()V
jester.MainArguments:readArguments([Ljava.lang.String;)V | STATEMENT | 2118 | stmt -> ;
jester.tests.MockMutationMaker:MockMutationMaker()V
jester.tests.MockClassSourceChanger:setThrowExceptionOnFirstChangeAttempt(Z)V
jester.RealConfiguration:testRunningCommand()Ljava.lang.String;
jester.RealReport:fileNumberOfChangesThatDidNotCauseTestsToFail()I
jester.tests.MockClassSourceChanger:MockClassSourceChanger()V
jester.RealConfiguration:compilationCommand()Ljava.lang.String;
jester.tests.acceptancetests.VeryTested:mustDecrement(I)I
jester.tests.acceptancetests.VeryTested:turnIntoInfiniteLoop()V
jester.tests.acceptancetests.VeryTested:mustReturnOne()I
jester.tests.MockClassIterator:setExpectedIterate(Ljester.ClassTestTester;)V
jester.RealConfiguration:RealConfiguration(Ljava.lang.String;Ljava.io.PrintStream;)V
jester.RealReport:totalScore()I
jester.RealLogger:RealLogger()V
jester.SourceChangeException:SourceChangeException(Ljava.lang.String;)V
jester.tests.ReportItemTest:lineNumberForCharacterIndex(Ljava.lang.String;I)I
jester.RealReport:fileScore()I
jester.tests.MockClassIterator:iterate(Ljester.ClassTestTester;)V
jester.tests.MockClassTestTester:MockClassTestTester()V
jester.tests.acceptancetests.VeryTested:mustReturnTrue()Z
jester.JesterArgumentException:JesterArgumentException(Ljava.lang.String;)V
jester.tests.acceptancetests.VeryTested:mustBeEqual()Z
jester.IgnoreListDocument:IgnoreListDocument(Ljava.lang.String;Ljester.IgnoreList;)V
jester.RealConfiguration:testsPassString()Ljava.lang.String;
jester.tests.MockClassSourceChanger:setOriginalContents(Ljava.lang.String;Ljester.IgnoreList;)V
jester.IgnoreList:IgnoreList(Ljava.lang.String;)V
jester.tests.MockTestRunner:MockTestRunner()V
jester.RealReport:changeThatDidNotCauseTestsToFail(ILjava.lang.String;Ljava.lang.String;)V
jester.tests.functionaltests.VeryTested:VeryTested()V
jester.RealMutationsList:RealMutationsList(Ljava.lang.String;Ljava.io.PrintStream;)V
jester.tests.MockTestRunner:testsRunWithoutFailures()Z
jester.tests.functionaltests.VeryTested:mustReturnOne()I
jester.RealMutationsList:visit(Ljester.MutationMaker;)V
jester.IgnoreList:ignorePairs()Ljava.util.List; | CONSTANT | 432 | 0 -> -1
jester.tests.MockClassIterator:MockClassIterator()V
jester.RealMutationsList:visit(Ljava.io.BufferedReader;Ljester.MutationMaker;)V
jester.tests.MainArgumentsTest:checkThatClasspathArgumentCanAppearInAnyOrder([Ljava.lang.String;)V
jester.tests.MockTestRunner:setTestsRunWithoutFailures(Z)V

#matrix (1 line per test, in order of tests): { mut_index, ' ', mut_call_count, ' ' }
59 1 67 1 
59 1 67 1 30 1 25 1 
59 1 67 1 30 1 25 1 
59 1 67 1 30 1 25 1 
59 1 67 1 30 1 25 1 
59 1 67 1 
48 1 15 1 64 1 60 1 9 1 71 1 
60 1 9 1 33 1 51 1 52 1 15 1 68 1 64 1 16 1 44 1 71 1 
56 1 1 1 59 1 67 1 13 1 
56 1 49 1 1 1 59 1 67 1 13 1 
56 1 49 1 1 1 59 1 67 1 13 1 
56 1 58 1 14 1 59 1 39 1 67 1 13 1 
56 1 58 1 14 1 59 1 39 1 67 1 13 1 
19 1 56 1 59 1 27 1 5 1 18 1 29 1 67 1 13 1 
19 1 56 1 59 1 27 1 5 1 18 1 29 1 67 1 13 1 
19 1 56 1 59 1 27 1 5 1 18 1 29 1 67 1 13 1 
19 1 56 1 59 1 5 1 18 1 29 1 67 1 13 1 
19 1 56 1 59 1 27 1 5 1 18 1 29 1 67 1 13 1 
19 1 20 1 56 1 38 2 59 1 2 1 50 1 67 1 13 1 4 2 27 1 5 1 29 1 18 1 46 1 
19 1 56 1 59 1 27 1 5 1 18 1 29 1 67 1 13 1 
19 1 56 1 59 1 5 1 18 1 29 1 67 1 13 1 
19 1 56 1 59 1 5 1 18 1 29 1 67 1 13 1 
19 1 56 1 59 1 27 1 5 1 18 1 29 1 67 1 13 1 
19 1 56 1 59 1 27 1 5 1 18 1 29 1 67 1 13 1 
48 2 19 1 0 1 27 1 61 1 18 1 29 1 
23 1 31 1 66 1 26 1 63 1 35 1 
23 1 26 1 63 1 35 1 28 1 69 1 
23 1 26 1 63 1 35 1 28 1 69 1 
34 1 6 1 54 1 10 1 12 1 
34 1 6 1 10 1 12 1 
34 1 6 1 10 1 12 1 
34 1 6 1 10 1 12 1 
34 1 6 1 10 1 12 1 
34 1 6 1 10 1 12 1 
34 1 6 1 70 1 10 1 12 1 
34 1 6 1 70 1 10 1 12 1 
34 1 6 1 70 1 10 1 12 1 
34 1 6 1 70 1 10 1 12 1 
21 1 57 1 40 1 7 1 8 2 11 4 24 1 37 1 45 1 47 1 
56 1 59 1 32 1 67 1 13 1 
56 1 58 1 14 1 59 1 39 1 67 1 13 1 
56 1 58 1 14 1 59 1 39 1 36 1 67 1 13 1 
56 1 58 1 14 1 59 1 39 1 36 1 67 1 13 1 
56 1 58 1 14 1 59 1 39 1 67 1 13 1 
56 1 58 1 14 1 59 1 39 1 67 1 13 1 
56 1 58 1 14 1 59 1 39 1 67 1 13 1 
56 1 59 1 67 1 13 1 
56 1 59 1 67 1 13 1 
56 1 59 1 67 1 13 1 
56 1 58 1 14 1 59 1 39 1 60 1 71 1 67 1 13 1 
56 1 58 1 14 1 59 1 39 1 60 1 71 1 67 1 13 1 
56 1 58 1 14 1 59 1 39 1 60 1 67 1 13 1 
56 1 58 1 14 1 59 1 39 1 60 1 67 1 13 1 
56 1 58 1 14 1 59 1 39 1 60 1 67 1 13 1 
53 1 
17 1 
17 1 
41 1 
55 1 
22 1 
42 1 
43 1 
3 1 
62 1 65 1 
