#tests: test_name, ' ', status(PASSED | FAILED | ERROR), ' ', [exception, { trace_mut_index | '(', { alternative_trace_mut_index, ',' }, ')' }]
jester.tests.IgnoreListTest:testReadingEmptyIgnoreValues()V ERROR java.lang.StringIndexOutOfBoundsException 64 
jester.tests.IgnoreListTest:testReadingIgnoreValues()V FAILED junit.framework.AssertionFailedError 
jester.tests.IgnoreListTest:testReadingIgnoreValuesEndOfLineSpecialCase()V FAILED junit.framework.AssertionFailedError 
jester.tests.IgnoreListTest:testReadingMultipleIgnoreValues()V FAILED junit.framework.AssertionFailedError 
jester.tests.IgnoreListTest:testReadingMultipleIgnoreBlankLines()V ERROR java.lang.StringIndexOutOfBoundsException 64 
jester.tests.IgnoreListTest:testReadingIncorrectFile()V PASSED
jester.tests.TestTesterTest:testTestsMustStartOffWorking()V PASSED
jester.tests.TestTesterTest:testThatTestRunByIterator()V PASSED
jester.tests.ReportItemTest:testXmlEncoding()V ERROR java.lang.StringIndexOutOfBoundsException 64 10 45 
jester.tests.ReportItemTest:testLineNumberOneLine()V ERROR java.lang.StringIndexOutOfBoundsException 64 10 45 58 
jester.tests.ReportItemTest:testLineNumberSomeLines()V ERROR java.lang.StringIndexOutOfBoundsException 64 10 45 58 
jester.tests.TwoStringSwappingCodeManglerTest:testCouldntMangle()V ERROR java.lang.StringIndexOutOfBoundsException 64 10 (11,39) (11,39) 
jester.tests.TwoStringSwappingCodeManglerTest:testSimpleMangle1()V ERROR java.lang.StringIndexOutOfBoundsException 64 10 (11,39) (11,39) 
jester.tests.ReportTest:testBottomScore()V ERROR java.lang.StringIndexOutOfBoundsException 64 10 46 
jester.tests.ReportTest:testCantFinishDifferentFile()V ERROR java.lang.StringIndexOutOfBoundsException 64 10 46 
jester.tests.ReportTest:testCantStartTwoFiles()V ERROR java.lang.StringIndexOutOfBoundsException 64 10 46 
jester.tests.ReportTest:testChangesToSameFileOrderedByIndex()V ERROR java.lang.StringIndexOutOfBoundsException 64 10 46 
jester.tests.ReportTest:testFileScoreSeparateFromTotalScore()V ERROR java.lang.StringIndexOutOfBoundsException 64 10 46 
jester.tests.ReportTest:testInitialScore()V ERROR java.lang.StringIndexOutOfBoundsException 64 10 46 
jester.tests.ReportTest:testMediumScore()V ERROR java.lang.StringIndexOutOfBoundsException 64 10 46 
jester.tests.ReportTest:testThatChangeThatCausedTestsToFailIsNotIncluded()V ERROR java.lang.StringIndexOutOfBoundsException 64 10 46 
jester.tests.ReportTest:testThatChangeThatDidNotCauseTestsToFailIsIncluded()V ERROR java.lang.StringIndexOutOfBoundsException 64 10 46 
jester.tests.ReportTest:testTopScore()V ERROR java.lang.StringIndexOutOfBoundsException 64 10 46 
jester.tests.ReportTest:testTotalScoreForManyFiles()V ERROR java.lang.StringIndexOutOfBoundsException 64 10 46 
jester.tests.ReportTest:testFileMustBeStarted()V PASSED
jester.tests.MutationsListTest:testDefaults()V PASSED
jester.tests.MutationsListTest:testReadMutations()V PASSED
jester.tests.MutationsListTest:testReadMutationsIgnoreBogusLinesIncludingBlankOnes()V PASSED
jester.tests.MainArgumentsTest:testMissingArgumentsCauseExceptionToBeThrown()V ERROR java.lang.ArrayIndexOutOfBoundsException 66 
jester.tests.MainArgumentsTest:testMissingFileCauseExceptionToBeThrown()V ERROR java.lang.ArrayIndexOutOfBoundsException 66 
jester.tests.MainArgumentsTest:testMandatoryArguments()V ERROR java.lang.ArrayIndexOutOfBoundsException 66 
jester.tests.MainArgumentsTest:testThatMultipleMutationDirectoriesOrFilesAreAllowed()V ERROR java.lang.ArrayIndexOutOfBoundsException 66 
jester.tests.MainArgumentsTest:testClasspathArgument()V ERROR java.lang.ArrayIndexOutOfBoundsException 66 
jester.tests.MainArgumentsTest:testThatOneCanSpecifyOptionToNotShowProgressDialog()V ERROR java.lang.ArrayIndexOutOfBoundsException 66 
jester.tests.MainArgumentsTest:testThatClasspathArgumentCanAppearFirst()V ERROR java.lang.ArrayIndexOutOfBoundsException 66 63 
jester.tests.MainArgumentsTest:testThatClasspathArgumentCanAppearSecond()V ERROR java.lang.ArrayIndexOutOfBoundsException 66 63 
jester.tests.MainArgumentsTest:testThatClasspathArgumentCanAppearLast()V ERROR java.lang.ArrayIndexOutOfBoundsException 66 63 
jester.tests.MainArgumentsTest:testThatClasspathArgumentCanAppearInMiddleOfDirectoriesBecauseThereIsNoHarmInIt()V ERROR java.lang.ArrayIndexOutOfBoundsException 66 63 
jester.tests.ConfigurationTest:testDefaults()V PASSED
jester.tests.XMLReportWriterTest:testWritingChangesAsXMLHasBothGivenAndAbsoluteFilePaths()V ERROR java.lang.StringIndexOutOfBoundsException 64 10 
jester.tests.SimpleIntCodeManglerTest:testCouldntMangle()V ERROR java.lang.StringIndexOutOfBoundsException 64 10 (11,39) (11,39) 
jester.tests.SimpleIntCodeManglerTest:testContinuesIfChangeFails()V ERROR java.lang.StringIndexOutOfBoundsException 64 10 (11,39) (11,39) 
jester.tests.SimpleIntCodeManglerTest:testContinuesIfChangeSucceeds()V ERROR java.lang.StringIndexOutOfBoundsException 64 10 (11,39) (11,39) 
jester.tests.SimpleIntCodeManglerTest:testDoesntTryToChangeBadlyNamedMethodCalls()V ERROR java.lang.StringIndexOutOfBoundsException 64 10 (11,39) (11,39) 
jester.tests.SimpleIntCodeManglerTest:testSimpleMangle()V ERROR java.lang.StringIndexOutOfBoundsException 64 10 (11,39) (11,39) 
jester.tests.SimpleIntCodeManglerTest:testBug955882()V ERROR java.lang.StringIndexOutOfBoundsException 64 10 (11,39) (11,39) 
jester.tests.IgnoreListDocumentTest:testTextIsIgnored()V FAILED junit.framework.AssertionFailedError 
jester.tests.IgnoreListDocumentTest:testTextIsIgnoredForMultipleIgnores()V FAILED junit.framework.AssertionFailedError 
jester.tests.IgnoreListDocumentTest:testCharAtReturnsSpaceInsideIgnoreRegion()V FAILED junit.framework.AssertionFailedError 
jester.tests.ClassTestTesterTest:testThatChangeThatFailsTestsIsNotRecorded()V ERROR java.lang.StringIndexOutOfBoundsException 64 10 (11,39) (11,39) 
jester.tests.ClassTestTesterTest:testThatChangeThatPassesTestsIsRecorded()V ERROR java.lang.StringIndexOutOfBoundsException 64 10 (11,39) (11,39) 
jester.tests.ClassTestTesterTest:testThatOriginalContentsAreNotWrittenBackIfNoChanges()V ERROR java.lang.StringIndexOutOfBoundsException 64 10 (11,39) (11,39) 
jester.tests.ClassTestTesterTest:testThatOriginalContentsAreWrittenBack()V ERROR java.lang.StringIndexOutOfBoundsException 64 10 (11,39) (11,39) 
jester.tests.ClassTestTesterTest:testThatMutationListIsUsed()V ERROR java.lang.StringIndexOutOfBoundsException 64 10 (11,39) (11,39) 
jester.tests.acceptancetests.VeryTestedTest:testBoolean()V PASSED
jester.tests.acceptancetests.VeryTestedTest:testConditionFalseBranch()V PASSED
jester.tests.acceptancetests.VeryTestedTest:testConditionTrueBranch()V FAILED junit.framework.AssertionFailedError 
jester.tests.acceptancetests.VeryTestedTest:testDecrement()V PASSED
jester.tests.acceptancetests.VeryTestedTest:testEqual()V PASSED
jester.tests.acceptancetests.VeryTestedTest:testIncrement()V PASSED
jester.tests.acceptancetests.VeryTestedTest:testInfiniteLoop()V PASSED
jester.tests.acceptancetests.VeryTestedTest:testInt()V PASSED
jester.tests.acceptancetests.VeryTestedTest:testNotEqual()V PASSED
jester.tests.functionaltests.VeryTestedTest:testNumber()V PASSED

#uuts: uut_name, [ '|', mutator_class, '|', change_position_in_file_buffer, '|', change ]
jester.tests.MockClassIterator:iterate(Ljester.ClassTestTester;)V
jester.tests.functionaltests.VeryTested:mustReturnOne()I
jester.RealLogger:RealLogger()V
jester.IgnoreList:IgnoreList(Ljava.lang.String;)V
jester.TestTester:run()V
jester.tests.ReportTest:newRealReport()Ljester.Report;
jester.RealReport:totalNumberOfChanges()I
jester.RealReport:changeThatCausedTestsToFail(ILjava.lang.String;Ljava.lang.String;)V
jester.RealConfiguration:shouldReportEagerly()Z
jester.tests.ReportTest:newRealReport(Ljava.io.PrintWriter;)Ljester.Report;
jester.IgnoreListDocument:calculateIgnoreRegions()V
jester.tests.MockClassSourceChanger:setOriginalContents(Ljava.lang.String;)V
jester.RealConfiguration:sourceFileExtension()Ljava.lang.String;
jester.RealReport:totalScore()I
jester.RealConfiguration:closeUIOnFinish()Z
jester.RealMutationsList:visit(Ljester.MutationMaker;)V
jester.RealConfiguration:stringProperty(Ljava.lang.String;Ljava.lang.String;)Ljava.lang.String;
jester.tests.MockClassSourceChanger:MockClassSourceChanger()V
jester.tests.acceptancetests.VeryTested:mustIncrement(I)I
jester.MainArguments:MainArguments([Ljava.lang.String;Ljester.FileExistenceChecker;)V | STATEMENT | 867 | stmt -> ;
jester.tests.MockClassIterator:verify()V
jester.tests.MockClassIterator:setExpectedIterate(Ljester.ClassTestTester;)V
jester.RealReport:RealReport(Ljester.Configuration;Ljava.io.PrintWriter;Ljester.XMLReportWriter;Ljester.ProgressReporter;)V
jester.tests.IgnoreListTest:ignorePair(Ljava.lang.String;Ljava.lang.String;)Ljester.IgnorePair;
jester.RealMutationsList:RealMutationsList(Ljava.lang.String;Ljava.io.PrintStream;)V
jester.RealMutationsList:visit(Ljava.io.BufferedReader;Ljester.MutationMaker;)V
jester.tests.MockClassTestTester:MockClassTestTester()V
jester.RealConfiguration:isTrueProperty(Ljava.lang.String;Z)Z
jester.RealReport:fileNumberOfChanges()I
jester.RealReport:score(II)I
jester.RealConfiguration:compilationCommand()Ljava.lang.String;
jester.RealReport:fileScore()I
jester.tests.acceptancetests.VeryTested:mustBeEqual()Z
jester.IgnoreListDocument:IgnoreListDocument(Ljava.lang.String;Ljester.IgnoreList;)V
jester.tests.MockClassIterator:MockClassIterator()V
jester.tests.acceptancetests.VeryTested:mustDecrement(I)I
jester.tests.acceptancetests.VeryTested:mustReturnTrue()Z
jester.tests.MockTestRunner:testsRunWithoutFailures()Z
jester.RealConfiguration:RealConfiguration(Ljava.lang.String;Ljava.io.PrintStream;)V
jester.tests.MockClassSourceChanger:setOriginalContents(Ljava.lang.String;Ljester.IgnoreList;)V
jester.IgnoreListDocument:charAt(I)C
jester.tests.MockTestRunner:setTestsRunWithoutFailures(Z)V
jester.RealMutationsList:visitLine(Ljava.lang.String;Ljester.MutationMaker;)V
jester.tests.acceptancetests.VeryTested:mustTakeCorrectBranchFor(Z)I | CONSTANT | 578 | 1 -> 0
jester.tests.MockClassSourceChanger:setThrowExceptionOnFirstChangeAttempt(Z)V
jester.tests.ReportItemTest:newReportItem(Ljava.lang.String;Ljava.lang.String;Ljava.lang.String;I)Ljester.ReportItem;
jester.tests.ReportTest:startFile(Ljester.Report;Ljava.lang.String;Ljava.lang.String;)V
jester.tests.MockClassIterator:setExpectedIterateCalls(I)V
jester.IgnorePair:toString()Ljava.lang.String;
jester.tests.acceptancetests.VeryTested:mustNotBeEqual()Z
jester.IgnoreListDocument:indexOf(Ljava.lang.String;I)I
jester.tests.functionaltests.VeryTested:VeryTested()V
jester.RealReport:changeThatDidNotCauseTestsToFail(ILjava.lang.String;Ljava.lang.String;)V
jester.IgnoreListDocument:isInIgnoreRegion(I)Z
jester.RealConfiguration:testsPassString()Ljava.lang.String;
jester.SourceChangeException:SourceChangeException(Ljava.lang.String;)V
jester.tests.TestConfiguration:TestConfiguration()V
jester.RealConfiguration:testRunningCommand()Ljava.lang.String;
jester.tests.ReportItemTest:lineNumberForCharacterIndex(Ljava.lang.String;I)I
jester.tests.acceptancetests.VeryTested:turnIntoInfiniteLoop()V
jester.TestTester:TestTester(Ljester.TestRunner;Ljester.ClassIterator;Ljester.ClassTestTester;)V
jester.tests.acceptancetests.VeryTested:mustReturnOne()I
jester.RealXMLReportWriter:RealXMLReportWriter(Ljava.io.Writer;)V
jester.tests.MainArgumentsTest:checkThatClasspathArgumentCanAppearInAnyOrder([Ljava.lang.String;)V
jester.IgnoreList:ignorePairs()Ljava.util.List; | OPERATOR | 496 | == -> >
jester.IgnorePair:IgnorePair(Ljava.lang.String;Ljava.lang.String;)V
jester.MainArguments:readArguments([Ljava.lang.String;)V | CONSTANT | 1882 | 0 -> -1
jester.tests.MockMutationMaker:addExpectedMutateValues(Ljava.lang.String;Ljava.lang.String;)V
jester.tests.MockMutationMaker:MockMutationMaker()V
jester.tests.MockMutationMaker:mutate(Ljava.lang.String;Ljava.lang.String;)V
jester.tests.MockTestRunner:MockTestRunner()V
jester.RealReport:fileNumberOfChangesThatDidNotCauseTestsToFail()I
jester.tests.MockMutationMaker:verify()V

#matrix (1 line per test, in order of tests): { mut_index, ' ', mut_call_count, ' ' }
64 1 3 1 
64 1 3 1 65 1 23 1 48 1 
64 1 3 1 65 1 23 1 48 1 
64 1 3 1 65 1 23 1 48 1 
64 1 3 1 65 1 23 1 
64 1 3 1 
41 1 70 1 55 1 37 1 4 1 60 1 
41 1 34 1 0 1 4 1 26 1 70 1 37 1 20 1 21 1 47 1 60 1 
64 1 3 1 45 1 10 1 33 1 
64 1 3 1 45 1 58 1 10 1 33 1 
64 1 3 1 45 1 58 1 10 1 33 1 
64 1 3 1 39 1 10 1 33 1 17 1 11 1 
64 1 3 1 39 1 10 1 33 1 17 1 11 1 
22 1 64 1 3 1 56 1 9 1 10 1 33 1 46 1 5 1 
22 1 64 1 3 1 56 1 9 1 10 1 33 1 46 1 5 1 
22 1 64 1 3 1 56 1 9 1 10 1 33 1 46 1 5 1 
22 1 64 1 3 1 56 1 9 1 10 1 33 1 46 1 
22 1 64 1 3 1 56 1 9 1 10 1 33 1 46 1 5 1 
22 1 64 1 3 1 13 1 5 1 6 1 28 1 29 2 71 2 56 1 31 1 9 1 10 1 33 1 46 1 
22 1 64 1 3 1 56 1 9 1 10 1 33 1 46 1 5 1 
22 1 64 1 3 1 56 1 9 1 10 1 33 1 46 1 
22 1 64 1 3 1 56 1 9 1 10 1 33 1 46 1 
22 1 64 1 3 1 56 1 9 1 10 1 33 1 46 1 5 1 
22 1 64 1 3 1 56 1 9 1 10 1 33 1 46 1 5 1 
55 2 22 1 7 1 56 1 9 1 52 1 5 1 
67 1 68 1 24 1 69 1 15 1 72 1 
42 1 67 1 25 1 24 1 68 1 69 1 72 1 
42 1 67 1 25 1 24 1 68 1 69 1 72 1 
19 1 66 1 
19 1 66 1 
19 1 66 1 
19 1 66 1 
19 1 66 1 
19 1 66 1 
63 1 19 1 66 1 
63 1 19 1 66 1 
63 1 19 1 66 1 
63 1 19 1 66 1 
2 1 12 1 14 1 27 2 54 1 8 1 38 1 30 1 57 1 16 4 
64 1 3 1 10 1 33 1 62 1 
64 1 3 1 39 1 10 1 33 1 17 1 11 1 
44 1 64 1 3 1 39 1 10 1 33 1 17 1 11 1 
44 1 64 1 3 1 39 1 10 1 33 1 17 1 11 1 
64 1 3 1 39 1 10 1 33 1 17 1 11 1 
64 1 3 1 39 1 10 1 33 1 17 1 11 1 
64 1 3 1 39 1 10 1 33 1 17 1 11 1 
64 1 3 1 53 1 33 1 10 1 50 1 
64 1 3 1 10 1 33 1 53 1 50 1 
64 1 3 1 53 1 33 1 10 1 40 1 
41 1 70 1 64 1 3 1 39 1 10 1 33 1 17 1 11 1 
41 1 70 1 64 1 3 1 39 1 10 1 33 1 17 1 11 1 
70 1 64 1 3 1 39 1 10 1 33 1 17 1 11 1 
70 1 64 1 3 1 39 1 10 1 33 1 17 1 11 1 
70 1 64 1 3 1 39 1 10 1 33 1 17 1 11 1 
36 1 
43 1 
43 1 
35 1 
32 1 
18 1 
59 1 
61 1 
49 1 
1 1 51 1 
