#tests: test_name, ' ', status(PASSED | FAILED | ERROR), ' ', [exception, { trace_mut_index | '(', { alternative_trace_mut_index, ',' }, ')' }]
jester.tests.IgnoreListTest:testReadingEmptyIgnoreValues()V ERROR java.lang.ArrayIndexOutOfBoundsException 66 
jester.tests.IgnoreListTest:testReadingIgnoreValues()V ERROR java.lang.ArrayIndexOutOfBoundsException 66 
jester.tests.IgnoreListTest:testReadingIgnoreValuesEndOfLineSpecialCase()V ERROR java.lang.ArrayIndexOutOfBoundsException 66 
jester.tests.IgnoreListTest:testReadingMultipleIgnoreValues()V ERROR java.lang.ArrayIndexOutOfBoundsException 66 
jester.tests.IgnoreListTest:testReadingMultipleIgnoreBlankLines()V ERROR java.lang.ArrayIndexOutOfBoundsException 66 
jester.tests.IgnoreListTest:testReadingIncorrectFile()V ERROR java.lang.ArrayIndexOutOfBoundsException 66 
jester.tests.TestTesterTest:testTestsMustStartOffWorking()V PASSED
jester.tests.TestTesterTest:testThatTestRunByIterator()V PASSED
jester.tests.ReportItemTest:testXmlEncoding()V ERROR java.lang.ArrayIndexOutOfBoundsException 66 42 60 
jester.tests.ReportItemTest:testLineNumberOneLine()V ERROR java.lang.ArrayIndexOutOfBoundsException 66 42 60 28 
jester.tests.ReportItemTest:testLineNumberSomeLines()V ERROR java.lang.ArrayIndexOutOfBoundsException 66 42 60 28 
jester.tests.TwoStringSwappingCodeManglerTest:testCouldntMangle()V ERROR java.lang.ArrayIndexOutOfBoundsException 66 42 (0,4) (0,4) 
jester.tests.TwoStringSwappingCodeManglerTest:testSimpleMangle1()V ERROR java.lang.ArrayIndexOutOfBoundsException 66 42 (0,4) (0,4) 
jester.tests.ReportTest:testBottomScore()V ERROR java.lang.ArrayIndexOutOfBoundsException 66 42 19 
jester.tests.ReportTest:testCantFinishDifferentFile()V ERROR java.lang.ArrayIndexOutOfBoundsException 66 42 19 
jester.tests.ReportTest:testCantStartTwoFiles()V ERROR java.lang.ArrayIndexOutOfBoundsException 66 42 19 
jester.tests.ReportTest:testChangesToSameFileOrderedByIndex()V ERROR java.lang.ArrayIndexOutOfBoundsException 66 42 19 
jester.tests.ReportTest:testFileScoreSeparateFromTotalScore()V ERROR java.lang.ArrayIndexOutOfBoundsException 66 42 19 
jester.tests.ReportTest:testInitialScore()V ERROR java.lang.ArrayIndexOutOfBoundsException 66 42 19 
jester.tests.ReportTest:testMediumScore()V ERROR java.lang.ArrayIndexOutOfBoundsException 66 42 19 
jester.tests.ReportTest:testThatChangeThatCausedTestsToFailIsNotIncluded()V ERROR java.lang.ArrayIndexOutOfBoundsException 66 42 19 
jester.tests.ReportTest:testThatChangeThatDidNotCauseTestsToFailIsIncluded()V ERROR java.lang.ArrayIndexOutOfBoundsException 66 42 19 
jester.tests.ReportTest:testTopScore()V ERROR java.lang.ArrayIndexOutOfBoundsException 66 42 19 
jester.tests.ReportTest:testTotalScoreForManyFiles()V ERROR java.lang.ArrayIndexOutOfBoundsException 66 42 19 
jester.tests.ReportTest:testFileMustBeStarted()V PASSED
jester.tests.MutationsListTest:testDefaults()V PASSED
jester.tests.MutationsListTest:testReadMutations()V FAILED junit.framework.AssertionFailedError 46 
jester.tests.MutationsListTest:testReadMutationsIgnoreBogusLinesIncludingBlankOnes()V FAILED junit.framework.AssertionFailedError 30 22 (21,52) 
jester.tests.MainArgumentsTest:testMissingArgumentsCauseExceptionToBeThrown()V ERROR java.lang.ArrayIndexOutOfBoundsException 39 
jester.tests.MainArgumentsTest:testMissingFileCauseExceptionToBeThrown()V ERROR java.lang.ArrayIndexOutOfBoundsException 39 
jester.tests.MainArgumentsTest:testMandatoryArguments()V ERROR java.lang.ArrayIndexOutOfBoundsException 39 
jester.tests.MainArgumentsTest:testThatMultipleMutationDirectoriesOrFilesAreAllowed()V ERROR java.lang.ArrayIndexOutOfBoundsException 39 
jester.tests.MainArgumentsTest:testClasspathArgument()V ERROR java.lang.ArrayIndexOutOfBoundsException 39 
jester.tests.MainArgumentsTest:testThatOneCanSpecifyOptionToNotShowProgressDialog()V ERROR java.lang.ArrayIndexOutOfBoundsException 39 
jester.tests.MainArgumentsTest:testThatClasspathArgumentCanAppearFirst()V ERROR java.lang.ArrayIndexOutOfBoundsException 39 54 
jester.tests.MainArgumentsTest:testThatClasspathArgumentCanAppearSecond()V ERROR java.lang.ArrayIndexOutOfBoundsException 39 54 
jester.tests.MainArgumentsTest:testThatClasspathArgumentCanAppearLast()V ERROR java.lang.ArrayIndexOutOfBoundsException 39 54 
jester.tests.MainArgumentsTest:testThatClasspathArgumentCanAppearInMiddleOfDirectoriesBecauseThereIsNoHarmInIt()V ERROR java.lang.ArrayIndexOutOfBoundsException 39 54 
jester.tests.ConfigurationTest:testDefaults()V ERROR junit.framework.ComparisonFailure 
jester.tests.XMLReportWriterTest:testWritingChangesAsXMLHasBothGivenAndAbsoluteFilePaths()V ERROR java.lang.ArrayIndexOutOfBoundsException 66 42 
jester.tests.SimpleIntCodeManglerTest:testCouldntMangle()V ERROR java.lang.ArrayIndexOutOfBoundsException 66 42 (0,4) (0,4) 
jester.tests.SimpleIntCodeManglerTest:testContinuesIfChangeFails()V ERROR java.lang.ArrayIndexOutOfBoundsException 66 42 (0,4) (0,4) 
jester.tests.SimpleIntCodeManglerTest:testContinuesIfChangeSucceeds()V ERROR java.lang.ArrayIndexOutOfBoundsException 66 42 (0,4) (0,4) 
jester.tests.SimpleIntCodeManglerTest:testDoesntTryToChangeBadlyNamedMethodCalls()V ERROR java.lang.ArrayIndexOutOfBoundsException 66 42 (0,4) (0,4) 
jester.tests.SimpleIntCodeManglerTest:testSimpleMangle()V ERROR java.lang.ArrayIndexOutOfBoundsException 66 42 (0,4) (0,4) 
jester.tests.SimpleIntCodeManglerTest:testBug955882()V ERROR java.lang.ArrayIndexOutOfBoundsException 66 42 (0,4) (0,4) 
jester.tests.IgnoreListDocumentTest:testTextIsIgnored()V ERROR java.lang.ArrayIndexOutOfBoundsException 66 42 
jester.tests.IgnoreListDocumentTest:testTextIsIgnoredForMultipleIgnores()V ERROR java.lang.ArrayIndexOutOfBoundsException 66 42 
jester.tests.IgnoreListDocumentTest:testCharAtReturnsSpaceInsideIgnoreRegion()V ERROR java.lang.ArrayIndexOutOfBoundsException 66 42 
jester.tests.ClassTestTesterTest:testThatChangeThatFailsTestsIsNotRecorded()V ERROR java.lang.ArrayIndexOutOfBoundsException 66 42 (0,4) (0,4) 
jester.tests.ClassTestTesterTest:testThatChangeThatPassesTestsIsRecorded()V ERROR java.lang.ArrayIndexOutOfBoundsException 66 42 (0,4) (0,4) 
jester.tests.ClassTestTesterTest:testThatOriginalContentsAreNotWrittenBackIfNoChanges()V ERROR java.lang.ArrayIndexOutOfBoundsException 66 42 (0,4) (0,4) 
jester.tests.ClassTestTesterTest:testThatOriginalContentsAreWrittenBack()V ERROR java.lang.ArrayIndexOutOfBoundsException 66 42 (0,4) (0,4) 
jester.tests.ClassTestTesterTest:testThatMutationListIsUsed()V ERROR java.lang.ArrayIndexOutOfBoundsException 66 42 (0,4) (0,4) 
jester.tests.acceptancetests.VeryTestedTest:testBoolean()V PASSED
jester.tests.acceptancetests.VeryTestedTest:testConditionFalseBranch()V PASSED
jester.tests.acceptancetests.VeryTestedTest:testConditionTrueBranch()V PASSED
jester.tests.acceptancetests.VeryTestedTest:testDecrement()V PASSED
jester.tests.acceptancetests.VeryTestedTest:testEqual()V PASSED
jester.tests.acceptancetests.VeryTestedTest:testIncrement()V PASSED
jester.tests.acceptancetests.VeryTestedTest:testInfiniteLoop()V PASSED
jester.tests.acceptancetests.VeryTestedTest:testInt()V PASSED
jester.tests.acceptancetests.VeryTestedTest:testNotEqual()V PASSED
jester.tests.functionaltests.VeryTestedTest:testNumber()V PASSED

#uuts: uut_name, [ '|', mutator_class, '|', change_position_in_file_buffer, '|', change ]
jester.tests.MockClassSourceChanger:setOriginalContents(Ljava.lang.String;Ljester.IgnoreList;)V
jester.tests.MockClassSourceChanger:setThrowExceptionOnFirstChangeAttempt(Z)V
jester.tests.functionaltests.VeryTested:mustReturnOne()I
jester.tests.acceptancetests.VeryTested:mustTakeCorrectBranchFor(Z)I
jester.tests.MockClassSourceChanger:setOriginalContents(Ljava.lang.String;)V
jester.tests.acceptancetests.VeryTested:mustDecrement(I)I
jester.RealReport:totalNumberOfChanges()I
jester.RealConfiguration:RealConfiguration(Ljava.lang.String;Ljava.io.PrintStream;)V
jester.tests.functionaltests.VeryTested:VeryTested()V
jester.RealReport:RealReport(Ljester.Configuration;Ljava.io.PrintWriter;Ljester.XMLReportWriter;Ljester.ProgressReporter;)V
jester.tests.MockClassIterator:setExpectedIterate(Ljester.ClassTestTester;)V
jester.tests.MockMutationMaker:MockMutationMaker()V
jester.tests.ReportTest:newRealReport()Ljester.Report;
jester.RealConfiguration:testRunningCommand()Ljava.lang.String; | RETURN | 1878 | return null
jester.MainArguments:MainArguments([Ljava.lang.String;Ljester.FileExistenceChecker;)V
jester.tests.MockMutationMaker:addExpectedMutateValues(Ljava.lang.String;Ljava.lang.String;)V
jester.tests.MockTestRunner:testsRunWithoutFailures()Z
jester.RealReport:fileScore()I
jester.tests.acceptancetests.VeryTested:turnIntoInfiniteLoop()V
jester.tests.ReportTest:startFile(Ljester.Report;Ljava.lang.String;Ljava.lang.String;)V
jester.tests.MockTestRunner:MockTestRunner()V
jester.RealMutationsList:visit(Ljava.io.BufferedReader;Ljester.MutationMaker;)V
jester.RealMutationsList:visitLine(Ljava.lang.String;Ljester.MutationMaker;)V | CONDITION | 2275 | if (x) -> if (!x)
jester.RealReport:changeThatCausedTestsToFail(ILjava.lang.String;Ljava.lang.String;)V
jester.RealReport:fileNumberOfChangesThatDidNotCauseTestsToFail()I
jester.RealConfiguration:isTrueProperty(Ljava.lang.String;Z)Z
jester.RealMutationsList:RealMutationsList(Ljava.lang.String;Ljava.io.PrintStream;)V
jester.RealConfiguration:shouldReportEagerly()Z
jester.tests.ReportItemTest:lineNumberForCharacterIndex(Ljava.lang.String;I)I
jester.TestTester:run()V
jester.tests.MockMutationMaker:mutate(Ljava.lang.String;Ljava.lang.String;)V
jester.RealConfiguration:stringProperty(Ljava.lang.String;Ljava.lang.String;)Ljava.lang.String;
jester.tests.acceptancetests.VeryTested:mustReturnOne()I
jester.TestTester:TestTester(Ljester.TestRunner;Ljester.ClassIterator;Ljester.ClassTestTester;)V
jester.IgnoreListDocument:IgnoreListDocument(Ljava.lang.String;Ljester.IgnoreList;)V
jester.tests.acceptancetests.VeryTested:mustNotBeEqual()Z
jester.tests.MockClassSourceChanger:MockClassSourceChanger()V
jester.RealConfiguration:sourceFileExtension()Ljava.lang.String;
jester.SourceChangeException:SourceChangeException(Ljava.lang.String;)V
jester.MainArguments:readArguments([Ljava.lang.String;)V | CONSTANT | 1882 | 0 -> -1
jester.tests.ReportTest:newRealReport(Ljava.io.PrintWriter;)Ljester.Report;
jester.tests.acceptancetests.VeryTested:mustIncrement(I)I
jester.IgnoreListDocument:calculateIgnoreRegions()V
jester.tests.MockClassIterator:verify()V
jester.tests.MockClassTestTester:MockClassTestTester()V
jester.tests.IgnoreListTest:ignorePair(Ljava.lang.String;Ljava.lang.String;)Ljester.IgnorePair;
jester.tests.MockMutationMaker:verify()V
jester.RealConfiguration:compilationCommand()Ljava.lang.String;
jester.tests.acceptancetests.VeryTested:mustBeEqual()Z
jester.tests.MockClassIterator:setExpectedIterateCalls(I)V
jester.tests.acceptancetests.VeryTested:mustReturnTrue()Z
jester.tests.MockClassIterator:iterate(Ljester.ClassTestTester;)V
jester.RealMutationsList:visit(Ljester.MutationMaker;)V
jester.RealReport:fileNumberOfChanges()I
jester.tests.MainArgumentsTest:checkThatClasspathArgumentCanAppearInAnyOrder([Ljava.lang.String;)V
jester.IgnoreList:IgnoreList(Ljava.lang.String;)V
jester.RealXMLReportWriter:RealXMLReportWriter(Ljava.io.Writer;)V
jester.tests.MockTestRunner:setTestsRunWithoutFailures(Z)V
jester.tests.MockClassIterator:MockClassIterator()V
jester.IgnorePair:IgnorePair(Ljava.lang.String;Ljava.lang.String;)V
jester.tests.ReportItemTest:newReportItem(Ljava.lang.String;Ljava.lang.String;Ljava.lang.String;I)Ljester.ReportItem;
jester.RealReport:changeThatDidNotCauseTestsToFail(ILjava.lang.String;Ljava.lang.String;)V
jester.RealLogger:RealLogger()V
jester.RealReport:totalScore()I
jester.RealReport:score(II)I | OPERATOR | 5273 | - -> /
jester.tests.TestConfiguration:TestConfiguration()V
jester.IgnoreList:ignorePairs()Ljava.util.List; | CONSTANT | 432 | 0 -> -1

#matrix (1 line per test, in order of tests): { mut_index, ' ', mut_call_count, ' ' }
55 1 66 1 
59 1 55 1 66 1 45 1 
59 1 55 1 66 1 45 1 
59 1 55 1 66 1 45 1 
59 1 55 1 66 1 45 1 
55 1 66 1 
38 1 29 1 57 1 33 1 16 1 20 1 
49 1 29 1 51 1 33 1 16 1 20 1 57 1 58 1 43 1 44 1 10 1 
60 1 42 1 34 1 55 1 66 1 
60 1 42 1 34 1 55 1 66 1 28 1 
60 1 42 1 34 1 55 1 66 1 28 1 
4 1 0 1 42 1 34 1 55 1 36 1 66 1 
4 1 0 1 42 1 34 1 55 1 36 1 66 1 
12 1 40 1 42 1 34 1 55 1 65 1 19 1 9 1 66 1 
12 1 40 1 42 1 34 1 55 1 65 1 19 1 9 1 66 1 
12 1 40 1 42 1 34 1 55 1 65 1 19 1 9 1 66 1 
40 1 42 1 34 1 55 1 65 1 19 1 9 1 66 1 
12 1 40 1 42 1 34 1 55 1 65 1 19 1 9 1 66 1 
53 1 12 1 34 1 55 1 17 1 19 1 24 2 40 1 6 1 63 1 42 1 64 2 65 1 9 1 66 1 
12 1 40 1 42 1 34 1 55 1 65 1 19 1 9 1 66 1 
40 1 42 1 34 1 55 1 65 1 19 1 9 1 66 1 
40 1 42 1 34 1 55 1 65 1 19 1 9 1 66 1 
12 1 40 1 42 1 34 1 55 1 65 1 19 1 9 1 66 1 
12 1 40 1 42 1 34 1 55 1 65 1 19 1 9 1 66 1 
38 2 23 1 61 1 12 1 40 1 65 1 9 1 
11 1 52 1 30 1 15 1 26 1 46 1 
11 1 15 1 21 1 22 1 26 1 46 1 
11 1 30 1 15 1 21 1 22 1 26 1 
39 1 14 1 
39 1 14 1 
39 1 14 1 
39 1 14 1 
39 1 14 1 
39 1 14 1 
39 1 14 1 54 1 
39 1 14 1 54 1 
39 1 14 1 54 1 
39 1 14 1 54 1 
31 2 13 1 37 1 25 1 62 1 7 1 27 1 47 1 
56 1 42 1 34 1 55 1 66 1 
4 1 0 1 42 1 34 1 55 1 36 1 66 1 
4 1 0 1 1 1 42 1 34 1 55 1 36 1 66 1 
4 1 0 1 1 1 42 1 34 1 55 1 36 1 66 1 
4 1 0 1 42 1 34 1 55 1 36 1 66 1 
4 1 0 1 42 1 34 1 55 1 36 1 66 1 
4 1 0 1 42 1 34 1 55 1 36 1 66 1 
42 1 34 1 55 1 66 1 
42 1 34 1 55 1 66 1 
42 1 34 1 55 1 66 1 
4 1 57 1 0 1 42 1 34 1 55 1 36 1 20 1 66 1 
4 1 57 1 0 1 42 1 34 1 55 1 36 1 20 1 66 1 
4 1 0 1 42 1 34 1 55 1 36 1 20 1 66 1 
4 1 0 1 42 1 34 1 55 1 36 1 20 1 66 1 
4 1 0 1 42 1 34 1 55 1 36 1 20 1 66 1 
50 1 
3 1 
3 1 
5 1 
48 1 
41 1 
18 1 
32 1 
35 1 
2 1 8 1 
