#tests: test_name, ' ', status(PASSED | FAILED | ERROR), ' ', [exception, { trace_mut_index | '(', { alternative_trace_mut_index, ',' }, ')' }]
jester.tests.IgnoreListTest:testReadingEmptyIgnoreValues()V ERROR java.lang.StringIndexOutOfBoundsException 9 
jester.tests.IgnoreListTest:testReadingIgnoreValues()V FAILED junit.framework.AssertionFailedError 
jester.tests.IgnoreListTest:testReadingIgnoreValuesEndOfLineSpecialCase()V FAILED junit.framework.AssertionFailedError 
jester.tests.IgnoreListTest:testReadingMultipleIgnoreValues()V FAILED junit.framework.AssertionFailedError 
jester.tests.IgnoreListTest:testReadingMultipleIgnoreBlankLines()V ERROR java.lang.StringIndexOutOfBoundsException 9 
jester.tests.IgnoreListTest:testReadingIncorrectFile()V PASSED
jester.tests.TestTesterTest:testTestsMustStartOffWorking()V PASSED
jester.tests.TestTesterTest:testThatTestRunByIterator()V PASSED
jester.tests.ReportItemTest:testXmlEncoding()V ERROR java.lang.StringIndexOutOfBoundsException 9 68 39 
jester.tests.ReportItemTest:testLineNumberOneLine()V ERROR java.lang.StringIndexOutOfBoundsException 9 68 39 45 
jester.tests.ReportItemTest:testLineNumberSomeLines()V ERROR java.lang.StringIndexOutOfBoundsException 9 68 39 45 
jester.tests.TwoStringSwappingCodeManglerTest:testCouldntMangle()V ERROR java.lang.StringIndexOutOfBoundsException 9 68 (28,51) (28,51) 
jester.tests.TwoStringSwappingCodeManglerTest:testSimpleMangle1()V ERROR java.lang.StringIndexOutOfBoundsException 9 68 (28,51) (28,51) 
jester.tests.ReportTest:testBottomScore()V ERROR jester.SourceChangeException 37 
jester.tests.ReportTest:testCantFinishDifferentFile()V ERROR java.lang.NullPointerException 18 
jester.tests.ReportTest:testCantStartTwoFiles()V FAILED junit.framework.AssertionFailedError 
jester.tests.ReportTest:testChangesToSameFileOrderedByIndex()V ERROR jester.SourceChangeException 37 
jester.tests.ReportTest:testFileScoreSeparateFromTotalScore()V ERROR jester.SourceChangeException 17 
jester.tests.ReportTest:testInitialScore()V ERROR java.lang.ArithmeticException 36 1 
jester.tests.ReportTest:testMediumScore()V ERROR jester.SourceChangeException 17 
jester.tests.ReportTest:testThatChangeThatCausedTestsToFailIsNotIncluded()V ERROR jester.SourceChangeException 17 
jester.tests.ReportTest:testThatChangeThatDidNotCauseTestsToFailIsIncluded()V ERROR jester.SourceChangeException 37 
jester.tests.ReportTest:testTopScore()V ERROR jester.SourceChangeException 17 
jester.tests.ReportTest:testTotalScoreForManyFiles()V ERROR jester.SourceChangeException 17 
jester.tests.ReportTest:testFileMustBeStarted()V PASSED
jester.tests.MutationsListTest:testDefaults()V PASSED
jester.tests.MutationsListTest:testReadMutations()V PASSED
jester.tests.MutationsListTest:testReadMutationsIgnoreBogusLinesIncludingBlankOnes()V PASSED
jester.tests.MainArgumentsTest:testMissingArgumentsCauseExceptionToBeThrown()V PASSED
jester.tests.MainArgumentsTest:testMissingFileCauseExceptionToBeThrown()V PASSED
jester.tests.MainArgumentsTest:testMandatoryArguments()V PASSED
jester.tests.MainArgumentsTest:testThatMultipleMutationDirectoriesOrFilesAreAllowed()V PASSED
jester.tests.MainArgumentsTest:testClasspathArgument()V PASSED
jester.tests.MainArgumentsTest:testThatOneCanSpecifyOptionToNotShowProgressDialog()V PASSED
jester.tests.MainArgumentsTest:testThatClasspathArgumentCanAppearFirst()V PASSED
jester.tests.MainArgumentsTest:testThatClasspathArgumentCanAppearSecond()V PASSED
jester.tests.MainArgumentsTest:testThatClasspathArgumentCanAppearLast()V PASSED
jester.tests.MainArgumentsTest:testThatClasspathArgumentCanAppearInMiddleOfDirectoriesBecauseThereIsNoHarmInIt()V PASSED
jester.tests.ConfigurationTest:testDefaults()V ERROR junit.framework.ComparisonFailure 
jester.tests.XMLReportWriterTest:testWritingChangesAsXMLHasBothGivenAndAbsoluteFilePaths()V ERROR java.lang.StringIndexOutOfBoundsException 9 68 
jester.tests.SimpleIntCodeManglerTest:testCouldntMangle()V ERROR java.lang.StringIndexOutOfBoundsException 9 68 (28,51) (28,51) 
jester.tests.SimpleIntCodeManglerTest:testContinuesIfChangeFails()V ERROR java.lang.StringIndexOutOfBoundsException 9 68 (28,51) (28,51) 
jester.tests.SimpleIntCodeManglerTest:testContinuesIfChangeSucceeds()V ERROR java.lang.StringIndexOutOfBoundsException 9 68 (28,51) (28,51) 
jester.tests.SimpleIntCodeManglerTest:testDoesntTryToChangeBadlyNamedMethodCalls()V ERROR java.lang.StringIndexOutOfBoundsException 9 68 (28,51) (28,51) 
jester.tests.SimpleIntCodeManglerTest:testSimpleMangle()V ERROR java.lang.StringIndexOutOfBoundsException 9 68 (28,51) (28,51) 
jester.tests.SimpleIntCodeManglerTest:testBug955882()V ERROR java.lang.StringIndexOutOfBoundsException 9 68 (28,51) (28,51) 
jester.tests.IgnoreListDocumentTest:testTextIsIgnored()V FAILED junit.framework.AssertionFailedError 
jester.tests.IgnoreListDocumentTest:testTextIsIgnoredForMultipleIgnores()V FAILED junit.framework.AssertionFailedError 
jester.tests.IgnoreListDocumentTest:testCharAtReturnsSpaceInsideIgnoreRegion()V FAILED junit.framework.AssertionFailedError 
jester.tests.ClassTestTesterTest:testThatChangeThatFailsTestsIsNotRecorded()V ERROR java.lang.StringIndexOutOfBoundsException 9 68 (28,51) (28,51) 
jester.tests.ClassTestTesterTest:testThatChangeThatPassesTestsIsRecorded()V ERROR java.lang.StringIndexOutOfBoundsException 9 68 (28,51) (28,51) 
jester.tests.ClassTestTesterTest:testThatOriginalContentsAreNotWrittenBackIfNoChanges()V ERROR java.lang.StringIndexOutOfBoundsException 9 68 (28,51) (28,51) 
jester.tests.ClassTestTesterTest:testThatOriginalContentsAreWrittenBack()V ERROR java.lang.StringIndexOutOfBoundsException 9 68 (28,51) (28,51) 
jester.tests.ClassTestTesterTest:testThatMutationListIsUsed()V ERROR java.lang.StringIndexOutOfBoundsException 9 68 (28,51) (28,51) 
jester.tests.acceptancetests.VeryTestedTest:testBoolean()V PASSED
jester.tests.acceptancetests.VeryTestedTest:testConditionFalseBranch()V PASSED
jester.tests.acceptancetests.VeryTestedTest:testConditionTrueBranch()V PASSED
jester.tests.acceptancetests.VeryTestedTest:testDecrement()V PASSED
jester.tests.acceptancetests.VeryTestedTest:testEqual()V PASSED
jester.tests.acceptancetests.VeryTestedTest:testIncrement()V PASSED
jester.tests.acceptancetests.VeryTestedTest:testInfiniteLoop()V PASSED
jester.tests.acceptancetests.VeryTestedTest:testInt()V PASSED
jester.tests.acceptancetests.VeryTestedTest:testNotEqual()V PASSED
jester.tests.functionaltests.VeryTestedTest:testNumber()V PASSED

#uuts: uut_name, [ '|', mutator_class, '|', change_position_in_file_buffer, '|', change ]
jester.tests.acceptancetests.VeryTested:mustBeEqual()Z
jester.RealReport:totalScore()I
jester.IgnorePair:toString()Ljava.lang.String;
jester.tests.MainArgumentsTest:assertEquals([Ljava.lang.String;[Ljava.lang.String;)V
jester.RealMutationsList:visitLine(Ljava.lang.String;Ljester.MutationMaker;)V
jester.MainArguments:getTestClassName()Ljava.lang.String;
jester.tests.MockMutationMaker:verify()V
jester.tests.MainArgumentsTest.1:exists(Ljava.lang.String;)Z
jester.tests.MockTestRunner:testsRunWithoutFailures()Z
jester.IgnoreList:ignorePairs()Ljava.util.List; | OPERATOR | 496 | == -> >
jester.tests.MockClassIterator:setExpectedIterate(Ljester.ClassTestTester;)V
jester.tests.acceptancetests.VeryTested:mustReturnTrue()Z
jester.tests.IgnoreListTest:ignorePair(Ljava.lang.String;Ljava.lang.String;)Ljester.IgnorePair;
jester.tests.functionaltests.VeryTested:mustReturnOne()I
jester.IgnorePair:IgnorePair(Ljava.lang.String;Ljava.lang.String;)V
jester.tests.MockMutationMaker:MockMutationMaker()V
jester.RealConfiguration:compilationCommand()Ljava.lang.String;
jester.RealReport:changeThatCausedTestsToFail(ILjava.lang.String;Ljava.lang.String;)V
jester.RealReport:finishFile(Ljava.lang.String;)V
jester.MainArguments:setDirectoriesOrFilesToMutateFromArguments(Ljava.util.List;)V
jester.tests.acceptancetests.VeryTested:mustReturnOne()I
jester.tests.MainArgumentsTest.2:exists(Ljava.lang.String;)Z
jester.MainArguments:MainArguments([Ljava.lang.String;Ljester.FileExistenceChecker;)V
jester.tests.MockClassIterator:MockClassIterator()V
jester.tests.MockTestRunner:MockTestRunner()V
jester.tests.MockClassSourceChanger:MockClassSourceChanger()V
jester.MainArguments:readArguments([Ljava.lang.String;)V
jester.tests.MockClassSourceChanger:setThrowExceptionOnFirstChangeAttempt(Z)V
jester.tests.MockClassSourceChanger:setOriginalContents(Ljava.lang.String;)V
jester.tests.MockTestRunner:setTestsRunWithoutFailures(Z)V
jester.RealReport:RealReport(Ljester.Configuration;Ljava.io.PrintWriter;Ljester.XMLReportWriter;Ljester.ProgressReporter;)V
jester.TestTester:TestTester(Ljester.TestRunner;Ljester.ClassIterator;Ljester.ClassTestTester;)V
jester.tests.acceptancetests.VeryTested:mustDecrement(I)I
jester.IgnoreList:IgnoreList(Ljava.lang.String;)V
jester.tests.functionaltests.VeryTested:VeryTested()V
jester.RealConfiguration:RealConfiguration(Ljava.lang.String;Ljava.io.PrintStream;)V
jester.RealReport:score(II)I | CONSTANT | 5256 | 0 -> -1
jester.RealReport:changeThatDidNotCauseTestsToFail(ILjava.lang.String;Ljava.lang.String;)V
jester.IgnoreListDocument:isInIgnoreRegion(I)Z
jester.tests.ReportItemTest:newReportItem(Ljava.lang.String;Ljava.lang.String;Ljava.lang.String;I)Ljester.ReportItem;
jester.tests.acceptancetests.VeryTested:mustTakeCorrectBranchFor(Z)I
jester.tests.acceptancetests.VeryTested:mustIncrement(I)I
jester.tests.acceptancetests.VeryTested:turnIntoInfiniteLoop()V
jester.tests.MockClassIterator:iterate(Ljester.ClassTestTester;)V
jester.tests.MockClassIterator:setExpectedIterateCalls(I)V
jester.tests.ReportItemTest:lineNumberForCharacterIndex(Ljava.lang.String;I)I
jester.tests.TestConfiguration:TestConfiguration()V
jester.MainArguments:setTestClassFromArguments(Ljava.util.List;)V
jester.RealConfiguration:stringProperty(Ljava.lang.String;Ljava.lang.String;)Ljava.lang.String; | CONDITION | 1755 | if (x) -> if (!x)
jester.RealMutationsList:visit(Ljava.io.BufferedReader;Ljester.MutationMaker;)V
jester.tests.MockClassTestTester:MockClassTestTester()V
jester.tests.MockClassSourceChanger:setOriginalContents(Ljava.lang.String;Ljester.IgnoreList;)V
jester.tests.MainArgumentsTest:checkThatClasspathArgumentCanAppearInAnyOrder([Ljava.lang.String;)V
jester.RealMutationsList:visit(Ljester.MutationMaker;)V
jester.MainArguments:shouldShowProgressDialog()Z
jester.TestTester:run()V
jester.SourceChangeException:SourceChangeException(Ljava.lang.String;)V
jester.RealMutationsList:RealMutationsList(Ljava.lang.String;Ljava.io.PrintStream;)V
jester.tests.ReportTest:newRealReport()Ljester.Report;
jester.IgnoreListDocument:indexOf(Ljava.lang.String;I)I
jester.MainArguments:checkDirectoriesOrFilesToMutateExist()V
jester.tests.MockMutationMaker:mutate(Ljava.lang.String;Ljava.lang.String;)V
jester.IgnoreListDocument:IgnoreListDocument(Ljava.lang.String;Ljester.IgnoreList;)V
jester.tests.MockMutationMaker:addExpectedMutateValues(Ljava.lang.String;Ljava.lang.String;)V
jester.IgnoreListDocument:charAt(I)C
jester.tests.MockClassIterator:verify()V
jester.RealXMLReportWriter:RealXMLReportWriter(Ljava.io.Writer;)V
jester.MainArguments:setOptionalShouldShowProgressDialogFromArguments(Ljava.util.List;)V
jester.IgnoreListDocument:calculateIgnoreRegions()V
jester.tests.ReportTest:startFile(Ljester.Report;Ljava.lang.String;Ljava.lang.String;)V | STATEMENT | 949 | stmt -> ;
jester.RealLogger:RealLogger()V
jester.RealReport:totalNumberOfChanges()I
jester.tests.acceptancetests.VeryTested:mustNotBeEqual()Z
jester.tests.ReportTest:newRealReport(Ljava.io.PrintWriter;)Ljester.Report;
jester.JesterArgumentException:JesterArgumentException(Ljava.lang.String;)V
jester.MainArguments:getDirectoryOrFileNames()[Ljava.lang.String;
jester.MainArguments:setOptionalClasspathFromArguments(Ljava.util.List;)V

#matrix (1 line per test, in order of tests): { mut_index, ' ', mut_call_count, ' ' }
33 1 9 1 
2 1 33 1 14 1 12 1 9 1 
2 1 33 1 14 1 12 1 9 1 
2 1 33 1 14 1 12 1 9 1 
33 1 14 1 12 1 9 1 
33 1 9 1 
31 1 24 1 55 1 8 1 56 1 29 1 
23 1 24 1 55 1 43 1 8 1 44 1 29 1 31 1 10 1 65 1 50 1 
39 1 33 1 68 1 62 1 9 1 
39 1 33 1 68 1 62 1 9 1 45 1 
39 1 33 1 68 1 62 1 9 1 45 1 
51 1 25 1 33 1 68 1 62 1 28 1 9 1 
51 1 25 1 33 1 68 1 62 1 28 1 9 1 
30 1 58 1 46 1 69 1 37 1 56 1 73 1 
30 1 58 1 46 1 18 1 69 1 73 1 
30 1 58 1 46 1 69 1 73 1 
30 1 46 1 69 1 37 1 56 1 73 1 
30 1 58 1 17 1 46 1 69 1 56 1 73 1 
30 1 58 1 46 1 1 1 36 1 71 1 73 1 
30 1 58 1 17 1 46 1 69 1 56 1 73 1 
30 1 17 1 46 1 69 1 56 1 73 1 
30 1 46 1 69 1 37 1 56 1 73 1 
30 1 58 1 17 1 46 1 69 1 56 1 73 1 
30 1 58 1 17 1 46 1 69 1 56 1 73 1 
30 1 58 1 17 1 46 1 37 1 56 2 73 1 
53 1 61 1 15 1 63 1 57 1 6 1 
15 1 61 1 4 1 63 1 49 1 6 1 57 1 
15 1 61 1 4 1 63 1 49 1 6 1 57 1 
74 2 22 1 19 1 26 1 47 1 
21 1 74 1 22 1 60 1 67 1 76 1 19 1 26 1 47 1 
22 1 60 1 26 1 7 1 3 1 75 1 76 1 67 1 5 1 19 1 47 1 
22 1 60 1 26 1 7 1 3 1 75 1 76 1 67 1 5 1 19 1 47 1 
22 1 60 1 26 1 7 1 3 1 75 1 76 1 67 1 5 1 19 1 47 1 
22 1 60 1 54 1 26 1 7 1 76 1 67 1 19 1 47 1 
52 1 22 1 60 1 26 1 7 1 3 1 75 1 76 1 67 1 5 1 19 1 47 1 
52 1 22 1 60 1 26 1 7 1 3 1 75 1 76 1 67 1 5 1 19 1 47 1 
52 1 22 1 60 1 26 1 7 1 3 1 75 1 76 1 67 1 5 1 19 1 47 1 
52 1 22 1 60 1 26 1 7 1 3 1 75 1 76 1 67 1 5 1 19 1 47 1 
16 1 48 1 70 1 35 1 
66 1 33 1 68 1 62 1 9 1 
51 1 25 1 33 1 68 1 62 1 28 1 9 1 
51 1 25 1 33 1 27 1 68 1 62 1 28 1 9 1 
51 1 25 1 33 1 27 1 68 1 62 1 28 1 9 1 
51 1 25 1 33 1 68 1 62 1 28 1 9 1 
51 1 25 1 33 1 68 1 62 1 28 1 9 1 
51 1 25 1 33 1 68 1 62 1 28 1 9 1 
38 1 59 1 62 1 9 1 33 1 68 1 
38 1 59 1 33 1 68 1 62 1 9 1 
38 1 62 1 9 1 64 1 33 1 68 1 
51 1 24 1 25 1 33 1 68 1 62 1 28 1 9 1 29 1 
51 1 24 1 25 1 33 1 68 1 62 1 28 1 9 1 29 1 
51 1 24 1 25 1 33 1 68 1 62 1 28 1 9 1 
51 1 24 1 25 1 33 1 68 1 62 1 28 1 9 1 
51 1 24 1 25 1 33 1 68 1 62 1 28 1 9 1 
11 1 
40 1 
40 1 
32 1 
0 1 
41 1 
42 1 
20 1 
72 1 
13 1 34 1 
