#tests: test_name, ' ', status(PASSED | FAILED | ERROR), ' ', [exception, { trace_mut_index | '(', { alternative_trace_mut_index, ',' }, ')' }]
jester.tests.IgnoreListTest:testReadingEmptyIgnoreValues()V ERROR java.lang.StringIndexOutOfBoundsException 60 
jester.tests.IgnoreListTest:testReadingIgnoreValues()V FAILED junit.framework.AssertionFailedError 
jester.tests.IgnoreListTest:testReadingIgnoreValuesEndOfLineSpecialCase()V FAILED junit.framework.AssertionFailedError 
jester.tests.IgnoreListTest:testReadingMultipleIgnoreValues()V FAILED junit.framework.AssertionFailedError 
jester.tests.IgnoreListTest:testReadingMultipleIgnoreBlankLines()V ERROR java.lang.StringIndexOutOfBoundsException 60 
jester.tests.IgnoreListTest:testReadingIncorrectFile()V PASSED
jester.tests.TestTesterTest:testTestsMustStartOffWorking()V PASSED
jester.tests.TestTesterTest:testThatTestRunByIterator()V PASSED
jester.tests.ReportItemTest:testXmlEncoding()V ERROR java.lang.StringIndexOutOfBoundsException 60 69 15 
jester.tests.ReportItemTest:testLineNumberOneLine()V ERROR java.lang.StringIndexOutOfBoundsException 60 69 15 12 
jester.tests.ReportItemTest:testLineNumberSomeLines()V ERROR java.lang.StringIndexOutOfBoundsException 60 69 15 12 
jester.tests.TwoStringSwappingCodeManglerTest:testCouldntMangle()V ERROR java.lang.StringIndexOutOfBoundsException 60 69 (27,72) (27,72) 
jester.tests.TwoStringSwappingCodeManglerTest:testSimpleMangle1()V ERROR java.lang.StringIndexOutOfBoundsException 60 69 (27,72) (27,72) 
jester.tests.ReportTest:testBottomScore()V ERROR java.lang.StringIndexOutOfBoundsException 60 69 35 
jester.tests.ReportTest:testCantFinishDifferentFile()V ERROR java.lang.StringIndexOutOfBoundsException 60 69 35 
jester.tests.ReportTest:testCantStartTwoFiles()V ERROR java.lang.StringIndexOutOfBoundsException 60 69 35 
jester.tests.ReportTest:testChangesToSameFileOrderedByIndex()V ERROR java.lang.StringIndexOutOfBoundsException 60 69 35 
jester.tests.ReportTest:testFileScoreSeparateFromTotalScore()V ERROR java.lang.StringIndexOutOfBoundsException 60 69 35 
jester.tests.ReportTest:testInitialScore()V ERROR java.lang.NullPointerException 
jester.tests.ReportTest:testMediumScore()V ERROR java.lang.StringIndexOutOfBoundsException 60 69 35 
jester.tests.ReportTest:testThatChangeThatCausedTestsToFailIsNotIncluded()V ERROR java.lang.StringIndexOutOfBoundsException 60 69 35 
jester.tests.ReportTest:testThatChangeThatDidNotCauseTestsToFailIsIncluded()V ERROR java.lang.StringIndexOutOfBoundsException 60 69 35 
jester.tests.ReportTest:testTopScore()V ERROR java.lang.StringIndexOutOfBoundsException 60 69 35 
jester.tests.ReportTest:testTotalScoreForManyFiles()V ERROR java.lang.StringIndexOutOfBoundsException 60 69 35 
jester.tests.ReportTest:testFileMustBeStarted()V ERROR java.lang.NullPointerException 
jester.tests.MutationsListTest:testDefaults()V PASSED
jester.tests.MutationsListTest:testReadMutations()V FAILED junit.framework.AssertionFailedError 25 44 (14,51) 
jester.tests.MutationsListTest:testReadMutationsIgnoreBogusLinesIncludingBlankOnes()V FAILED junit.framework.AssertionFailedError 25 44 (14,51) 
jester.tests.MainArgumentsTest:testMissingArgumentsCauseExceptionToBeThrown()V PASSED
jester.tests.MainArgumentsTest:testMissingFileCauseExceptionToBeThrown()V PASSED
jester.tests.MainArgumentsTest:testMandatoryArguments()V ERROR junit.framework.ComparisonFailure 16 
jester.tests.MainArgumentsTest:testThatMultipleMutationDirectoriesOrFilesAreAllowed()V ERROR junit.framework.ComparisonFailure 16 
jester.tests.MainArgumentsTest:testClasspathArgument()V ERROR junit.framework.ComparisonFailure 16 
jester.tests.MainArgumentsTest:testThatOneCanSpecifyOptionToNotShowProgressDialog()V PASSED
jester.tests.MainArgumentsTest:testThatClasspathArgumentCanAppearFirst()V ERROR junit.framework.ComparisonFailure 16 20 
jester.tests.MainArgumentsTest:testThatClasspathArgumentCanAppearSecond()V ERROR junit.framework.ComparisonFailure 16 20 
jester.tests.MainArgumentsTest:testThatClasspathArgumentCanAppearLast()V ERROR junit.framework.ComparisonFailure 16 20 
jester.tests.MainArgumentsTest:testThatClasspathArgumentCanAppearInMiddleOfDirectoriesBecauseThereIsNoHarmInIt()V ERROR junit.framework.ComparisonFailure 16 20 
jester.tests.ConfigurationTest:testDefaults()V PASSED
jester.tests.XMLReportWriterTest:testWritingChangesAsXMLHasBothGivenAndAbsoluteFilePaths()V ERROR java.lang.StringIndexOutOfBoundsException 60 69 
jester.tests.SimpleIntCodeManglerTest:testCouldntMangle()V ERROR java.lang.StringIndexOutOfBoundsException 60 69 (27,72) (27,72) 
jester.tests.SimpleIntCodeManglerTest:testContinuesIfChangeFails()V ERROR java.lang.StringIndexOutOfBoundsException 60 69 (27,72) (27,72) 
jester.tests.SimpleIntCodeManglerTest:testContinuesIfChangeSucceeds()V ERROR java.lang.StringIndexOutOfBoundsException 60 69 (27,72) (27,72) 
jester.tests.SimpleIntCodeManglerTest:testDoesntTryToChangeBadlyNamedMethodCalls()V ERROR java.lang.StringIndexOutOfBoundsException 60 69 (27,72) (27,72) 
jester.tests.SimpleIntCodeManglerTest:testSimpleMangle()V ERROR java.lang.StringIndexOutOfBoundsException 60 69 (27,72) (27,72) 
jester.tests.SimpleIntCodeManglerTest:testBug955882()V ERROR java.lang.StringIndexOutOfBoundsException 60 69 (27,72) (27,72) 
jester.tests.IgnoreListDocumentTest:testTextIsIgnored()V FAILED junit.framework.AssertionFailedError 
jester.tests.IgnoreListDocumentTest:testTextIsIgnoredForMultipleIgnores()V FAILED junit.framework.AssertionFailedError 
jester.tests.IgnoreListDocumentTest:testCharAtReturnsSpaceInsideIgnoreRegion()V FAILED junit.framework.AssertionFailedError 
jester.tests.ClassTestTesterTest:testThatChangeThatFailsTestsIsNotRecorded()V ERROR java.lang.StringIndexOutOfBoundsException 60 69 (27,72) (27,72) 
jester.tests.ClassTestTesterTest:testThatChangeThatPassesTestsIsRecorded()V ERROR java.lang.StringIndexOutOfBoundsException 60 69 (27,72) (27,72) 
jester.tests.ClassTestTesterTest:testThatOriginalContentsAreNotWrittenBackIfNoChanges()V ERROR java.lang.StringIndexOutOfBoundsException 60 69 (27,72) (27,72) 
jester.tests.ClassTestTesterTest:testThatOriginalContentsAreWrittenBack()V ERROR java.lang.StringIndexOutOfBoundsException 60 69 (27,72) (27,72) 
jester.tests.ClassTestTesterTest:testThatMutationListIsUsed()V ERROR java.lang.StringIndexOutOfBoundsException 60 69 (27,72) (27,72) 
jester.tests.acceptancetests.VeryTestedTest:testBoolean()V PASSED
jester.tests.acceptancetests.VeryTestedTest:testConditionFalseBranch()V PASSED
jester.tests.acceptancetests.VeryTestedTest:testConditionTrueBranch()V PASSED
jester.tests.acceptancetests.VeryTestedTest:testDecrement()V PASSED
jester.tests.acceptancetests.VeryTestedTest:testEqual()V PASSED
jester.tests.acceptancetests.VeryTestedTest:testIncrement()V PASSED
jester.tests.acceptancetests.VeryTestedTest:testInfiniteLoop()V PASSED
jester.tests.acceptancetests.VeryTestedTest:testInt()V FAILED junit.framework.AssertionFailedError 
jester.tests.acceptancetests.VeryTestedTest:testNotEqual()V PASSED
jester.tests.functionaltests.VeryTestedTest:testNumber()V PASSED

#uuts: uut_name, [ '|', mutator_class, '|', change_position_in_file_buffer, '|', change ]
jester.RealConfiguration:isTrueProperty(Ljava.lang.String;Z)Z
jester.tests.MockTestRunner:setTestsRunWithoutFailures(Z)V
jester.MainArguments:setTestClassFromArguments(Ljava.util.List;)V
jester.tests.MockClassSourceChanger:MockClassSourceChanger()V
jester.tests.MockClassIterator:setExpectedIterateCalls(I)V
jester.MainArguments:shouldShowProgressDialog()Z
jester.IgnorePair:IgnorePair(Ljava.lang.String;Ljava.lang.String;)V
jester.RealConfiguration:closeUIOnFinish()Z
jester.MainArguments:getTestClassName()Ljava.lang.String;
jester.RealXMLReportWriter:RealXMLReportWriter(Ljava.io.Writer;)V
jester.IgnoreListDocument:charAt(I)C
jester.tests.MockClassIterator:iterate(Ljester.ClassTestTester;)V
jester.tests.ReportItemTest:lineNumberForCharacterIndex(Ljava.lang.String;I)I
jester.IgnorePair:toString()Ljava.lang.String;
jester.RealMutationsList:visit(Ljester.MutationMaker;)V
jester.tests.ReportItemTest:newReportItem(Ljava.lang.String;Ljava.lang.String;Ljava.lang.String;I)Ljester.ReportItem;
jester.tests.MainArgumentsTest:assertEquals([Ljava.lang.String;[Ljava.lang.String;)V
jester.tests.ReportTest:newRealReport(Ljava.io.PrintWriter;)Ljester.Report; | RETURN | 706 | return null
jester.JesterArgumentException:JesterArgumentException(Ljava.lang.String;)V
jester.MainArguments:getDirectoryOrFileNames()[Ljava.lang.String;
jester.tests.MainArgumentsTest:checkThatClasspathArgumentCanAppearInAnyOrder([Ljava.lang.String;)V
jester.RealConfiguration:RealConfiguration(Ljava.lang.String;Ljava.io.PrintStream;)V
jester.tests.acceptancetests.VeryTested:mustBeEqual()Z
jester.RealConfiguration:testsPassString()Ljava.lang.String;
jester.tests.acceptancetests.VeryTested:mustIncrement(I)I
jester.tests.MockMutationMaker:mutate(Ljava.lang.String;Ljava.lang.String;)V
jester.RealConfiguration:testRunningCommand()Ljava.lang.String;
jester.tests.MockClassSourceChanger:setOriginalContents(Ljava.lang.String;Ljester.IgnoreList;)V
jester.TestTester:TestTester(Ljester.TestRunner;Ljester.ClassIterator;Ljester.ClassTestTester;)V
jester.tests.ReportTest:newRealReport()Ljester.Report;
jester.RealLogger:RealLogger()V
jester.MainArguments:checkDirectoriesOrFilesToMutateExist()V
jester.tests.MockTestRunner:testsRunWithoutFailures()Z
jester.tests.MockMutationMaker:verify()V
jester.tests.MockClassTestTester:MockClassTestTester()V
jester.tests.ReportTest:startFile(Ljester.Report;Ljava.lang.String;Ljava.lang.String;)V
jester.tests.MockMutationMaker:MockMutationMaker()V
jester.RealConfiguration:shouldReportEagerly()Z
jester.RealConfiguration:stringProperty(Ljava.lang.String;Ljava.lang.String;)Ljava.lang.String;
jester.tests.acceptancetests.VeryTested:mustDecrement(I)I
jester.IgnoreList:IgnoreList(Ljava.lang.String;)V
jester.tests.acceptancetests.VeryTested:mustReturnTrue()Z
jester.tests.MockClassIterator:MockClassIterator()V
jester.MainArguments:setOptionalShouldShowProgressDialogFromArguments(Ljava.util.List;)V
jester.RealMutationsList:visitLine(Ljava.lang.String;Ljester.MutationMaker;)V | CONSTANT | 2123 | 0 -> 1
jester.tests.MainArgumentsTest.1:exists(Ljava.lang.String;)Z
jester.tests.MockTestRunner:MockTestRunner()V
jester.TestTester:run()V
jester.tests.functionaltests.VeryTested:VeryTested()V
jester.IgnoreListDocument:isInIgnoreRegion(I)Z | CONDITION | 2704 | if (x) -> if (!x)
jester.RealMutationsList:RealMutationsList(Ljava.lang.String;Ljava.io.PrintStream;)V
jester.RealMutationsList:visit(Ljava.io.BufferedReader;Ljester.MutationMaker;)V
jester.IgnoreListDocument:IgnoreListDocument(Ljava.lang.String;Ljester.IgnoreList;)V
jester.RealConfiguration:sourceFileExtension()Ljava.lang.String;
jester.tests.acceptancetests.VeryTested:mustReturnOne()I | CONSTANT | 425 | 1 -> 0
jester.tests.MockMutationMaker:addExpectedMutateValues(Ljava.lang.String;Ljava.lang.String;)V
jester.tests.IgnoreListTest:ignorePair(Ljava.lang.String;Ljava.lang.String;)Ljester.IgnorePair;
jester.tests.acceptancetests.VeryTested:mustNotBeEqual()Z
jester.RealConfiguration:compilationCommand()Ljava.lang.String;
jester.tests.MockClassIterator:verify()V
jester.IgnoreList:ignorePairs()Ljava.util.List; | OPERATOR | 496 | == -> !=
jester.MainArguments:setDirectoriesOrFilesToMutateFromArguments(Ljava.util.List;)V | CONSTANT | 3576 | 0 -> 1
jester.tests.MockClassSourceChanger:setThrowExceptionOnFirstChangeAttempt(Z)V
jester.tests.MockClassIterator:setExpectedIterate(Ljester.ClassTestTester;)V
jester.tests.MainArgumentsTest.2:exists(Ljava.lang.String;)Z
jester.MainArguments:readArguments([Ljava.lang.String;)V
jester.IgnoreListDocument:indexOf(Ljava.lang.String;I)I
jester.tests.acceptancetests.VeryTested:mustTakeCorrectBranchFor(Z)I
jester.SourceChangeException:SourceChangeException(Ljava.lang.String;)V
jester.IgnoreListDocument:calculateIgnoreRegions()V
jester.MainArguments:setOptionalClasspathFromArguments(Ljava.util.List;)V
jester.tests.functionaltests.VeryTested:mustReturnOne()I
jester.tests.MockClassSourceChanger:setOriginalContents(Ljava.lang.String;)V
jester.MainArguments:MainArguments([Ljava.lang.String;Ljester.FileExistenceChecker;)V
jester.tests.acceptancetests.VeryTested:turnIntoInfiniteLoop()V

#matrix (1 line per test, in order of tests): { mut_index, ' ', mut_call_count, ' ' }
40 1 60 1 
40 1 60 1 56 1 6 1 13 1 
40 1 60 1 56 1 6 1 13 1 
40 1 60 1 56 1 6 1 13 1 
40 1 60 1 56 1 6 1 
40 1 60 1 
68 1 1 1 46 1 32 1 47 1 28 1 
1 1 32 1 59 1 42 1 34 1 11 1 4 1 46 1 63 1 47 1 28 1 
15 1 69 1 52 1 40 1 60 1 
15 1 69 1 52 1 40 1 60 1 12 1 
15 1 69 1 52 1 40 1 60 1 12 1 
69 1 27 1 72 1 52 1 40 1 60 1 3 1 
69 1 27 1 72 1 52 1 40 1 60 1 3 1 
69 1 17 1 52 1 40 1 60 1 35 1 29 1 
69 1 17 1 52 1 40 1 60 1 35 1 29 1 
69 1 17 1 52 1 40 1 60 1 35 1 29 1 
69 1 17 1 52 1 40 1 60 1 35 1 
69 1 17 1 52 1 40 1 60 1 35 1 29 1 
17 1 29 1 
69 1 17 1 52 1 40 1 60 1 35 1 29 1 
69 1 17 1 52 1 40 1 60 1 35 1 
69 1 17 1 52 1 40 1 60 1 35 1 
69 1 17 1 52 1 40 1 60 1 35 1 29 1 
69 1 17 1 52 1 40 1 60 1 35 1 29 1 
17 1 29 1 
33 1 14 1 36 1 25 1 55 1 50 1 
51 1 44 1 36 1 25 1 55 1 50 1 
51 1 44 1 36 1 25 1 55 1 50 1 
61 1 2 1 18 2 73 1 65 1 
61 1 2 1 18 1 31 1 70 1 73 1 65 1 64 1 43 1 
2 1 31 1 19 1 65 1 43 1 61 1 45 1 70 1 73 1 16 1 8 1 
2 1 31 1 19 1 65 1 43 1 61 1 45 1 70 1 73 1 16 1 8 1 
2 1 31 1 19 1 65 1 43 1 61 1 45 1 70 1 73 1 16 1 8 1 
2 1 31 1 65 1 43 1 61 1 45 1 5 1 70 1 73 1 
2 1 31 1 19 1 20 1 65 1 43 1 61 1 45 1 70 1 73 1 16 1 8 1 
2 1 31 1 19 1 20 1 65 1 43 1 61 1 45 1 70 1 73 1 16 1 8 1 
2 1 31 1 19 1 20 1 65 1 43 1 61 1 45 1 70 1 73 1 16 1 8 1 
2 1 31 1 19 1 20 1 65 1 43 1 61 1 45 1 70 1 73 1 16 1 8 1 
0 2 58 1 30 1 21 1 53 1 37 1 23 1 26 1 38 4 7 1 
9 1 69 1 52 1 40 1 60 1 
69 1 27 1 72 1 52 1 40 1 60 1 3 1 
69 1 27 1 62 1 72 1 52 1 40 1 60 1 3 1 
69 1 27 1 62 1 72 1 52 1 40 1 60 1 3 1 
69 1 27 1 72 1 52 1 40 1 60 1 3 1 
69 1 27 1 72 1 52 1 40 1 60 1 3 1 
69 1 27 1 72 1 52 1 40 1 60 1 3 1 
40 1 52 1 60 1 66 1 69 1 49 1 
69 1 52 1 40 1 60 1 66 1 49 1 
40 1 52 1 10 1 60 1 69 1 49 1 
1 1 69 1 27 1 72 1 46 1 52 1 40 1 60 1 3 1 
1 1 69 1 27 1 72 1 46 1 52 1 40 1 60 1 3 1 
69 1 27 1 72 1 46 1 52 1 40 1 60 1 3 1 
69 1 27 1 72 1 46 1 52 1 40 1 60 1 3 1 
69 1 27 1 72 1 46 1 52 1 40 1 60 1 3 1 
41 1 
67 1 
67 1 
39 1 
22 1 
24 1 
74 1 
54 1 
57 1 
71 1 48 1 
