#tests: test_name, ' ', status(PASSED | FAILED | ERROR), ' ', [exception, { trace_mut_index | '(', { alternative_trace_mut_index, ',' }, ')' }]
jester.tests.IgnoreListTest:testReadingEmptyIgnoreValues()V ERROR java.lang.ArrayIndexOutOfBoundsException 3 
jester.tests.IgnoreListTest:testReadingIgnoreValues()V ERROR java.lang.ArrayIndexOutOfBoundsException 3 
jester.tests.IgnoreListTest:testReadingIgnoreValuesEndOfLineSpecialCase()V ERROR java.lang.ArrayIndexOutOfBoundsException 3 
jester.tests.IgnoreListTest:testReadingMultipleIgnoreValues()V ERROR java.lang.ArrayIndexOutOfBoundsException 3 
jester.tests.IgnoreListTest:testReadingMultipleIgnoreBlankLines()V ERROR java.lang.ArrayIndexOutOfBoundsException 3 
jester.tests.IgnoreListTest:testReadingIncorrectFile()V PASSED
jester.tests.TestTesterTest:testTestsMustStartOffWorking()V PASSED
jester.tests.TestTesterTest:testThatTestRunByIterator()V PASSED
jester.tests.ReportItemTest:testXmlEncoding()V ERROR java.lang.ArrayIndexOutOfBoundsException 3 9 62 
jester.tests.ReportItemTest:testLineNumberOneLine()V ERROR java.lang.ArrayIndexOutOfBoundsException 3 9 62 16 
jester.tests.ReportItemTest:testLineNumberSomeLines()V ERROR java.lang.ArrayIndexOutOfBoundsException 3 9 62 16 
jester.tests.TwoStringSwappingCodeManglerTest:testCouldntMangle()V ERROR java.lang.ArrayIndexOutOfBoundsException 3 9 (32,51) (32,51) 
jester.tests.TwoStringSwappingCodeManglerTest:testSimpleMangle1()V ERROR java.lang.ArrayIndexOutOfBoundsException 3 9 (32,51) (32,51) 
jester.tests.ReportTest:testBottomScore()V ERROR java.lang.ArrayIndexOutOfBoundsException 3 9 55 
jester.tests.ReportTest:testCantFinishDifferentFile()V ERROR java.lang.ArrayIndexOutOfBoundsException 3 9 55 
jester.tests.ReportTest:testCantStartTwoFiles()V ERROR java.lang.ArrayIndexOutOfBoundsException 3 9 55 
jester.tests.ReportTest:testChangesToSameFileOrderedByIndex()V ERROR java.lang.ArrayIndexOutOfBoundsException 3 9 55 
jester.tests.ReportTest:testFileScoreSeparateFromTotalScore()V ERROR java.lang.ArrayIndexOutOfBoundsException 3 9 55 
jester.tests.ReportTest:testInitialScore()V ERROR java.lang.ArrayIndexOutOfBoundsException 3 9 55 
jester.tests.ReportTest:testMediumScore()V ERROR java.lang.ArrayIndexOutOfBoundsException 3 9 55 
jester.tests.ReportTest:testThatChangeThatCausedTestsToFailIsNotIncluded()V ERROR java.lang.ArrayIndexOutOfBoundsException 3 9 55 
jester.tests.ReportTest:testThatChangeThatDidNotCauseTestsToFailIsIncluded()V ERROR java.lang.ArrayIndexOutOfBoundsException 3 9 55 
jester.tests.ReportTest:testTopScore()V ERROR java.lang.ArrayIndexOutOfBoundsException 3 9 55 
jester.tests.ReportTest:testTotalScoreForManyFiles()V ERROR java.lang.ArrayIndexOutOfBoundsException 3 9 55 
jester.tests.ReportTest:testFileMustBeStarted()V PASSED
jester.tests.MutationsListTest:testDefaults()V PASSED
jester.tests.MutationsListTest:testReadMutations()V FAILED junit.framework.AssertionFailedError 8 61 (38,54) 
jester.tests.MutationsListTest:testReadMutationsIgnoreBogusLinesIncludingBlankOnes()V FAILED junit.framework.AssertionFailedError 8 61 (38,54) 
jester.tests.MainArgumentsTest:testMissingArgumentsCauseExceptionToBeThrown()V PASSED
jester.tests.MainArgumentsTest:testMissingFileCauseExceptionToBeThrown()V PASSED
jester.tests.MainArgumentsTest:testMandatoryArguments()V ERROR jester.JesterArgumentException 18 
jester.tests.MainArgumentsTest:testThatMultipleMutationDirectoriesOrFilesAreAllowed()V ERROR jester.JesterArgumentException 18 
jester.tests.MainArgumentsTest:testClasspathArgument()V ERROR java.lang.NullPointerException 65 18 
jester.tests.MainArgumentsTest:testThatOneCanSpecifyOptionToNotShowProgressDialog()V ERROR jester.JesterArgumentException 18 
jester.tests.MainArgumentsTest:testThatClasspathArgumentCanAppearFirst()V ERROR java.lang.NullPointerException 65 18 56 
jester.tests.MainArgumentsTest:testThatClasspathArgumentCanAppearSecond()V ERROR java.lang.NullPointerException 65 18 56 
jester.tests.MainArgumentsTest:testThatClasspathArgumentCanAppearLast()V ERROR java.lang.NullPointerException 65 18 56 
jester.tests.MainArgumentsTest:testThatClasspathArgumentCanAppearInMiddleOfDirectoriesBecauseThereIsNoHarmInIt()V ERROR java.lang.NullPointerException 65 18 56 
jester.tests.ConfigurationTest:testDefaults()V PASSED
jester.tests.XMLReportWriterTest:testWritingChangesAsXMLHasBothGivenAndAbsoluteFilePaths()V ERROR java.lang.ArrayIndexOutOfBoundsException 3 9 
jester.tests.SimpleIntCodeManglerTest:testCouldntMangle()V ERROR java.lang.ArrayIndexOutOfBoundsException 3 9 (32,51) (32,51) 
jester.tests.SimpleIntCodeManglerTest:testContinuesIfChangeFails()V ERROR java.lang.ArrayIndexOutOfBoundsException 3 9 (32,51) (32,51) 
jester.tests.SimpleIntCodeManglerTest:testContinuesIfChangeSucceeds()V ERROR java.lang.ArrayIndexOutOfBoundsException 3 9 (32,51) (32,51) 
jester.tests.SimpleIntCodeManglerTest:testDoesntTryToChangeBadlyNamedMethodCalls()V ERROR java.lang.ArrayIndexOutOfBoundsException 3 9 (32,51) (32,51) 
jester.tests.SimpleIntCodeManglerTest:testSimpleMangle()V ERROR java.lang.ArrayIndexOutOfBoundsException 3 9 (32,51) (32,51) 
jester.tests.SimpleIntCodeManglerTest:testBug955882()V ERROR java.lang.ArrayIndexOutOfBoundsException 3 9 (32,51) (32,51) 
jester.tests.IgnoreListDocumentTest:testTextIsIgnored()V ERROR java.lang.ArrayIndexOutOfBoundsException 3 9 
jester.tests.IgnoreListDocumentTest:testTextIsIgnoredForMultipleIgnores()V ERROR java.lang.ArrayIndexOutOfBoundsException 3 9 
jester.tests.IgnoreListDocumentTest:testCharAtReturnsSpaceInsideIgnoreRegion()V ERROR java.lang.ArrayIndexOutOfBoundsException 3 9 
jester.tests.ClassTestTesterTest:testThatChangeThatFailsTestsIsNotRecorded()V ERROR java.lang.ArrayIndexOutOfBoundsException 3 9 (32,51) (32,51) 
jester.tests.ClassTestTesterTest:testThatChangeThatPassesTestsIsRecorded()V ERROR java.lang.ArrayIndexOutOfBoundsException 3 9 (32,51) (32,51) 
jester.tests.ClassTestTesterTest:testThatOriginalContentsAreNotWrittenBackIfNoChanges()V ERROR java.lang.ArrayIndexOutOfBoundsException 3 9 (32,51) (32,51) 
jester.tests.ClassTestTesterTest:testThatOriginalContentsAreWrittenBack()V ERROR java.lang.ArrayIndexOutOfBoundsException 3 9 (32,51) (32,51) 
jester.tests.ClassTestTesterTest:testThatMutationListIsUsed()V ERROR java.lang.ArrayIndexOutOfBoundsException 3 9 (32,51) (32,51) 
jester.tests.acceptancetests.VeryTestedTest:testBoolean()V PASSED
jester.tests.acceptancetests.VeryTestedTest:testConditionFalseBranch()V PASSED
jester.tests.acceptancetests.VeryTestedTest:testConditionTrueBranch()V PASSED
jester.tests.acceptancetests.VeryTestedTest:testDecrement()V PASSED
jester.tests.acceptancetests.VeryTestedTest:testEqual()V PASSED
jester.tests.acceptancetests.VeryTestedTest:testIncrement()V PASSED
jester.tests.acceptancetests.VeryTestedTest:testInfiniteLoop()V PASSED
jester.tests.acceptancetests.VeryTestedTest:testInt()V PASSED
jester.tests.acceptancetests.VeryTestedTest:testNotEqual()V PASSED
jester.tests.functionaltests.VeryTestedTest:testNumber()V PASSED

#uuts: uut_name, [ '|', mutator_class, '|', change_position_in_file_buffer, '|', change ]
jester.TestTester:run()V
jester.IgnoreList:IgnoreList(Ljava.lang.String;)V
jester.RealReport:changeThatCausedTestsToFail(ILjava.lang.String;Ljava.lang.String;)V
jester.IgnoreList:ignorePairs()Ljava.util.List; | OPERATOR | 453 | ++ -> --
jester.tests.acceptancetests.VeryTested:mustTakeCorrectBranchFor(Z)I
jester.tests.MockClassIterator:setExpectedIterateCalls(I)V
jester.tests.acceptancetests.VeryTested:mustReturnTrue()Z
jester.tests.MockClassSourceChanger:MockClassSourceChanger()V
jester.tests.MockMutationMaker:mutate(Ljava.lang.String;Ljava.lang.String;)V
jester.IgnoreListDocument:calculateIgnoreRegions()V
jester.tests.MockClassIterator:MockClassIterator()V
jester.RealReport:score(II)I
jester.RealMutationsList:RealMutationsList(Ljava.lang.String;Ljava.io.PrintStream;)V
jester.RealReport:fileNumberOfChanges()I
jester.tests.MockClassSourceChanger:setThrowExceptionOnFirstChangeAttempt(Z)V
jester.RealConfiguration:closeUIOnFinish()Z
jester.tests.ReportItemTest:lineNumberForCharacterIndex(Ljava.lang.String;I)I
jester.tests.MockClassIterator:setExpectedIterate(Ljester.ClassTestTester;)V
jester.MainArguments:readArguments([Ljava.lang.String;)V
jester.RealConfiguration:isTrueProperty(Ljava.lang.String;Z)Z
jester.RealXMLReportWriter:RealXMLReportWriter(Ljava.io.Writer;)V
jester.tests.acceptancetests.VeryTested:mustBeEqual()Z
jester.tests.IgnoreListTest:ignorePair(Ljava.lang.String;Ljava.lang.String;)Ljester.IgnorePair;
jester.tests.ReportTest:newRealReport(Ljava.io.PrintWriter;)Ljester.Report;
jester.RealReport:RealReport(Ljester.Configuration;Ljava.io.PrintWriter;Ljester.XMLReportWriter;Ljester.ProgressReporter;)V
jester.tests.MockClassIterator:verify()V
jester.tests.acceptancetests.VeryTested:mustDecrement(I)I
jester.ConfigurationException:ConfigurationException(Ljava.lang.String;)V
jester.MainArguments:setOptionalShouldShowProgressDialogFromArguments(Ljava.util.List;)V
jester.TestTester:TestTester(Ljester.TestRunner;Ljester.ClassIterator;Ljester.ClassTestTester;)V
jester.tests.functionaltests.VeryTested:VeryTested()V
jester.tests.MockMutationMaker:MockMutationMaker()V
jester.tests.MockClassSourceChanger:setOriginalContents(Ljava.lang.String;Ljester.IgnoreList;)V
jester.RealConfiguration:shouldReportEagerly()Z
jester.RealConfiguration:compilationCommand()Ljava.lang.String;
jester.MainArguments:MainArguments([Ljava.lang.String;Ljester.FileExistenceChecker;)V
jester.IgnorePair:IgnorePair(Ljava.lang.String;Ljava.lang.String;)V
jester.tests.MockTestRunner:setTestsRunWithoutFailures(Z)V
jester.RealMutationsList:visit(Ljava.io.BufferedReader;Ljester.MutationMaker;)V
jester.tests.MockMutationMaker:verify()V
jester.tests.MockMutationMaker:addExpectedMutateValues(Ljava.lang.String;Ljava.lang.String;)V
jester.tests.MockTestRunner:testsRunWithoutFailures()Z
jester.tests.acceptancetests.VeryTested:mustReturnOne()I
jester.RealConfiguration:sourceFileExtension()Ljava.lang.String;
jester.RealReport:fileScore()I
jester.tests.MockClassIterator:iterate(Ljester.ClassTestTester;)V
jester.RealReport:changeThatDidNotCauseTestsToFail(ILjava.lang.String;Ljava.lang.String;)V
jester.RealLogger:RealLogger()V
jester.tests.MockClassTestTester:MockClassTestTester()V
jester.RealConfiguration:testRunningCommand()Ljava.lang.String;
jester.IgnoreListDocument:IgnoreListDocument(Ljava.lang.String;Ljester.IgnoreList;)V
jester.tests.MockClassSourceChanger:setOriginalContents(Ljava.lang.String;)V
jester.RealConfiguration:stringProperty(Ljava.lang.String;Ljava.lang.String;)Ljava.lang.String;
jester.tests.acceptancetests.VeryTested:mustNotBeEqual()Z
jester.RealMutationsList:visit(Ljester.MutationMaker;)V
jester.tests.ReportTest:startFile(Ljester.Report;Ljava.lang.String;Ljava.lang.String;)V
jester.tests.MainArgumentsTest:checkThatClasspathArgumentCanAppearInAnyOrder([Ljava.lang.String;)V
jester.SourceChangeException:SourceChangeException(Ljava.lang.String;)V
jester.tests.acceptancetests.VeryTested:mustIncrement(I)I
jester.RealReport:fileNumberOfChangesThatDidNotCauseTestsToFail()I
jester.tests.MockTestRunner:MockTestRunner()V
jester.RealMutationsList:visitLine(Ljava.lang.String;Ljester.MutationMaker;)V | CONSTANT | 2363 | 1 -> 0
jester.tests.ReportItemTest:newReportItem(Ljava.lang.String;Ljava.lang.String;Ljava.lang.String;I)Ljester.ReportItem;
jester.JesterArgumentException:JesterArgumentException(Ljava.lang.String;)V
jester.MainArguments:setTestClassFromArguments(Ljava.util.List;)V | STATEMENT | 3173 | stmt -> ;
jester.MainArguments:setOptionalClasspathFromArguments(Ljava.util.List;)V | ASSIGN | 3844 | = null
jester.MainArguments:setDirectoriesOrFilesToMutateFromArguments(Ljava.util.List;)V
jester.tests.acceptancetests.VeryTested:turnIntoInfiniteLoop()V
jester.RealReport:totalScore()I
jester.RealConfiguration:testsPassString()Ljava.lang.String;
jester.RealConfiguration:RealConfiguration(Ljava.lang.String;Ljava.io.PrintStream;)V
jester.RealReport:totalNumberOfChanges()I
jester.tests.functionaltests.VeryTested:mustReturnOne()I
jester.tests.ReportTest:newRealReport()Ljester.Report;
jester.tests.TestConfiguration:TestConfiguration()V

#matrix (1 line per test, in order of tests): { mut_index, ' ', mut_call_count, ' ' }
3 1 1 1 
3 1 22 1 1 1 36 2 
3 1 22 1 1 1 36 2 
3 1 22 1 1 1 36 2 
3 1 22 1 1 1 36 2 
57 1 27 1 3 1 1 1 
57 1 41 1 60 1 0 1 29 1 37 1 
41 1 0 1 10 1 25 1 17 1 45 1 60 1 29 1 48 1 5 1 37 1 
3 1 9 1 62 1 1 1 50 1 
16 1 3 1 9 1 62 1 1 1 50 1 
16 1 3 1 9 1 62 1 1 1 50 1 
51 1 3 1 9 1 7 1 1 1 50 1 32 1 
51 1 3 1 9 1 7 1 1 1 50 1 32 1 
23 1 73 1 3 1 9 1 74 1 24 1 55 1 1 1 50 1 
23 1 73 1 3 1 9 1 74 1 24 1 55 1 1 1 50 1 
23 1 73 1 3 1 9 1 74 1 24 1 55 1 1 1 50 1 
23 1 3 1 9 1 74 1 24 1 55 1 1 1 50 1 
23 1 73 1 3 1 9 1 74 1 24 1 55 1 1 1 50 1 
23 1 68 1 9 1 24 1 55 1 44 1 1 1 71 1 11 2 59 2 13 1 73 1 3 1 74 1 50 1 
23 1 73 1 3 1 9 1 74 1 24 1 55 1 1 1 50 1 
23 1 3 1 9 1 74 1 24 1 55 1 1 1 50 1 
23 1 3 1 9 1 74 1 24 1 55 1 1 1 50 1 
23 1 73 1 3 1 9 1 74 1 24 1 55 1 1 1 50 1 
23 1 73 1 3 1 9 1 74 1 24 1 55 1 1 1 50 1 
57 2 23 1 73 1 74 1 24 1 2 1 46 1 
40 1 54 1 12 1 31 1 39 1 8 1 
40 1 12 1 61 1 31 1 38 1 8 1 
40 1 12 1 61 1 31 1 38 1 8 1 
35 1 18 1 63 2 64 1 66 1 
28 1 35 1 18 1 63 1 64 1 65 1 66 1 
28 1 35 1 18 1 63 1 64 1 65 1 66 1 
28 1 35 1 18 1 63 1 64 1 65 1 66 1 
35 1 18 1 64 1 65 1 66 1 
28 1 35 1 18 1 63 1 64 1 65 1 66 1 
35 1 18 1 64 1 65 1 66 1 56 1 
35 1 18 1 64 1 65 1 66 1 56 1 
35 1 18 1 64 1 65 1 66 1 56 1 
35 1 18 1 64 1 65 1 66 1 56 1 
52 4 33 1 43 1 34 1 69 1 70 1 19 2 47 1 15 1 49 1 
20 1 3 1 9 1 1 1 50 1 
51 1 3 1 9 1 7 1 1 1 50 1 32 1 
51 1 3 1 9 1 7 1 1 1 14 1 50 1 32 1 
51 1 3 1 9 1 7 1 1 1 14 1 50 1 32 1 
51 1 3 1 9 1 7 1 1 1 50 1 32 1 
51 1 3 1 9 1 7 1 1 1 50 1 32 1 
51 1 3 1 9 1 7 1 1 1 50 1 32 1 
3 1 9 1 1 1 36 1 50 1 
3 1 9 1 1 1 36 1 50 1 
3 1 9 1 1 1 36 1 50 1 
51 1 60 1 3 1 9 1 7 1 1 1 37 1 50 1 32 1 
51 1 60 1 3 1 9 1 7 1 1 1 37 1 50 1 32 1 
51 1 60 1 3 1 9 1 7 1 1 1 50 1 32 1 
51 1 60 1 3 1 9 1 7 1 1 1 50 1 32 1 
51 1 60 1 3 1 9 1 7 1 1 1 50 1 32 1 
6 1 
4 1 
4 1 
26 1 
21 1 
58 1 
67 1 
42 1 
53 1 
72 1 30 1 
