#tests: test_name, ' ', status(PASSED | FAILED | ERROR), ' ', [exception, { trace_mut_index | '(', { alternative_trace_mut_index, ',' }, ')' }]
jester.tests.IgnoreListTest:testReadingEmptyIgnoreValues()V ERROR java.lang.StringIndexOutOfBoundsException 22 
jester.tests.IgnoreListTest:testReadingIgnoreValues()V FAILED junit.framework.AssertionFailedError 
jester.tests.IgnoreListTest:testReadingIgnoreValuesEndOfLineSpecialCase()V FAILED junit.framework.AssertionFailedError 
jester.tests.IgnoreListTest:testReadingMultipleIgnoreValues()V FAILED junit.framework.AssertionFailedError 
jester.tests.IgnoreListTest:testReadingMultipleIgnoreBlankLines()V ERROR java.lang.StringIndexOutOfBoundsException 22 
jester.tests.IgnoreListTest:testReadingIncorrectFile()V PASSED
jester.tests.TestTesterTest:testTestsMustStartOffWorking()V PASSED
jester.tests.TestTesterTest:testThatTestRunByIterator()V PASSED
jester.tests.ReportItemTest:testXmlEncoding()V ERROR java.lang.StringIndexOutOfBoundsException 22 48 42 
jester.tests.ReportItemTest:testLineNumberOneLine()V ERROR java.lang.StringIndexOutOfBoundsException 22 48 42 11 
jester.tests.ReportItemTest:testLineNumberSomeLines()V ERROR java.lang.StringIndexOutOfBoundsException 22 48 42 11 
jester.tests.TwoStringSwappingCodeManglerTest:testCouldntMangle()V ERROR java.lang.StringIndexOutOfBoundsException 22 48 (18,39) (18,39) 
jester.tests.TwoStringSwappingCodeManglerTest:testSimpleMangle1()V ERROR java.lang.StringIndexOutOfBoundsException 22 48 (18,39) (18,39) 
jester.tests.ReportTest:testBottomScore()V ERROR java.lang.StringIndexOutOfBoundsException 22 48 60 
jester.tests.ReportTest:testCantFinishDifferentFile()V ERROR java.lang.StringIndexOutOfBoundsException 22 48 60 
jester.tests.ReportTest:testCantStartTwoFiles()V ERROR java.lang.StringIndexOutOfBoundsException 22 48 60 
jester.tests.ReportTest:testChangesToSameFileOrderedByIndex()V ERROR java.lang.StringIndexOutOfBoundsException 22 48 60 
jester.tests.ReportTest:testFileScoreSeparateFromTotalScore()V ERROR java.lang.StringIndexOutOfBoundsException 22 48 60 
jester.tests.ReportTest:testInitialScore()V ERROR java.lang.StringIndexOutOfBoundsException 22 48 60 
jester.tests.ReportTest:testMediumScore()V ERROR java.lang.StringIndexOutOfBoundsException 22 48 60 
jester.tests.ReportTest:testThatChangeThatCausedTestsToFailIsNotIncluded()V ERROR java.lang.StringIndexOutOfBoundsException 22 48 60 
jester.tests.ReportTest:testThatChangeThatDidNotCauseTestsToFailIsIncluded()V ERROR java.lang.StringIndexOutOfBoundsException 22 48 60 
jester.tests.ReportTest:testTopScore()V ERROR java.lang.StringIndexOutOfBoundsException 22 48 60 
jester.tests.ReportTest:testTotalScoreForManyFiles()V ERROR java.lang.StringIndexOutOfBoundsException 22 48 60 
jester.tests.ReportTest:testFileMustBeStarted()V PASSED
jester.tests.MutationsListTest:testDefaults()V PASSED
jester.tests.MutationsListTest:testReadMutations()V FAILED junit.framework.AssertionFailedError 70 3 (31,72) 
jester.tests.MutationsListTest:testReadMutationsIgnoreBogusLinesIncludingBlankOnes()V FAILED junit.framework.AssertionFailedError 70 3 (31,72) 
jester.tests.MainArgumentsTest:testMissingArgumentsCauseExceptionToBeThrown()V ERROR java.lang.IndexOutOfBoundsException 37 10 
jester.tests.MainArgumentsTest:testMissingFileCauseExceptionToBeThrown()V PASSED
jester.tests.MainArgumentsTest:testMandatoryArguments()V PASSED
jester.tests.MainArgumentsTest:testThatMultipleMutationDirectoriesOrFilesAreAllowed()V PASSED
jester.tests.MainArgumentsTest:testClasspathArgument()V PASSED
jester.tests.MainArgumentsTest:testThatOneCanSpecifyOptionToNotShowProgressDialog()V FAILED junit.framework.AssertionFailedError 
jester.tests.MainArgumentsTest:testThatClasspathArgumentCanAppearFirst()V PASSED
jester.tests.MainArgumentsTest:testThatClasspathArgumentCanAppearSecond()V PASSED
jester.tests.MainArgumentsTest:testThatClasspathArgumentCanAppearLast()V PASSED
jester.tests.MainArgumentsTest:testThatClasspathArgumentCanAppearInMiddleOfDirectoriesBecauseThereIsNoHarmInIt()V PASSED
jester.tests.ConfigurationTest:testDefaults()V ERROR junit.framework.ComparisonFailure 
jester.tests.XMLReportWriterTest:testWritingChangesAsXMLHasBothGivenAndAbsoluteFilePaths()V ERROR java.lang.StringIndexOutOfBoundsException 22 48 
jester.tests.SimpleIntCodeManglerTest:testCouldntMangle()V ERROR java.lang.StringIndexOutOfBoundsException 22 48 (18,39) (18,39) 
jester.tests.SimpleIntCodeManglerTest:testContinuesIfChangeFails()V ERROR java.lang.StringIndexOutOfBoundsException 22 48 (18,39) (18,39) 
jester.tests.SimpleIntCodeManglerTest:testContinuesIfChangeSucceeds()V ERROR java.lang.StringIndexOutOfBoundsException 22 48 (18,39) (18,39) 
jester.tests.SimpleIntCodeManglerTest:testDoesntTryToChangeBadlyNamedMethodCalls()V ERROR java.lang.StringIndexOutOfBoundsException 22 48 (18,39) (18,39) 
jester.tests.SimpleIntCodeManglerTest:testSimpleMangle()V ERROR java.lang.StringIndexOutOfBoundsException 22 48 (18,39) (18,39) 
jester.tests.SimpleIntCodeManglerTest:testBug955882()V ERROR java.lang.StringIndexOutOfBoundsException 22 48 (18,39) (18,39) 
jester.tests.IgnoreListDocumentTest:testTextIsIgnored()V FAILED junit.framework.AssertionFailedError 
jester.tests.IgnoreListDocumentTest:testTextIsIgnoredForMultipleIgnores()V FAILED junit.framework.AssertionFailedError 
jester.tests.IgnoreListDocumentTest:testCharAtReturnsSpaceInsideIgnoreRegion()V FAILED junit.framework.AssertionFailedError 
jester.tests.ClassTestTesterTest:testThatChangeThatFailsTestsIsNotRecorded()V ERROR java.lang.StringIndexOutOfBoundsException 22 48 (18,39) (18,39) 
jester.tests.ClassTestTesterTest:testThatChangeThatPassesTestsIsRecorded()V ERROR java.lang.StringIndexOutOfBoundsException 22 48 (18,39) (18,39) 
jester.tests.ClassTestTesterTest:testThatOriginalContentsAreNotWrittenBackIfNoChanges()V ERROR java.lang.StringIndexOutOfBoundsException 22 48 (18,39) (18,39) 
jester.tests.ClassTestTesterTest:testThatOriginalContentsAreWrittenBack()V ERROR java.lang.StringIndexOutOfBoundsException 22 48 (18,39) (18,39) 
jester.tests.ClassTestTesterTest:testThatMutationListIsUsed()V ERROR java.lang.StringIndexOutOfBoundsException 22 48 (18,39) (18,39) 
jester.tests.acceptancetests.VeryTestedTest:testBoolean()V PASSED
jester.tests.acceptancetests.VeryTestedTest:testConditionFalseBranch()V PASSED
jester.tests.acceptancetests.VeryTestedTest:testConditionTrueBranch()V PASSED
jester.tests.acceptancetests.VeryTestedTest:testDecrement()V PASSED
jester.tests.acceptancetests.VeryTestedTest:testEqual()V PASSED
jester.tests.acceptancetests.VeryTestedTest:testIncrement()V PASSED
jester.tests.acceptancetests.VeryTestedTest:testInfiniteLoop()V PASSED
jester.tests.acceptancetests.VeryTestedTest:testInt()V PASSED
jester.tests.acceptancetests.VeryTestedTest:testNotEqual()V PASSED
jester.tests.functionaltests.VeryTestedTest:testNumber()V PASSED

#uuts: uut_name, [ '|', mutator_class, '|', change_position_in_file_buffer, '|', change ]
jester.MainArguments:shouldShowProgressDialog()Z
jester.IgnorePair:toString()Ljava.lang.String;
jester.RealLogger:RealLogger()V
jester.RealMutationsList:visitLine(Ljava.lang.String;Ljester.MutationMaker;)V | CONSTANT | 2351 | 0 -> 1
jester.tests.ReportTest:newRealReport()Ljester.Report;
jester.tests.acceptancetests.VeryTested:mustTakeCorrectBranchFor(Z)I
jester.tests.functionaltests.VeryTested:VeryTested()V
jester.RealReport:fileNumberOfChangesThatDidNotCauseTestsToFail()I
jester.tests.MainArgumentsTest.2:exists(Ljava.lang.String;)Z
jester.tests.MockTestRunner:testsRunWithoutFailures()Z
jester.MainArguments:readArguments([Ljava.lang.String;)V
jester.tests.ReportItemTest:lineNumberForCharacterIndex(Ljava.lang.String;I)I
jester.tests.MockMutationMaker:MockMutationMaker()V
jester.RealReport:fileScore()I
jester.tests.MockTestRunner:setTestsRunWithoutFailures(Z)V
jester.IgnorePair:IgnorePair(Ljava.lang.String;Ljava.lang.String;)V
jester.MainArguments:getDirectoryOrFileNames()[Ljava.lang.String;
jester.TestTester:TestTester(Ljester.TestRunner;Ljester.ClassIterator;Ljester.ClassTestTester;)V
jester.tests.MockClassSourceChanger:setOriginalContents(Ljava.lang.String;)V
jester.RealConfiguration:compilationCommand()Ljava.lang.String;
jester.tests.IgnoreListTest:ignorePair(Ljava.lang.String;Ljava.lang.String;)Ljester.IgnorePair;
jester.tests.acceptancetests.VeryTested:mustDecrement(I)I
jester.IgnoreList:ignorePairs()Ljava.util.List; | OPERATOR | 496 | == -> >
jester.TestTester:run()V
jester.tests.MockTestRunner:MockTestRunner()V
jester.tests.ReportTest:newRealReport(Ljava.io.PrintWriter;)Ljester.Report;
jester.RealReport:score(II)I
jester.tests.MockClassSourceChanger:setThrowExceptionOnFirstChangeAttempt(Z)V
jester.RealReport:RealReport(Ljester.Configuration;Ljava.io.PrintWriter;Ljester.XMLReportWriter;Ljester.ProgressReporter;)V
jester.IgnoreListDocument:indexOf(Ljava.lang.String;I)I
jester.IgnoreListDocument:charAt(I)C
jester.RealMutationsList:visit(Ljava.io.BufferedReader;Ljester.MutationMaker;)V
jester.RealMutationsList:RealMutationsList(Ljava.lang.String;Ljava.io.PrintStream;)V
jester.RealConfiguration:stringProperty(Ljava.lang.String;Ljava.lang.String;)Ljava.lang.String; | STATEMENT | 1781 | stmt -> ;
jester.MainArguments:setOptionalClasspathFromArguments(Ljava.util.List;)V
jester.tests.MockClassIterator:verify()V
jester.tests.MainArgumentsTest.1:exists(Ljava.lang.String;)Z
jester.MainArguments:setTestClassFromArguments(Ljava.util.List;)V | CONSTANT | 3091 | 0 -> -1
jester.tests.acceptancetests.VeryTested:turnIntoInfiniteLoop()V
jester.tests.MockClassSourceChanger:setOriginalContents(Ljava.lang.String;Ljester.IgnoreList;)V
jester.tests.acceptancetests.VeryTested:mustNotBeEqual()Z
jester.tests.MockClassIterator:setExpectedIterateCalls(I)V
jester.tests.ReportItemTest:newReportItem(Ljava.lang.String;Ljava.lang.String;Ljava.lang.String;I)Ljester.ReportItem;
jester.MainArguments:setDirectoriesOrFilesToMutateFromArguments(Ljava.util.List;)V
jester.RealXMLReportWriter:RealXMLReportWriter(Ljava.io.Writer;)V
jester.tests.acceptancetests.VeryTested:mustReturnTrue()Z
jester.tests.acceptancetests.VeryTested:mustIncrement(I)I
jester.IgnoreListDocument:IgnoreListDocument(Ljava.lang.String;Ljester.IgnoreList;)V
jester.IgnoreListDocument:calculateIgnoreRegions()V
jester.RealReport:changeThatDidNotCauseTestsToFail(ILjava.lang.String;Ljava.lang.String;)V
jester.MainArguments:checkDirectoriesOrFilesToMutateExist()V
jester.RealReport:totalScore()I
jester.tests.MainArgumentsTest:assertEquals([Ljava.lang.String;[Ljava.lang.String;)V
jester.tests.MainArgumentsTest:checkThatClasspathArgumentCanAppearInAnyOrder([Ljava.lang.String;)V
jester.MainArguments:getTestClassName()Ljava.lang.String;
jester.tests.MockMutationMaker:addExpectedMutateValues(Ljava.lang.String;Ljava.lang.String;)V
jester.tests.acceptancetests.VeryTested:mustReturnOne()I
jester.tests.MockClassTestTester:MockClassTestTester()V
jester.tests.MockClassIterator:iterate(Ljester.ClassTestTester;)V
jester.RealReport:totalNumberOfChanges()I
jester.tests.ReportTest:startFile(Ljester.Report;Ljava.lang.String;Ljava.lang.String;)V
jester.RealReport:fileNumberOfChanges()I
jester.MainArguments:MainArguments([Ljava.lang.String;Ljester.FileExistenceChecker;)V
jester.tests.functionaltests.VeryTested:mustReturnOne()I
jester.IgnoreList:IgnoreList(Ljava.lang.String;)V
jester.IgnoreListDocument:isInIgnoreRegion(I)Z
jester.tests.acceptancetests.VeryTested:mustBeEqual()Z
jester.RealReport:changeThatCausedTestsToFail(ILjava.lang.String;Ljava.lang.String;)V
jester.RealConfiguration:RealConfiguration(Ljava.lang.String;Ljava.io.PrintStream;)V
jester.JesterArgumentException:JesterArgumentException(Ljava.lang.String;)V
jester.tests.MockMutationMaker:mutate(Ljava.lang.String;Ljava.lang.String;)V
jester.SourceChangeException:SourceChangeException(Ljava.lang.String;)V
jester.RealMutationsList:visit(Ljester.MutationMaker;)V
jester.MainArguments:setOptionalShouldShowProgressDialogFromArguments(Ljava.util.List;)V | STATEMENT | 4231 | stmt -> ;
jester.tests.MockClassIterator:setExpectedIterate(Ljester.ClassTestTester;)V
jester.tests.MockClassIterator:MockClassIterator()V
jester.tests.MockClassSourceChanger:MockClassSourceChanger()V
jester.tests.TestConfiguration:TestConfiguration()V
jester.tests.MockMutationMaker:verify()V

#matrix (1 line per test, in order of tests): { mut_index, ' ', mut_call_count, ' ' }
22 1 64 1 
22 1 1 1 64 1 15 1 20 1 
22 1 1 1 64 1 15 1 20 1 
22 1 1 1 64 1 15 1 20 1 
22 1 64 1 15 1 20 1 
22 1 64 1 
23 1 24 1 71 1 14 1 17 1 9 1 
17 1 23 1 24 1 57 1 74 1 35 1 14 1 58 1 75 1 9 1 41 1 
22 1 48 1 64 1 47 1 42 1 
22 1 48 1 64 1 11 1 47 1 42 1 
22 1 48 1 64 1 11 1 47 1 42 1 
22 1 48 1 64 1 18 1 76 1 39 1 47 1 
22 1 48 1 64 1 18 1 76 1 39 1 47 1 
22 1 48 1 64 1 25 1 28 1 60 1 4 1 77 1 47 1 
22 1 48 1 64 1 25 1 28 1 60 1 4 1 77 1 47 1 
22 1 48 1 64 1 25 1 28 1 60 1 4 1 77 1 47 1 
22 1 48 1 64 1 25 1 28 1 60 1 77 1 47 1 
22 1 48 1 64 1 25 1 28 1 60 1 4 1 77 1 47 1 
64 1 28 1 4 1 47 1 22 1 48 1 7 2 13 1 25 1 26 2 59 1 60 1 61 1 77 1 51 1 
22 1 48 1 64 1 25 1 28 1 60 1 4 1 77 1 47 1 
22 1 48 1 64 1 25 1 28 1 60 1 77 1 47 1 
22 1 48 1 64 1 25 1 28 1 60 1 77 1 47 1 
22 1 48 1 64 1 25 1 28 1 60 1 4 1 77 1 47 1 
22 1 48 1 64 1 25 1 28 1 60 1 4 1 77 1 47 1 
49 1 25 1 71 2 28 1 4 1 67 1 77 1 
70 1 55 1 72 1 12 1 32 1 78 1 
70 1 3 1 55 1 12 1 31 1 32 1 
70 1 3 1 55 1 12 1 31 1 32 1 
10 1 62 1 37 1 
10 1 43 1 73 1 8 1 34 1 50 1 62 1 37 1 69 1 
10 1 43 1 54 1 16 1 73 1 34 1 36 1 62 1 50 1 37 1 52 1 
10 1 43 1 54 1 16 1 73 1 34 1 36 1 62 1 50 1 37 1 52 1 
10 1 43 1 54 1 16 1 73 1 34 1 36 1 62 1 50 1 37 1 52 1 
10 1 43 1 0 1 73 1 34 1 36 1 62 1 50 1 37 1 
10 1 43 1 53 1 54 1 16 1 73 1 34 1 36 1 62 1 50 1 37 1 52 1 
10 1 43 1 53 1 54 1 16 1 73 1 34 1 36 1 62 1 50 1 37 1 52 1 
10 1 43 1 53 1 54 1 16 1 73 1 34 1 36 1 62 1 50 1 37 1 52 1 
10 1 43 1 53 1 54 1 16 1 73 1 34 1 36 1 62 1 50 1 37 1 52 1 
33 1 2 1 19 1 68 1 
22 1 48 1 64 1 44 1 47 1 
22 1 48 1 64 1 18 1 76 1 39 1 47 1 
22 1 48 1 64 1 27 1 18 1 76 1 39 1 47 1 
22 1 48 1 64 1 27 1 18 1 76 1 39 1 47 1 
22 1 48 1 64 1 18 1 76 1 39 1 47 1 
22 1 48 1 64 1 18 1 76 1 39 1 47 1 
22 1 48 1 64 1 18 1 76 1 39 1 47 1 
64 1 29 1 47 1 22 1 48 1 65 1 
22 1 48 1 65 1 64 1 29 1 47 1 
64 1 30 1 47 1 22 1 48 1 65 1 
22 1 48 1 64 1 24 1 14 1 18 1 76 1 39 1 47 1 
22 1 48 1 64 1 24 1 14 1 18 1 76 1 39 1 47 1 
22 1 48 1 64 1 24 1 18 1 76 1 39 1 47 1 
22 1 48 1 64 1 24 1 18 1 76 1 39 1 47 1 
22 1 48 1 64 1 24 1 18 1 76 1 39 1 47 1 
45 1 
5 1 
5 1 
21 1 
66 1 
46 1 
38 1 
56 1 
40 1 
6 1 63 1 
