#tests: test_name, ' ', status(PASSED | FAILED | ERROR), ' ', [exception, { trace_mut_index | '(', { alternative_trace_mut_index, ',' }, ')' }]
jester.tests.IgnoreListTest:testReadingEmptyIgnoreValues()V PASSED
jester.tests.IgnoreListTest:testReadingIgnoreValues()V ERROR jester.ConfigurationException 24 
jester.tests.IgnoreListTest:testReadingIgnoreValuesEndOfLineSpecialCase()V FAILED junit.framework.AssertionFailedError 
jester.tests.IgnoreListTest:testReadingMultipleIgnoreValues()V ERROR jester.ConfigurationException 24 
jester.tests.IgnoreListTest:testReadingMultipleIgnoreBlankLines()V ERROR jester.ConfigurationException 24 
jester.tests.IgnoreListTest:testReadingIncorrectFile()V PASSED
jester.tests.TestTesterTest:testTestsMustStartOffWorking()V PASSED
jester.tests.TestTesterTest:testThatTestRunByIterator()V PASSED
jester.tests.ReportItemTest:testXmlEncoding()V ERROR java.lang.NullPointerException 67 23 
jester.tests.ReportItemTest:testLineNumberOneLine()V ERROR java.lang.NullPointerException 67 23 3 
jester.tests.ReportItemTest:testLineNumberSomeLines()V ERROR java.lang.NullPointerException 67 23 3 
jester.tests.TwoStringSwappingCodeManglerTest:testCouldntMangle()V ERROR java.lang.NullPointerException 67 (27,71) (27,71) 
jester.tests.TwoStringSwappingCodeManglerTest:testSimpleMangle1()V ERROR java.lang.NullPointerException 67 (27,71) (27,71) 
jester.tests.ReportTest:testBottomScore()V ERROR java.lang.NullPointerException 67 26 
jester.tests.ReportTest:testCantFinishDifferentFile()V ERROR java.lang.NullPointerException 67 26 
jester.tests.ReportTest:testCantStartTwoFiles()V ERROR java.lang.NullPointerException 67 26 
jester.tests.ReportTest:testChangesToSameFileOrderedByIndex()V ERROR java.lang.NullPointerException 67 26 
jester.tests.ReportTest:testFileScoreSeparateFromTotalScore()V ERROR java.lang.NullPointerException 67 26 
jester.tests.ReportTest:testInitialScore()V ERROR java.lang.ArithmeticException 25 16 
jester.tests.ReportTest:testMediumScore()V ERROR java.lang.NullPointerException 67 26 
jester.tests.ReportTest:testThatChangeThatCausedTestsToFailIsNotIncluded()V ERROR java.lang.NullPointerException 67 26 
jester.tests.ReportTest:testThatChangeThatDidNotCauseTestsToFailIsIncluded()V ERROR java.lang.NullPointerException 67 26 
jester.tests.ReportTest:testTopScore()V ERROR java.lang.NullPointerException 67 26 
jester.tests.ReportTest:testTotalScoreForManyFiles()V ERROR java.lang.NullPointerException 67 26 
jester.tests.ReportTest:testFileMustBeStarted()V ERROR java.lang.NullPointerException 70 43 57 
jester.tests.MutationsListTest:testDefaults()V FAILED junit.framework.AssertionFailedError 9 (0,64) 
jester.tests.MutationsListTest:testReadMutations()V PASSED
jester.tests.MutationsListTest:testReadMutationsIgnoreBogusLinesIncludingBlankOnes()V PASSED
jester.tests.MainArgumentsTest:testMissingArgumentsCauseExceptionToBeThrown()V ERROR java.lang.IndexOutOfBoundsException 48 63 
jester.tests.MainArgumentsTest:testMissingFileCauseExceptionToBeThrown()V PASSED
jester.tests.MainArgumentsTest:testMandatoryArguments()V PASSED
jester.tests.MainArgumentsTest:testThatMultipleMutationDirectoriesOrFilesAreAllowed()V PASSED
jester.tests.MainArgumentsTest:testClasspathArgument()V PASSED
jester.tests.MainArgumentsTest:testThatOneCanSpecifyOptionToNotShowProgressDialog()V PASSED
jester.tests.MainArgumentsTest:testThatClasspathArgumentCanAppearFirst()V PASSED
jester.tests.MainArgumentsTest:testThatClasspathArgumentCanAppearSecond()V PASSED
jester.tests.MainArgumentsTest:testThatClasspathArgumentCanAppearLast()V PASSED
jester.tests.MainArgumentsTest:testThatClasspathArgumentCanAppearInMiddleOfDirectoriesBecauseThereIsNoHarmInIt()V PASSED
jester.tests.ConfigurationTest:testDefaults()V ERROR junit.framework.ComparisonFailure 
jester.tests.XMLReportWriterTest:testWritingChangesAsXMLHasBothGivenAndAbsoluteFilePaths()V ERROR java.lang.NullPointerException 67 
jester.tests.SimpleIntCodeManglerTest:testCouldntMangle()V ERROR java.lang.NullPointerException 67 (27,71) (27,71) 
jester.tests.SimpleIntCodeManglerTest:testContinuesIfChangeFails()V ERROR java.lang.NullPointerException 67 (27,71) (27,71) 
jester.tests.SimpleIntCodeManglerTest:testContinuesIfChangeSucceeds()V ERROR java.lang.NullPointerException 67 (27,71) (27,71) 
jester.tests.SimpleIntCodeManglerTest:testDoesntTryToChangeBadlyNamedMethodCalls()V ERROR java.lang.NullPointerException 67 (27,71) (27,71) 
jester.tests.SimpleIntCodeManglerTest:testSimpleMangle()V ERROR java.lang.NullPointerException 67 (27,71) (27,71) 
jester.tests.SimpleIntCodeManglerTest:testBug955882()V ERROR java.lang.NullPointerException 67 (27,71) (27,71) 
jester.tests.IgnoreListDocumentTest:testTextIsIgnored()V ERROR java.lang.NullPointerException 67 
jester.tests.IgnoreListDocumentTest:testTextIsIgnoredForMultipleIgnores()V ERROR java.lang.NullPointerException 67 
jester.tests.IgnoreListDocumentTest:testCharAtReturnsSpaceInsideIgnoreRegion()V ERROR java.lang.NullPointerException 67 
jester.tests.ClassTestTesterTest:testThatChangeThatFailsTestsIsNotRecorded()V ERROR java.lang.NullPointerException 67 (27,71) (27,71) 
jester.tests.ClassTestTesterTest:testThatChangeThatPassesTestsIsRecorded()V ERROR java.lang.NullPointerException 67 (27,71) (27,71) 
jester.tests.ClassTestTesterTest:testThatOriginalContentsAreNotWrittenBackIfNoChanges()V ERROR java.lang.NullPointerException 67 (27,71) (27,71) 
jester.tests.ClassTestTesterTest:testThatOriginalContentsAreWrittenBack()V ERROR java.lang.NullPointerException 67 (27,71) (27,71) 
jester.tests.ClassTestTesterTest:testThatMutationListIsUsed()V ERROR java.lang.NullPointerException 67 (27,71) (27,71) 
jester.tests.acceptancetests.VeryTestedTest:testBoolean()V PASSED
jester.tests.acceptancetests.VeryTestedTest:testConditionFalseBranch()V PASSED
jester.tests.acceptancetests.VeryTestedTest:testConditionTrueBranch()V FAILED junit.framework.AssertionFailedError 
jester.tests.acceptancetests.VeryTestedTest:testDecrement()V PASSED
jester.tests.acceptancetests.VeryTestedTest:testEqual()V PASSED
jester.tests.acceptancetests.VeryTestedTest:testIncrement()V PASSED
jester.tests.acceptancetests.VeryTestedTest:testInfiniteLoop()V ERROR java.lang.ArithmeticException 54 
jester.tests.acceptancetests.VeryTestedTest:testInt()V PASSED
jester.tests.acceptancetests.VeryTestedTest:testNotEqual()V PASSED
jester.tests.functionaltests.VeryTestedTest:testNumber()V PASSED

#uuts: uut_name, [ '|', mutator_class, '|', change_position_in_file_buffer, '|', change ]
jester.RealMutationsList:visit(Ljester.MutationMaker;)V | STATEMENT | 1204 | stmt -> ;
jester.tests.MockTestRunner:testsRunWithoutFailures()Z
jester.tests.acceptancetests.VeryTested:mustNotBeEqual()Z
jester.tests.ReportItemTest:lineNumberForCharacterIndex(Ljava.lang.String;I)I
jester.MainArguments:shouldShowProgressDialog()Z
jester.tests.acceptancetests.VeryTested:mustReturnTrue()Z
jester.MainArguments:MainArguments([Ljava.lang.String;Ljester.FileExistenceChecker;)V
jester.SourceChangeException:SourceChangeException(Ljava.lang.String;)V
jester.tests.MockMutationMaker:addExpectedMutateValues(Ljava.lang.String;Ljava.lang.String;)V
jester.tests.MockMutationMaker:mutate(Ljava.lang.String;Ljava.lang.String;)V
jester.tests.ReportTest:newRealReport(Ljava.io.PrintWriter;)Ljester.Report;
jester.RealReport:totalNumberOfChanges()I
jester.tests.MockClassIterator:MockClassIterator()V
jester.tests.MockTestRunner:setTestsRunWithoutFailures(Z)V
jester.tests.MockClassIterator:setExpectedIterateCalls(I)V
jester.tests.MockClassIterator:iterate(Ljester.ClassTestTester;)V
jester.RealReport:totalScore()I
jester.tests.MainArgumentsTest:assertEquals([Ljava.lang.String;[Ljava.lang.String;)V
jester.tests.IgnoreListTest:ignorePair(Ljava.lang.String;Ljava.lang.String;)Ljester.IgnorePair;
jester.tests.MockClassTestTester:MockClassTestTester()V
jester.tests.MockClassSourceChanger:setThrowExceptionOnFirstChangeAttempt(Z)V
jester.MainArguments:getDirectoryOrFileNames()[Ljava.lang.String;
jester.RealMutationsList:visitLine(Ljava.lang.String;Ljester.MutationMaker;)V
jester.tests.ReportItemTest:newReportItem(Ljava.lang.String;Ljava.lang.String;Ljava.lang.String;I)Ljester.ReportItem;
jester.IgnoreList:ignorePairs()Ljava.util.List; | CONSTANT | 569 | 0 -> 1
jester.RealReport:score(II)I | CONSTANT | 5256 | 0 -> -1
jester.tests.ReportTest:startFile(Ljester.Report;Ljava.lang.String;Ljava.lang.String;)V
jester.tests.MockClassSourceChanger:setOriginalContents(Ljava.lang.String;Ljester.IgnoreList;)V
jester.IgnorePair:IgnorePair(Ljava.lang.String;Ljava.lang.String;)V
jester.RealMutationsList:RealMutationsList(Ljava.lang.String;Ljava.io.PrintStream;)V
jester.TestTester:TestTester(Ljester.TestRunner;Ljester.ClassIterator;Ljester.ClassTestTester;)V
jester.tests.ReportTest:newRealReport()Ljester.Report;
jester.tests.MockTestRunner:MockTestRunner()V
jester.MainArguments:setDirectoriesOrFilesToMutateFromArguments(Ljava.util.List;)V
jester.RealReport:greenBar()V
jester.tests.MainArgumentsTest:checkThatClasspathArgumentCanAppearInAnyOrder([Ljava.lang.String;)V
jester.tests.TestConfiguration:TestConfiguration()V
jester.IgnorePair:equals(Ljava.lang.Object;)Z
jester.tests.acceptancetests.VeryTested:mustReturnOne()I
jester.tests.functionaltests.VeryTested:VeryTested()V
jester.IgnoreList:IgnoreList(Ljava.lang.String;)V
jester.MainArguments:setOptionalShouldShowProgressDialogFromArguments(Ljava.util.List;)V
jester.RealConfiguration:compilationCommand()Ljava.lang.String; | RETURN | 1033 | return null
jester.ReportItem:toString()Ljava.lang.String;
jester.tests.MockMutationMaker:MockMutationMaker()V
jester.tests.functionaltests.VeryTested:mustReturnOne()I
jester.RealConfiguration:RealConfiguration(Ljava.lang.String;Ljava.io.PrintStream;)V
jester.RealLogger:RealLogger()V
jester.MainArguments:setTestClassFromArguments(Ljava.util.List;)V | STATEMENT | 3067 | stmt -> ;
jester.tests.MainArgumentsTest.1:exists(Ljava.lang.String;)Z
jester.MainArguments:getTestClassName()Ljava.lang.String;
jester.ConfigurationException:ConfigurationException(Ljava.lang.String;)V
jester.TestTester:run()V
jester.RealReport:RealReport(Ljester.Configuration;Ljava.io.PrintWriter;Ljester.XMLReportWriter;Ljester.ProgressReporter;)V
jester.tests.acceptancetests.VeryTested:turnIntoInfiniteLoop()V | OPERATOR | 712 | += -> /=
jester.tests.MockClassIterator:setExpectedIterate(Ljester.ClassTestTester;)V
jester.tests.MainArgumentsTest.2:exists(Ljava.lang.String;)Z
jester.RealReport:changeThatCausedTestsToFail(ILjava.lang.String;Ljava.lang.String;)V | OPERATOR | 2465 | == -> !=
jester.IgnorePair:toString()Ljava.lang.String;
jester.tests.MockClassSourceChanger:MockClassSourceChanger()V
jester.tests.acceptancetests.VeryTested:mustBeEqual()Z
jester.tests.acceptancetests.VeryTested:mustTakeCorrectBranchFor(Z)I | CONSTANT | 578 | 1 -> 0
jester.tests.MockMutationMaker:verify()V
jester.MainArguments:readArguments([Ljava.lang.String;)V
jester.RealMutationsList:visit(Ljava.io.BufferedReader;Ljester.MutationMaker;)V
jester.IgnorePair:equals(Ljester.IgnorePair;)Z
jester.MainArguments:checkDirectoriesOrFilesToMutateExist()V
jester.IgnoreListDocument:calculateIgnoreRegions()V | ASSIGN | 1556 | = null
jester.tests.acceptancetests.VeryTested:mustIncrement(I)I
jester.IgnoreListDocument:IgnoreListDocument(Ljava.lang.String;Ljester.IgnoreList;)V
jester.ReportItem:lineNumber()I
jester.tests.MockClassSourceChanger:setOriginalContents(Ljava.lang.String;)V
jester.RealXMLReportWriter:RealXMLReportWriter(Ljava.io.Writer;)V
jester.MainArguments:setOptionalClasspathFromArguments(Ljava.util.List;)V
jester.ReportItem:ReportItem(Ljava.lang.String;Ljester.IgnoreListDocument;ILjava.lang.String;Ljava.lang.String;)V
jester.tests.MockProgressReporter:setColor(Ljava.awt.Color;)V
jester.tests.MockClassIterator:verify()V
jester.tests.acceptancetests.VeryTested:mustDecrement(I)I
jester.JesterArgumentException:JesterArgumentException(Ljava.lang.String;)V

#matrix (1 line per test, in order of tests): { mut_index, ' ', mut_call_count, ' ' }
24 1 40 1 
24 1 7 1 40 1 18 1 51 1 28 1 
37 1 40 1 18 1 28 2 24 1 65 1 58 1 
24 1 7 1 40 1 18 1 51 1 28 1 
24 1 7 1 40 1 18 1 51 1 28 1 
24 1 7 1 40 1 51 1 
1 1 30 1 7 1 13 1 32 1 52 1 
1 1 19 1 52 1 55 1 30 1 76 1 13 1 12 1 32 1 14 1 15 1 
67 1 69 1 40 1 23 1 
67 1 69 1 40 1 23 1 3 1 
67 1 69 1 40 1 23 1 3 1 
67 1 27 1 69 1 40 1 59 1 71 1 
67 1 27 1 69 1 40 1 59 1 71 1 
67 1 53 1 69 1 26 1 40 1 31 1 10 1 36 1 
67 1 53 1 69 1 26 1 40 1 31 1 10 1 36 1 
67 1 53 1 69 1 26 1 40 1 31 1 10 1 36 1 
67 1 53 1 69 1 26 1 40 1 10 1 36 1 
67 1 53 1 69 1 26 1 40 1 31 1 10 1 36 1 
25 1 16 1 53 1 11 1 31 1 10 1 36 1 
67 1 53 1 69 1 26 1 40 1 31 1 10 1 36 1 
67 1 53 1 69 1 26 1 40 1 10 1 36 1 
67 1 53 1 69 1 26 1 40 1 10 1 36 1 
67 1 53 1 69 1 26 1 40 1 31 1 10 1 36 1 
67 1 53 1 69 1 26 1 40 1 31 1 10 1 36 1 
74 1 53 1 75 1 57 1 70 1 31 1 43 1 34 1 10 1 36 1 
0 1 9 1 8 1 29 1 44 1 
22 1 62 1 64 1 44 1 8 1 9 1 29 1 
22 1 62 1 64 1 44 1 8 1 9 1 29 1 
48 1 6 1 63 1 
66 1 48 1 56 1 6 1 41 1 78 1 33 1 63 1 73 1 
66 1 48 1 49 1 50 1 17 1 6 1 41 1 21 1 63 1 73 1 33 1 
66 1 48 1 49 1 50 1 17 1 6 1 41 1 21 1 63 1 73 1 33 1 
66 1 48 1 49 1 50 1 17 1 6 1 41 1 21 1 63 1 73 1 33 1 
66 1 48 1 4 1 49 1 6 1 41 1 63 1 73 1 33 1 
66 1 48 1 49 1 17 1 50 1 6 1 41 1 21 1 63 1 73 1 33 1 35 1 
66 1 48 1 49 1 17 1 50 1 6 1 41 1 21 1 63 1 73 1 33 1 35 1 
66 1 48 1 49 1 17 1 50 1 6 1 41 1 21 1 63 1 73 1 33 1 35 1 
66 1 48 1 49 1 17 1 50 1 6 1 41 1 21 1 63 1 73 1 33 1 35 1 
47 1 46 1 42 1 
67 1 69 1 40 1 72 1 
67 1 27 1 69 1 40 1 59 1 71 1 
67 1 27 1 69 1 40 1 59 1 71 1 20 1 
67 1 27 1 69 1 40 1 59 1 71 1 20 1 
67 1 27 1 69 1 40 1 59 1 71 1 
67 1 27 1 69 1 40 1 59 1 71 1 
67 1 27 1 69 1 40 1 59 1 71 1 
67 1 69 1 40 1 
67 1 69 1 40 1 
67 1 69 1 40 1 
67 1 27 1 69 1 40 1 59 1 71 1 13 1 32 1 
67 1 27 1 69 1 40 1 59 1 71 1 13 1 32 1 
67 1 27 1 69 1 40 1 59 1 71 1 32 1 
67 1 27 1 69 1 40 1 59 1 71 1 32 1 
67 1 27 1 69 1 40 1 59 1 71 1 32 1 
5 1 
61 1 
61 1 
77 1 
60 1 
68 1 
54 1 
38 1 
2 1 
39 1 45 1 
