#tests: test_name, ' ', status(PASSED | FAILED | ERROR), ' ', [exception, { trace_mut_index | '(', { alternative_trace_mut_index, ',' }, ')' }]
jester.tests.IgnoreListTest:testReadingEmptyIgnoreValues()V ERROR java.lang.NullPointerException 27 
jester.tests.IgnoreListTest:testReadingIgnoreValues()V ERROR java.lang.NullPointerException 27 
jester.tests.IgnoreListTest:testReadingIgnoreValuesEndOfLineSpecialCase()V ERROR java.lang.NullPointerException 27 
jester.tests.IgnoreListTest:testReadingMultipleIgnoreValues()V ERROR java.lang.NullPointerException 27 
jester.tests.IgnoreListTest:testReadingMultipleIgnoreBlankLines()V ERROR java.lang.NullPointerException 27 
jester.tests.IgnoreListTest:testReadingIncorrectFile()V ERROR java.lang.NullPointerException 27 
jester.tests.TestTesterTest:testTestsMustStartOffWorking()V PASSED
jester.tests.TestTesterTest:testThatTestRunByIterator()V PASSED
jester.tests.ReportItemTest:testXmlEncoding()V ERROR java.lang.NullPointerException 27 33 60 
jester.tests.ReportItemTest:testLineNumberOneLine()V ERROR java.lang.NullPointerException 27 33 60 59 
jester.tests.ReportItemTest:testLineNumberSomeLines()V ERROR java.lang.NullPointerException 27 33 60 59 
jester.tests.TwoStringSwappingCodeManglerTest:testCouldntMangle()V ERROR java.lang.NullPointerException 27 33 (14,72) (14,72) 
jester.tests.TwoStringSwappingCodeManglerTest:testSimpleMangle1()V ERROR java.lang.NullPointerException 27 33 (14,72) (14,72) 
jester.tests.ReportTest:testBottomScore()V ERROR java.lang.NullPointerException 27 33 30 
jester.tests.ReportTest:testCantFinishDifferentFile()V ERROR java.lang.NullPointerException 27 33 30 
jester.tests.ReportTest:testCantStartTwoFiles()V ERROR java.lang.NullPointerException 27 33 30 
jester.tests.ReportTest:testChangesToSameFileOrderedByIndex()V ERROR java.lang.NullPointerException 27 33 30 
jester.tests.ReportTest:testFileScoreSeparateFromTotalScore()V ERROR java.lang.NullPointerException 27 33 30 
jester.tests.ReportTest:testInitialScore()V ERROR java.lang.ArithmeticException 12 47 
jester.tests.ReportTest:testMediumScore()V ERROR java.lang.NullPointerException 27 33 30 
jester.tests.ReportTest:testThatChangeThatCausedTestsToFailIsNotIncluded()V ERROR java.lang.NullPointerException 27 33 30 
jester.tests.ReportTest:testThatChangeThatDidNotCauseTestsToFailIsIncluded()V ERROR java.lang.NullPointerException 27 33 30 
jester.tests.ReportTest:testTopScore()V ERROR java.lang.NullPointerException 27 33 30 
jester.tests.ReportTest:testTotalScoreForManyFiles()V ERROR java.lang.NullPointerException 27 33 30 
jester.tests.ReportTest:testFileMustBeStarted()V PASSED
jester.tests.MutationsListTest:testDefaults()V FAILED junit.framework.AssertionFailedError 28 (2,45) 
jester.tests.MutationsListTest:testReadMutations()V ERROR java.lang.StringIndexOutOfBoundsException 18 (2,45) 
jester.tests.MutationsListTest:testReadMutationsIgnoreBogusLinesIncludingBlankOnes()V ERROR java.lang.StringIndexOutOfBoundsException 18 (2,45) 
jester.tests.MainArgumentsTest:testMissingArgumentsCauseExceptionToBeThrown()V PASSED
jester.tests.MainArgumentsTest:testMissingFileCauseExceptionToBeThrown()V PASSED
jester.tests.MainArgumentsTest:testMandatoryArguments()V PASSED
jester.tests.MainArgumentsTest:testThatMultipleMutationDirectoriesOrFilesAreAllowed()V ERROR jester.JesterArgumentException 3 69 
jester.tests.MainArgumentsTest:testClasspathArgument()V PASSED
jester.tests.MainArgumentsTest:testThatOneCanSpecifyOptionToNotShowProgressDialog()V FAILED junit.framework.AssertionFailedError 
jester.tests.MainArgumentsTest:testThatClasspathArgumentCanAppearFirst()V ERROR jester.JesterArgumentException 3 69 55 
jester.tests.MainArgumentsTest:testThatClasspathArgumentCanAppearSecond()V ERROR jester.JesterArgumentException 3 69 55 
jester.tests.MainArgumentsTest:testThatClasspathArgumentCanAppearLast()V ERROR jester.JesterArgumentException 3 69 55 
jester.tests.MainArgumentsTest:testThatClasspathArgumentCanAppearInMiddleOfDirectoriesBecauseThereIsNoHarmInIt()V ERROR jester.JesterArgumentException 3 69 55 
jester.tests.ConfigurationTest:testDefaults()V PASSED
jester.tests.XMLReportWriterTest:testWritingChangesAsXMLHasBothGivenAndAbsoluteFilePaths()V ERROR java.lang.NullPointerException 27 33 
jester.tests.SimpleIntCodeManglerTest:testCouldntMangle()V ERROR java.lang.NullPointerException 27 33 (14,72) (14,72) 
jester.tests.SimpleIntCodeManglerTest:testContinuesIfChangeFails()V ERROR java.lang.NullPointerException 27 33 (14,72) (14,72) 
jester.tests.SimpleIntCodeManglerTest:testContinuesIfChangeSucceeds()V ERROR java.lang.NullPointerException 27 33 (14,72) (14,72) 
jester.tests.SimpleIntCodeManglerTest:testDoesntTryToChangeBadlyNamedMethodCalls()V ERROR java.lang.NullPointerException 27 33 (14,72) (14,72) 
jester.tests.SimpleIntCodeManglerTest:testSimpleMangle()V ERROR java.lang.NullPointerException 27 33 (14,72) (14,72) 
jester.tests.SimpleIntCodeManglerTest:testBug955882()V ERROR java.lang.NullPointerException 27 33 (14,72) (14,72) 
jester.tests.IgnoreListDocumentTest:testTextIsIgnored()V ERROR java.lang.NullPointerException 27 33 
jester.tests.IgnoreListDocumentTest:testTextIsIgnoredForMultipleIgnores()V ERROR java.lang.NullPointerException 27 33 
jester.tests.IgnoreListDocumentTest:testCharAtReturnsSpaceInsideIgnoreRegion()V ERROR java.lang.NullPointerException 27 33 
jester.tests.ClassTestTesterTest:testThatChangeThatFailsTestsIsNotRecorded()V ERROR java.lang.NullPointerException 27 33 (14,72) (14,72) 
jester.tests.ClassTestTesterTest:testThatChangeThatPassesTestsIsRecorded()V ERROR java.lang.NullPointerException 27 33 (14,72) (14,72) 
jester.tests.ClassTestTesterTest:testThatOriginalContentsAreNotWrittenBackIfNoChanges()V ERROR java.lang.NullPointerException 27 33 (14,72) (14,72) 
jester.tests.ClassTestTesterTest:testThatOriginalContentsAreWrittenBack()V ERROR java.lang.NullPointerException 27 33 (14,72) (14,72) 
jester.tests.ClassTestTesterTest:testThatMutationListIsUsed()V ERROR java.lang.NullPointerException 27 33 (14,72) (14,72) 
jester.tests.acceptancetests.VeryTestedTest:testBoolean()V PASSED
jester.tests.acceptancetests.VeryTestedTest:testConditionFalseBranch()V PASSED
jester.tests.acceptancetests.VeryTestedTest:testConditionTrueBranch()V PASSED
jester.tests.acceptancetests.VeryTestedTest:testDecrement()V PASSED
jester.tests.acceptancetests.VeryTestedTest:testEqual()V PASSED
jester.tests.acceptancetests.VeryTestedTest:testIncrement()V PASSED
jester.tests.acceptancetests.VeryTestedTest:testInfiniteLoop()V PASSED
jester.tests.acceptancetests.VeryTestedTest:testInt()V PASSED
jester.tests.acceptancetests.VeryTestedTest:testNotEqual()V PASSED
jester.tests.functionaltests.VeryTestedTest:testNumber()V PASSED

#uuts: uut_name, [ '|', mutator_class, '|', change_position_in_file_buffer, '|', change ]
jester.RealReport:changeThatCausedTestsToFail(ILjava.lang.String;Ljava.lang.String;)V
jester.RealConfiguration:shouldReportEagerly()Z
jester.RealMutationsList:visit(Ljester.MutationMaker;)V | STATEMENT | 1159 | stmt -> ;
jester.MainArguments:setDirectoriesOrFilesToMutateFromArguments(Ljava.util.List;)V | OPERATOR | 3338 | < -> !=
jester.JesterArgumentException:JesterArgumentException(Ljava.lang.String;)V
jester.tests.MockClassSourceChanger:MockClassSourceChanger()V
jester.MainArguments:setOptionalClasspathFromArguments(Ljava.util.List;)V
jester.RealConfiguration:isTrueProperty(Ljava.lang.String;Z)Z
jester.tests.MockClassIterator:verify()V
jester.MainArguments:shouldShowProgressDialog()Z
jester.RealConfiguration:testRunningCommand()Ljava.lang.String;
jester.tests.acceptancetests.VeryTested:mustReturnTrue()Z
jester.RealReport:totalNumberOfChanges()I | OPERATOR | 5427 | + -> /
jester.tests.MockClassSourceChanger:setThrowExceptionOnFirstChangeAttempt(Z)V | STATEMENT | 2243 | stmt -> ;
jester.tests.MockClassSourceChanger:setOriginalContents(Ljava.lang.String;)V
jester.MainArguments:checkDirectoriesOrFilesToMutateExist()V
jester.tests.MockClassIterator:setExpectedIterate(Ljester.ClassTestTester;)V
jester.tests.MockMutationMaker:addExpectedMutateValues(Ljava.lang.String;Ljava.lang.String;)V
jester.RealMutationsList:visitLine(Ljava.lang.String;Ljester.MutationMaker;)V | CONSTANT | 1937 | 1 -> -1
jester.tests.MainArgumentsTest.1:exists(Ljava.lang.String;)Z
jester.tests.acceptancetests.VeryTested:mustTakeCorrectBranchFor(Z)I
jester.tests.acceptancetests.VeryTested:turnIntoInfiniteLoop()V
jester.tests.ReportTest:newRealReport()Ljester.Report;
jester.tests.acceptancetests.VeryTested:mustDecrement(I)I
jester.RealConfiguration:stringProperty(Ljava.lang.String;Ljava.lang.String;)Ljava.lang.String;
jester.TestTester:TestTester(Ljester.TestRunner;Ljester.ClassIterator;Ljester.ClassTestTester;)V
jester.tests.acceptancetests.VeryTested:mustBeEqual()Z
jester.IgnoreList:ignorePairs()Ljava.util.List; | ASSIGN | 394 | = null
jester.tests.MockMutationMaker:mutate(Ljava.lang.String;Ljava.lang.String;)V
jester.MainArguments:setOptionalShouldShowProgressDialogFromArguments(Ljava.util.List;)V | STATEMENT | 4231 | stmt -> ;
jester.tests.ReportTest:startFile(Ljester.Report;Ljava.lang.String;Ljava.lang.String;)V
jester.RealMutationsList:RealMutationsList(Ljava.lang.String;Ljava.io.PrintStream;)V
jester.TestTester:run()V
jester.IgnoreListDocument:calculateIgnoreRegions()V
jester.tests.MockMutationMaker:MockMutationMaker()V
jester.IgnoreList:IgnoreList(Ljava.lang.String;)V
jester.tests.functionaltests.VeryTested:VeryTested()V
jester.tests.MainArgumentsTest:assertEquals([Ljava.lang.String;[Ljava.lang.String;)V
jester.tests.MainArgumentsTest.2:exists(Ljava.lang.String;)Z
jester.IgnorePair:IgnorePair(Ljava.lang.String;Ljava.lang.String;)V
jester.IgnoreListDocument:IgnoreListDocument(Ljava.lang.String;Ljester.IgnoreList;)V
jester.tests.acceptancetests.VeryTested:mustNotBeEqual()Z
jester.SourceChangeException:SourceChangeException(Ljava.lang.String;)V
jester.tests.acceptancetests.VeryTested:mustIncrement(I)I
jester.RealConfiguration:sourceFileExtension()Ljava.lang.String;
jester.RealMutationsList:visit(Ljava.io.BufferedReader;Ljester.MutationMaker;)V
jester.tests.MockClassIterator:iterate(Ljester.ClassTestTester;)V
jester.RealReport:totalScore()I
jester.tests.MockTestRunner:MockTestRunner()V
jester.tests.MockTestRunner:testsRunWithoutFailures()Z
jester.RealConfiguration:RealConfiguration(Ljava.lang.String;Ljava.io.PrintStream;)V
jester.tests.TestConfiguration:TestConfiguration()V
jester.tests.MockClassTestTester:MockClassTestTester()V
jester.tests.acceptancetests.VeryTested:mustReturnOne()I
jester.RealXMLReportWriter:RealXMLReportWriter(Ljava.io.Writer;)V
jester.tests.MainArgumentsTest:checkThatClasspathArgumentCanAppearInAnyOrder([Ljava.lang.String;)V
jester.tests.MockTestRunner:setTestsRunWithoutFailures(Z)V
jester.tests.MockClassIterator:MockClassIterator()V
jester.RealReport:RealReport(Ljester.Configuration;Ljava.io.PrintWriter;Ljester.XMLReportWriter;Ljester.ProgressReporter;)V
jester.tests.ReportItemTest:lineNumberForCharacterIndex(Ljava.lang.String;I)I
jester.tests.ReportItemTest:newReportItem(Ljava.lang.String;Ljava.lang.String;Ljava.lang.String;I)Ljester.ReportItem;
jester.tests.functionaltests.VeryTested:mustReturnOne()I
jester.RealLogger:RealLogger()V
jester.tests.ReportTest:newRealReport(Ljava.io.PrintWriter;)Ljester.Report;
jester.RealConfiguration:compilationCommand()Ljava.lang.String;
jester.tests.IgnoreListTest:ignorePair(Ljava.lang.String;Ljava.lang.String;)Ljester.IgnorePair;
jester.RealReport:changeThatDidNotCauseTestsToFail(ILjava.lang.String;Ljava.lang.String;)V
jester.MainArguments:getTestClassName()Ljava.lang.String;
jester.MainArguments:MainArguments([Ljava.lang.String;Ljester.FileExistenceChecker;)V
jester.MainArguments:readArguments([Ljava.lang.String;)V
jester.RealConfiguration:testsPassString()Ljava.lang.String;
jester.RealConfiguration:closeUIOnFinish()Z
jester.tests.MockClassSourceChanger:setOriginalContents(Ljava.lang.String;Ljester.IgnoreList;)V
jester.MainArguments:getDirectoryOrFileNames()[Ljava.lang.String;
jester.MainArguments:setTestClassFromArguments(Ljava.util.List;)V
jester.tests.MockClassIterator:setExpectedIterateCalls(I)V

#matrix (1 line per test, in order of tests): { mut_index, ' ', mut_call_count, ' ' }
27 1 35 1 
27 1 65 1 35 1 39 1 
27 1 65 1 35 1 39 1 
27 1 65 1 35 1 39 1 
27 1 65 1 35 1 39 1 
27 1 35 1 
42 1 32 1 48 1 56 1 49 1 25 1 
52 1 46 1 8 1 16 1 32 1 48 1 49 1 56 1 57 1 25 1 75 1 
27 1 33 1 60 1 35 1 40 1 
27 1 33 1 59 1 60 1 35 1 40 1 
27 1 33 1 59 1 60 1 35 1 40 1 
27 1 5 1 33 1 72 1 35 1 14 1 40 1 
27 1 5 1 33 1 72 1 35 1 14 1 40 1 
63 1 27 1 30 1 33 1 51 1 22 1 35 1 40 1 58 1 
63 1 27 1 30 1 33 1 51 1 22 1 35 1 40 1 58 1 
63 1 27 1 30 1 33 1 51 1 22 1 35 1 40 1 58 1 
63 1 27 1 30 1 33 1 51 1 35 1 40 1 58 1 
63 1 27 1 30 1 33 1 51 1 22 1 35 1 40 1 58 1 
63 1 12 1 47 1 51 1 22 1 58 1 
63 1 27 1 30 1 33 1 51 1 22 1 35 1 40 1 58 1 
63 1 27 1 30 1 33 1 51 1 35 1 40 1 58 1 
63 1 27 1 30 1 33 1 51 1 35 1 40 1 58 1 
63 1 27 1 30 1 33 1 51 1 22 1 35 1 40 1 58 1 
63 1 27 1 30 1 33 1 51 1 22 1 35 1 40 1 58 1 
63 1 0 1 42 2 66 1 51 1 22 1 58 1 
28 1 31 1 2 1 17 1 34 1 
45 1 31 1 17 1 34 1 18 1 
45 1 31 1 17 1 34 1 18 1 
74 1 68 1 69 1 3 1 4 2 
74 1 68 1 69 1 29 1 3 1 6 1 4 1 38 1 15 1 
68 1 69 1 29 1 3 1 37 1 73 1 19 1 74 1 6 1 67 1 15 1 
74 1 68 1 69 1 3 1 4 1 
68 1 69 1 29 1 3 1 37 1 73 1 19 1 74 1 6 1 67 1 15 1 
68 1 69 1 29 1 3 1 9 1 19 1 74 1 6 1 15 1 
74 1 68 1 69 1 3 1 4 1 55 1 
74 1 68 1 69 1 3 1 4 1 55 1 
74 1 68 1 69 1 3 1 4 1 55 1 
74 1 68 1 69 1 3 1 4 1 55 1 
7 2 70 1 1 1 71 1 62 1 10 1 64 1 50 1 44 1 24 4 
27 1 54 1 33 1 35 1 40 1 
27 1 5 1 33 1 72 1 35 1 14 1 40 1 
27 1 5 1 33 1 72 1 13 1 35 1 14 1 40 1 
27 1 5 1 33 1 72 1 13 1 35 1 14 1 40 1 
27 1 5 1 33 1 72 1 35 1 14 1 40 1 
27 1 5 1 33 1 72 1 35 1 14 1 40 1 
27 1 5 1 33 1 72 1 35 1 14 1 40 1 
27 1 33 1 35 1 40 1 
27 1 33 1 35 1 40 1 
27 1 33 1 35 1 40 1 
27 1 5 1 33 1 72 1 48 1 56 1 35 1 14 1 40 1 
27 1 5 1 33 1 72 1 48 1 56 1 35 1 14 1 40 1 
27 1 5 1 33 1 72 1 48 1 35 1 14 1 40 1 
27 1 5 1 33 1 72 1 48 1 35 1 14 1 40 1 
27 1 5 1 33 1 72 1 48 1 35 1 14 1 40 1 
11 1 
20 1 
20 1 
23 1 
26 1 
43 1 
21 1 
53 1 
41 1 
36 1 61 1 
