#tests: test_name, ' ', status(PASSED | FAILED | ERROR), ' ', [exception, { trace_mut_index | '(', { alternative_trace_mut_index, ',' }, ')' }]
jester.tests.IgnoreListTest:testReadingEmptyIgnoreValues()V ERROR java.lang.StringIndexOutOfBoundsException 25 
jester.tests.IgnoreListTest:testReadingIgnoreValues()V PASSED
jester.tests.IgnoreListTest:testReadingIgnoreValuesEndOfLineSpecialCase()V PASSED
jester.tests.IgnoreListTest:testReadingMultipleIgnoreValues()V PASSED
jester.tests.IgnoreListTest:testReadingMultipleIgnoreBlankLines()V ERROR java.lang.StringIndexOutOfBoundsException 25 
jester.tests.IgnoreListTest:testReadingIncorrectFile()V PASSED
jester.tests.TestTesterTest:testTestsMustStartOffWorking()V PASSED
jester.tests.TestTesterTest:testThatTestRunByIterator()V ERROR jester.SourceChangeException 38 
jester.tests.ReportItemTest:testXmlEncoding()V ERROR java.lang.StringIndexOutOfBoundsException 25 (1,31) 37 
jester.tests.ReportItemTest:testLineNumberOneLine()V ERROR java.lang.StringIndexOutOfBoundsException 25 (1,31) 37 36 
jester.tests.ReportItemTest:testLineNumberSomeLines()V ERROR java.lang.StringIndexOutOfBoundsException 25 (1,31) 37 36 
jester.tests.TwoStringSwappingCodeManglerTest:testCouldntMangle()V ERROR java.lang.StringIndexOutOfBoundsException 25 (1,31) (13,40) (13,40) 
jester.tests.TwoStringSwappingCodeManglerTest:testSimpleMangle1()V ERROR java.lang.StringIndexOutOfBoundsException 25 (1,31) (13,40) (13,40) 
jester.tests.ReportTest:testBottomScore()V ERROR java.lang.StringIndexOutOfBoundsException 25 (1,31) 8 
jester.tests.ReportTest:testCantFinishDifferentFile()V ERROR java.lang.StringIndexOutOfBoundsException 25 (1,31) 8 
jester.tests.ReportTest:testCantStartTwoFiles()V ERROR java.lang.StringIndexOutOfBoundsException 25 (1,31) 8 
jester.tests.ReportTest:testChangesToSameFileOrderedByIndex()V ERROR java.lang.StringIndexOutOfBoundsException 25 (1,31) 8 
jester.tests.ReportTest:testFileScoreSeparateFromTotalScore()V ERROR java.lang.StringIndexOutOfBoundsException 25 (1,31) 8 
jester.tests.ReportTest:testInitialScore()V ERROR java.lang.ArithmeticException 57 21 
jester.tests.ReportTest:testMediumScore()V ERROR java.lang.StringIndexOutOfBoundsException 25 (1,31) 8 
jester.tests.ReportTest:testThatChangeThatCausedTestsToFailIsNotIncluded()V ERROR java.lang.StringIndexOutOfBoundsException 25 (1,31) 8 
jester.tests.ReportTest:testThatChangeThatDidNotCauseTestsToFailIsIncluded()V ERROR java.lang.StringIndexOutOfBoundsException 25 (1,31) 8 
jester.tests.ReportTest:testTopScore()V ERROR java.lang.StringIndexOutOfBoundsException 25 (1,31) 8 
jester.tests.ReportTest:testTotalScoreForManyFiles()V ERROR java.lang.StringIndexOutOfBoundsException 25 (1,31) 8 
jester.tests.ReportTest:testFileMustBeStarted()V PASSED
jester.tests.MutationsListTest:testDefaults()V PASSED
jester.tests.MutationsListTest:testReadMutations()V PASSED
jester.tests.MutationsListTest:testReadMutationsIgnoreBogusLinesIncludingBlankOnes()V PASSED
jester.tests.MainArgumentsTest:testMissingArgumentsCauseExceptionToBeThrown()V PASSED
jester.tests.MainArgumentsTest:testMissingFileCauseExceptionToBeThrown()V PASSED
jester.tests.MainArgumentsTest:testMandatoryArguments()V ERROR jester.JesterArgumentException 11 
jester.tests.MainArgumentsTest:testThatMultipleMutationDirectoriesOrFilesAreAllowed()V ERROR jester.JesterArgumentException 11 
jester.tests.MainArgumentsTest:testClasspathArgument()V ERROR jester.JesterArgumentException 11 
jester.tests.MainArgumentsTest:testThatOneCanSpecifyOptionToNotShowProgressDialog()V ERROR jester.JesterArgumentException 11 
jester.tests.MainArgumentsTest:testThatClasspathArgumentCanAppearFirst()V ERROR jester.JesterArgumentException 11 2 
jester.tests.MainArgumentsTest:testThatClasspathArgumentCanAppearSecond()V ERROR jester.JesterArgumentException 11 2 
jester.tests.MainArgumentsTest:testThatClasspathArgumentCanAppearLast()V ERROR jester.JesterArgumentException 11 2 
jester.tests.MainArgumentsTest:testThatClasspathArgumentCanAppearInMiddleOfDirectoriesBecauseThereIsNoHarmInIt()V ERROR jester.JesterArgumentException 11 2 
jester.tests.ConfigurationTest:testDefaults()V ERROR junit.framework.ComparisonFailure 
jester.tests.XMLReportWriterTest:testWritingChangesAsXMLHasBothGivenAndAbsoluteFilePaths()V ERROR java.lang.StringIndexOutOfBoundsException 25 (1,31) 
jester.tests.SimpleIntCodeManglerTest:testCouldntMangle()V ERROR java.lang.StringIndexOutOfBoundsException 25 (1,31) (13,40) (13,40) 
jester.tests.SimpleIntCodeManglerTest:testContinuesIfChangeFails()V ERROR java.lang.StringIndexOutOfBoundsException 25 (1,31) (13,40) (13,40) 
jester.tests.SimpleIntCodeManglerTest:testContinuesIfChangeSucceeds()V ERROR java.lang.StringIndexOutOfBoundsException 25 (1,31) (13,40) (13,40) 
jester.tests.SimpleIntCodeManglerTest:testDoesntTryToChangeBadlyNamedMethodCalls()V ERROR java.lang.StringIndexOutOfBoundsException 25 (1,31) (13,40) (13,40) 
jester.tests.SimpleIntCodeManglerTest:testSimpleMangle()V ERROR java.lang.StringIndexOutOfBoundsException 25 (1,31) (13,40) (13,40) 
jester.tests.SimpleIntCodeManglerTest:testBug955882()V ERROR java.lang.StringIndexOutOfBoundsException 25 (1,31) (13,40) (13,40) 
jester.tests.IgnoreListDocumentTest:testTextIsIgnored()V FAILED junit.framework.AssertionFailedError 
jester.tests.IgnoreListDocumentTest:testTextIsIgnoredForMultipleIgnores()V FAILED junit.framework.AssertionFailedError 
jester.tests.IgnoreListDocumentTest:testCharAtReturnsSpaceInsideIgnoreRegion()V PASSED
jester.tests.ClassTestTesterTest:testThatChangeThatFailsTestsIsNotRecorded()V ERROR java.lang.StringIndexOutOfBoundsException 25 (1,31) (13,40) (13,40) 
jester.tests.ClassTestTesterTest:testThatChangeThatPassesTestsIsRecorded()V ERROR java.lang.StringIndexOutOfBoundsException 25 (1,31) (13,40) (13,40) 
jester.tests.ClassTestTesterTest:testThatOriginalContentsAreNotWrittenBackIfNoChanges()V ERROR java.lang.StringIndexOutOfBoundsException 25 (1,31) (13,40) (13,40) 
jester.tests.ClassTestTesterTest:testThatOriginalContentsAreWrittenBack()V ERROR java.lang.StringIndexOutOfBoundsException 25 (1,31) (13,40) (13,40) 
jester.tests.ClassTestTesterTest:testThatMutationListIsUsed()V ERROR java.lang.StringIndexOutOfBoundsException 25 (1,31) (13,40) (13,40) 
jester.tests.acceptancetests.VeryTestedTest:testBoolean()V PASSED
jester.tests.acceptancetests.VeryTestedTest:testConditionFalseBranch()V PASSED
jester.tests.acceptancetests.VeryTestedTest:testConditionTrueBranch()V PASSED
jester.tests.acceptancetests.VeryTestedTest:testDecrement()V PASSED
jester.tests.acceptancetests.VeryTestedTest:testEqual()V PASSED
jester.tests.acceptancetests.VeryTestedTest:testIncrement()V PASSED
jester.tests.acceptancetests.VeryTestedTest:testInfiniteLoop()V PASSED
jester.tests.acceptancetests.VeryTestedTest:testInt()V PASSED
jester.tests.acceptancetests.VeryTestedTest:testNotEqual()V PASSED
jester.tests.functionaltests.VeryTestedTest:testNumber()V PASSED

#uuts: uut_name, [ '|', mutator_class, '|', change_position_in_file_buffer, '|', change ]
jester.RealMutationsList:visit(Ljava.io.BufferedReader;Ljester.MutationMaker;)V
jester.IgnoreListDocument:calculateIgnoreRegions(Ljester.IgnorePair;)V
jester.tests.MainArgumentsTest:checkThatClasspathArgumentCanAppearInAnyOrder([Ljava.lang.String;)V
jester.tests.acceptancetests.VeryTested:turnIntoInfiniteLoop()V
jester.IgnoreList:IgnoreList(Ljava.lang.String;)V
jester.tests.functionaltests.VeryTested:mustReturnOne()I
jester.IgnoreRegion:IgnoreRegion(II)V
jester.RealMutationsList:visitLine(Ljava.lang.String;Ljester.MutationMaker;)V
jester.tests.ReportTest:startFile(Ljester.Report;Ljava.lang.String;Ljava.lang.String;)V
jester.tests.TestConfiguration:TestConfiguration()V
jester.tests.MockClassIterator:MockClassIterator()V
jester.MainArguments:readArguments([Ljava.lang.String;)V | CONDITION | 2300 | if (x) -> if (!x)
jester.JesterArgumentException:JesterArgumentException(Ljava.lang.String;)V
jester.tests.MockClassSourceChanger:setOriginalContents(Ljava.lang.String;)V
jester.tests.ReportTest:newRealReport()Ljester.Report;
jester.RealConfiguration:stringProperty(Ljava.lang.String;Ljava.lang.String;)Ljava.lang.String; | STATEMENT | 1781 | stmt -> ;
jester.MainArguments:setOptionalClasspathFromArguments(Ljava.util.List;)V
jester.IgnoreListDocument:IgnoreListDocument(Ljava.lang.String;Ljester.IgnoreList;)V
jester.tests.MockClassSourceChanger:MockClassSourceChanger()V
jester.tests.acceptancetests.VeryTested:mustReturnOne()I
jester.tests.MockMutationMaker:addExpectedMutateValues(Ljava.lang.String;Ljava.lang.String;)V
jester.RealReport:totalScore()I
jester.MainArguments:setDirectoriesOrFilesToMutateFromArguments(Ljava.util.List;)V | CONSTANT | 3358 | 2 -> 0
jester.IgnorePair:getStart()Ljava.lang.String;
jester.tests.acceptancetests.VeryTested:mustReturnTrue()Z
jester.IgnoreList:ignorePairs()Ljava.util.List; | OPERATOR | 496 | == -> <
jester.tests.MockTestRunner:setTestsRunWithoutFailures(Z)V | STATEMENT | 258 | stmt -> ;
jester.tests.acceptancetests.VeryTested:mustDecrement(I)I
jester.tests.MockMutationMaker:mutate(Ljava.lang.String;Ljava.lang.String;)V
jester.MainArguments:setTestClassFromArguments(Ljava.util.List;)V
jester.tests.MockMutationMaker:verify()V
jester.IgnoreListDocument:calculateIgnoreRegions()V
jester.tests.MockMutationMaker:MockMutationMaker()V
jester.tests.ReportTest:newRealReport(Ljava.io.PrintWriter;)Ljester.Report;
jester.TestTester:TestTester(Ljester.TestRunner;Ljester.ClassIterator;Ljester.ClassTestTester;)V
jester.tests.acceptancetests.VeryTested:mustBeEqual()Z
jester.tests.ReportItemTest:lineNumberForCharacterIndex(Ljava.lang.String;I)I
jester.tests.ReportItemTest:newReportItem(Ljava.lang.String;Ljava.lang.String;Ljava.lang.String;I)Ljester.ReportItem;
jester.TestTester:run()V
jester.RealReport:changeThatDidNotCauseTestsToFail(ILjava.lang.String;Ljava.lang.String;)V
jester.tests.MockClassSourceChanger:setOriginalContents(Ljava.lang.String;Ljester.IgnoreList;)V
jester.tests.MockClassTestTester:MockClassTestTester()V
jester.RealXMLReportWriter:RealXMLReportWriter(Ljava.io.Writer;)V
jester.RealMutationsList:RealMutationsList(Ljava.lang.String;Ljava.io.PrintStream;)V
jester.tests.acceptancetests.VeryTested:mustNotBeEqual()Z
jester.tests.MockClassIterator:setExpectedIterate(Ljester.ClassTestTester;)V
jester.MainArguments:MainArguments([Ljava.lang.String;Ljester.FileExistenceChecker;)V
jester.SourceChangeException:SourceChangeException(Ljava.lang.String;)V
jester.IgnoreListDocument:indexOf(Ljava.lang.String;I)I | CONDITION | 2417 | if (x) -> if (!x)
jester.tests.IgnoreListTest:ignorePair(Ljava.lang.String;Ljava.lang.String;)Ljester.IgnorePair;
jester.tests.MockClassSourceChanger:setThrowExceptionOnFirstChangeAttempt(Z)V
jester.tests.MockTestRunner:testsRunWithoutFailures()Z
jester.IgnoreRegion:includes(I)Z
jester.IgnorePair:equals(Ljava.lang.Object;)Z
jester.IgnorePair:getEnd()Ljava.lang.String;
jester.IgnorePair:IgnorePair(Ljava.lang.String;Ljava.lang.String;)V
jester.tests.MockTestRunner:MockTestRunner()V
jester.RealReport:score(II)I | OPERATOR | 5237 | != -> ==
jester.RealConfiguration:compilationCommand()Ljava.lang.String;
jester.ConfigurationException:ConfigurationException(Ljava.lang.String;)V
jester.RealLogger:RealLogger()V
jester.RealReport:RealReport(Ljester.Configuration;Ljava.io.PrintWriter;Ljester.XMLReportWriter;Ljester.ProgressReporter;)V
jester.RealMutationsList:visit(Ljester.MutationMaker;)V
jester.IgnorePair:equals(Ljester.IgnorePair;)Z
jester.tests.acceptancetests.VeryTested:mustTakeCorrectBranchFor(Z)I
jester.RealConfiguration:RealConfiguration(Ljava.lang.String;Ljava.io.PrintStream;)V
jester.tests.acceptancetests.VeryTested:mustIncrement(I)I
jester.MainArguments:setOptionalShouldShowProgressDialogFromArguments(Ljava.util.List;)V
jester.IgnoreListDocument:charAt(I)C
jester.RealReport:totalNumberOfChanges()I
jester.tests.MockClassIterator:setExpectedIterateCalls(I)V
jester.RealReport:changeThatCausedTestsToFail(ILjava.lang.String;Ljava.lang.String;)V
jester.IgnoreListDocument:isInIgnoreRegion(I)Z
jester.tests.functionaltests.VeryTested:VeryTested()V

#matrix (1 line per test, in order of tests): { mut_index, ' ', mut_call_count, ' ' }
25 1 4 1 
63 1 49 1 53 1 25 1 4 1 55 2 
63 1 49 1 53 1 25 1 4 1 55 2 
63 1 49 1 53 1 25 1 4 1 55 2 
49 1 25 1 4 1 55 2 
47 1 59 1 25 1 4 1 
47 1 34 1 38 1 26 1 51 1 56 1 
41 1 47 1 70 1 34 1 45 1 38 1 10 1 26 1 51 1 56 1 
37 1 31 1 25 1 4 1 17 1 
37 1 36 1 31 1 25 1 4 1 17 1 
37 1 36 1 31 1 25 1 4 1 17 1 
40 1 13 1 18 1 31 1 25 1 4 1 17 1 
40 1 13 1 18 1 31 1 25 1 4 1 17 1 
61 1 14 1 8 1 31 1 9 1 25 1 4 1 33 1 17 1 
61 1 14 1 8 1 31 1 9 1 25 1 4 1 33 1 17 1 
61 1 14 1 8 1 31 1 9 1 25 1 4 1 33 1 17 1 
61 1 8 1 31 1 9 1 25 1 4 1 33 1 17 1 
61 1 14 1 8 1 31 1 9 1 25 1 4 1 33 1 17 1 
61 1 57 1 69 1 14 1 21 1 9 1 33 1 
61 1 14 1 8 1 31 1 9 1 25 1 4 1 33 1 17 1 
61 1 8 1 31 1 9 1 25 1 4 1 33 1 17 1 
61 1 8 1 31 1 9 1 25 1 4 1 33 1 17 1 
61 1 14 1 8 1 31 1 9 1 25 1 4 1 33 1 17 1 
61 1 14 1 8 1 31 1 9 1 25 1 4 1 33 1 17 1 
61 1 47 2 14 1 9 1 39 1 71 1 33 1 
20 1 62 1 43 1 28 1 30 1 32 1 
0 1 20 1 7 1 43 1 28 1 30 1 32 1 
0 1 20 1 7 1 43 1 28 1 30 1 32 1 
22 1 12 2 29 1 11 1 16 1 46 1 67 1 
12 1 22 1 29 1 11 1 16 1 46 1 67 1 
12 1 22 1 29 1 11 1 16 1 46 1 67 1 
12 1 22 1 29 1 11 1 16 1 46 1 67 1 
12 1 22 1 29 1 11 1 16 1 46 1 67 1 
12 1 22 1 29 1 11 1 16 1 46 1 67 1 
12 1 22 1 29 1 2 1 11 1 16 1 46 1 67 1 
12 1 22 1 29 1 2 1 11 1 16 1 46 1 67 1 
12 1 22 1 29 1 2 1 11 1 16 1 46 1 67 1 
12 1 22 1 29 1 2 1 11 1 16 1 46 1 67 1 
58 1 15 1 65 1 60 1 
42 1 31 1 25 1 4 1 17 1 
40 1 13 1 18 1 31 1 25 1 4 1 17 1 
40 1 13 1 18 1 31 1 50 1 25 1 4 1 17 1 
40 1 13 1 18 1 31 1 50 1 25 1 4 1 17 1 
40 1 13 1 18 1 31 1 25 1 4 1 17 1 
40 1 13 1 18 1 31 1 25 1 4 1 17 1 
40 1 13 1 18 1 31 1 25 1 4 1 17 1 
1 1 4 1 54 1 55 1 6 1 17 1 48 1 31 1 23 1 25 1 72 1 52 1 
1 1 4 1 54 1 55 1 6 1 17 1 48 1 31 1 23 1 25 1 72 1 52 1 
1 1 4 1 54 1 55 1 6 1 17 1 68 1 31 1 23 1 25 1 72 1 52 1 
40 1 13 1 18 1 31 1 25 1 4 1 26 1 56 1 17 1 
40 1 13 1 18 1 31 1 25 1 4 1 26 1 56 1 17 1 
40 1 13 1 18 1 31 1 25 1 4 1 56 1 17 1 
40 1 13 1 18 1 31 1 25 1 4 1 56 1 17 1 
40 1 13 1 18 1 31 1 25 1 4 1 56 1 17 1 
24 1 
64 1 
64 1 
27 1 
35 1 
66 1 
3 1 
19 1 
44 1 
73 1 5 1 
