#tests: test_name, ' ', status(PASSED | FAILED | ERROR), ' ', [exception, { trace_mut_index | '(', { alternative_trace_mut_index, ',' }, ')' }]
jester.tests.IgnoreListTest:testReadingEmptyIgnoreValues()V ERROR java.lang.ArrayIndexOutOfBoundsException 41 
jester.tests.IgnoreListTest:testReadingIgnoreValues()V ERROR java.lang.ArrayIndexOutOfBoundsException 41 
jester.tests.IgnoreListTest:testReadingIgnoreValuesEndOfLineSpecialCase()V ERROR java.lang.ArrayIndexOutOfBoundsException 41 
jester.tests.IgnoreListTest:testReadingMultipleIgnoreValues()V ERROR java.lang.ArrayIndexOutOfBoundsException 41 
jester.tests.IgnoreListTest:testReadingMultipleIgnoreBlankLines()V ERROR java.lang.ArrayIndexOutOfBoundsException 41 
jester.tests.IgnoreListTest:testReadingIncorrectFile()V ERROR java.lang.ArrayIndexOutOfBoundsException 41 
jester.tests.TestTesterTest:testTestsMustStartOffWorking()V PASSED
jester.tests.TestTesterTest:testThatTestRunByIterator()V PASSED
jester.tests.ReportItemTest:testXmlEncoding()V ERROR java.lang.ArrayIndexOutOfBoundsException 41 31 65 
jester.tests.ReportItemTest:testLineNumberOneLine()V ERROR java.lang.ArrayIndexOutOfBoundsException 41 31 65 29 
jester.tests.ReportItemTest:testLineNumberSomeLines()V ERROR java.lang.ArrayIndexOutOfBoundsException 41 31 65 29 
jester.tests.TwoStringSwappingCodeManglerTest:testCouldntMangle()V ERROR java.lang.ArrayIndexOutOfBoundsException 41 31 (13,33) (13,33) 
jester.tests.TwoStringSwappingCodeManglerTest:testSimpleMangle1()V ERROR java.lang.ArrayIndexOutOfBoundsException 41 31 (13,33) (13,33) 
jester.tests.ReportTest:testBottomScore()V ERROR java.lang.ArrayIndexOutOfBoundsException 41 31 36 
jester.tests.ReportTest:testCantFinishDifferentFile()V ERROR java.lang.ArrayIndexOutOfBoundsException 41 31 36 
jester.tests.ReportTest:testCantStartTwoFiles()V ERROR java.lang.ArrayIndexOutOfBoundsException 41 31 36 
jester.tests.ReportTest:testChangesToSameFileOrderedByIndex()V ERROR java.lang.ArrayIndexOutOfBoundsException 41 31 36 
jester.tests.ReportTest:testFileScoreSeparateFromTotalScore()V ERROR java.lang.ArrayIndexOutOfBoundsException 41 31 36 
jester.tests.ReportTest:testInitialScore()V ERROR java.lang.ArithmeticException 15 1 
jester.tests.ReportTest:testMediumScore()V ERROR java.lang.ArrayIndexOutOfBoundsException 41 31 36 
jester.tests.ReportTest:testThatChangeThatCausedTestsToFailIsNotIncluded()V ERROR java.lang.ArrayIndexOutOfBoundsException 41 31 36 
jester.tests.ReportTest:testThatChangeThatDidNotCauseTestsToFailIsIncluded()V ERROR java.lang.ArrayIndexOutOfBoundsException 41 31 36 
jester.tests.ReportTest:testTopScore()V ERROR java.lang.ArrayIndexOutOfBoundsException 41 31 36 
jester.tests.ReportTest:testTotalScoreForManyFiles()V ERROR java.lang.ArrayIndexOutOfBoundsException 41 31 36 
jester.tests.ReportTest:testFileMustBeStarted()V PASSED
jester.tests.MutationsListTest:testDefaults()V PASSED
jester.tests.MutationsListTest:testReadMutations()V ERROR java.lang.NullPointerException 0 (5,60) 
jester.tests.MutationsListTest:testReadMutationsIgnoreBogusLinesIncludingBlankOnes()V ERROR java.lang.NullPointerException 0 (5,60) 
jester.tests.MainArgumentsTest:testMissingArgumentsCauseExceptionToBeThrown()V ERROR java.lang.NullPointerException 64 8 
jester.tests.MainArgumentsTest:testMissingFileCauseExceptionToBeThrown()V ERROR java.lang.NullPointerException 8 
jester.tests.MainArgumentsTest:testMandatoryArguments()V ERROR java.lang.NullPointerException 8 
jester.tests.MainArgumentsTest:testThatMultipleMutationDirectoriesOrFilesAreAllowed()V ERROR java.lang.NullPointerException 8 
jester.tests.MainArgumentsTest:testClasspathArgument()V ERROR java.lang.NullPointerException 8 
jester.tests.MainArgumentsTest:testThatOneCanSpecifyOptionToNotShowProgressDialog()V ERROR java.lang.NullPointerException 8 
jester.tests.MainArgumentsTest:testThatClasspathArgumentCanAppearFirst()V ERROR java.lang.NullPointerException 8 7 
jester.tests.MainArgumentsTest:testThatClasspathArgumentCanAppearSecond()V ERROR java.lang.NullPointerException 8 7 
jester.tests.MainArgumentsTest:testThatClasspathArgumentCanAppearLast()V ERROR java.lang.NullPointerException 8 7 
jester.tests.MainArgumentsTest:testThatClasspathArgumentCanAppearInMiddleOfDirectoriesBecauseThereIsNoHarmInIt()V ERROR java.lang.NullPointerException 8 7 
jester.tests.ConfigurationTest:testDefaults()V PASSED
jester.tests.XMLReportWriterTest:testWritingChangesAsXMLHasBothGivenAndAbsoluteFilePaths()V ERROR java.lang.ArrayIndexOutOfBoundsException 41 31 
jester.tests.SimpleIntCodeManglerTest:testCouldntMangle()V ERROR java.lang.ArrayIndexOutOfBoundsException 41 31 (13,33) (13,33) 
jester.tests.SimpleIntCodeManglerTest:testContinuesIfChangeFails()V ERROR java.lang.ArrayIndexOutOfBoundsException 41 31 (13,33) (13,33) 
jester.tests.SimpleIntCodeManglerTest:testContinuesIfChangeSucceeds()V ERROR java.lang.ArrayIndexOutOfBoundsException 41 31 (13,33) (13,33) 
jester.tests.SimpleIntCodeManglerTest:testDoesntTryToChangeBadlyNamedMethodCalls()V ERROR java.lang.ArrayIndexOutOfBoundsException 41 31 (13,33) (13,33) 
jester.tests.SimpleIntCodeManglerTest:testSimpleMangle()V ERROR java.lang.ArrayIndexOutOfBoundsException 41 31 (13,33) (13,33) 
jester.tests.SimpleIntCodeManglerTest:testBug955882()V ERROR java.lang.ArrayIndexOutOfBoundsException 41 31 (13,33) (13,33) 
jester.tests.IgnoreListDocumentTest:testTextIsIgnored()V ERROR java.lang.ArrayIndexOutOfBoundsException 41 31 
jester.tests.IgnoreListDocumentTest:testTextIsIgnoredForMultipleIgnores()V ERROR java.lang.ArrayIndexOutOfBoundsException 41 31 
jester.tests.IgnoreListDocumentTest:testCharAtReturnsSpaceInsideIgnoreRegion()V ERROR java.lang.ArrayIndexOutOfBoundsException 41 31 
jester.tests.ClassTestTesterTest:testThatChangeThatFailsTestsIsNotRecorded()V ERROR java.lang.ArrayIndexOutOfBoundsException 41 31 (13,33) (13,33) 
jester.tests.ClassTestTesterTest:testThatChangeThatPassesTestsIsRecorded()V ERROR java.lang.ArrayIndexOutOfBoundsException 41 31 (13,33) (13,33) 
jester.tests.ClassTestTesterTest:testThatOriginalContentsAreNotWrittenBackIfNoChanges()V ERROR java.lang.ArrayIndexOutOfBoundsException 41 31 (13,33) (13,33) 
jester.tests.ClassTestTesterTest:testThatOriginalContentsAreWrittenBack()V ERROR java.lang.ArrayIndexOutOfBoundsException 41 31 (13,33) (13,33) 
jester.tests.ClassTestTesterTest:testThatMutationListIsUsed()V ERROR java.lang.ArrayIndexOutOfBoundsException 41 31 (13,33) (13,33) 
jester.tests.acceptancetests.VeryTestedTest:testBoolean()V PASSED
jester.tests.acceptancetests.VeryTestedTest:testConditionFalseBranch()V PASSED
jester.tests.acceptancetests.VeryTestedTest:testConditionTrueBranch()V PASSED
jester.tests.acceptancetests.VeryTestedTest:testDecrement()V PASSED
jester.tests.acceptancetests.VeryTestedTest:testEqual()V PASSED
jester.tests.acceptancetests.VeryTestedTest:testIncrement()V PASSED
jester.tests.acceptancetests.VeryTestedTest:testInfiniteLoop()V PASSED
jester.tests.acceptancetests.VeryTestedTest:testInt()V FAILED junit.framework.AssertionFailedError 
jester.tests.acceptancetests.VeryTestedTest:testNotEqual()V PASSED
jester.tests.functionaltests.VeryTestedTest:testNumber()V FAILED junit.framework.AssertionFailedError 

#uuts: uut_name, [ '|', mutator_class, '|', change_position_in_file_buffer, '|', change ]
jester.RealMutationsList:visitLine(Ljava.lang.String;Ljester.MutationMaker;)V | ASSIGN | 1919 | = null
jester.RealReport:totalScore()I
jester.RealConfiguration:compilationCommand()Ljava.lang.String;
jester.RealReport:changeThatCausedTestsToFail(ILjava.lang.String;Ljava.lang.String;)V
jester.tests.acceptancetests.VeryTested:mustBeEqual()Z
jester.RealMutationsList:visit(Ljester.MutationMaker;)V
jester.tests.MockClassTestTester:MockClassTestTester()V
jester.tests.MainArgumentsTest:checkThatClasspathArgumentCanAppearInAnyOrder([Ljava.lang.String;)V
jester.MainArguments:readArguments([Ljava.lang.String;)V | ASSIGN | 1809 | = null
jester.tests.TestConfiguration:TestConfiguration()V
jester.RealConfiguration:shouldReportEagerly()Z
jester.tests.MockClassSourceChanger:setThrowExceptionOnFirstChangeAttempt(Z)V
jester.RealConfiguration:isTrueProperty(Ljava.lang.String;Z)Z
jester.tests.MockClassSourceChanger:setOriginalContents(Ljava.lang.String;)V
jester.RealConfiguration:testRunningCommand()Ljava.lang.String;
jester.RealReport:score(II)I | OPERATOR | 5237 | != -> ==
jester.RealConfiguration:sourceFileExtension()Ljava.lang.String;
jester.tests.MockClassIterator:setExpectedIterateCalls(I)V
jester.tests.MockTestRunner:setTestsRunWithoutFailures(Z)V
jester.RealConfiguration:RealConfiguration(Ljava.lang.String;Ljava.io.PrintStream;)V
jester.IgnoreList:IgnoreList(Ljava.lang.String;)V
jester.RealLogger:RealLogger()V
jester.RealConfiguration:closeUIOnFinish()Z
jester.tests.IgnoreListTest:ignorePair(Ljava.lang.String;Ljava.lang.String;)Ljester.IgnorePair;
jester.MainArguments:MainArguments([Ljava.lang.String;Ljester.FileExistenceChecker;)V
jester.tests.acceptancetests.VeryTested:mustNotBeEqual()Z
jester.RealReport:changeThatDidNotCauseTestsToFail(ILjava.lang.String;Ljava.lang.String;)V
jester.RealReport:totalNumberOfChanges()I
jester.tests.functionaltests.VeryTested:mustReturnOne()I | CONSTANT | 141 | 1 -> 2
jester.tests.ReportItemTest:lineNumberForCharacterIndex(Ljava.lang.String;I)I
jester.IgnorePair:IgnorePair(Ljava.lang.String;Ljava.lang.String;)V
jester.IgnoreListDocument:calculateIgnoreRegions()V
jester.TestTester:TestTester(Ljester.TestRunner;Ljester.ClassIterator;Ljester.ClassTestTester;)V
jester.tests.MockClassSourceChanger:setOriginalContents(Ljava.lang.String;Ljester.IgnoreList;)V
jester.tests.acceptancetests.VeryTested:mustTakeCorrectBranchFor(Z)I
jester.RealReport:RealReport(Ljester.Configuration;Ljava.io.PrintWriter;Ljester.XMLReportWriter;Ljester.ProgressReporter;)V
jester.tests.ReportTest:startFile(Ljester.Report;Ljava.lang.String;Ljava.lang.String;)V
jester.RealMutationsList:RealMutationsList(Ljava.lang.String;Ljava.io.PrintStream;)V
jester.tests.acceptancetests.VeryTested:turnIntoInfiniteLoop()V
jester.tests.ReportTest:newRealReport(Ljava.io.PrintWriter;)Ljester.Report;
jester.tests.MockClassSourceChanger:MockClassSourceChanger()V
jester.IgnoreList:ignorePairs()Ljava.util.List; | CONSTANT | 432 | 0 -> -1
jester.tests.acceptancetests.VeryTested:mustReturnTrue()Z
jester.tests.MockMutationMaker:verify()V
jester.tests.MockClassIterator:iterate(Ljester.ClassTestTester;)V
jester.SourceChangeException:SourceChangeException(Ljava.lang.String;)V
jester.tests.MockTestRunner:testsRunWithoutFailures()Z
jester.tests.MockTestRunner:MockTestRunner()V
jester.tests.acceptancetests.VeryTested:mustDecrement(I)I
jester.RealConfiguration:testsPassString()Ljava.lang.String;
jester.tests.ReportTest:newRealReport()Ljester.Report;
jester.RealXMLReportWriter:RealXMLReportWriter(Ljava.io.Writer;)V
jester.tests.acceptancetests.VeryTested:mustReturnOne()I | CONSTANT | 425 | 1 -> 2
jester.RealConfiguration:stringProperty(Ljava.lang.String;Ljava.lang.String;)Ljava.lang.String;
jester.tests.MockClassIterator:verify()V
jester.tests.MockMutationMaker:addExpectedMutateValues(Ljava.lang.String;Ljava.lang.String;)V
jester.tests.MockClassIterator:MockClassIterator()V
jester.tests.acceptancetests.VeryTested:mustIncrement(I)I
jester.IgnoreListDocument:IgnoreListDocument(Ljava.lang.String;Ljester.IgnoreList;)V
jester.TestTester:run()V
jester.RealMutationsList:visit(Ljava.io.BufferedReader;Ljester.MutationMaker;)V
jester.tests.MockClassIterator:setExpectedIterate(Ljester.ClassTestTester;)V
jester.tests.MockMutationMaker:MockMutationMaker()V
jester.tests.functionaltests.VeryTested:VeryTested()V
jester.MainArguments:setTestClassFromArguments(Ljava.util.List;)V
jester.tests.ReportItemTest:newReportItem(Ljava.lang.String;Ljava.lang.String;Ljava.lang.String;I)Ljester.ReportItem;
jester.tests.MockMutationMaker:mutate(Ljava.lang.String;Ljava.lang.String;)V

#matrix (1 line per test, in order of tests): { mut_index, ' ', mut_call_count, ' ' }
41 1 20 1 
41 1 20 1 30 1 23 1 
41 1 20 1 30 1 23 1 
41 1 20 1 30 1 23 1 
41 1 20 1 30 1 23 1 
41 1 20 1 
18 1 32 1 45 1 46 1 47 1 59 1 
18 1 32 1 47 1 46 1 59 1 6 1 61 1 17 1 54 1 44 1 56 1 
41 1 20 1 58 1 31 1 65 1 
29 1 41 1 20 1 58 1 31 1 65 1 
29 1 41 1 20 1 58 1 31 1 65 1 
41 1 40 1 20 1 33 1 58 1 31 1 13 1 
41 1 40 1 20 1 33 1 58 1 31 1 13 1 
41 1 20 1 9 1 35 1 36 1 39 1 50 1 58 1 31 1 
41 1 20 1 9 1 35 1 36 1 39 1 50 1 58 1 31 1 
41 1 20 1 9 1 35 1 36 1 39 1 50 1 58 1 31 1 
41 1 20 1 9 1 35 1 36 1 39 1 58 1 31 1 
41 1 20 1 9 1 35 1 36 1 39 1 50 1 58 1 31 1 
9 1 15 1 35 1 27 1 39 1 50 1 1 1 
41 1 20 1 9 1 35 1 36 1 39 1 50 1 58 1 31 1 
41 1 20 1 9 1 35 1 36 1 39 1 58 1 31 1 
41 1 20 1 9 1 35 1 36 1 39 1 58 1 31 1 
41 1 20 1 9 1 35 1 36 1 39 1 50 1 58 1 31 1 
41 1 20 1 9 1 35 1 36 1 39 1 50 1 58 1 31 1 
26 1 45 2 9 1 35 1 3 1 39 1 50 1 
37 1 5 1 43 1 62 1 55 1 66 1 
0 1 37 1 60 1 62 1 55 1 
0 1 37 1 60 1 62 1 55 1 
8 1 24 1 64 1 
8 1 24 1 
8 1 24 1 
8 1 24 1 
8 1 24 1 
8 1 24 1 
7 1 8 1 24 1 
7 1 8 1 24 1 
7 1 8 1 24 1 
7 1 8 1 24 1 
19 1 10 1 21 1 2 1 12 2 49 1 14 1 22 1 16 1 53 4 
41 1 20 1 58 1 31 1 51 1 
41 1 40 1 20 1 33 1 58 1 31 1 13 1 
41 1 40 1 11 1 20 1 33 1 58 1 31 1 13 1 
41 1 40 1 11 1 20 1 33 1 58 1 31 1 13 1 
41 1 40 1 20 1 33 1 58 1 31 1 13 1 
41 1 40 1 20 1 33 1 58 1 31 1 13 1 
41 1 40 1 20 1 33 1 58 1 31 1 13 1 
41 1 20 1 58 1 31 1 
41 1 20 1 58 1 31 1 
41 1 20 1 58 1 31 1 
18 1 41 1 40 1 20 1 47 1 33 1 58 1 31 1 13 1 
18 1 41 1 40 1 20 1 47 1 33 1 58 1 31 1 13 1 
41 1 40 1 20 1 47 1 33 1 58 1 31 1 13 1 
41 1 40 1 20 1 47 1 33 1 58 1 31 1 13 1 
41 1 40 1 20 1 47 1 33 1 58 1 31 1 13 1 
42 1 
34 1 
34 1 
48 1 
4 1 
57 1 
38 1 
52 1 
25 1 
63 1 28 1 
