#tests: test_name, ' ', status(PASSED | FAILED | ERROR), ' ', [exception, { trace_mut_index | '(', { alternative_trace_mut_index, ',' }, ')' }]
jester.tests.IgnoreListTest:testReadingEmptyIgnoreValues()V ERROR java.lang.StringIndexOutOfBoundsException 57 
jester.tests.IgnoreListTest:testReadingIgnoreValues()V FAILED junit.framework.AssertionFailedError 
jester.tests.IgnoreListTest:testReadingIgnoreValuesEndOfLineSpecialCase()V FAILED junit.framework.AssertionFailedError 
jester.tests.IgnoreListTest:testReadingMultipleIgnoreValues()V FAILED junit.framework.AssertionFailedError 
jester.tests.IgnoreListTest:testReadingMultipleIgnoreBlankLines()V ERROR java.lang.StringIndexOutOfBoundsException 57 
jester.tests.IgnoreListTest:testReadingIncorrectFile()V PASSED
jester.tests.TestTesterTest:testTestsMustStartOffWorking()V PASSED
jester.tests.TestTesterTest:testThatTestRunByIterator()V PASSED
jester.tests.ReportItemTest:testXmlEncoding()V ERROR java.lang.StringIndexOutOfBoundsException 57 11 25 
jester.tests.ReportItemTest:testLineNumberOneLine()V ERROR java.lang.StringIndexOutOfBoundsException 57 11 25 58 
jester.tests.ReportItemTest:testLineNumberSomeLines()V ERROR java.lang.StringIndexOutOfBoundsException 57 11 25 58 
jester.tests.TwoStringSwappingCodeManglerTest:testCouldntMangle()V ERROR java.lang.StringIndexOutOfBoundsException 57 11 (3,27) (3,27) 
jester.tests.TwoStringSwappingCodeManglerTest:testSimpleMangle1()V ERROR java.lang.StringIndexOutOfBoundsException 57 11 (3,27) (3,27) 
jester.tests.ReportTest:testBottomScore()V ERROR java.lang.StringIndexOutOfBoundsException 57 11 63 
jester.tests.ReportTest:testCantFinishDifferentFile()V ERROR java.lang.StringIndexOutOfBoundsException 57 11 63 
jester.tests.ReportTest:testCantStartTwoFiles()V ERROR java.lang.StringIndexOutOfBoundsException 57 11 63 
jester.tests.ReportTest:testChangesToSameFileOrderedByIndex()V ERROR java.lang.StringIndexOutOfBoundsException 57 11 63 
jester.tests.ReportTest:testFileScoreSeparateFromTotalScore()V ERROR java.lang.StringIndexOutOfBoundsException 57 11 63 
jester.tests.ReportTest:testInitialScore()V ERROR java.lang.ArithmeticException 32 50 
jester.tests.ReportTest:testMediumScore()V ERROR java.lang.StringIndexOutOfBoundsException 57 11 63 
jester.tests.ReportTest:testThatChangeThatCausedTestsToFailIsNotIncluded()V ERROR java.lang.StringIndexOutOfBoundsException 57 11 63 
jester.tests.ReportTest:testThatChangeThatDidNotCauseTestsToFailIsIncluded()V ERROR java.lang.StringIndexOutOfBoundsException 57 11 63 
jester.tests.ReportTest:testTopScore()V ERROR java.lang.StringIndexOutOfBoundsException 57 11 63 
jester.tests.ReportTest:testTotalScoreForManyFiles()V ERROR java.lang.StringIndexOutOfBoundsException 57 11 63 
jester.tests.ReportTest:testFileMustBeStarted()V PASSED
jester.tests.MutationsListTest:testDefaults()V PASSED
jester.tests.MutationsListTest:testReadMutations()V ERROR java.lang.ArrayIndexOutOfBoundsException 48 (39,44) 
jester.tests.MutationsListTest:testReadMutationsIgnoreBogusLinesIncludingBlankOnes()V ERROR java.lang.ArrayIndexOutOfBoundsException 48 (39,44) 
jester.tests.MainArgumentsTest:testMissingArgumentsCauseExceptionToBeThrown()V ERROR java.lang.ArrayIndexOutOfBoundsException 6 
jester.tests.MainArgumentsTest:testMissingFileCauseExceptionToBeThrown()V ERROR java.lang.ArrayIndexOutOfBoundsException 6 
jester.tests.MainArgumentsTest:testMandatoryArguments()V ERROR java.lang.ArrayIndexOutOfBoundsException 6 
jester.tests.MainArgumentsTest:testThatMultipleMutationDirectoriesOrFilesAreAllowed()V ERROR java.lang.ArrayIndexOutOfBoundsException 6 
jester.tests.MainArgumentsTest:testClasspathArgument()V ERROR java.lang.ArrayIndexOutOfBoundsException 6 
jester.tests.MainArgumentsTest:testThatOneCanSpecifyOptionToNotShowProgressDialog()V ERROR java.lang.ArrayIndexOutOfBoundsException 6 
jester.tests.MainArgumentsTest:testThatClasspathArgumentCanAppearFirst()V ERROR java.lang.ArrayIndexOutOfBoundsException 6 41 
jester.tests.MainArgumentsTest:testThatClasspathArgumentCanAppearSecond()V ERROR java.lang.ArrayIndexOutOfBoundsException 6 41 
jester.tests.MainArgumentsTest:testThatClasspathArgumentCanAppearLast()V ERROR java.lang.ArrayIndexOutOfBoundsException 6 41 
jester.tests.MainArgumentsTest:testThatClasspathArgumentCanAppearInMiddleOfDirectoriesBecauseThereIsNoHarmInIt()V ERROR java.lang.ArrayIndexOutOfBoundsException 6 41 
jester.tests.ConfigurationTest:testDefaults()V ERROR java.lang.NullPointerException 15 36 5 
jester.tests.XMLReportWriterTest:testWritingChangesAsXMLHasBothGivenAndAbsoluteFilePaths()V ERROR java.lang.StringIndexOutOfBoundsException 57 11 
jester.tests.SimpleIntCodeManglerTest:testCouldntMangle()V ERROR java.lang.StringIndexOutOfBoundsException 57 11 (3,27) (3,27) 
jester.tests.SimpleIntCodeManglerTest:testContinuesIfChangeFails()V ERROR java.lang.StringIndexOutOfBoundsException 57 11 (3,27) (3,27) 
jester.tests.SimpleIntCodeManglerTest:testContinuesIfChangeSucceeds()V ERROR java.lang.StringIndexOutOfBoundsException 57 11 (3,27) (3,27) 
jester.tests.SimpleIntCodeManglerTest:testDoesntTryToChangeBadlyNamedMethodCalls()V ERROR java.lang.StringIndexOutOfBoundsException 57 11 (3,27) (3,27) 
jester.tests.SimpleIntCodeManglerTest:testSimpleMangle()V ERROR java.lang.StringIndexOutOfBoundsException 57 11 (3,27) (3,27) 
jester.tests.SimpleIntCodeManglerTest:testBug955882()V ERROR java.lang.StringIndexOutOfBoundsException 57 11 (3,27) (3,27) 
jester.tests.IgnoreListDocumentTest:testTextIsIgnored()V FAILED junit.framework.AssertionFailedError 
jester.tests.IgnoreListDocumentTest:testTextIsIgnoredForMultipleIgnores()V FAILED junit.framework.AssertionFailedError 
jester.tests.IgnoreListDocumentTest:testCharAtReturnsSpaceInsideIgnoreRegion()V FAILED junit.framework.AssertionFailedError 
jester.tests.ClassTestTesterTest:testThatChangeThatFailsTestsIsNotRecorded()V ERROR java.lang.StringIndexOutOfBoundsException 57 11 (3,27) (3,27) 
jester.tests.ClassTestTesterTest:testThatChangeThatPassesTestsIsRecorded()V ERROR java.lang.StringIndexOutOfBoundsException 57 11 (3,27) (3,27) 
jester.tests.ClassTestTesterTest:testThatOriginalContentsAreNotWrittenBackIfNoChanges()V ERROR java.lang.StringIndexOutOfBoundsException 57 11 (3,27) (3,27) 
jester.tests.ClassTestTesterTest:testThatOriginalContentsAreWrittenBack()V ERROR java.lang.StringIndexOutOfBoundsException 57 11 (3,27) (3,27) 
jester.tests.ClassTestTesterTest:testThatMutationListIsUsed()V ERROR java.lang.StringIndexOutOfBoundsException 57 11 (3,27) (3,27) 
jester.tests.acceptancetests.VeryTestedTest:testBoolean()V PASSED
jester.tests.acceptancetests.VeryTestedTest:testConditionFalseBranch()V PASSED
jester.tests.acceptancetests.VeryTestedTest:testConditionTrueBranch()V PASSED
jester.tests.acceptancetests.VeryTestedTest:testDecrement()V PASSED
jester.tests.acceptancetests.VeryTestedTest:testEqual()V PASSED
jester.tests.acceptancetests.VeryTestedTest:testIncrement()V PASSED
jester.tests.acceptancetests.VeryTestedTest:testInfiniteLoop()V ERROR java.lang.ArithmeticException 49 
jester.tests.acceptancetests.VeryTestedTest:testInt()V FAILED junit.framework.AssertionFailedError 
jester.tests.acceptancetests.VeryTestedTest:testNotEqual()V PASSED
jester.tests.functionaltests.VeryTestedTest:testNumber()V PASSED

#uuts: uut_name, [ '|', mutator_class, '|', change_position_in_file_buffer, '|', change ]
jester.tests.TestConfiguration:TestConfiguration()V
jester.RealConfiguration:compilationCommand()Ljava.lang.String;
jester.TestTester:run()V
jester.tests.MockClassSourceChanger:setOriginalContents(Ljava.lang.String;)V
jester.tests.MockTestRunner:testsRunWithoutFailures()Z
jester.RealConfiguration:shouldReportEagerly()Z
jester.MainArguments:readArguments([Ljava.lang.String;)V | CONSTANT | 1882 | 0 -> -1
jester.tests.MockMutationMaker:verify()V
jester.tests.acceptancetests.VeryTested:mustIncrement(I)I
jester.tests.MockClassIterator:setExpectedIterateCalls(I)V
jester.IgnoreListDocument:IgnoreListDocument(Ljava.lang.String;Ljester.IgnoreList;)V
jester.IgnoreListDocument:calculateIgnoreRegions()V
jester.IgnoreListDocument:charAt(I)C
jester.tests.ReportTest:newRealReport()Ljester.Report;
jester.tests.functionaltests.VeryTested:VeryTested()V
jester.RealConfiguration:isTrue(Ljava.lang.String;)Z
jester.tests.MockMutationMaker:mutate(Ljava.lang.String;Ljava.lang.String;)V
jester.RealReport:totalScore()I
jester.tests.MockClassIterator:verify()V
jester.tests.MockClassTestTester:MockClassTestTester()V
jester.RealMutationsList:RealMutationsList(Ljava.lang.String;Ljava.io.PrintStream;)V
jester.tests.acceptancetests.VeryTested:mustTakeCorrectBranchFor(Z)I
jester.IgnoreList:IgnoreList(Ljava.lang.String;)V
jester.RealReport:changeThatDidNotCauseTestsToFail(ILjava.lang.String;Ljava.lang.String;)V
jester.IgnorePair:IgnorePair(Ljava.lang.String;Ljava.lang.String;)V
jester.tests.ReportItemTest:newReportItem(Ljava.lang.String;Ljava.lang.String;Ljava.lang.String;I)Ljester.ReportItem;
jester.tests.MockClassIterator:setExpectedIterate(Ljester.ClassTestTester;)V
jester.tests.MockClassSourceChanger:setOriginalContents(Ljava.lang.String;Ljester.IgnoreList;)V
jester.tests.acceptancetests.VeryTested:mustReturnTrue()Z
jester.tests.acceptancetests.VeryTested:mustDecrement(I)I
jester.RealReport:changeThatCausedTestsToFail(ILjava.lang.String;Ljava.lang.String;)V
jester.tests.MockMutationMaker:MockMutationMaker()V
jester.RealReport:fileNumberOfChanges()I | OPERATOR | 3908 | + -> /
jester.tests.acceptancetests.VeryTested:mustBeEqual()Z
jester.tests.MockTestRunner:setTestsRunWithoutFailures(Z)V
jester.tests.MockTestRunner:MockTestRunner()V
jester.RealConfiguration:isTrueProperty(Ljava.lang.String;Z)Z | STATEMENT | 1322 | stmt -> ;
jester.tests.MockClassSourceChanger:setThrowExceptionOnFirstChangeAttempt(Z)V
jester.tests.MockClassSourceChanger:MockClassSourceChanger()V
jester.RealMutationsList:visit(Ljava.io.BufferedReader;Ljester.MutationMaker;)V
jester.SourceChangeException:SourceChangeException(Ljava.lang.String;)V
jester.tests.MainArgumentsTest:checkThatClasspathArgumentCanAppearInAnyOrder([Ljava.lang.String;)V
jester.RealConfiguration:stringProperty(Ljava.lang.String;Ljava.lang.String;)Ljava.lang.String;
jester.RealConfiguration:RealConfiguration(Ljava.lang.String;Ljava.io.PrintStream;)V
jester.RealMutationsList:visit(Ljester.MutationMaker;)V
jester.tests.acceptancetests.VeryTested:mustReturnOne()I | CONSTANT | 425 | 1 -> 0
jester.RealReport:RealReport(Ljester.Configuration;Ljava.io.PrintWriter;Ljester.XMLReportWriter;Ljester.ProgressReporter;)V
jester.RealReport:score(II)I
jester.RealMutationsList:visitLine(Ljava.lang.String;Ljester.MutationMaker;)V | CONSTANT | 2060 | 2 -> 1
jester.tests.acceptancetests.VeryTested:turnIntoInfiniteLoop()V | OPERATOR | 712 | += -> /=
jester.RealReport:fileScore()I
jester.TestTester:TestTester(Ljester.TestRunner;Ljester.ClassIterator;Ljester.ClassTestTester;)V
jester.tests.MockClassIterator:iterate(Ljester.ClassTestTester;)V
jester.tests.MockMutationMaker:addExpectedMutateValues(Ljava.lang.String;Ljava.lang.String;)V
jester.RealReport:totalNumberOfChanges()I
jester.RealLogger:RealLogger()V
jester.tests.ReportTest:newRealReport(Ljava.io.PrintWriter;)Ljester.Report;
jester.IgnoreList:ignorePairs()Ljava.util.List; | OPERATOR | 496 | == -> !=
jester.tests.ReportItemTest:lineNumberForCharacterIndex(Ljava.lang.String;I)I
jester.IgnorePair:toString()Ljava.lang.String;
jester.tests.functionaltests.VeryTested:mustReturnOne()I
jester.tests.MockClassIterator:MockClassIterator()V
jester.IgnoreListDocument:isInIgnoreRegion(I)Z
jester.tests.ReportTest:startFile(Ljester.Report;Ljava.lang.String;Ljava.lang.String;)V
jester.tests.acceptancetests.VeryTested:mustNotBeEqual()Z
jester.RealXMLReportWriter:RealXMLReportWriter(Ljava.io.Writer;)V
jester.tests.IgnoreListTest:ignorePair(Ljava.lang.String;Ljava.lang.String;)Ljester.IgnorePair;
jester.MainArguments:MainArguments([Ljava.lang.String;Ljester.FileExistenceChecker;)V
jester.IgnoreListDocument:indexOf(Ljava.lang.String;I)I
jester.RealReport:fileNumberOfChangesThatDidNotCauseTestsToFail()I

#matrix (1 line per test, in order of tests): { mut_index, ' ', mut_call_count, ' ' }
22 1 57 1 
59 1 22 1 66 1 57 1 24 1 
59 1 22 1 66 1 57 1 24 1 
59 1 22 1 66 1 57 1 24 1 
22 1 66 1 57 1 24 1 
22 1 57 1 
34 1 35 1 2 1 4 1 51 1 40 1 
9 1 19 1 35 1 34 1 2 1 4 1 26 1 61 1 51 1 52 1 18 1 
25 1 11 1 10 1 22 1 57 1 
58 1 25 1 11 1 10 1 22 1 57 1 
58 1 25 1 11 1 10 1 22 1 57 1 
38 1 27 1 11 1 10 1 22 1 3 1 57 1 
38 1 27 1 11 1 10 1 22 1 3 1 57 1 
46 1 0 1 11 1 10 1 22 1 13 1 57 1 63 1 56 1 
46 1 0 1 11 1 10 1 22 1 13 1 57 1 63 1 56 1 
46 1 0 1 11 1 10 1 22 1 13 1 57 1 63 1 56 1 
46 1 0 1 11 1 10 1 22 1 57 1 63 1 56 1 
46 1 0 1 11 1 10 1 22 1 13 1 57 1 63 1 56 1 
32 1 0 1 13 1 56 1 46 1 47 1 50 1 17 1 69 1 54 1 
46 1 0 1 11 1 10 1 22 1 13 1 57 1 63 1 56 1 
46 1 0 1 11 1 10 1 22 1 57 1 63 1 56 1 
46 1 0 1 11 1 10 1 22 1 57 1 63 1 56 1 
46 1 0 1 11 1 10 1 22 1 13 1 57 1 63 1 56 1 
46 1 0 1 11 1 10 1 22 1 13 1 57 1 63 1 56 1 
46 1 0 1 23 1 13 1 40 2 30 1 56 1 
31 1 20 1 44 1 7 1 16 1 53 1 
31 1 20 1 48 1 39 1 53 1 
31 1 20 1 48 1 39 1 53 1 
6 1 67 1 
6 1 67 1 
6 1 67 1 
6 1 67 1 
6 1 67 1 
6 1 67 1 
41 1 6 1 67 1 
41 1 6 1 67 1 
41 1 6 1 67 1 
41 1 6 1 67 1 
55 1 42 1 43 1 36 1 1 1 15 1 5 1 
11 1 65 1 10 1 22 1 57 1 
38 1 27 1 11 1 10 1 22 1 3 1 57 1 
37 1 38 1 27 1 11 1 10 1 22 1 3 1 57 1 
37 1 38 1 27 1 11 1 10 1 22 1 3 1 57 1 
38 1 27 1 11 1 10 1 22 1 3 1 57 1 
38 1 27 1 11 1 10 1 22 1 3 1 57 1 
38 1 27 1 11 1 10 1 22 1 3 1 57 1 
22 1 10 1 57 1 11 1 68 1 62 1 
11 1 10 1 22 1 68 1 62 1 57 1 
12 1 22 1 10 1 57 1 11 1 62 1 
38 1 27 1 34 1 35 1 11 1 10 1 22 1 3 1 57 1 
38 1 27 1 34 1 35 1 11 1 10 1 22 1 3 1 57 1 
38 1 27 1 35 1 11 1 10 1 22 1 3 1 57 1 
38 1 27 1 35 1 11 1 10 1 22 1 3 1 57 1 
38 1 27 1 35 1 11 1 10 1 22 1 3 1 57 1 
28 1 
21 1 
21 1 
29 1 
33 1 
8 1 
49 1 
45 1 
64 1 
14 1 60 1 
