#tests: test_name, ' ', status(PASSED | FAILED | ERROR), ' ', [exception, { trace_mut_index | '(', { alternative_trace_mut_index, ',' }, ')' }]
jester.tests.IgnoreListTest:testReadingEmptyIgnoreValues()V ERROR java.lang.ArrayIndexOutOfBoundsException 22 
jester.tests.IgnoreListTest:testReadingIgnoreValues()V ERROR java.lang.ArrayIndexOutOfBoundsException 22 
jester.tests.IgnoreListTest:testReadingIgnoreValuesEndOfLineSpecialCase()V ERROR java.lang.ArrayIndexOutOfBoundsException 22 
jester.tests.IgnoreListTest:testReadingMultipleIgnoreValues()V ERROR java.lang.ArrayIndexOutOfBoundsException 22 
jester.tests.IgnoreListTest:testReadingMultipleIgnoreBlankLines()V ERROR java.lang.ArrayIndexOutOfBoundsException 22 
jester.tests.IgnoreListTest:testReadingIncorrectFile()V ERROR java.lang.ArrayIndexOutOfBoundsException 22 
jester.tests.TestTesterTest:testTestsMustStartOffWorking()V PASSED
jester.tests.TestTesterTest:testThatTestRunByIterator()V PASSED
jester.tests.ReportItemTest:testXmlEncoding()V ERROR java.lang.ArrayIndexOutOfBoundsException 22 61 33 
jester.tests.ReportItemTest:testLineNumberOneLine()V ERROR java.lang.ArrayIndexOutOfBoundsException 22 61 33 19 
jester.tests.ReportItemTest:testLineNumberSomeLines()V ERROR java.lang.ArrayIndexOutOfBoundsException 22 61 33 19 
jester.tests.TwoStringSwappingCodeManglerTest:testCouldntMangle()V ERROR java.lang.ArrayIndexOutOfBoundsException 22 61 (38,47) (38,47) 
jester.tests.TwoStringSwappingCodeManglerTest:testSimpleMangle1()V ERROR java.lang.ArrayIndexOutOfBoundsException 22 61 (38,47) (38,47) 
jester.tests.ReportTest:testBottomScore()V ERROR java.lang.ArrayIndexOutOfBoundsException 22 61 54 
jester.tests.ReportTest:testCantFinishDifferentFile()V ERROR java.lang.ArrayIndexOutOfBoundsException 22 61 54 
jester.tests.ReportTest:testCantStartTwoFiles()V ERROR java.lang.ArrayIndexOutOfBoundsException 22 61 54 
jester.tests.ReportTest:testChangesToSameFileOrderedByIndex()V ERROR java.lang.ArrayIndexOutOfBoundsException 22 61 54 
jester.tests.ReportTest:testFileScoreSeparateFromTotalScore()V ERROR java.lang.ArrayIndexOutOfBoundsException 22 61 54 
jester.tests.ReportTest:testInitialScore()V ERROR java.lang.ArrayIndexOutOfBoundsException 22 61 54 
jester.tests.ReportTest:testMediumScore()V ERROR java.lang.ArrayIndexOutOfBoundsException 22 61 54 
jester.tests.ReportTest:testThatChangeThatCausedTestsToFailIsNotIncluded()V ERROR java.lang.ArrayIndexOutOfBoundsException 22 61 54 
jester.tests.ReportTest:testThatChangeThatDidNotCauseTestsToFailIsIncluded()V ERROR java.lang.ArrayIndexOutOfBoundsException 22 61 54 
jester.tests.ReportTest:testTopScore()V ERROR java.lang.ArrayIndexOutOfBoundsException 22 61 54 
jester.tests.ReportTest:testTotalScoreForManyFiles()V ERROR java.lang.ArrayIndexOutOfBoundsException 22 61 54 
jester.tests.ReportTest:testFileMustBeStarted()V PASSED
jester.tests.MutationsListTest:testDefaults()V PASSED
jester.tests.MutationsListTest:testReadMutations()V FAILED junit.framework.AssertionFailedError 29 
jester.tests.MutationsListTest:testReadMutationsIgnoreBogusLinesIncludingBlankOnes()V FAILED junit.framework.AssertionFailedError 29 
jester.tests.MainArgumentsTest:testMissingArgumentsCauseExceptionToBeThrown()V PASSED
jester.tests.MainArgumentsTest:testMissingFileCauseExceptionToBeThrown()V PASSED
jester.tests.MainArgumentsTest:testMandatoryArguments()V ERROR junit.framework.ComparisonFailure 
jester.tests.MainArgumentsTest:testThatMultipleMutationDirectoriesOrFilesAreAllowed()V ERROR junit.framework.ComparisonFailure 
jester.tests.MainArgumentsTest:testClasspathArgument()V ERROR junit.framework.ComparisonFailure 
jester.tests.MainArgumentsTest:testThatOneCanSpecifyOptionToNotShowProgressDialog()V PASSED
jester.tests.MainArgumentsTest:testThatClasspathArgumentCanAppearFirst()V ERROR junit.framework.ComparisonFailure 43 
jester.tests.MainArgumentsTest:testThatClasspathArgumentCanAppearSecond()V ERROR junit.framework.ComparisonFailure 43 
jester.tests.MainArgumentsTest:testThatClasspathArgumentCanAppearLast()V ERROR junit.framework.ComparisonFailure 43 
jester.tests.MainArgumentsTest:testThatClasspathArgumentCanAppearInMiddleOfDirectoriesBecauseThereIsNoHarmInIt()V ERROR junit.framework.ComparisonFailure 43 
jester.tests.ConfigurationTest:testDefaults()V ERROR junit.framework.ComparisonFailure 
jester.tests.XMLReportWriterTest:testWritingChangesAsXMLHasBothGivenAndAbsoluteFilePaths()V ERROR java.lang.ArrayIndexOutOfBoundsException 22 61 
jester.tests.SimpleIntCodeManglerTest:testCouldntMangle()V ERROR java.lang.ArrayIndexOutOfBoundsException 22 61 (38,47) (38,47) 
jester.tests.SimpleIntCodeManglerTest:testContinuesIfChangeFails()V ERROR java.lang.ArrayIndexOutOfBoundsException 22 61 (38,47) (38,47) 
jester.tests.SimpleIntCodeManglerTest:testContinuesIfChangeSucceeds()V ERROR java.lang.ArrayIndexOutOfBoundsException 22 61 (38,47) (38,47) 
jester.tests.SimpleIntCodeManglerTest:testDoesntTryToChangeBadlyNamedMethodCalls()V ERROR java.lang.ArrayIndexOutOfBoundsException 22 61 (38,47) (38,47) 
jester.tests.SimpleIntCodeManglerTest:testSimpleMangle()V ERROR java.lang.ArrayIndexOutOfBoundsException 22 61 (38,47) (38,47) 
jester.tests.SimpleIntCodeManglerTest:testBug955882()V ERROR java.lang.ArrayIndexOutOfBoundsException 22 61 (38,47) (38,47) 
jester.tests.IgnoreListDocumentTest:testTextIsIgnored()V ERROR java.lang.ArrayIndexOutOfBoundsException 22 61 
jester.tests.IgnoreListDocumentTest:testTextIsIgnoredForMultipleIgnores()V ERROR java.lang.ArrayIndexOutOfBoundsException 22 61 
jester.tests.IgnoreListDocumentTest:testCharAtReturnsSpaceInsideIgnoreRegion()V ERROR java.lang.ArrayIndexOutOfBoundsException 22 61 
jester.tests.ClassTestTesterTest:testThatChangeThatFailsTestsIsNotRecorded()V ERROR java.lang.ArrayIndexOutOfBoundsException 22 61 (38,47) (38,47) 
jester.tests.ClassTestTesterTest:testThatChangeThatPassesTestsIsRecorded()V ERROR java.lang.ArrayIndexOutOfBoundsException 22 61 (38,47) (38,47) 
jester.tests.ClassTestTesterTest:testThatOriginalContentsAreNotWrittenBackIfNoChanges()V ERROR java.lang.ArrayIndexOutOfBoundsException 22 61 (38,47) (38,47) 
jester.tests.ClassTestTesterTest:testThatOriginalContentsAreWrittenBack()V ERROR java.lang.ArrayIndexOutOfBoundsException 22 61 (38,47) (38,47) 
jester.tests.ClassTestTesterTest:testThatMutationListIsUsed()V ERROR java.lang.ArrayIndexOutOfBoundsException 22 61 (38,47) (38,47) 
jester.tests.acceptancetests.VeryTestedTest:testBoolean()V PASSED
jester.tests.acceptancetests.VeryTestedTest:testConditionFalseBranch()V PASSED
jester.tests.acceptancetests.VeryTestedTest:testConditionTrueBranch()V PASSED
jester.tests.acceptancetests.VeryTestedTest:testDecrement()V PASSED
jester.tests.acceptancetests.VeryTestedTest:testEqual()V PASSED
jester.tests.acceptancetests.VeryTestedTest:testIncrement()V PASSED
jester.tests.acceptancetests.VeryTestedTest:testInfiniteLoop()V PASSED
jester.tests.acceptancetests.VeryTestedTest:testInt()V PASSED
jester.tests.acceptancetests.VeryTestedTest:testNotEqual()V PASSED
jester.tests.functionaltests.VeryTestedTest:testNumber()V PASSED

#uuts: uut_name, [ '|', mutator_class, '|', change_position_in_file_buffer, '|', change ]
jester.RealReport:totalNumberOfChanges()I
jester.RealReport:changeThatDidNotCauseTestsToFail(ILjava.lang.String;Ljava.lang.String;)V | CONDITION | 3454 | if (x) -> if (!x)
jester.RealReport:RealReport(Ljester.Configuration;Ljava.io.PrintWriter;Ljester.XMLReportWriter;Ljester.ProgressReporter;)V
jester.JesterArgumentException:JesterArgumentException(Ljava.lang.String;)V
jester.tests.IgnoreListTest:ignorePair(Ljava.lang.String;Ljava.lang.String;)Ljester.IgnorePair;
jester.MainArguments:getTestClassName()Ljava.lang.String; | RETURN | 1596 | return null
jester.tests.acceptancetests.VeryTested:mustTakeCorrectBranchFor(Z)I
jester.tests.MockClassTestTester:MockClassTestTester()V
jester.RealReport:score(II)I | OPERATOR | 5280 | / -> >>>
jester.tests.MockClassSourceChanger:setThrowExceptionOnFirstChangeAttempt(Z)V
jester.tests.acceptancetests.VeryTested:turnIntoInfiniteLoop()V
jester.MainArguments:readArguments([Ljava.lang.String;)V
jester.RealConfiguration:compilationCommand()Ljava.lang.String;
jester.RealConfiguration:stringProperty(Ljava.lang.String;Ljava.lang.String;)Ljava.lang.String; | STATEMENT | 1781 | stmt -> ;
jester.tests.ReportTest:newRealReport(Ljava.io.PrintWriter;)Ljester.Report;
jester.tests.MockClassIterator:verify()V
jester.MainArguments:checkDirectoriesOrFilesToMutateExist()V
jester.MainArguments:setDirectoriesOrFilesToMutateFromArguments(Ljava.util.List;)V
jester.RealReport:fileNumberOfChanges()I
jester.tests.ReportItemTest:lineNumberForCharacterIndex(Ljava.lang.String;I)I
jester.tests.MockClassIterator:MockClassIterator()V
jester.tests.MockTestRunner:testsRunWithoutFailures()Z
jester.IgnoreList:ignorePairs()Ljava.util.List; | CONSTANT | 432 | 0 -> -1
jester.tests.MockClassIterator:setExpectedIterate(Ljester.ClassTestTester;)V
jester.RealMutationsList:visit(Ljester.MutationMaker;)V
jester.IgnoreList:IgnoreList(Ljava.lang.String;)V
jester.TestTester:TestTester(Ljester.TestRunner;Ljester.ClassIterator;Ljester.ClassTestTester;)V
jester.TestTester:run()V
jester.RealReport:changeThatCausedTestsToFail(ILjava.lang.String;Ljava.lang.String;)V
jester.tests.MockMutationMaker:verify()V
jester.SourceChangeException:SourceChangeException(Ljava.lang.String;)V
jester.RealConfiguration:RealConfiguration(Ljava.lang.String;Ljava.io.PrintStream;)V
jester.tests.acceptancetests.VeryTested:mustBeEqual()Z
jester.tests.ReportItemTest:newReportItem(Ljava.lang.String;Ljava.lang.String;Ljava.lang.String;I)Ljester.ReportItem;
jester.IgnoreListDocument:IgnoreListDocument(Ljava.lang.String;Ljester.IgnoreList;)V
jester.tests.functionaltests.VeryTested:mustReturnOne()I
jester.tests.MockClassIterator:setExpectedIterateCalls(I)V
jester.tests.MockTestRunner:setTestsRunWithoutFailures(Z)V
jester.tests.MockClassSourceChanger:setOriginalContents(Ljava.lang.String;Ljester.IgnoreList;)V
jester.MainArguments:setOptionalShouldShowProgressDialogFromArguments(Ljava.util.List;)V
jester.MainArguments:MainArguments([Ljava.lang.String;Ljester.FileExistenceChecker;)V
jester.RealReport:fileNumberOfChangesThatDidNotCauseTestsToFail()I
jester.tests.acceptancetests.VeryTested:mustReturnOne()I
jester.tests.MainArgumentsTest:checkThatClasspathArgumentCanAppearInAnyOrder([Ljava.lang.String;)V
jester.tests.acceptancetests.VeryTested:mustIncrement(I)I
jester.tests.TestConfiguration:TestConfiguration()V
jester.tests.MainArgumentsTest.2:exists(Ljava.lang.String;)Z
jester.tests.MockClassSourceChanger:setOriginalContents(Ljava.lang.String;)V
jester.tests.MainArgumentsTest.1:exists(Ljava.lang.String;)Z
jester.tests.functionaltests.VeryTested:VeryTested()V
jester.IgnorePair:IgnorePair(Ljava.lang.String;Ljava.lang.String;)V
jester.tests.MockMutationMaker:addExpectedMutateValues(Ljava.lang.String;Ljava.lang.String;)V
jester.MainArguments:setOptionalClasspathFromArguments(Ljava.util.List;)V
jester.RealMutationsList:visitLine(Ljava.lang.String;Ljester.MutationMaker;)V | CONSTANT | 1937 | 1 -> 0
jester.tests.ReportTest:startFile(Ljester.Report;Ljava.lang.String;Ljava.lang.String;)V
jester.tests.MockClassSourceChanger:MockClassSourceChanger()V
jester.tests.ReportTest:newRealReport()Ljester.Report;
jester.MainArguments:shouldShowProgressDialog()Z
jester.RealReport:fileScore()I
jester.tests.MockMutationMaker:mutate(Ljava.lang.String;Ljava.lang.String;)V
jester.tests.MockClassIterator:iterate(Ljester.ClassTestTester;)V
jester.IgnoreListDocument:calculateIgnoreRegions()V
jester.tests.acceptancetests.VeryTested:mustNotBeEqual()Z
jester.tests.acceptancetests.VeryTested:mustReturnTrue()Z
jester.RealLogger:RealLogger()V
jester.tests.acceptancetests.VeryTested:mustDecrement(I)I
jester.RealMutationsList:visit(Ljava.io.BufferedReader;Ljester.MutationMaker;)V
jester.RealReport:totalScore()I
jester.RealXMLReportWriter:RealXMLReportWriter(Ljava.io.Writer;)V
jester.RealMutationsList:RealMutationsList(Ljava.lang.String;Ljava.io.PrintStream;)V
jester.tests.MockTestRunner:MockTestRunner()V
jester.tests.MockMutationMaker:MockMutationMaker()V
jester.MainArguments:setTestClassFromArguments(Ljava.util.List;)V

#matrix (1 line per test, in order of tests): { mut_index, ' ', mut_call_count, ' ' }
22 1 25 1 
4 1 22 1 25 1 50 1 
4 1 22 1 25 1 50 1 
4 1 22 1 25 1 50 1 
4 1 22 1 25 1 50 1 
22 1 25 1 
70 1 30 1 21 1 26 1 27 1 37 1 
15 1 21 1 23 1 26 1 60 1 27 1 70 1 36 1 37 1 7 1 20 1 
33 1 34 1 22 1 25 1 61 1 
33 1 34 1 22 1 25 1 61 1 19 1 
33 1 34 1 22 1 25 1 61 1 19 1 
38 1 34 1 22 1 25 1 55 1 47 1 61 1 
38 1 34 1 22 1 25 1 55 1 47 1 61 1 
2 1 34 1 54 1 22 1 25 1 45 1 14 1 61 1 56 1 
2 1 34 1 54 1 22 1 25 1 45 1 14 1 61 1 56 1 
2 1 34 1 54 1 22 1 25 1 45 1 14 1 61 1 56 1 
2 1 34 1 54 1 22 1 25 1 45 1 14 1 61 1 
2 1 34 1 54 1 22 1 25 1 45 1 14 1 61 1 56 1 
8 2 41 2 67 1 58 1 22 1 0 1 25 1 45 1 61 1 2 1 18 1 34 1 54 1 14 1 56 1 
2 1 34 1 54 1 22 1 25 1 45 1 14 1 61 1 56 1 
2 1 34 1 54 1 22 1 25 1 45 1 14 1 61 1 
2 1 34 1 54 1 22 1 25 1 45 1 14 1 61 1 
2 1 34 1 54 1 22 1 25 1 45 1 14 1 61 1 56 1 
2 1 34 1 54 1 22 1 25 1 45 1 14 1 61 1 56 1 
2 1 30 2 1 1 45 1 14 1 28 1 56 1 
59 1 24 1 69 1 51 1 29 1 71 1 
66 1 69 1 51 1 29 1 53 1 71 1 
66 1 69 1 51 1 29 1 53 1 71 1 
3 2 40 1 72 1 11 1 17 1 
3 1 39 1 40 1 16 1 46 1 72 1 11 1 52 1 17 1 
39 1 40 1 16 1 11 1 52 1 17 1 5 1 72 1 48 1 
39 1 40 1 16 1 11 1 52 1 17 1 5 1 72 1 48 1 
39 1 40 1 16 1 11 1 52 1 17 1 5 1 72 1 48 1 
39 1 40 1 16 1 11 1 52 1 17 1 72 1 48 1 57 1 
39 1 40 1 16 1 43 1 11 1 52 1 17 1 5 1 72 1 48 1 
39 1 40 1 16 1 43 1 11 1 52 1 17 1 5 1 72 1 48 1 
39 1 40 1 16 1 43 1 11 1 52 1 17 1 5 1 72 1 48 1 
39 1 40 1 16 1 43 1 11 1 52 1 17 1 5 1 72 1 48 1 
31 1 64 1 12 1 13 1 
34 1 22 1 68 1 25 1 61 1 
38 1 34 1 22 1 25 1 55 1 47 1 61 1 
9 1 38 1 34 1 22 1 25 1 55 1 47 1 61 1 
9 1 38 1 34 1 22 1 25 1 55 1 47 1 61 1 
38 1 34 1 22 1 25 1 55 1 47 1 61 1 
38 1 34 1 22 1 25 1 55 1 47 1 61 1 
38 1 34 1 22 1 25 1 55 1 47 1 61 1 
34 1 22 1 25 1 61 1 
34 1 22 1 25 1 61 1 
34 1 22 1 25 1 61 1 
70 1 38 1 34 1 22 1 25 1 55 1 47 1 37 1 61 1 
70 1 38 1 34 1 22 1 25 1 55 1 47 1 37 1 61 1 
70 1 38 1 34 1 22 1 25 1 55 1 47 1 61 1 
70 1 38 1 34 1 22 1 25 1 55 1 47 1 61 1 
70 1 38 1 34 1 22 1 25 1 55 1 47 1 61 1 
63 1 
6 1 
6 1 
65 1 
32 1 
44 1 
10 1 
42 1 
62 1 
49 1 35 1 
