#tests: test_name, ' ', status(PASSED | FAILED | ERROR), ' ', [exception, { trace_mut_index | '(', { alternative_trace_mut_index, ',' }, ')' }]
jester.tests.IgnoreListTest:testReadingEmptyIgnoreValues()V ERROR java.lang.ArrayIndexOutOfBoundsException 10 
jester.tests.IgnoreListTest:testReadingIgnoreValues()V ERROR java.lang.ArrayIndexOutOfBoundsException 10 
jester.tests.IgnoreListTest:testReadingIgnoreValuesEndOfLineSpecialCase()V ERROR java.lang.ArrayIndexOutOfBoundsException 10 
jester.tests.IgnoreListTest:testReadingMultipleIgnoreValues()V ERROR java.lang.ArrayIndexOutOfBoundsException 10 
jester.tests.IgnoreListTest:testReadingMultipleIgnoreBlankLines()V ERROR java.lang.ArrayIndexOutOfBoundsException 10 
jester.tests.IgnoreListTest:testReadingIncorrectFile()V ERROR java.lang.ArrayIndexOutOfBoundsException 10 
jester.tests.TestTesterTest:testTestsMustStartOffWorking()V PASSED
jester.tests.TestTesterTest:testThatTestRunByIterator()V PASSED
jester.tests.ReportItemTest:testXmlEncoding()V ERROR java.lang.ArrayIndexOutOfBoundsException 10 6 12 
jester.tests.ReportItemTest:testLineNumberOneLine()V ERROR java.lang.ArrayIndexOutOfBoundsException 10 6 12 68 
jester.tests.ReportItemTest:testLineNumberSomeLines()V ERROR java.lang.ArrayIndexOutOfBoundsException 10 6 12 68 
jester.tests.TwoStringSwappingCodeManglerTest:testCouldntMangle()V ERROR java.lang.ArrayIndexOutOfBoundsException 10 6 (2,29) (2,29) 
jester.tests.TwoStringSwappingCodeManglerTest:testSimpleMangle1()V ERROR java.lang.ArrayIndexOutOfBoundsException 10 6 (2,29) (2,29) 
jester.tests.ReportTest:testBottomScore()V ERROR java.lang.ArrayIndexOutOfBoundsException 10 6 59 
jester.tests.ReportTest:testCantFinishDifferentFile()V ERROR java.lang.ArrayIndexOutOfBoundsException 10 6 59 
jester.tests.ReportTest:testCantStartTwoFiles()V ERROR java.lang.ArrayIndexOutOfBoundsException 10 6 59 
jester.tests.ReportTest:testChangesToSameFileOrderedByIndex()V ERROR java.lang.ArrayIndexOutOfBoundsException 10 6 59 
jester.tests.ReportTest:testFileScoreSeparateFromTotalScore()V ERROR java.lang.ArrayIndexOutOfBoundsException 10 6 59 
jester.tests.ReportTest:testInitialScore()V ERROR java.lang.ArrayIndexOutOfBoundsException 10 6 59 
jester.tests.ReportTest:testMediumScore()V ERROR java.lang.ArrayIndexOutOfBoundsException 10 6 59 
jester.tests.ReportTest:testThatChangeThatCausedTestsToFailIsNotIncluded()V ERROR java.lang.ArrayIndexOutOfBoundsException 10 6 59 
jester.tests.ReportTest:testThatChangeThatDidNotCauseTestsToFailIsIncluded()V ERROR java.lang.ArrayIndexOutOfBoundsException 10 6 59 
jester.tests.ReportTest:testTopScore()V ERROR java.lang.ArrayIndexOutOfBoundsException 10 6 59 
jester.tests.ReportTest:testTotalScoreForManyFiles()V ERROR java.lang.ArrayIndexOutOfBoundsException 10 6 59 
jester.tests.ReportTest:testFileMustBeStarted()V ERROR java.lang.NullPointerException 27 50 39 
jester.tests.MutationsListTest:testDefaults()V PASSED
jester.tests.MutationsListTest:testReadMutations()V FAILED junit.framework.AssertionFailedError 47 
jester.tests.MutationsListTest:testReadMutationsIgnoreBogusLinesIncludingBlankOnes()V FAILED junit.framework.AssertionFailedError 47 
jester.tests.MainArgumentsTest:testMissingArgumentsCauseExceptionToBeThrown()V PASSED
jester.tests.MainArgumentsTest:testMissingFileCauseExceptionToBeThrown()V PASSED
jester.tests.MainArgumentsTest:testMandatoryArguments()V ERROR jester.JesterArgumentException 38 51 
jester.tests.MainArgumentsTest:testThatMultipleMutationDirectoriesOrFilesAreAllowed()V ERROR java.lang.IndexOutOfBoundsException 38 51 
jester.tests.MainArgumentsTest:testClasspathArgument()V ERROR java.lang.IndexOutOfBoundsException 38 51 
jester.tests.MainArgumentsTest:testThatOneCanSpecifyOptionToNotShowProgressDialog()V ERROR jester.JesterArgumentException 38 51 
jester.tests.MainArgumentsTest:testThatClasspathArgumentCanAppearFirst()V ERROR java.lang.IndexOutOfBoundsException 38 51 66 
jester.tests.MainArgumentsTest:testThatClasspathArgumentCanAppearSecond()V ERROR java.lang.IndexOutOfBoundsException 38 51 66 
jester.tests.MainArgumentsTest:testThatClasspathArgumentCanAppearLast()V ERROR java.lang.IndexOutOfBoundsException 38 51 66 
jester.tests.MainArgumentsTest:testThatClasspathArgumentCanAppearInMiddleOfDirectoriesBecauseThereIsNoHarmInIt()V ERROR java.lang.IndexOutOfBoundsException 38 51 66 
jester.tests.ConfigurationTest:testDefaults()V PASSED
jester.tests.XMLReportWriterTest:testWritingChangesAsXMLHasBothGivenAndAbsoluteFilePaths()V ERROR java.lang.ArrayIndexOutOfBoundsException 10 6 
jester.tests.SimpleIntCodeManglerTest:testCouldntMangle()V ERROR java.lang.ArrayIndexOutOfBoundsException 10 6 (2,29) (2,29) 
jester.tests.SimpleIntCodeManglerTest:testContinuesIfChangeFails()V ERROR java.lang.ArrayIndexOutOfBoundsException 10 6 (2,29) (2,29) 
jester.tests.SimpleIntCodeManglerTest:testContinuesIfChangeSucceeds()V ERROR java.lang.ArrayIndexOutOfBoundsException 10 6 (2,29) (2,29) 
jester.tests.SimpleIntCodeManglerTest:testDoesntTryToChangeBadlyNamedMethodCalls()V ERROR java.lang.ArrayIndexOutOfBoundsException 10 6 (2,29) (2,29) 
jester.tests.SimpleIntCodeManglerTest:testSimpleMangle()V ERROR java.lang.ArrayIndexOutOfBoundsException 10 6 (2,29) (2,29) 
jester.tests.SimpleIntCodeManglerTest:testBug955882()V ERROR java.lang.ArrayIndexOutOfBoundsException 10 6 (2,29) (2,29) 
jester.tests.IgnoreListDocumentTest:testTextIsIgnored()V ERROR java.lang.ArrayIndexOutOfBoundsException 10 6 
jester.tests.IgnoreListDocumentTest:testTextIsIgnoredForMultipleIgnores()V ERROR java.lang.ArrayIndexOutOfBoundsException 10 6 
jester.tests.IgnoreListDocumentTest:testCharAtReturnsSpaceInsideIgnoreRegion()V ERROR java.lang.ArrayIndexOutOfBoundsException 10 6 
jester.tests.ClassTestTesterTest:testThatChangeThatFailsTestsIsNotRecorded()V ERROR java.lang.ArrayIndexOutOfBoundsException 10 6 (2,29) (2,29) 
jester.tests.ClassTestTesterTest:testThatChangeThatPassesTestsIsRecorded()V ERROR java.lang.ArrayIndexOutOfBoundsException 10 6 (2,29) (2,29) 
jester.tests.ClassTestTesterTest:testThatOriginalContentsAreNotWrittenBackIfNoChanges()V ERROR java.lang.ArrayIndexOutOfBoundsException 10 6 (2,29) (2,29) 
jester.tests.ClassTestTesterTest:testThatOriginalContentsAreWrittenBack()V ERROR java.lang.ArrayIndexOutOfBoundsException 10 6 (2,29) (2,29) 
jester.tests.ClassTestTesterTest:testThatMutationListIsUsed()V ERROR java.lang.ArrayIndexOutOfBoundsException 10 6 (2,29) (2,29) 
jester.tests.acceptancetests.VeryTestedTest:testBoolean()V PASSED
jester.tests.acceptancetests.VeryTestedTest:testConditionFalseBranch()V FAILED junit.framework.AssertionFailedError 
jester.tests.acceptancetests.VeryTestedTest:testConditionTrueBranch()V PASSED
jester.tests.acceptancetests.VeryTestedTest:testDecrement()V PASSED
jester.tests.acceptancetests.VeryTestedTest:testEqual()V PASSED
jester.tests.acceptancetests.VeryTestedTest:testIncrement()V PASSED
jester.tests.acceptancetests.VeryTestedTest:testInfiniteLoop()V PASSED
jester.tests.acceptancetests.VeryTestedTest:testInt()V PASSED
jester.tests.acceptancetests.VeryTestedTest:testNotEqual()V PASSED
jester.tests.functionaltests.VeryTestedTest:testNumber()V PASSED

#uuts: uut_name, [ '|', mutator_class, '|', change_position_in_file_buffer, '|', change ]
jester.tests.MockClassSourceChanger:setThrowExceptionOnFirstChangeAttempt(Z)V
jester.RealConfiguration:closeUIOnFinish()Z
jester.tests.MockClassSourceChanger:setOriginalContents(Ljava.lang.String;)V
jester.RealReport:totalScore()I
jester.RealConfiguration:stringProperty(Ljava.lang.String;Ljava.lang.String;)Ljava.lang.String;
jester.tests.MockMutationMaker:mutate(Ljava.lang.String;Ljava.lang.String;)V
jester.IgnoreListDocument:calculateIgnoreRegions()V
jester.tests.acceptancetests.VeryTested:mustBeEqual()Z
jester.tests.MockClassIterator:setExpectedIterateCalls(I)V
jester.tests.acceptancetests.VeryTested:mustReturnTrue()Z
jester.IgnoreList:ignorePairs()Ljava.util.List; | CONSTANT | 432 | 0 -> -1
jester.IgnoreList:IgnoreList(Ljava.lang.String;)V
jester.tests.ReportItemTest:newReportItem(Ljava.lang.String;Ljava.lang.String;Ljava.lang.String;I)Ljester.ReportItem;
jester.tests.MockClassIterator:MockClassIterator()V
jester.tests.MockClassTestTester:MockClassTestTester()V
jester.tests.IgnoreListTest:ignorePair(Ljava.lang.String;Ljava.lang.String;)Ljester.IgnorePair;
jester.IgnoreListDocument:IgnoreListDocument(Ljava.lang.String;Ljester.IgnoreList;)V
jester.RealConfiguration:sourceFileExtension()Ljava.lang.String;
jester.RealReport:RealReport(Ljester.Configuration;Ljava.io.PrintWriter;Ljester.XMLReportWriter;Ljester.ProgressReporter;)V
jester.tests.functionaltests.VeryTested:mustReturnOne()I
jester.RealReport:fileScore()I
jester.tests.TestConfiguration:TestConfiguration()V
jester.tests.acceptancetests.VeryTested:mustReturnOne()I
jester.tests.ReportTest:newRealReport()Ljester.Report;
jester.tests.MockClassIterator:setExpectedIterate(Ljester.ClassTestTester;)V
jester.TestTester:run()V
jester.TestTester:TestTester(Ljester.TestRunner;Ljester.ClassIterator;Ljester.ClassTestTester;)V
jester.ReportItem:lineNumber()I
jester.RealReport:fileNumberOfChangesThatDidNotCauseTestsToFail()I
jester.tests.MockClassSourceChanger:setOriginalContents(Ljava.lang.String;Ljester.IgnoreList;)V
jester.RealReport:greenBar()V
jester.tests.acceptancetests.VeryTested:mustDecrement(I)I
jester.MainArguments:setTestClassFromArguments(Ljava.util.List;)V
jester.RealMutationsList:visit(Ljava.io.BufferedReader;Ljester.MutationMaker;)V | ASSIGN | 649 | = null
jester.tests.MockTestRunner:MockTestRunner()V
jester.ReportItem:ReportItem(Ljava.lang.String;Ljester.IgnoreListDocument;ILjava.lang.String;Ljava.lang.String;)V | STATEMENT | 425 | stmt -> ;
jester.tests.MockClassIterator:verify()V
jester.tests.acceptancetests.VeryTested:mustNotBeEqual()Z
jester.MainArguments:setDirectoriesOrFilesToMutateFromArguments(Ljava.util.List;)V | STATEMENT | 3504 | stmt -> ;
jester.RealReport:changeThatCausedTestsToFail(ILjava.lang.String;Ljava.lang.String;)V | CONDITION | 2461 | if (x) -> if (!x)
jester.RealMutationsList:visit(Ljester.MutationMaker;)V
jester.RealConfiguration:testsPassString()Ljava.lang.String;
jester.RealMutationsList:RealMutationsList(Ljava.lang.String;Ljava.io.PrintStream;)V
jester.tests.acceptancetests.VeryTested:mustTakeCorrectBranchFor(Z)I | CONSTANT | 604 | 0 -> 1
jester.RealReport:score(II)I | OPERATOR | 5273 | - -> <<
jester.tests.acceptancetests.VeryTested:mustIncrement(I)I
jester.tests.MockClassIterator:iterate(Ljester.ClassTestTester;)V
jester.tests.MockMutationMaker:verify()V
jester.RealReport:totalNumberOfChanges()I
jester.tests.MockClassSourceChanger:MockClassSourceChanger()V
jester.ReportItem:toString()Ljava.lang.String;
jester.MainArguments:readArguments([Ljava.lang.String;)V | CONSTANT | 1882 | 0 -> 1
jester.tests.functionaltests.VeryTested:VeryTested()V
jester.IgnorePair:IgnorePair(Ljava.lang.String;Ljava.lang.String;)V
jester.RealLogger:RealLogger()V
jester.RealConfiguration:isTrueProperty(Ljava.lang.String;Z)Z
jester.RealConfiguration:compilationCommand()Ljava.lang.String;
jester.RealConfiguration:RealConfiguration(Ljava.lang.String;Ljava.io.PrintStream;)V
jester.tests.ReportTest:newRealReport(Ljava.io.PrintWriter;)Ljester.Report;
jester.tests.ReportTest:startFile(Ljester.Report;Ljava.lang.String;Ljava.lang.String;)V
jester.MainArguments:MainArguments([Ljava.lang.String;Ljester.FileExistenceChecker;)V
jester.RealConfiguration:testRunningCommand()Ljava.lang.String;
jester.tests.MockProgressReporter:setColor(Ljava.awt.Color;)V
jester.tests.MockTestRunner:setTestsRunWithoutFailures(Z)V
jester.JesterArgumentException:JesterArgumentException(Ljava.lang.String;)V
jester.tests.MockMutationMaker:addExpectedMutateValues(Ljava.lang.String;Ljava.lang.String;)V
jester.tests.MainArgumentsTest:checkThatClasspathArgumentCanAppearInAnyOrder([Ljava.lang.String;)V
jester.tests.MockTestRunner:testsRunWithoutFailures()Z
jester.tests.ReportItemTest:lineNumberForCharacterIndex(Ljava.lang.String;I)I
jester.SourceChangeException:SourceChangeException(Ljava.lang.String;)V
jester.tests.MockMutationMaker:MockMutationMaker()V
jester.RealConfiguration:shouldReportEagerly()Z
jester.tests.acceptancetests.VeryTested:turnIntoInfiniteLoop()V
jester.RealXMLReportWriter:RealXMLReportWriter(Ljava.io.Writer;)V
jester.RealReport:fileNumberOfChanges()I

#matrix (1 line per test, in order of tests): { mut_index, ' ', mut_call_count, ' ' }
11 1 10 1 
11 1 53 1 10 1 15 1 
11 1 53 1 10 1 15 1 
11 1 53 1 10 1 15 1 
11 1 53 1 10 1 15 1 
11 1 10 1 
26 1 34 1 67 1 69 1 25 1 63 1 
34 1 24 1 36 1 8 1 63 1 25 1 46 1 26 1 67 1 13 1 14 1 
11 1 6 1 12 1 10 1 16 1 
11 1 6 1 12 1 68 1 10 1 16 1 
11 1 6 1 12 1 68 1 10 1 16 1 
11 1 6 1 29 1 49 1 2 1 10 1 16 1 
11 1 6 1 29 1 49 1 2 1 10 1 16 1 
11 1 6 1 21 1 23 1 58 1 59 1 10 1 16 1 18 1 
11 1 6 1 21 1 23 1 58 1 59 1 10 1 16 1 18 1 
11 1 6 1 21 1 23 1 58 1 59 1 10 1 16 1 18 1 
11 1 6 1 21 1 58 1 59 1 10 1 16 1 18 1 
11 1 6 1 21 1 23 1 58 1 59 1 10 1 16 1 18 1 
20 1 6 1 23 1 21 1 44 2 10 1 3 1 11 1 48 1 58 1 28 2 59 1 16 1 74 1 18 1 
11 1 6 1 21 1 23 1 58 1 59 1 10 1 16 1 18 1 
11 1 6 1 21 1 58 1 59 1 10 1 16 1 18 1 
11 1 6 1 21 1 58 1 59 1 10 1 16 1 18 1 
11 1 6 1 21 1 23 1 58 1 59 1 10 1 16 1 18 1 
11 1 6 1 21 1 23 1 58 1 59 1 10 1 16 1 18 1 
21 1 23 1 58 1 35 1 27 1 30 1 39 1 50 1 62 1 18 1 
40 1 42 1 70 1 47 1 65 1 5 1 
33 1 42 1 70 1 47 1 65 1 
33 1 42 1 70 1 47 1 65 1 
64 1 51 1 60 1 32 1 
64 1 51 1 60 1 32 1 38 1 
64 1 51 1 60 1 32 1 38 1 
51 1 60 1 32 1 38 1 
51 1 60 1 32 1 38 1 
64 1 51 1 60 1 32 1 38 1 
51 1 60 1 66 1 32 1 38 1 
51 1 60 1 66 1 32 1 38 1 
51 1 60 1 66 1 32 1 38 1 
51 1 60 1 66 1 32 1 38 1 
41 1 61 1 1 1 71 1 54 1 55 2 57 1 56 1 4 4 17 1 
11 1 6 1 73 1 10 1 16 1 
11 1 6 1 29 1 49 1 2 1 10 1 16 1 
0 1 11 1 6 1 29 1 49 1 2 1 10 1 16 1 
0 1 11 1 6 1 29 1 49 1 2 1 10 1 16 1 
11 1 6 1 29 1 49 1 2 1 10 1 16 1 
11 1 6 1 29 1 49 1 2 1 10 1 16 1 
11 1 6 1 29 1 49 1 2 1 10 1 16 1 
11 1 6 1 10 1 16 1 
11 1 6 1 10 1 16 1 
11 1 6 1 10 1 16 1 
11 1 6 1 34 1 29 1 49 1 2 1 10 1 16 1 63 1 
11 1 6 1 34 1 29 1 49 1 2 1 10 1 16 1 63 1 
11 1 6 1 34 1 29 1 49 1 2 1 10 1 16 1 
11 1 6 1 34 1 29 1 49 1 2 1 10 1 16 1 
11 1 6 1 34 1 29 1 49 1 2 1 10 1 16 1 
9 1 
43 1 
43 1 
31 1 
7 1 
45 1 
72 1 
22 1 
37 1 
19 1 52 1 
