#tests: test_name, ' ', status(PASSED | FAILED | ERROR), ' ', [exception, { trace_mut_index | '(', { alternative_trace_mut_index, ',' }, ')' }]
jester.tests.IgnoreListTest:testReadingEmptyIgnoreValues()V ERROR java.lang.StringIndexOutOfBoundsException 13 
jester.tests.IgnoreListTest:testReadingIgnoreValues()V PASSED
jester.tests.IgnoreListTest:testReadingIgnoreValuesEndOfLineSpecialCase()V PASSED
jester.tests.IgnoreListTest:testReadingMultipleIgnoreValues()V PASSED
jester.tests.IgnoreListTest:testReadingMultipleIgnoreBlankLines()V ERROR java.lang.StringIndexOutOfBoundsException 13 
jester.tests.IgnoreListTest:testReadingIncorrectFile()V PASSED
jester.tests.TestTesterTest:testTestsMustStartOffWorking()V PASSED
jester.tests.TestTesterTest:testThatTestRunByIterator()V PASSED
jester.tests.ReportItemTest:testXmlEncoding()V ERROR java.lang.StringIndexOutOfBoundsException 13 (28,56) 7 
jester.tests.ReportItemTest:testLineNumberOneLine()V ERROR java.lang.StringIndexOutOfBoundsException 13 (28,56) 7 42 
jester.tests.ReportItemTest:testLineNumberSomeLines()V ERROR java.lang.StringIndexOutOfBoundsException 13 (28,56) 7 42 
jester.tests.TwoStringSwappingCodeManglerTest:testCouldntMangle()V ERROR java.lang.StringIndexOutOfBoundsException 13 (28,56) (32,39) (32,39) 
jester.tests.TwoStringSwappingCodeManglerTest:testSimpleMangle1()V ERROR java.lang.StringIndexOutOfBoundsException 13 (28,56) (32,39) (32,39) 
jester.tests.ReportTest:testBottomScore()V ERROR java.lang.StringIndexOutOfBoundsException 13 (28,56) 64 
jester.tests.ReportTest:testCantFinishDifferentFile()V ERROR java.lang.StringIndexOutOfBoundsException 13 (28,56) 64 
jester.tests.ReportTest:testCantStartTwoFiles()V ERROR java.lang.StringIndexOutOfBoundsException 13 (28,56) 64 
jester.tests.ReportTest:testChangesToSameFileOrderedByIndex()V ERROR java.lang.StringIndexOutOfBoundsException 13 (28,56) 64 
jester.tests.ReportTest:testFileScoreSeparateFromTotalScore()V ERROR java.lang.StringIndexOutOfBoundsException 13 (28,56) 64 
jester.tests.ReportTest:testInitialScore()V ERROR java.lang.NullPointerException 
jester.tests.ReportTest:testMediumScore()V ERROR java.lang.StringIndexOutOfBoundsException 13 (28,56) 64 
jester.tests.ReportTest:testThatChangeThatCausedTestsToFailIsNotIncluded()V ERROR java.lang.StringIndexOutOfBoundsException 13 (28,56) 64 
jester.tests.ReportTest:testThatChangeThatDidNotCauseTestsToFailIsIncluded()V ERROR java.lang.StringIndexOutOfBoundsException 13 (28,56) 64 
jester.tests.ReportTest:testTopScore()V ERROR java.lang.StringIndexOutOfBoundsException 13 (28,56) 64 
jester.tests.ReportTest:testTotalScoreForManyFiles()V ERROR java.lang.StringIndexOutOfBoundsException 13 (28,56) 64 
jester.tests.ReportTest:testFileMustBeStarted()V ERROR java.lang.NullPointerException 
jester.tests.MutationsListTest:testDefaults()V PASSED
jester.tests.MutationsListTest:testReadMutations()V FAILED junit.framework.AssertionFailedError 57 
jester.tests.MutationsListTest:testReadMutationsIgnoreBogusLinesIncludingBlankOnes()V FAILED junit.framework.AssertionFailedError 57 
jester.tests.MainArgumentsTest:testMissingArgumentsCauseExceptionToBeThrown()V ERROR java.lang.IndexOutOfBoundsException 65 34 
jester.tests.MainArgumentsTest:testMissingFileCauseExceptionToBeThrown()V PASSED
jester.tests.MainArgumentsTest:testMandatoryArguments()V ERROR jester.JesterArgumentException 65 34 
jester.tests.MainArgumentsTest:testThatMultipleMutationDirectoriesOrFilesAreAllowed()V ERROR jester.JesterArgumentException 65 34 
jester.tests.MainArgumentsTest:testClasspathArgument()V ERROR jester.JesterArgumentException 65 34 
jester.tests.MainArgumentsTest:testThatOneCanSpecifyOptionToNotShowProgressDialog()V ERROR jester.JesterArgumentException 65 34 
jester.tests.MainArgumentsTest:testThatClasspathArgumentCanAppearFirst()V ERROR jester.JesterArgumentException 65 34 55 
jester.tests.MainArgumentsTest:testThatClasspathArgumentCanAppearSecond()V ERROR jester.JesterArgumentException 65 34 55 
jester.tests.MainArgumentsTest:testThatClasspathArgumentCanAppearLast()V ERROR jester.JesterArgumentException 65 34 55 
jester.tests.MainArgumentsTest:testThatClasspathArgumentCanAppearInMiddleOfDirectoriesBecauseThereIsNoHarmInIt()V ERROR jester.JesterArgumentException 65 34 55 
jester.tests.ConfigurationTest:testDefaults()V ERROR junit.framework.ComparisonFailure 
jester.tests.XMLReportWriterTest:testWritingChangesAsXMLHasBothGivenAndAbsoluteFilePaths()V ERROR java.lang.StringIndexOutOfBoundsException 13 (28,56) 
jester.tests.SimpleIntCodeManglerTest:testCouldntMangle()V ERROR java.lang.StringIndexOutOfBoundsException 13 (28,56) (32,39) (32,39) 
jester.tests.SimpleIntCodeManglerTest:testContinuesIfChangeFails()V ERROR java.lang.StringIndexOutOfBoundsException 13 (28,56) (32,39) (32,39) 
jester.tests.SimpleIntCodeManglerTest:testContinuesIfChangeSucceeds()V ERROR java.lang.StringIndexOutOfBoundsException 13 (28,56) (32,39) (32,39) 
jester.tests.SimpleIntCodeManglerTest:testDoesntTryToChangeBadlyNamedMethodCalls()V ERROR java.lang.StringIndexOutOfBoundsException 13 (28,56) (32,39) (32,39) 
jester.tests.SimpleIntCodeManglerTest:testSimpleMangle()V ERROR java.lang.StringIndexOutOfBoundsException 13 (28,56) (32,39) (32,39) 
jester.tests.SimpleIntCodeManglerTest:testBug955882()V ERROR java.lang.StringIndexOutOfBoundsException 13 (28,56) (32,39) (32,39) 
jester.tests.IgnoreListDocumentTest:testTextIsIgnored()V PASSED
jester.tests.IgnoreListDocumentTest:testTextIsIgnoredForMultipleIgnores()V PASSED
jester.tests.IgnoreListDocumentTest:testCharAtReturnsSpaceInsideIgnoreRegion()V PASSED
jester.tests.ClassTestTesterTest:testThatChangeThatFailsTestsIsNotRecorded()V ERROR java.lang.StringIndexOutOfBoundsException 13 (28,56) (32,39) (32,39) 
jester.tests.ClassTestTesterTest:testThatChangeThatPassesTestsIsRecorded()V ERROR java.lang.StringIndexOutOfBoundsException 13 (28,56) (32,39) (32,39) 
jester.tests.ClassTestTesterTest:testThatOriginalContentsAreNotWrittenBackIfNoChanges()V ERROR java.lang.StringIndexOutOfBoundsException 13 (28,56) (32,39) (32,39) 
jester.tests.ClassTestTesterTest:testThatOriginalContentsAreWrittenBack()V ERROR java.lang.StringIndexOutOfBoundsException 13 (28,56) (32,39) (32,39) 
jester.tests.ClassTestTesterTest:testThatMutationListIsUsed()V ERROR java.lang.StringIndexOutOfBoundsException 13 (28,56) (32,39) (32,39) 
jester.tests.acceptancetests.VeryTestedTest:testBoolean()V PASSED
jester.tests.acceptancetests.VeryTestedTest:testConditionFalseBranch()V PASSED
jester.tests.acceptancetests.VeryTestedTest:testConditionTrueBranch()V PASSED
jester.tests.acceptancetests.VeryTestedTest:testDecrement()V PASSED
jester.tests.acceptancetests.VeryTestedTest:testEqual()V PASSED
jester.tests.acceptancetests.VeryTestedTest:testIncrement()V PASSED
jester.tests.acceptancetests.VeryTestedTest:testInfiniteLoop()V PASSED
jester.tests.acceptancetests.VeryTestedTest:testInt()V PASSED
jester.tests.acceptancetests.VeryTestedTest:testNotEqual()V PASSED
jester.tests.functionaltests.VeryTestedTest:testNumber()V FAILED junit.framework.AssertionFailedError 

#uuts: uut_name, [ '|', mutator_class, '|', change_position_in_file_buffer, '|', change ]
jester.tests.MockTestRunner:testsRunWithoutFailures()Z
jester.IgnorePair:equals(Ljester.IgnorePair;)Z
jester.RealMutationsList:RealMutationsList(Ljava.lang.String;Ljava.io.PrintStream;)V
jester.tests.MockTestRunner:MockTestRunner()V
jester.RealXMLReportWriter:RealXMLReportWriter(Ljava.io.Writer;)V
jester.tests.MockClassIterator:setExpectedIterateCalls(I)V
jester.tests.acceptancetests.VeryTested:mustTakeCorrectBranchFor(Z)I
jester.tests.ReportItemTest:newReportItem(Ljava.lang.String;Ljava.lang.String;Ljava.lang.String;I)Ljester.ReportItem;
jester.RealLogger:RealLogger()V
jester.tests.acceptancetests.VeryTested:mustDecrement(I)I
jester.tests.acceptancetests.VeryTested:turnIntoInfiniteLoop()V
jester.RealConfiguration:compilationCommand()Ljava.lang.String;
jester.tests.functionaltests.VeryTested:mustReturnOne()I | CONSTANT | 141 | 1 -> 0
jester.IgnoreList:ignorePairs()Ljava.util.List; | OPERATOR | 496 | == -> <
jester.RealMutationsList:visit(Ljester.MutationMaker;)V
jester.tests.MockClassSourceChanger:setThrowExceptionOnFirstChangeAttempt(Z)V
jester.tests.IgnoreListTest:ignorePair(Ljava.lang.String;Ljava.lang.String;)Ljester.IgnorePair;
jester.tests.acceptancetests.VeryTested:mustReturnOne()I
jester.tests.MockMutationMaker:addExpectedMutateValues(Ljava.lang.String;Ljava.lang.String;)V
jester.RealMutationsList:visit(Ljava.io.BufferedReader;Ljester.MutationMaker;)V | STATEMENT | 707 | stmt -> ;
jester.IgnoreRegion:IgnoreRegion(II)V
jester.RealConfiguration:isTrueProperty(Ljava.lang.String;Z)Z
jester.IgnoreRegion:includes(I)Z
jester.IgnorePair:IgnorePair(Ljava.lang.String;Ljava.lang.String;)V
jester.ConfigurationException:ConfigurationException(Ljava.lang.String;)V
jester.tests.MockMutationMaker:MockMutationMaker()V
jester.IgnorePair:getEnd()Ljava.lang.String;
jester.IgnorePair:getStart()Ljava.lang.String;
jester.IgnoreListDocument:calculateIgnoreRegions(Ljester.IgnorePair;)V
jester.RealConfiguration:shouldReportEagerly()Z
jester.tests.ReportTest:newRealReport()Ljester.Report; | RETURN | 579 | return null
jester.SourceChangeException:SourceChangeException(Ljava.lang.String;)V
jester.tests.MockClassSourceChanger:setOriginalContents(Ljava.lang.String;)V
jester.tests.MockClassIterator:verify()V
jester.MainArguments:readArguments([Ljava.lang.String;)V
jester.tests.acceptancetests.VeryTested:mustBeEqual()Z
jester.IgnoreListDocument:charAt(I)C
jester.TestTester:TestTester(Ljester.TestRunner;Ljester.ClassIterator;Ljester.ClassTestTester;)V
jester.IgnoreListDocument:IgnoreListDocument(Ljava.lang.String;Ljester.IgnoreList;)V
jester.tests.MockClassSourceChanger:setOriginalContents(Ljava.lang.String;Ljester.IgnoreList;)V
jester.RealConfiguration:stringProperty(Ljava.lang.String;Ljava.lang.String;)Ljava.lang.String;
jester.tests.MockMutationMaker:mutate(Ljava.lang.String;Ljava.lang.String;)V
jester.tests.ReportItemTest:lineNumberForCharacterIndex(Ljava.lang.String;I)I
jester.tests.functionaltests.VeryTested:VeryTested()V
jester.RealConfiguration:testRunningCommand()Ljava.lang.String; | RETURN | 1878 | return null
jester.IgnorePair:equals(Ljava.lang.Object;)Z
jester.JesterArgumentException:JesterArgumentException(Ljava.lang.String;)V
jester.tests.MockClassIterator:MockClassIterator()V
jester.tests.acceptancetests.VeryTested:mustIncrement(I)I
jester.IgnoreListDocument:indexOf(Ljava.lang.String;I)I
jester.MainArguments:MainArguments([Ljava.lang.String;Ljester.FileExistenceChecker;)V
jester.tests.acceptancetests.VeryTested:mustReturnTrue()Z
jester.tests.MockClassIterator:iterate(Ljester.ClassTestTester;)V
jester.RealConfiguration:sourceFileExtension()Ljava.lang.String;
jester.tests.ReportTest:newRealReport(Ljava.io.PrintWriter;)Ljester.Report;
jester.tests.MainArgumentsTest:checkThatClasspathArgumentCanAppearInAnyOrder([Ljava.lang.String;)V
jester.IgnoreListDocument:calculateIgnoreRegions()V
jester.tests.MockMutationMaker:verify()V
jester.IgnoreListDocument:isInIgnoreRegion(I)Z
jester.tests.MockTestRunner:setTestsRunWithoutFailures(Z)V
jester.RealConfiguration:RealConfiguration(Ljava.lang.String;Ljava.io.PrintStream;)V
jester.TestTester:run()V
jester.tests.MockClassTestTester:MockClassTestTester()V
jester.tests.MockClassSourceChanger:MockClassSourceChanger()V
jester.tests.ReportTest:startFile(Ljester.Report;Ljava.lang.String;Ljava.lang.String;)V
jester.MainArguments:setTestClassFromArguments(Ljava.util.List;)V | CONDITION | 3067 | if (x) -> if (!x)
jester.tests.MockClassIterator:setExpectedIterate(Ljester.ClassTestTester;)V
jester.IgnoreList:IgnoreList(Ljava.lang.String;)V
jester.RealReport:RealReport(Ljester.Configuration;Ljava.io.PrintWriter;Ljester.XMLReportWriter;Ljester.ProgressReporter;)V
jester.tests.TestConfiguration:TestConfiguration()V
jester.tests.acceptancetests.VeryTested:mustNotBeEqual()Z

#matrix (1 line per test, in order of tests): { mut_index, ' ', mut_call_count, ' ' }
67 1 13 1 
23 2 45 1 1 1 67 1 16 1 13 1 
23 2 45 1 1 1 67 1 16 1 13 1 
23 2 45 1 1 1 67 1 16 1 13 1 
23 2 67 1 16 1 13 1 
24 1 67 1 13 1 31 1 
3 1 61 1 59 1 0 1 31 1 37 1 
3 1 59 1 47 1 5 1 0 1 33 1 66 1 61 1 62 1 52 1 37 1 
56 1 38 1 67 1 13 1 7 1 
56 1 38 1 67 1 13 1 7 1 42 1 
56 1 38 1 67 1 13 1 7 1 42 1 
56 1 38 1 67 1 13 1 39 1 63 1 32 1 
56 1 38 1 67 1 13 1 39 1 63 1 32 1 
64 1 56 1 38 1 67 1 13 1 30 1 
64 1 56 1 38 1 67 1 13 1 30 1 
64 1 56 1 38 1 67 1 13 1 30 1 
64 1 56 1 38 1 67 1 68 1 69 1 13 1 54 1 
64 1 56 1 38 1 67 1 13 1 30 1 
30 1 
64 1 56 1 38 1 67 1 13 1 30 1 
64 1 56 1 38 1 67 1 68 1 69 1 13 1 54 1 
64 1 56 1 38 1 67 1 68 1 69 1 13 1 54 1 
64 1 56 1 38 1 67 1 13 1 30 1 
64 1 56 1 38 1 67 1 13 1 30 1 
30 1 
14 1 57 1 25 1 41 1 18 1 2 1 
57 1 25 1 18 1 19 1 2 1 
57 1 25 1 18 1 19 1 2 1 
65 1 34 1 50 1 
46 1 65 1 34 1 50 1 
46 1 65 1 34 1 50 1 
46 1 65 1 34 1 50 1 
46 1 65 1 34 1 50 1 
46 1 65 1 34 1 50 1 
46 1 65 1 34 1 50 1 55 1 
46 1 65 1 34 1 50 1 55 1 
46 1 65 1 34 1 50 1 55 1 
46 1 65 1 34 1 50 1 55 1 
44 1 60 1 29 1 40 2 8 1 11 1 21 1 53 1 
56 1 38 1 67 1 4 1 13 1 
56 1 38 1 67 1 13 1 39 1 63 1 32 1 
56 1 38 1 67 1 15 1 13 1 39 1 63 1 32 1 
56 1 38 1 67 1 15 1 13 1 39 1 63 1 32 1 
56 1 38 1 67 1 13 1 39 1 63 1 32 1 
56 1 38 1 67 1 13 1 39 1 63 1 32 1 
56 1 38 1 67 1 13 1 39 1 63 1 32 1 
56 1 23 1 38 1 26 1 58 3 27 1 28 1 49 3 67 1 13 1 20 1 22 3 
56 1 23 1 38 1 26 1 58 7 27 1 28 1 49 7 67 1 13 1 20 1 22 7 
56 1 23 1 38 1 26 1 58 1 27 1 28 1 67 1 13 1 20 1 22 1 36 1 
56 1 3 1 38 1 67 1 59 1 13 1 39 1 63 1 32 1 
56 1 3 1 38 1 67 1 59 1 13 1 39 1 63 1 32 1 
56 1 3 1 38 1 67 1 13 1 39 1 63 1 32 1 
56 1 3 1 38 1 67 1 13 1 39 1 63 1 32 1 
56 1 3 1 38 1 67 1 13 1 39 1 63 1 32 1 
51 1 
6 1 
6 1 
9 1 
35 1 
48 1 
10 1 
17 1 
70 1 
43 1 12 1 
