#tests: test_name, ' ', status(PASSED | FAILED | ERROR), ' ', [exception, { trace_mut_index | '(', { alternative_trace_mut_index, ',' }, ')' }]
jester.tests.IgnoreListTest:testReadingEmptyIgnoreValues()V FAILED junit.framework.AssertionFailedError 
jester.tests.IgnoreListTest:testReadingIgnoreValues()V ERROR java.lang.NullPointerException 72 
jester.tests.IgnoreListTest:testReadingIgnoreValuesEndOfLineSpecialCase()V ERROR java.lang.NullPointerException 72 
jester.tests.IgnoreListTest:testReadingMultipleIgnoreValues()V ERROR java.lang.NullPointerException 72 
jester.tests.IgnoreListTest:testReadingMultipleIgnoreBlankLines()V ERROR java.lang.NullPointerException 72 
jester.tests.IgnoreListTest:testReadingIncorrectFile()V PASSED
jester.tests.TestTesterTest:testTestsMustStartOffWorking()V PASSED
jester.tests.TestTesterTest:testThatTestRunByIterator()V PASSED
jester.tests.ReportItemTest:testXmlEncoding()V ERROR java.lang.NullPointerException 3 49 
jester.tests.ReportItemTest:testLineNumberOneLine()V ERROR java.lang.NullPointerException 3 49 31 
jester.tests.ReportItemTest:testLineNumberSomeLines()V ERROR java.lang.NullPointerException 3 49 31 
jester.tests.TwoStringSwappingCodeManglerTest:testCouldntMangle()V ERROR java.lang.NullPointerException 3 (44,76) (44,76) 
jester.tests.TwoStringSwappingCodeManglerTest:testSimpleMangle1()V ERROR java.lang.NullPointerException 3 (44,76) (44,76) 
jester.tests.ReportTest:testBottomScore()V ERROR java.lang.NullPointerException 3 24 
jester.tests.ReportTest:testCantFinishDifferentFile()V ERROR java.lang.NullPointerException 3 24 
jester.tests.ReportTest:testCantStartTwoFiles()V ERROR java.lang.NullPointerException 3 24 
jester.tests.ReportTest:testChangesToSameFileOrderedByIndex()V ERROR java.lang.NullPointerException 3 24 
jester.tests.ReportTest:testFileScoreSeparateFromTotalScore()V ERROR java.lang.NullPointerException 3 24 
jester.tests.ReportTest:testInitialScore()V ERROR java.lang.NullPointerException 3 24 
jester.tests.ReportTest:testMediumScore()V ERROR java.lang.NullPointerException 3 24 
jester.tests.ReportTest:testThatChangeThatCausedTestsToFailIsNotIncluded()V ERROR java.lang.NullPointerException 3 24 
jester.tests.ReportTest:testThatChangeThatDidNotCauseTestsToFailIsIncluded()V ERROR java.lang.NullPointerException 3 24 
jester.tests.ReportTest:testTopScore()V ERROR java.lang.NullPointerException 3 24 
jester.tests.ReportTest:testTotalScoreForManyFiles()V ERROR java.lang.NullPointerException 3 24 
jester.tests.ReportTest:testFileMustBeStarted()V ERROR java.lang.NullPointerException 57 34 63 
jester.tests.MutationsListTest:testDefaults()V PASSED
jester.tests.MutationsListTest:testReadMutations()V FAILED junit.framework.AssertionFailedError 40 66 (17,39) 
jester.tests.MutationsListTest:testReadMutationsIgnoreBogusLinesIncludingBlankOnes()V FAILED junit.framework.AssertionFailedError 40 66 (17,39) 
jester.tests.MainArgumentsTest:testMissingArgumentsCauseExceptionToBeThrown()V ERROR java.lang.NullPointerException 8 0 
jester.tests.MainArgumentsTest:testMissingFileCauseExceptionToBeThrown()V PASSED
jester.tests.MainArgumentsTest:testMandatoryArguments()V ERROR jester.JesterArgumentException 36 0 
jester.tests.MainArgumentsTest:testThatMultipleMutationDirectoriesOrFilesAreAllowed()V ERROR jester.JesterArgumentException 36 0 
jester.tests.MainArgumentsTest:testClasspathArgument()V ERROR jester.JesterArgumentException 36 0 
jester.tests.MainArgumentsTest:testThatOneCanSpecifyOptionToNotShowProgressDialog()V ERROR jester.JesterArgumentException 36 0 
jester.tests.MainArgumentsTest:testThatClasspathArgumentCanAppearFirst()V ERROR jester.JesterArgumentException 36 0 41 
jester.tests.MainArgumentsTest:testThatClasspathArgumentCanAppearSecond()V ERROR jester.JesterArgumentException 36 0 41 
jester.tests.MainArgumentsTest:testThatClasspathArgumentCanAppearLast()V ERROR jester.JesterArgumentException 36 0 41 
jester.tests.MainArgumentsTest:testThatClasspathArgumentCanAppearInMiddleOfDirectoriesBecauseThereIsNoHarmInIt()V ERROR jester.JesterArgumentException 36 0 41 
jester.tests.ConfigurationTest:testDefaults()V PASSED
jester.tests.XMLReportWriterTest:testWritingChangesAsXMLHasBothGivenAndAbsoluteFilePaths()V ERROR java.lang.NullPointerException 3 
jester.tests.SimpleIntCodeManglerTest:testCouldntMangle()V ERROR java.lang.NullPointerException 3 (44,76) (44,76) 
jester.tests.SimpleIntCodeManglerTest:testContinuesIfChangeFails()V ERROR java.lang.NullPointerException 3 (44,76) (44,76) 
jester.tests.SimpleIntCodeManglerTest:testContinuesIfChangeSucceeds()V ERROR java.lang.NullPointerException 3 (44,76) (44,76) 
jester.tests.SimpleIntCodeManglerTest:testDoesntTryToChangeBadlyNamedMethodCalls()V ERROR java.lang.NullPointerException 3 (44,76) (44,76) 
jester.tests.SimpleIntCodeManglerTest:testSimpleMangle()V ERROR java.lang.NullPointerException 3 (44,76) (44,76) 
jester.tests.SimpleIntCodeManglerTest:testBug955882()V ERROR java.lang.NullPointerException 3 (44,76) (44,76) 
jester.tests.IgnoreListDocumentTest:testTextIsIgnored()V ERROR java.lang.NullPointerException 72 3 
jester.tests.IgnoreListDocumentTest:testTextIsIgnoredForMultipleIgnores()V ERROR java.lang.NullPointerException 72 3 
jester.tests.IgnoreListDocumentTest:testCharAtReturnsSpaceInsideIgnoreRegion()V ERROR java.lang.NullPointerException 72 3 
jester.tests.ClassTestTesterTest:testThatChangeThatFailsTestsIsNotRecorded()V ERROR java.lang.NullPointerException 3 (44,76) (44,76) 
jester.tests.ClassTestTesterTest:testThatChangeThatPassesTestsIsRecorded()V ERROR java.lang.NullPointerException 3 (44,76) (44,76) 
jester.tests.ClassTestTesterTest:testThatOriginalContentsAreNotWrittenBackIfNoChanges()V ERROR java.lang.NullPointerException 3 (44,76) (44,76) 
jester.tests.ClassTestTesterTest:testThatOriginalContentsAreWrittenBack()V ERROR java.lang.NullPointerException 3 (44,76) (44,76) 
jester.tests.ClassTestTesterTest:testThatMutationListIsUsed()V ERROR java.lang.NullPointerException 3 (44,76) (44,76) 
jester.tests.acceptancetests.VeryTestedTest:testBoolean()V PASSED
jester.tests.acceptancetests.VeryTestedTest:testConditionFalseBranch()V PASSED
jester.tests.acceptancetests.VeryTestedTest:testConditionTrueBranch()V PASSED
jester.tests.acceptancetests.VeryTestedTest:testDecrement()V PASSED
jester.tests.acceptancetests.VeryTestedTest:testEqual()V PASSED
jester.tests.acceptancetests.VeryTestedTest:testIncrement()V PASSED
jester.tests.acceptancetests.VeryTestedTest:testInfiniteLoop()V PASSED
jester.tests.acceptancetests.VeryTestedTest:testInt()V FAILED junit.framework.AssertionFailedError 
jester.tests.acceptancetests.VeryTestedTest:testNotEqual()V PASSED
jester.tests.functionaltests.VeryTestedTest:testNumber()V PASSED

#uuts: uut_name, [ '|', mutator_class, '|', change_position_in_file_buffer, '|', change ]
jester.MainArguments:readArguments([Ljava.lang.String;)V
jester.RealConfiguration:stringProperty(Ljava.lang.String;Ljava.lang.String;)Ljava.lang.String;
jester.tests.acceptancetests.VeryTested:mustReturnTrue()Z
jester.IgnoreListDocument:calculateIgnoreRegions()V
jester.RealReport:fileScore()I
jester.tests.acceptancetests.VeryTested:mustDecrement(I)I
jester.tests.ReportTest:newRealReport()Ljester.Report;
jester.RealReport:changeThatCausedTestsToFail(ILjava.lang.String;Ljava.lang.String;)V
jester.MainArguments:setOptionalShouldShowProgressDialogFromArguments(Ljava.util.List;)V | ASSIGN | 4078 | = null
jester.tests.acceptancetests.VeryTested:mustBeEqual()Z
jester.RealConfiguration:sourceFileExtension()Ljava.lang.String;
jester.IgnoreList:IgnoreList(Ljava.lang.String;)V
jester.RealXMLReportWriter:RealXMLReportWriter(Ljava.io.Writer;)V
jester.RealConfiguration:isTrueProperty(Ljava.lang.String;Z)Z
jester.RealReport:totalNumberOfChanges()I
jester.tests.MockClassIterator:setExpectedIterate(Ljester.ClassTestTester;)V
jester.RealConfiguration:testsPassString()Ljava.lang.String;
jester.RealMutationsList:visit(Ljester.MutationMaker;)V
jester.tests.acceptancetests.VeryTested:mustTakeCorrectBranchFor(Z)I
jester.RealLogger:RealLogger()V
jester.tests.MockClassSourceChanger:setThrowExceptionOnFirstChangeAttempt(Z)V
jester.RealReport:fileNumberOfChangesThatDidNotCauseTestsToFail()I
jester.RealReport:totalScore()I
jester.RealConfiguration:compilationCommand()Ljava.lang.String;
jester.tests.ReportTest:startFile(Ljester.Report;Ljava.lang.String;Ljava.lang.String;)V
jester.JesterArgumentException:JesterArgumentException(Ljava.lang.String;)V
jester.tests.MockMutationMaker:addExpectedMutateValues(Ljava.lang.String;Ljava.lang.String;)V
jester.RealConfiguration:RealConfiguration(Ljava.lang.String;Ljava.io.PrintStream;)V
jester.RealConfiguration:closeUIOnFinish()Z
jester.tests.functionaltests.VeryTested:mustReturnOne()I
jester.ConfigurationException:ConfigurationException(Ljava.lang.String;)V
jester.tests.ReportItemTest:lineNumberForCharacterIndex(Ljava.lang.String;I)I
jester.tests.acceptancetests.VeryTested:mustIncrement(I)I
jester.RealConfiguration:testRunningCommand()Ljava.lang.String;
jester.ReportItem:toString()Ljava.lang.String;
jester.MainArguments:MainArguments([Ljava.lang.String;Ljester.FileExistenceChecker;)V
jester.MainArguments:setDirectoriesOrFilesToMutateFromArguments(Ljava.util.List;)V | OPERATOR | 3338 | < -> >=
jester.tests.MockTestRunner:setTestsRunWithoutFailures(Z)V
jester.tests.MockClassSourceChanger:MockClassSourceChanger()V
jester.RealMutationsList:visit(Ljava.io.BufferedReader;Ljester.MutationMaker;)V
jester.tests.MockMutationMaker:mutate(Ljava.lang.String;Ljava.lang.String;)V
jester.tests.MainArgumentsTest:checkThatClasspathArgumentCanAppearInAnyOrder([Ljava.lang.String;)V
jester.tests.MockMutationMaker:MockMutationMaker()V
jester.RealReport:redBar()V
jester.tests.MockClassSourceChanger:setOriginalContents(Ljava.lang.String;)V
jester.tests.acceptancetests.VeryTested:mustNotBeEqual()Z
jester.tests.MockTestRunner:testsRunWithoutFailures()Z
jester.IgnoreListDocument:IgnoreListDocument(Ljava.lang.String;Ljester.IgnoreList;)V
jester.RealReport:fileNumberOfChanges()I
jester.tests.ReportItemTest:newReportItem(Ljava.lang.String;Ljava.lang.String;Ljava.lang.String;I)Ljester.ReportItem;
jester.ReportItem:ReportItem(Ljava.lang.String;Ljester.IgnoreListDocument;ILjava.lang.String;Ljava.lang.String;)V
jester.tests.MockMutationMaker:verify()V
jester.tests.MockClassIterator:setExpectedIterateCalls(I)V
jester.RealMutationsList:RealMutationsList(Ljava.lang.String;Ljava.io.PrintStream;)V
jester.tests.functionaltests.VeryTested:VeryTested()V
jester.tests.MockClassIterator:verify()V
jester.tests.MockProgressReporter:setColor(Ljava.awt.Color;)V
jester.ReportItem:lineNumber()I | CONDITION | 1690 | if (x) -> if (!x)
jester.MainArguments:setOptionalClasspathFromArguments(Ljava.util.List;)V
jester.RealConfiguration:shouldReportEagerly()Z
jester.MainArguments:setTestClassFromArguments(Ljava.util.List;)V
jester.tests.acceptancetests.VeryTested:mustReturnOne()I | CONSTANT | 425 | 1 -> 2
jester.TestTester:TestTester(Ljester.TestRunner;Ljester.ClassIterator;Ljester.ClassTestTester;)V
jester.RealReport:changeThatDidNotCauseTestsToFail(ILjava.lang.String;Ljava.lang.String;)V | OPERATOR | 3059 | == -> !=
jester.tests.ReportTest:newRealReport(Ljava.io.PrintWriter;)Ljester.Report;
jester.tests.IgnoreListTest:ignorePair(Ljava.lang.String;Ljava.lang.String;)Ljester.IgnorePair;
jester.RealMutationsList:visitLine(Ljava.lang.String;Ljester.MutationMaker;)V | CONSTANT | 2351 | 0 -> 1
jester.tests.acceptancetests.VeryTested:turnIntoInfiniteLoop()V
jester.RealReport:score(II)I | OPERATOR | 5281 | * -> <<
jester.tests.MockClassTestTester:MockClassTestTester()V
jester.tests.TestConfiguration:TestConfiguration()V
jester.tests.MockClassIterator:iterate(Ljester.ClassTestTester;)V
jester.IgnoreList:ignorePairs()Ljava.util.List; | ASSIGN | 357 | = null
jester.tests.MockClassIterator:MockClassIterator()V
jester.TestTester:run()V
jester.SourceChangeException:SourceChangeException(Ljava.lang.String;)V
jester.tests.MockClassSourceChanger:setOriginalContents(Ljava.lang.String;Ljester.IgnoreList;)V
jester.RealReport:RealReport(Ljester.Configuration;Ljava.io.PrintWriter;Ljester.XMLReportWriter;Ljester.ProgressReporter;)V | STATEMENT | 819 | stmt -> ;
jester.IgnorePair:IgnorePair(Ljava.lang.String;Ljava.lang.String;)V
jester.tests.MockTestRunner:MockTestRunner()V

#matrix (1 line per test, in order of tests): { mut_index, ' ', mut_call_count, ' ' }
11 1 72 1 
65 1 11 1 78 2 72 1 
65 1 11 1 78 2 72 1 
65 1 11 1 78 2 72 1 
65 1 11 1 78 2 72 1 
30 1 11 1 75 1 72 1 
74 1 75 1 62 1 46 1 37 1 79 1 
74 1 15 1 52 1 62 1 46 1 55 1 69 1 71 1 79 1 37 1 73 1 
3 1 47 1 11 1 72 1 49 1 
3 1 47 1 31 1 11 1 72 1 49 1 
3 1 47 1 31 1 11 1 72 1 49 1 
3 1 47 1 76 1 11 1 44 1 72 1 38 1 
3 1 47 1 76 1 11 1 44 1 72 1 38 1 
3 1 47 1 64 1 24 1 11 1 70 1 77 1 72 1 6 1 
3 1 47 1 64 1 24 1 11 1 70 1 77 1 72 1 6 1 
3 1 47 1 64 1 24 1 11 1 70 1 77 1 72 1 6 1 
3 1 47 1 64 1 24 1 11 1 70 1 77 1 72 1 
3 1 47 1 64 1 24 1 11 1 70 1 77 1 72 1 6 1 
22 1 24 1 14 1 3 1 47 1 64 1 48 1 21 2 68 2 4 1 11 1 70 1 77 1 72 1 6 1 
3 1 47 1 64 1 24 1 11 1 70 1 77 1 72 1 6 1 
3 1 47 1 64 1 24 1 11 1 70 1 77 1 72 1 
3 1 47 1 64 1 24 1 11 1 70 1 77 1 72 1 
3 1 47 1 64 1 24 1 11 1 70 1 77 1 72 1 6 1 
3 1 47 1 64 1 24 1 11 1 70 1 77 1 72 1 6 1 
50 1 7 1 43 1 75 1 63 1 64 1 56 1 70 1 34 1 77 1 57 1 6 1 
51 1 40 1 42 1 26 1 17 1 53 1 
39 1 40 1 42 1 26 1 53 1 66 1 
39 1 40 1 42 1 26 1 53 1 66 1 
0 1 25 1 60 1 8 1 36 1 35 1 58 1 
0 1 25 1 60 1 36 1 35 1 
0 1 25 1 60 1 36 1 35 1 
0 1 25 1 60 1 36 1 35 1 
0 1 25 1 60 1 36 1 35 1 
0 1 25 1 60 1 36 1 35 1 
0 1 25 1 41 1 60 1 36 1 35 1 
0 1 25 1 41 1 60 1 36 1 35 1 
0 1 25 1 41 1 60 1 36 1 35 1 
0 1 25 1 41 1 60 1 36 1 35 1 
13 2 23 1 1 4 59 1 27 1 16 1 19 1 28 1 10 1 33 1 
3 1 47 1 12 1 11 1 72 1 
3 1 47 1 76 1 11 1 44 1 72 1 38 1 
3 1 47 1 20 1 76 1 11 1 44 1 72 1 38 1 
3 1 47 1 20 1 76 1 11 1 44 1 72 1 38 1 
3 1 47 1 76 1 11 1 44 1 72 1 38 1 
3 1 47 1 76 1 11 1 44 1 72 1 38 1 
3 1 47 1 76 1 11 1 44 1 72 1 38 1 
3 1 47 1 11 1 78 1 72 1 
3 1 47 1 11 1 78 1 72 1 
3 1 47 1 11 1 78 1 72 1 
3 1 47 1 76 1 11 1 44 1 72 1 38 1 37 1 79 1 
3 1 47 1 76 1 11 1 44 1 72 1 38 1 37 1 79 1 
3 1 47 1 76 1 11 1 44 1 72 1 38 1 79 1 
3 1 47 1 76 1 11 1 44 1 72 1 38 1 79 1 
3 1 47 1 76 1 11 1 44 1 72 1 38 1 79 1 
2 1 
18 1 
18 1 
5 1 
9 1 
32 1 
67 1 
61 1 
45 1 
29 1 54 1 
