#tests: test_name, ' ', status(PASSED | FAILED | ERROR), ' ', [exception, { trace_mut_index | '(', { alternative_trace_mut_index, ',' }, ')' }]
jester.tests.IgnoreListTest:testReadingEmptyIgnoreValues()V ERROR java.lang.ArrayIndexOutOfBoundsException 18 
jester.tests.IgnoreListTest:testReadingIgnoreValues()V ERROR java.lang.ArrayIndexOutOfBoundsException 18 
jester.tests.IgnoreListTest:testReadingIgnoreValuesEndOfLineSpecialCase()V ERROR java.lang.ArrayIndexOutOfBoundsException 18 
jester.tests.IgnoreListTest:testReadingMultipleIgnoreValues()V ERROR java.lang.ArrayIndexOutOfBoundsException 18 
jester.tests.IgnoreListTest:testReadingMultipleIgnoreBlankLines()V ERROR java.lang.ArrayIndexOutOfBoundsException 18 
jester.tests.IgnoreListTest:testReadingIncorrectFile()V PASSED
jester.tests.TestTesterTest:testTestsMustStartOffWorking()V PASSED
jester.tests.TestTesterTest:testThatTestRunByIterator()V PASSED
jester.tests.ReportItemTest:testXmlEncoding()V ERROR java.lang.ArrayIndexOutOfBoundsException 18 31 48 
jester.tests.ReportItemTest:testLineNumberOneLine()V ERROR java.lang.ArrayIndexOutOfBoundsException 18 31 48 32 
jester.tests.ReportItemTest:testLineNumberSomeLines()V ERROR java.lang.ArrayIndexOutOfBoundsException 18 31 48 32 
jester.tests.TwoStringSwappingCodeManglerTest:testCouldntMangle()V ERROR java.lang.ArrayIndexOutOfBoundsException 18 31 (41,60) (41,60) 
jester.tests.TwoStringSwappingCodeManglerTest:testSimpleMangle1()V ERROR java.lang.ArrayIndexOutOfBoundsException 18 31 (41,60) (41,60) 
jester.tests.ReportTest:testBottomScore()V ERROR java.lang.ArrayIndexOutOfBoundsException 18 31 36 
jester.tests.ReportTest:testCantFinishDifferentFile()V ERROR java.lang.ArrayIndexOutOfBoundsException 18 31 36 
jester.tests.ReportTest:testCantStartTwoFiles()V ERROR java.lang.ArrayIndexOutOfBoundsException 18 31 36 
jester.tests.ReportTest:testChangesToSameFileOrderedByIndex()V ERROR java.lang.ArrayIndexOutOfBoundsException 18 31 36 
jester.tests.ReportTest:testFileScoreSeparateFromTotalScore()V ERROR java.lang.ArrayIndexOutOfBoundsException 18 31 36 
jester.tests.ReportTest:testInitialScore()V ERROR java.lang.NullPointerException 
jester.tests.ReportTest:testMediumScore()V ERROR java.lang.ArrayIndexOutOfBoundsException 18 31 36 
jester.tests.ReportTest:testThatChangeThatCausedTestsToFailIsNotIncluded()V ERROR java.lang.ArrayIndexOutOfBoundsException 18 31 36 
jester.tests.ReportTest:testThatChangeThatDidNotCauseTestsToFailIsIncluded()V ERROR java.lang.ArrayIndexOutOfBoundsException 18 31 36 
jester.tests.ReportTest:testTopScore()V ERROR java.lang.ArrayIndexOutOfBoundsException 18 31 36 
jester.tests.ReportTest:testTotalScoreForManyFiles()V ERROR java.lang.ArrayIndexOutOfBoundsException 18 31 36 
jester.tests.ReportTest:testFileMustBeStarted()V ERROR java.lang.NullPointerException 
jester.tests.MutationsListTest:testDefaults()V PASSED
jester.tests.MutationsListTest:testReadMutations()V PASSED
jester.tests.MutationsListTest:testReadMutationsIgnoreBogusLinesIncludingBlankOnes()V PASSED
jester.tests.MainArgumentsTest:testMissingArgumentsCauseExceptionToBeThrown()V ERROR java.lang.ArrayIndexOutOfBoundsException 4 
jester.tests.MainArgumentsTest:testMissingFileCauseExceptionToBeThrown()V ERROR java.lang.ArrayIndexOutOfBoundsException 4 
jester.tests.MainArgumentsTest:testMandatoryArguments()V ERROR java.lang.ArrayIndexOutOfBoundsException 4 
jester.tests.MainArgumentsTest:testThatMultipleMutationDirectoriesOrFilesAreAllowed()V ERROR java.lang.ArrayIndexOutOfBoundsException 4 
jester.tests.MainArgumentsTest:testClasspathArgument()V ERROR java.lang.ArrayIndexOutOfBoundsException 4 
jester.tests.MainArgumentsTest:testThatOneCanSpecifyOptionToNotShowProgressDialog()V ERROR java.lang.ArrayIndexOutOfBoundsException 4 
jester.tests.MainArgumentsTest:testThatClasspathArgumentCanAppearFirst()V ERROR java.lang.ArrayIndexOutOfBoundsException 4 55 
jester.tests.MainArgumentsTest:testThatClasspathArgumentCanAppearSecond()V ERROR java.lang.ArrayIndexOutOfBoundsException 4 55 
jester.tests.MainArgumentsTest:testThatClasspathArgumentCanAppearLast()V ERROR java.lang.ArrayIndexOutOfBoundsException 4 55 
jester.tests.MainArgumentsTest:testThatClasspathArgumentCanAppearInMiddleOfDirectoriesBecauseThereIsNoHarmInIt()V ERROR java.lang.ArrayIndexOutOfBoundsException 4 55 
jester.tests.ConfigurationTest:testDefaults()V PASSED
jester.tests.XMLReportWriterTest:testWritingChangesAsXMLHasBothGivenAndAbsoluteFilePaths()V ERROR java.lang.ArrayIndexOutOfBoundsException 18 31 
jester.tests.SimpleIntCodeManglerTest:testCouldntMangle()V ERROR java.lang.ArrayIndexOutOfBoundsException 18 31 (41,60) (41,60) 
jester.tests.SimpleIntCodeManglerTest:testContinuesIfChangeFails()V ERROR java.lang.ArrayIndexOutOfBoundsException 18 31 (41,60) (41,60) 
jester.tests.SimpleIntCodeManglerTest:testContinuesIfChangeSucceeds()V ERROR java.lang.ArrayIndexOutOfBoundsException 18 31 (41,60) (41,60) 
jester.tests.SimpleIntCodeManglerTest:testDoesntTryToChangeBadlyNamedMethodCalls()V ERROR java.lang.ArrayIndexOutOfBoundsException 18 31 (41,60) (41,60) 
jester.tests.SimpleIntCodeManglerTest:testSimpleMangle()V ERROR java.lang.ArrayIndexOutOfBoundsException 18 31 (41,60) (41,60) 
jester.tests.SimpleIntCodeManglerTest:testBug955882()V ERROR java.lang.ArrayIndexOutOfBoundsException 18 31 (41,60) (41,60) 
jester.tests.IgnoreListDocumentTest:testTextIsIgnored()V ERROR java.lang.ArrayIndexOutOfBoundsException 18 31 
jester.tests.IgnoreListDocumentTest:testTextIsIgnoredForMultipleIgnores()V ERROR java.lang.ArrayIndexOutOfBoundsException 18 31 
jester.tests.IgnoreListDocumentTest:testCharAtReturnsSpaceInsideIgnoreRegion()V ERROR java.lang.ArrayIndexOutOfBoundsException 18 31 
jester.tests.ClassTestTesterTest:testThatChangeThatFailsTestsIsNotRecorded()V ERROR java.lang.ArrayIndexOutOfBoundsException 18 31 (41,60) (41,60) 
jester.tests.ClassTestTesterTest:testThatChangeThatPassesTestsIsRecorded()V ERROR java.lang.ArrayIndexOutOfBoundsException 18 31 (41,60) (41,60) 
jester.tests.ClassTestTesterTest:testThatOriginalContentsAreNotWrittenBackIfNoChanges()V ERROR java.lang.ArrayIndexOutOfBoundsException 18 31 (41,60) (41,60) 
jester.tests.ClassTestTesterTest:testThatOriginalContentsAreWrittenBack()V ERROR java.lang.ArrayIndexOutOfBoundsException 18 31 (41,60) (41,60) 
jester.tests.ClassTestTesterTest:testThatMutationListIsUsed()V ERROR java.lang.ArrayIndexOutOfBoundsException 18 31 (41,60) (41,60) 
jester.tests.acceptancetests.VeryTestedTest:testBoolean()V PASSED
jester.tests.acceptancetests.VeryTestedTest:testConditionFalseBranch()V FAILED junit.framework.AssertionFailedError 
jester.tests.acceptancetests.VeryTestedTest:testConditionTrueBranch()V PASSED
jester.tests.acceptancetests.VeryTestedTest:testDecrement()V PASSED
jester.tests.acceptancetests.VeryTestedTest:testEqual()V PASSED
jester.tests.acceptancetests.VeryTestedTest:testIncrement()V PASSED
jester.tests.acceptancetests.VeryTestedTest:testInfiniteLoop()V PASSED
jester.tests.acceptancetests.VeryTestedTest:testInt()V PASSED
jester.tests.acceptancetests.VeryTestedTest:testNotEqual()V PASSED
jester.tests.functionaltests.VeryTestedTest:testNumber()V PASSED

#uuts: uut_name, [ '|', mutator_class, '|', change_position_in_file_buffer, '|', change ]
jester.tests.ReportTest:newRealReport(Ljava.io.PrintWriter;)Ljester.Report;
jester.tests.acceptancetests.VeryTested:mustIncrement(I)I
jester.RealMutationsList:visit(Ljester.MutationMaker;)V
jester.RealConfiguration:isTrueProperty(Ljava.lang.String;Z)Z
jester.MainArguments:readArguments([Ljava.lang.String;)V | CONSTANT | 1882 | 0 -> -1
jester.RealConfiguration:testRunningCommand()Ljava.lang.String;
jester.tests.MockClassSourceChanger:setThrowExceptionOnFirstChangeAttempt(Z)V
jester.tests.MockClassIterator:iterate(Ljester.ClassTestTester;)V
jester.tests.acceptancetests.VeryTested:mustBeEqual()Z
jester.tests.functionaltests.VeryTested:mustReturnOne()I
jester.tests.MockMutationMaker:verify()V
jester.tests.acceptancetests.VeryTested:mustNotBeEqual()Z
jester.tests.MockMutationMaker:mutate(Ljava.lang.String;Ljava.lang.String;)V
jester.tests.acceptancetests.VeryTested:turnIntoInfiniteLoop()V
jester.MainArguments:MainArguments([Ljava.lang.String;Ljester.FileExistenceChecker;)V
jester.TestTester:TestTester(Ljester.TestRunner;Ljester.ClassIterator;Ljester.ClassTestTester;)V
jester.tests.MockClassSourceChanger:MockClassSourceChanger()V
jester.RealXMLReportWriter:RealXMLReportWriter(Ljava.io.Writer;)V
jester.IgnoreList:ignorePairs()Ljava.util.List; | OPERATOR | 453 | ++ -> --
jester.tests.MockTestRunner:setTestsRunWithoutFailures(Z)V
jester.tests.acceptancetests.VeryTested:mustTakeCorrectBranchFor(Z)I | CONSTANT | 604 | 0 -> 1
jester.RealConfiguration:RealConfiguration(Ljava.lang.String;Ljava.io.PrintStream;)V
jester.tests.MockClassIterator:verify()V
jester.IgnorePair:IgnorePair(Ljava.lang.String;Ljava.lang.String;)V
jester.SourceChangeException:SourceChangeException(Ljava.lang.String;)V
jester.RealLogger:RealLogger()V
jester.RealReport:RealReport(Ljester.Configuration;Ljava.io.PrintWriter;Ljester.XMLReportWriter;Ljester.ProgressReporter;)V | STATEMENT | 883 | stmt -> ;
jester.tests.acceptancetests.VeryTested:mustReturnTrue()Z
jester.IgnoreList:IgnoreList(Ljava.lang.String;)V
jester.tests.acceptancetests.VeryTested:mustReturnOne()I
jester.tests.TestConfiguration:TestConfiguration()V
jester.IgnoreListDocument:calculateIgnoreRegions()V
jester.tests.ReportItemTest:lineNumberForCharacterIndex(Ljava.lang.String;I)I
jester.tests.MockTestRunner:testsRunWithoutFailures()Z
jester.RealMutationsList:visit(Ljava.io.BufferedReader;Ljester.MutationMaker;)V
jester.tests.MockClassIterator:setExpectedIterateCalls(I)V
jester.tests.ReportTest:startFile(Ljester.Report;Ljava.lang.String;Ljava.lang.String;)V
jester.tests.functionaltests.VeryTested:VeryTested()V
jester.tests.MockMutationMaker:addExpectedMutateValues(Ljava.lang.String;Ljava.lang.String;)V
jester.tests.MockTestRunner:MockTestRunner()V
jester.tests.MockClassIterator:MockClassIterator()V
jester.tests.MockClassSourceChanger:setOriginalContents(Ljava.lang.String;Ljester.IgnoreList;)V
jester.tests.IgnoreListTest:ignorePair(Ljava.lang.String;Ljava.lang.String;)Ljester.IgnorePair;
jester.ConfigurationException:ConfigurationException(Ljava.lang.String;)V
jester.RealConfiguration:closeUIOnFinish()Z
jester.tests.MockMutationMaker:MockMutationMaker()V
jester.RealConfiguration:stringProperty(Ljava.lang.String;Ljava.lang.String;)Ljava.lang.String;
jester.tests.ReportTest:newRealReport()Ljester.Report; | RETURN | 579 | return null
jester.tests.ReportItemTest:newReportItem(Ljava.lang.String;Ljava.lang.String;Ljava.lang.String;I)Ljester.ReportItem;
jester.IgnoreListDocument:IgnoreListDocument(Ljava.lang.String;Ljester.IgnoreList;)V
jester.tests.MockClassIterator:setExpectedIterate(Ljester.ClassTestTester;)V
jester.RealConfiguration:testsPassString()Ljava.lang.String;
jester.tests.MockClassTestTester:MockClassTestTester()V
jester.RealConfiguration:shouldReportEagerly()Z
jester.RealConfiguration:sourceFileExtension()Ljava.lang.String;
jester.tests.MainArgumentsTest:checkThatClasspathArgumentCanAppearInAnyOrder([Ljava.lang.String;)V
jester.TestTester:run()V
jester.tests.acceptancetests.VeryTested:mustDecrement(I)I
jester.RealMutationsList:RealMutationsList(Ljava.lang.String;Ljava.io.PrintStream;)V
jester.RealConfiguration:compilationCommand()Ljava.lang.String;
jester.tests.MockClassSourceChanger:setOriginalContents(Ljava.lang.String;)V
jester.RealMutationsList:visitLine(Ljava.lang.String;Ljester.MutationMaker;)V

#matrix (1 line per test, in order of tests): { mut_index, ' ', mut_call_count, ' ' }
18 1 28 1 
18 1 23 2 28 1 42 1 
18 1 23 2 28 1 42 1 
18 1 23 2 28 1 42 1 
18 1 23 2 28 1 42 1 
18 1 24 1 43 1 28 1 
19 1 33 1 24 1 56 1 39 1 15 1 
19 1 50 1 22 1 52 1 7 1 33 1 35 1 56 1 39 1 40 1 15 1 
18 1 49 1 48 1 28 1 31 1 
32 1 18 1 49 1 48 1 28 1 31 1 
32 1 18 1 49 1 48 1 28 1 31 1 
18 1 49 1 41 1 28 1 31 1 60 1 16 1 
18 1 49 1 41 1 28 1 31 1 60 1 16 1 
18 1 47 1 49 1 28 1 36 1 31 1 
18 1 47 1 49 1 28 1 36 1 31 1 
18 1 47 1 49 1 28 1 36 1 31 1 
0 1 18 1 49 1 26 1 28 1 36 1 30 1 31 1 
18 1 47 1 49 1 28 1 36 1 31 1 
47 1 
18 1 47 1 49 1 28 1 36 1 31 1 
0 1 18 1 49 1 26 1 28 1 36 1 30 1 31 1 
0 1 18 1 49 1 26 1 28 1 36 1 30 1 31 1 
18 1 47 1 49 1 28 1 36 1 31 1 
18 1 47 1 49 1 28 1 36 1 31 1 
47 1 
2 1 10 1 45 1 12 1 38 1 58 1 
10 1 45 1 12 1 34 1 38 1 58 1 61 1 
10 1 45 1 12 1 34 1 38 1 58 1 61 1 
4 1 14 1 
4 1 14 1 
4 1 14 1 
4 1 14 1 
4 1 14 1 
4 1 14 1 
4 1 55 1 14 1 
4 1 55 1 14 1 
4 1 55 1 14 1 
4 1 55 1 14 1 
3 2 21 1 5 1 51 1 25 1 53 1 54 1 44 1 59 1 46 4 
17 1 18 1 49 1 28 1 31 1 
18 1 49 1 41 1 28 1 31 1 60 1 16 1 
18 1 49 1 41 1 6 1 28 1 31 1 60 1 16 1 
18 1 49 1 41 1 6 1 28 1 31 1 60 1 16 1 
18 1 49 1 41 1 28 1 31 1 60 1 16 1 
18 1 49 1 41 1 28 1 31 1 60 1 16 1 
18 1 49 1 41 1 28 1 31 1 60 1 16 1 
18 1 49 1 23 1 28 1 31 1 
18 1 49 1 23 1 28 1 31 1 
18 1 49 1 23 1 28 1 31 1 
18 1 19 1 49 1 41 1 28 1 31 1 60 1 39 1 16 1 
18 1 19 1 49 1 41 1 28 1 31 1 60 1 39 1 16 1 
18 1 49 1 41 1 28 1 31 1 60 1 39 1 16 1 
18 1 49 1 41 1 28 1 31 1 60 1 39 1 16 1 
18 1 49 1 41 1 28 1 31 1 60 1 39 1 16 1 
27 1 
20 1 
20 1 
57 1 
8 1 
1 1 
13 1 
29 1 
11 1 
9 1 37 1 
