#tests: test_name, ' ', status(PASSED | FAILED | ERROR), ' ', [exception, { trace_mut_index | '(', { alternative_trace_mut_index, ',' }, ')' }]
jester.tests.IgnoreListTest:testReadingEmptyIgnoreValues()V ERROR java.lang.ArrayIndexOutOfBoundsException 40 
jester.tests.IgnoreListTest:testReadingIgnoreValues()V ERROR java.lang.ArrayIndexOutOfBoundsException 40 
jester.tests.IgnoreListTest:testReadingIgnoreValuesEndOfLineSpecialCase()V ERROR java.lang.ArrayIndexOutOfBoundsException 40 
jester.tests.IgnoreListTest:testReadingMultipleIgnoreValues()V ERROR java.lang.ArrayIndexOutOfBoundsException 40 
jester.tests.IgnoreListTest:testReadingMultipleIgnoreBlankLines()V ERROR java.lang.ArrayIndexOutOfBoundsException 40 
jester.tests.IgnoreListTest:testReadingIncorrectFile()V PASSED
jester.tests.TestTesterTest:testTestsMustStartOffWorking()V PASSED
jester.tests.TestTesterTest:testThatTestRunByIterator()V PASSED
jester.tests.ReportItemTest:testXmlEncoding()V ERROR java.lang.ArrayIndexOutOfBoundsException 40 55 54 
jester.tests.ReportItemTest:testLineNumberOneLine()V ERROR java.lang.ArrayIndexOutOfBoundsException 40 55 54 15 
jester.tests.ReportItemTest:testLineNumberSomeLines()V ERROR java.lang.ArrayIndexOutOfBoundsException 40 55 54 15 
jester.tests.TwoStringSwappingCodeManglerTest:testCouldntMangle()V ERROR java.lang.ArrayIndexOutOfBoundsException 40 55 (34,56) (34,56) 
jester.tests.TwoStringSwappingCodeManglerTest:testSimpleMangle1()V ERROR java.lang.ArrayIndexOutOfBoundsException 40 55 (34,56) (34,56) 
jester.tests.ReportTest:testBottomScore()V ERROR java.lang.ArrayIndexOutOfBoundsException 40 55 61 
jester.tests.ReportTest:testCantFinishDifferentFile()V ERROR java.lang.ArrayIndexOutOfBoundsException 40 55 61 
jester.tests.ReportTest:testCantStartTwoFiles()V ERROR java.lang.ArrayIndexOutOfBoundsException 40 55 61 
jester.tests.ReportTest:testChangesToSameFileOrderedByIndex()V ERROR java.lang.ArrayIndexOutOfBoundsException 40 55 61 
jester.tests.ReportTest:testFileScoreSeparateFromTotalScore()V ERROR java.lang.ArrayIndexOutOfBoundsException 40 55 61 
jester.tests.ReportTest:testInitialScore()V ERROR java.lang.ArrayIndexOutOfBoundsException 40 55 61 
jester.tests.ReportTest:testMediumScore()V ERROR java.lang.ArrayIndexOutOfBoundsException 40 55 61 
jester.tests.ReportTest:testThatChangeThatCausedTestsToFailIsNotIncluded()V ERROR java.lang.ArrayIndexOutOfBoundsException 40 55 61 
jester.tests.ReportTest:testThatChangeThatDidNotCauseTestsToFailIsIncluded()V ERROR java.lang.ArrayIndexOutOfBoundsException 40 55 61 
jester.tests.ReportTest:testTopScore()V ERROR java.lang.ArrayIndexOutOfBoundsException 40 55 61 
jester.tests.ReportTest:testTotalScoreForManyFiles()V ERROR java.lang.ArrayIndexOutOfBoundsException 40 55 61 
jester.tests.ReportTest:testFileMustBeStarted()V PASSED
jester.tests.MutationsListTest:testDefaults()V PASSED
jester.tests.MutationsListTest:testReadMutations()V FAILED junit.framework.AssertionFailedError 72 
jester.tests.MutationsListTest:testReadMutationsIgnoreBogusLinesIncludingBlankOnes()V FAILED junit.framework.AssertionFailedError 72 
jester.tests.MainArgumentsTest:testMissingArgumentsCauseExceptionToBeThrown()V ERROR java.lang.IndexOutOfBoundsException 52 59 
jester.tests.MainArgumentsTest:testMissingFileCauseExceptionToBeThrown()V PASSED
jester.tests.MainArgumentsTest:testMandatoryArguments()V PASSED
jester.tests.MainArgumentsTest:testThatMultipleMutationDirectoriesOrFilesAreAllowed()V PASSED
jester.tests.MainArgumentsTest:testClasspathArgument()V PASSED
jester.tests.MainArgumentsTest:testThatOneCanSpecifyOptionToNotShowProgressDialog()V PASSED
jester.tests.MainArgumentsTest:testThatClasspathArgumentCanAppearFirst()V PASSED
jester.tests.MainArgumentsTest:testThatClasspathArgumentCanAppearSecond()V PASSED
jester.tests.MainArgumentsTest:testThatClasspathArgumentCanAppearLast()V PASSED
jester.tests.MainArgumentsTest:testThatClasspathArgumentCanAppearInMiddleOfDirectoriesBecauseThereIsNoHarmInIt()V PASSED
jester.tests.ConfigurationTest:testDefaults()V ERROR junit.framework.ComparisonFailure 
jester.tests.XMLReportWriterTest:testWritingChangesAsXMLHasBothGivenAndAbsoluteFilePaths()V ERROR java.lang.ArrayIndexOutOfBoundsException 40 55 
jester.tests.SimpleIntCodeManglerTest:testCouldntMangle()V ERROR java.lang.ArrayIndexOutOfBoundsException 40 55 (34,56) (34,56) 
jester.tests.SimpleIntCodeManglerTest:testContinuesIfChangeFails()V ERROR java.lang.ArrayIndexOutOfBoundsException 40 55 (34,56) (34,56) 
jester.tests.SimpleIntCodeManglerTest:testContinuesIfChangeSucceeds()V ERROR java.lang.ArrayIndexOutOfBoundsException 40 55 (34,56) (34,56) 
jester.tests.SimpleIntCodeManglerTest:testDoesntTryToChangeBadlyNamedMethodCalls()V ERROR java.lang.ArrayIndexOutOfBoundsException 40 55 (34,56) (34,56) 
jester.tests.SimpleIntCodeManglerTest:testSimpleMangle()V ERROR java.lang.ArrayIndexOutOfBoundsException 40 55 (34,56) (34,56) 
jester.tests.SimpleIntCodeManglerTest:testBug955882()V ERROR java.lang.ArrayIndexOutOfBoundsException 40 55 (34,56) (34,56) 
jester.tests.IgnoreListDocumentTest:testTextIsIgnored()V ERROR java.lang.ArrayIndexOutOfBoundsException 40 55 
jester.tests.IgnoreListDocumentTest:testTextIsIgnoredForMultipleIgnores()V ERROR java.lang.ArrayIndexOutOfBoundsException 40 55 
jester.tests.IgnoreListDocumentTest:testCharAtReturnsSpaceInsideIgnoreRegion()V ERROR java.lang.ArrayIndexOutOfBoundsException 40 55 
jester.tests.ClassTestTesterTest:testThatChangeThatFailsTestsIsNotRecorded()V ERROR java.lang.ArrayIndexOutOfBoundsException 40 55 (34,56) (34,56) 
jester.tests.ClassTestTesterTest:testThatChangeThatPassesTestsIsRecorded()V ERROR java.lang.ArrayIndexOutOfBoundsException 40 55 (34,56) (34,56) 
jester.tests.ClassTestTesterTest:testThatOriginalContentsAreNotWrittenBackIfNoChanges()V ERROR java.lang.ArrayIndexOutOfBoundsException 40 55 (34,56) (34,56) 
jester.tests.ClassTestTesterTest:testThatOriginalContentsAreWrittenBack()V ERROR java.lang.ArrayIndexOutOfBoundsException 40 55 (34,56) (34,56) 
jester.tests.ClassTestTesterTest:testThatMutationListIsUsed()V ERROR java.lang.ArrayIndexOutOfBoundsException 40 55 (34,56) (34,56) 
jester.tests.acceptancetests.VeryTestedTest:testBoolean()V PASSED
jester.tests.acceptancetests.VeryTestedTest:testConditionFalseBranch()V PASSED
jester.tests.acceptancetests.VeryTestedTest:testConditionTrueBranch()V PASSED
jester.tests.acceptancetests.VeryTestedTest:testDecrement()V PASSED
jester.tests.acceptancetests.VeryTestedTest:testEqual()V PASSED
jester.tests.acceptancetests.VeryTestedTest:testIncrement()V PASSED
jester.tests.acceptancetests.VeryTestedTest:testInfiniteLoop()V PASSED
jester.tests.acceptancetests.VeryTestedTest:testInt()V PASSED
jester.tests.acceptancetests.VeryTestedTest:testNotEqual()V PASSED
jester.tests.functionaltests.VeryTestedTest:testNumber()V PASSED

#uuts: uut_name, [ '|', mutator_class, '|', change_position_in_file_buffer, '|', change ]
jester.tests.acceptancetests.VeryTested:mustTakeCorrectBranchFor(Z)I
jester.RealConfiguration:stringProperty(Ljava.lang.String;Ljava.lang.String;)Ljava.lang.String; | CONDITION | 1755 | if (x) -> if (!x)
jester.tests.acceptancetests.VeryTested:turnIntoInfiniteLoop()V
jester.TestTester:run()V
jester.tests.MockClassIterator:iterate(Ljester.ClassTestTester;)V
jester.tests.TestConfiguration:TestConfiguration()V
jester.SourceChangeException:SourceChangeException(Ljava.lang.String;)V
jester.tests.MockTestRunner:MockTestRunner()V
jester.RealReport:RealReport(Ljester.Configuration;Ljava.io.PrintWriter;Ljester.XMLReportWriter;Ljester.ProgressReporter;)V
jester.RealReport:totalNumberOfChanges()I
jester.tests.MockClassIterator:verify()V
jester.tests.acceptancetests.VeryTested:mustIncrement(I)I
jester.tests.MainArgumentsTest:checkThatClasspathArgumentCanAppearInAnyOrder([Ljava.lang.String;)V
jester.RealReport:fileNumberOfChangesThatDidNotCauseTestsToFail()I
jester.MainArguments:checkDirectoriesOrFilesToMutateExist()V
jester.tests.ReportItemTest:lineNumberForCharacterIndex(Ljava.lang.String;I)I
jester.RealMutationsList:visit(Ljava.io.BufferedReader;Ljester.MutationMaker;)V | OPERATOR | 687 | != -> ==
jester.tests.MainArgumentsTest:assertEquals([Ljava.lang.String;[Ljava.lang.String;)V
jester.RealReport:totalScore()I
jester.MainArguments:getDirectoryOrFileNames()[Ljava.lang.String;
jester.tests.MainArgumentsTest.1:exists(Ljava.lang.String;)Z
jester.tests.ReportTest:newRealReport()Ljester.Report;
jester.tests.MockMutationMaker:addExpectedMutateValues(Ljava.lang.String;Ljava.lang.String;)V
jester.IgnorePair:IgnorePair(Ljava.lang.String;Ljava.lang.String;)V
jester.tests.IgnoreListTest:ignorePair(Ljava.lang.String;Ljava.lang.String;)Ljester.IgnorePair;
jester.RealMutationsList:visit(Ljester.MutationMaker;)V
jester.tests.MockTestRunner:setTestsRunWithoutFailures(Z)V
jester.tests.MainArgumentsTest.2:exists(Ljava.lang.String;)Z
jester.MainArguments:MainArguments([Ljava.lang.String;Ljester.FileExistenceChecker;)V
jester.tests.acceptancetests.VeryTested:mustReturnOne()I
jester.RealConfiguration:compilationCommand()Ljava.lang.String;
jester.RealMutationsList:RealMutationsList(Ljava.lang.String;Ljava.io.PrintStream;)V
jester.tests.MockClassIterator:setExpectedIterate(Ljester.ClassTestTester;)V
jester.MainArguments:shouldShowProgressDialog()Z
jester.tests.MockClassSourceChanger:setOriginalContents(Ljava.lang.String;)V
jester.tests.MockMutationMaker:MockMutationMaker()V
jester.tests.MockClassSourceChanger:MockClassSourceChanger()V
jester.MainArguments:getTestClassName()Ljava.lang.String;
jester.tests.MockMutationMaker:mutate(Ljava.lang.String;Ljava.lang.String;)V
jester.RealReport:fileNumberOfChanges()I
jester.IgnoreList:ignorePairs()Ljava.util.List; | OPERATOR | 453 | ++ -> --
jester.tests.ReportTest:newRealReport(Ljava.io.PrintWriter;)Ljester.Report;
jester.tests.functionaltests.VeryTested:mustReturnOne()I
jester.RealReport:fileScore()I
jester.RealReport:changeThatDidNotCauseTestsToFail(ILjava.lang.String;Ljava.lang.String;)V
jester.tests.acceptancetests.VeryTested:mustReturnTrue()Z
jester.tests.MockTestRunner:testsRunWithoutFailures()Z
jester.JesterArgumentException:JesterArgumentException(Ljava.lang.String;)V
jester.TestTester:TestTester(Ljester.TestRunner;Ljester.ClassIterator;Ljester.ClassTestTester;)V
jester.MainArguments:setOptionalClasspathFromArguments(Ljava.util.List;)V
jester.tests.acceptancetests.VeryTested:mustNotBeEqual()Z
jester.RealReport:score(II)I | STATEMENT | 5265 | stmt -> ;
jester.MainArguments:setTestClassFromArguments(Ljava.util.List;)V | STATEMENT | 3099 | stmt -> ;
jester.tests.acceptancetests.VeryTested:mustDecrement(I)I
jester.tests.ReportItemTest:newReportItem(Ljava.lang.String;Ljava.lang.String;Ljava.lang.String;I)Ljester.ReportItem;
jester.IgnoreListDocument:calculateIgnoreRegions()V
jester.tests.MockClassSourceChanger:setOriginalContents(Ljava.lang.String;Ljester.IgnoreList;)V
jester.IgnoreList:IgnoreList(Ljava.lang.String;)V
jester.tests.acceptancetests.VeryTested:mustBeEqual()Z
jester.MainArguments:readArguments([Ljava.lang.String;)V
jester.tests.MockClassTestTester:MockClassTestTester()V
jester.tests.ReportTest:startFile(Ljester.Report;Ljava.lang.String;Ljava.lang.String;)V
jester.tests.MockClassIterator:setExpectedIterateCalls(I)V
jester.RealConfiguration:RealConfiguration(Ljava.lang.String;Ljava.io.PrintStream;)V
jester.tests.functionaltests.VeryTested:VeryTested()V
jester.RealReport:changeThatCausedTestsToFail(ILjava.lang.String;Ljava.lang.String;)V
jester.MainArguments:setOptionalShouldShowProgressDialogFromArguments(Ljava.util.List;)V
jester.IgnoreListDocument:IgnoreListDocument(Ljava.lang.String;Ljester.IgnoreList;)V
jester.MainArguments:setDirectoriesOrFilesToMutateFromArguments(Ljava.util.List;)V
jester.RealLogger:RealLogger()V
jester.tests.MockClassSourceChanger:setThrowExceptionOnFirstChangeAttempt(Z)V
jester.ConfigurationException:ConfigurationException(Ljava.lang.String;)V
jester.tests.MockMutationMaker:verify()V
jester.tests.MockClassIterator:MockClassIterator()V
jester.RealXMLReportWriter:RealXMLReportWriter(Ljava.io.Writer;)V

#matrix (1 line per test, in order of tests): { mut_index, ' ', mut_call_count, ' ' }
57 1 40 1 
24 1 57 1 23 2 40 1 
24 1 57 1 23 2 40 1 
24 1 57 1 23 2 40 1 
24 1 57 1 23 2 40 1 
71 1 6 1 57 1 40 1 
48 1 6 1 46 1 7 1 3 1 26 1 
62 1 10 1 46 1 3 1 26 1 48 1 4 1 60 1 32 1 7 1 73 1 
55 1 57 1 40 1 67 1 54 1 
55 1 57 1 15 1 40 1 67 1 54 1 
55 1 57 1 15 1 40 1 67 1 54 1 
55 1 34 1 36 1 57 1 40 1 67 1 56 1 
55 1 34 1 36 1 57 1 40 1 67 1 56 1 
55 1 41 1 21 1 5 1 57 1 40 1 67 1 61 1 8 1 
55 1 41 1 21 1 5 1 57 1 40 1 67 1 61 1 8 1 
55 1 41 1 21 1 5 1 57 1 40 1 67 1 61 1 8 1 
55 1 41 1 5 1 57 1 40 1 67 1 61 1 8 1 
55 1 41 1 21 1 5 1 57 1 40 1 67 1 61 1 8 1 
9 1 55 1 13 2 39 1 40 1 67 1 18 1 41 1 21 1 5 1 57 1 51 2 43 1 61 1 8 1 
55 1 41 1 21 1 5 1 57 1 40 1 67 1 61 1 8 1 
55 1 41 1 5 1 57 1 40 1 67 1 61 1 8 1 
55 1 41 1 5 1 57 1 40 1 67 1 61 1 8 1 
55 1 41 1 21 1 5 1 57 1 40 1 67 1 61 1 8 1 
55 1 41 1 21 1 5 1 57 1 40 1 67 1 61 1 8 1 
41 1 65 1 21 1 5 1 6 2 44 1 8 1 
35 1 38 1 25 1 31 1 72 1 22 1 
35 1 16 1 31 1 72 1 22 1 
35 1 16 1 31 1 72 1 22 1 
59 1 28 1 52 1 
49 1 27 1 59 1 28 1 14 1 47 1 66 1 52 1 68 1 
14 1 37 1 66 1 17 1 68 1 49 1 19 1 59 1 28 1 20 1 52 1 
14 1 37 1 66 1 17 1 68 1 49 1 19 1 59 1 28 1 20 1 52 1 
14 1 37 1 66 1 17 1 68 1 49 1 19 1 59 1 28 1 20 1 52 1 
14 1 66 1 68 1 49 1 59 1 28 1 20 1 52 1 33 1 
12 1 14 1 37 1 66 1 17 1 68 1 49 1 19 1 59 1 28 1 20 1 52 1 
12 1 14 1 37 1 66 1 17 1 68 1 49 1 19 1 59 1 28 1 20 1 52 1 
12 1 14 1 37 1 66 1 17 1 68 1 49 1 19 1 59 1 28 1 20 1 52 1 
12 1 14 1 37 1 66 1 17 1 68 1 49 1 19 1 59 1 28 1 20 1 52 1 
69 1 63 1 30 1 1 1 
55 1 57 1 40 1 67 1 74 1 
55 1 34 1 36 1 57 1 40 1 67 1 56 1 
55 1 34 1 70 1 36 1 57 1 40 1 67 1 56 1 
55 1 34 1 70 1 36 1 57 1 40 1 67 1 56 1 
55 1 34 1 36 1 57 1 40 1 67 1 56 1 
55 1 34 1 36 1 57 1 40 1 67 1 56 1 
55 1 34 1 36 1 57 1 40 1 67 1 56 1 
55 1 57 1 23 1 40 1 67 1 
55 1 57 1 23 1 40 1 67 1 
55 1 57 1 23 1 40 1 67 1 
55 1 34 1 36 1 57 1 40 1 67 1 56 1 7 1 26 1 
55 1 34 1 36 1 57 1 40 1 67 1 56 1 7 1 26 1 
55 1 34 1 36 1 57 1 40 1 67 1 56 1 7 1 
55 1 34 1 36 1 57 1 40 1 67 1 56 1 7 1 
55 1 34 1 36 1 57 1 40 1 67 1 56 1 7 1 
45 1 
0 1 
0 1 
53 1 
58 1 
11 1 
2 1 
29 1 
50 1 
42 1 64 1 
