#tests: test_name, ' ', status(PASSED | FAILED | ERROR), ' ', [exception, { trace_mut_index | '(', { alternative_trace_mut_index, ',' }, ')' }]
jester.tests.IgnoreListTest:testReadingEmptyIgnoreValues()V ERROR java.lang.ArrayIndexOutOfBoundsException 53 
jester.tests.IgnoreListTest:testReadingIgnoreValues()V ERROR java.lang.ArrayIndexOutOfBoundsException 53 
jester.tests.IgnoreListTest:testReadingIgnoreValuesEndOfLineSpecialCase()V ERROR java.lang.ArrayIndexOutOfBoundsException 53 
jester.tests.IgnoreListTest:testReadingMultipleIgnoreValues()V ERROR java.lang.ArrayIndexOutOfBoundsException 53 
jester.tests.IgnoreListTest:testReadingMultipleIgnoreBlankLines()V ERROR java.lang.ArrayIndexOutOfBoundsException 53 
jester.tests.IgnoreListTest:testReadingIncorrectFile()V ERROR java.lang.ArrayIndexOutOfBoundsException 53 
jester.tests.TestTesterTest:testTestsMustStartOffWorking()V PASSED
jester.tests.TestTesterTest:testThatTestRunByIterator()V PASSED
jester.tests.ReportItemTest:testXmlEncoding()V ERROR java.lang.ArrayIndexOutOfBoundsException 53 68 39 
jester.tests.ReportItemTest:testLineNumberOneLine()V ERROR java.lang.ArrayIndexOutOfBoundsException 53 68 39 22 
jester.tests.ReportItemTest:testLineNumberSomeLines()V ERROR java.lang.ArrayIndexOutOfBoundsException 53 68 39 22 
jester.tests.TwoStringSwappingCodeManglerTest:testCouldntMangle()V ERROR java.lang.ArrayIndexOutOfBoundsException 53 68 (3,23) (3,23) 
jester.tests.TwoStringSwappingCodeManglerTest:testSimpleMangle1()V ERROR java.lang.ArrayIndexOutOfBoundsException 53 68 (3,23) (3,23) 
jester.tests.ReportTest:testBottomScore()V ERROR java.lang.NullPointerException 27 24 
jester.tests.ReportTest:testCantFinishDifferentFile()V ERROR java.lang.NullPointerException 20 
jester.tests.ReportTest:testCantStartTwoFiles()V FAILED junit.framework.AssertionFailedError 
jester.tests.ReportTest:testChangesToSameFileOrderedByIndex()V ERROR java.lang.NullPointerException 27 24 
jester.tests.ReportTest:testFileScoreSeparateFromTotalScore()V ERROR jester.SourceChangeException 70 
jester.tests.ReportTest:testInitialScore()V ERROR java.lang.ArithmeticException 2 60 
jester.tests.ReportTest:testMediumScore()V ERROR jester.SourceChangeException 70 
jester.tests.ReportTest:testThatChangeThatCausedTestsToFailIsNotIncluded()V ERROR jester.SourceChangeException 70 
jester.tests.ReportTest:testThatChangeThatDidNotCauseTestsToFailIsIncluded()V ERROR java.lang.NullPointerException 27 24 
jester.tests.ReportTest:testTopScore()V ERROR jester.SourceChangeException 70 
jester.tests.ReportTest:testTotalScoreForManyFiles()V ERROR jester.SourceChangeException 70 
jester.tests.ReportTest:testFileMustBeStarted()V ERROR java.lang.NullPointerException 27 24 
jester.tests.MutationsListTest:testDefaults()V FAILED junit.framework.AssertionFailedError 57 
jester.tests.MutationsListTest:testReadMutations()V FAILED junit.framework.AssertionFailedError 57 
jester.tests.MutationsListTest:testReadMutationsIgnoreBogusLinesIncludingBlankOnes()V FAILED junit.framework.AssertionFailedError 57 
jester.tests.MainArgumentsTest:testMissingArgumentsCauseExceptionToBeThrown()V ERROR java.lang.IndexOutOfBoundsException 15 55 
jester.tests.MainArgumentsTest:testMissingFileCauseExceptionToBeThrown()V PASSED
jester.tests.MainArgumentsTest:testMandatoryArguments()V ERROR jester.JesterArgumentException 15 55 
jester.tests.MainArgumentsTest:testThatMultipleMutationDirectoriesOrFilesAreAllowed()V ERROR jester.JesterArgumentException 15 55 
jester.tests.MainArgumentsTest:testClasspathArgument()V ERROR java.lang.NullPointerException 55 
jester.tests.MainArgumentsTest:testThatOneCanSpecifyOptionToNotShowProgressDialog()V ERROR jester.JesterArgumentException 15 55 
jester.tests.MainArgumentsTest:testThatClasspathArgumentCanAppearFirst()V ERROR java.lang.NullPointerException 55 69 
jester.tests.MainArgumentsTest:testThatClasspathArgumentCanAppearSecond()V ERROR java.lang.NullPointerException 55 69 
jester.tests.MainArgumentsTest:testThatClasspathArgumentCanAppearLast()V ERROR java.lang.NullPointerException 55 69 
jester.tests.MainArgumentsTest:testThatClasspathArgumentCanAppearInMiddleOfDirectoriesBecauseThereIsNoHarmInIt()V ERROR java.lang.NullPointerException 55 69 
jester.tests.ConfigurationTest:testDefaults()V ERROR junit.framework.ComparisonFailure 
jester.tests.XMLReportWriterTest:testWritingChangesAsXMLHasBothGivenAndAbsoluteFilePaths()V ERROR java.lang.ArrayIndexOutOfBoundsException 53 68 
jester.tests.SimpleIntCodeManglerTest:testCouldntMangle()V ERROR java.lang.ArrayIndexOutOfBoundsException 53 68 (3,23) (3,23) 
jester.tests.SimpleIntCodeManglerTest:testContinuesIfChangeFails()V ERROR java.lang.ArrayIndexOutOfBoundsException 53 68 (3,23) (3,23) 
jester.tests.SimpleIntCodeManglerTest:testContinuesIfChangeSucceeds()V ERROR java.lang.ArrayIndexOutOfBoundsException 53 68 (3,23) (3,23) 
jester.tests.SimpleIntCodeManglerTest:testDoesntTryToChangeBadlyNamedMethodCalls()V ERROR java.lang.ArrayIndexOutOfBoundsException 53 68 (3,23) (3,23) 
jester.tests.SimpleIntCodeManglerTest:testSimpleMangle()V ERROR java.lang.ArrayIndexOutOfBoundsException 53 68 (3,23) (3,23) 
jester.tests.SimpleIntCodeManglerTest:testBug955882()V ERROR java.lang.ArrayIndexOutOfBoundsException 53 68 (3,23) (3,23) 
jester.tests.IgnoreListDocumentTest:testTextIsIgnored()V ERROR java.lang.ArrayIndexOutOfBoundsException 53 68 
jester.tests.IgnoreListDocumentTest:testTextIsIgnoredForMultipleIgnores()V ERROR java.lang.ArrayIndexOutOfBoundsException 53 68 
jester.tests.IgnoreListDocumentTest:testCharAtReturnsSpaceInsideIgnoreRegion()V ERROR java.lang.ArrayIndexOutOfBoundsException 53 68 
jester.tests.ClassTestTesterTest:testThatChangeThatFailsTestsIsNotRecorded()V ERROR java.lang.ArrayIndexOutOfBoundsException 53 68 (3,23) (3,23) 
jester.tests.ClassTestTesterTest:testThatChangeThatPassesTestsIsRecorded()V ERROR java.lang.ArrayIndexOutOfBoundsException 53 68 (3,23) (3,23) 
jester.tests.ClassTestTesterTest:testThatOriginalContentsAreNotWrittenBackIfNoChanges()V ERROR java.lang.ArrayIndexOutOfBoundsException 53 68 (3,23) (3,23) 
jester.tests.ClassTestTesterTest:testThatOriginalContentsAreWrittenBack()V ERROR java.lang.ArrayIndexOutOfBoundsException 53 68 (3,23) (3,23) 
jester.tests.ClassTestTesterTest:testThatMutationListIsUsed()V ERROR java.lang.ArrayIndexOutOfBoundsException 53 68 (3,23) (3,23) 
jester.tests.acceptancetests.VeryTestedTest:testBoolean()V PASSED
jester.tests.acceptancetests.VeryTestedTest:testConditionFalseBranch()V PASSED
jester.tests.acceptancetests.VeryTestedTest:testConditionTrueBranch()V FAILED junit.framework.AssertionFailedError 
jester.tests.acceptancetests.VeryTestedTest:testDecrement()V PASSED
jester.tests.acceptancetests.VeryTestedTest:testEqual()V PASSED
jester.tests.acceptancetests.VeryTestedTest:testIncrement()V PASSED
jester.tests.acceptancetests.VeryTestedTest:testInfiniteLoop()V PASSED
jester.tests.acceptancetests.VeryTestedTest:testInt()V FAILED junit.framework.AssertionFailedError 
jester.tests.acceptancetests.VeryTestedTest:testNotEqual()V PASSED
jester.tests.functionaltests.VeryTestedTest:testNumber()V FAILED junit.framework.AssertionFailedError 

#uuts: uut_name, [ '|', mutator_class, '|', change_position_in_file_buffer, '|', change ]
jester.tests.MockClassIterator:MockClassIterator()V
jester.tests.MockClassIterator:iterate(Ljester.ClassTestTester;)V
jester.RealReport:totalNumberOfChanges()I | OPERATOR | 5427 | + -> /
jester.tests.MockClassSourceChanger:setOriginalContents(Ljava.lang.String;Ljester.IgnoreList;)V
jester.RealLogger:RealLogger()V
jester.tests.functionaltests.VeryTested:mustReturnOne()I | CONSTANT | 141 | 1 -> 2
jester.tests.MockMutationMaker:addExpectedMutateValues(Ljava.lang.String;Ljava.lang.String;)V
jester.RealConfiguration:RealConfiguration(Ljava.lang.String;Ljava.io.PrintStream;)V
jester.RealConfiguration:stringProperty(Ljava.lang.String;Ljava.lang.String;)Ljava.lang.String;
jester.tests.MockTestRunner:setTestsRunWithoutFailures(Z)V
jester.tests.acceptancetests.VeryTested:turnIntoInfiniteLoop()V
jester.tests.MockMutationMaker:mutate(Ljava.lang.String;Ljava.lang.String;)V | STATEMENT | 892 | stmt -> ;
jester.tests.MockTestRunner:testsRunWithoutFailures()Z
jester.MainArguments:MainArguments([Ljava.lang.String;Ljester.FileExistenceChecker;)V
jester.IgnoreListDocument:IgnoreListDocument(Ljava.lang.String;Ljester.IgnoreList;)V
jester.MainArguments:setTestClassFromArguments(Ljava.util.List;)V | OPERATOR | 3070 | == -> >
jester.TestTester:run()V
jester.RealConfiguration:shouldReportEagerly()Z
jester.SourceChangeException:SourceChangeException(Ljava.lang.String;)V
jester.tests.functionaltests.VeryTested:VeryTested()V
jester.RealReport:finishFile(Ljava.lang.String;)V | CONDITION | 1959 | if (x) -> if (!x)
jester.tests.acceptancetests.VeryTested:mustReturnOne()I | CONSTANT | 425 | 1 -> -1
jester.tests.ReportItemTest:lineNumberForCharacterIndex(Ljava.lang.String;I)I
jester.tests.MockClassSourceChanger:setOriginalContents(Ljava.lang.String;)V
jester.RealReport:changeThatDidNotCauseTestsToFail(ILjava.lang.String;Ljava.lang.String;)V | OPERATOR | 3059 | == -> !=
jester.tests.ReportTest:newRealReport(Ljava.io.PrintWriter;)Ljester.Report;
jester.RealConfiguration:isTrueProperty(Ljava.lang.String;Z)Z
jester.ReportItem:toString()Ljava.lang.String; | ASSIGN | 691 | = null
jester.RealMutationsList:RealMutationsList(Ljava.lang.String;Ljava.io.PrintStream;)V
jester.tests.MockTestRunner:MockTestRunner()V
jester.RealMutationsList:visitLine(Ljava.lang.String;Ljester.MutationMaker;)V | CONSTANT | 2060 | 2 -> 3
jester.tests.MockProgressReporter:setColor(Ljava.awt.Color;)V
jester.tests.ReportTest:startFile(Ljester.Report;Ljava.lang.String;Ljava.lang.String;)V | STATEMENT | 949 | stmt -> ;
jester.IgnorePair:IgnorePair(Ljava.lang.String;Ljava.lang.String;)V
jester.RealConfiguration:testRunningCommand()Ljava.lang.String; | RETURN | 1878 | return null
jester.RealReport:RealReport(Ljester.Configuration;Ljava.io.PrintWriter;Ljester.XMLReportWriter;Ljester.ProgressReporter;)V
jester.RealXMLReportWriter:RealXMLReportWriter(Ljava.io.Writer;)V
jester.tests.MockClassTestTester:MockClassTestTester()V
jester.ReportItem:lineNumber()I | OPERATOR | 1644 | == -> >
jester.tests.ReportItemTest:newReportItem(Ljava.lang.String;Ljava.lang.String;Ljava.lang.String;I)Ljester.ReportItem;
jester.tests.MockMutationMaker:MockMutationMaker()V
jester.JesterArgumentException:JesterArgumentException(Ljava.lang.String;)V
jester.tests.MockClassIterator:setExpectedIterateCalls(I)V
jester.tests.acceptancetests.VeryTested:mustTakeCorrectBranchFor(Z)I | CONSTANT | 578 | 1 -> 0
jester.RealMutationsList:visit(Ljava.io.BufferedReader;Ljester.MutationMaker;)V
jester.IgnoreList:IgnoreList(Ljava.lang.String;)V
jester.tests.acceptancetests.VeryTested:mustNotBeEqual()Z
jester.tests.ReportTest:newRealReport()Ljester.Report;
jester.tests.IgnoreListTest:ignorePair(Ljava.lang.String;Ljava.lang.String;)Ljester.IgnorePair;
jester.tests.acceptancetests.VeryTested:mustReturnTrue()Z
jester.RealConfiguration:compilationCommand()Ljava.lang.String;
jester.tests.MockClassSourceChanger:MockClassSourceChanger()V
jester.tests.MockClassIterator:setExpectedIterate(Ljester.ClassTestTester;)V
jester.IgnoreList:ignorePairs()Ljava.util.List; | CONSTANT | 432 | 0 -> -1
jester.tests.MockClassSourceChanger:setThrowExceptionOnFirstChangeAttempt(Z)V
jester.MainArguments:readArguments([Ljava.lang.String;)V | ASSIGN | 1849 | = null
jester.RealReport:redBar()V
jester.tests.MockMutationMaker:verify()V
jester.RealConfiguration:sourceFileExtension()Ljava.lang.String;
jester.tests.acceptancetests.VeryTested:mustIncrement(I)I
jester.RealReport:totalScore()I
jester.tests.acceptancetests.VeryTested:mustDecrement(I)I
jester.tests.TestConfiguration:TestConfiguration()V
jester.ReportItem:ReportItem(Ljava.lang.String;Ljester.IgnoreListDocument;ILjava.lang.String;Ljava.lang.String;)V
jester.RealMutationsList:visit(Ljester.MutationMaker;)V
jester.tests.acceptancetests.VeryTested:mustBeEqual()Z
jester.tests.MockClassIterator:verify()V
jester.TestTester:TestTester(Ljester.TestRunner;Ljester.ClassIterator;Ljester.ClassTestTester;)V
jester.IgnoreListDocument:calculateIgnoreRegions()V
jester.tests.MainArgumentsTest:checkThatClasspathArgumentCanAppearInAnyOrder([Ljava.lang.String;)V
jester.RealReport:changeThatCausedTestsToFail(ILjava.lang.String;Ljava.lang.String;)V

#matrix (1 line per test, in order of tests): { mut_index, ' ', mut_call_count, ' ' }
53 1 45 1 
33 1 48 1 53 1 45 1 
33 1 48 1 53 1 45 1 
33 1 48 1 53 1 45 1 
33 1 48 1 53 1 45 1 
53 1 45 1 
16 1 9 1 29 1 67 1 18 1 12 1 
9 1 29 1 0 1 37 1 1 1 12 1 66 1 42 1 16 1 67 1 52 1 
14 1 53 1 68 1 39 1 45 1 
14 1 53 1 68 1 39 1 45 1 22 1 
14 1 53 1 68 1 39 1 45 1 22 1 
14 1 51 1 23 1 53 1 68 1 3 1 45 1 
14 1 51 1 23 1 53 1 68 1 3 1 45 1 
25 1 27 1 47 1 32 1 35 1 56 1 38 1 31 1 63 1 62 1 24 1 
25 1 47 1 32 1 35 1 20 1 62 1 
25 1 47 1 32 1 35 1 62 1 
25 1 27 1 32 1 35 1 56 1 38 1 31 1 63 1 62 1 24 1 
25 1 47 1 32 1 35 1 18 1 62 1 70 1 
25 1 47 1 35 1 60 1 2 1 62 1 
25 1 47 1 32 1 35 1 18 1 62 1 70 1 
25 1 32 1 35 1 18 1 62 1 70 1 
25 1 27 1 32 1 35 1 56 1 38 1 31 1 63 1 62 1 24 1 
25 1 47 1 32 1 35 1 18 1 62 1 70 1 
25 1 47 1 32 1 35 1 18 1 62 1 70 1 
25 1 47 1 27 1 35 1 56 1 38 1 31 1 62 1 63 1 18 1 70 1 24 1 
57 1 40 1 6 1 28 1 11 1 64 1 
28 1 30 1 57 1 40 1 44 1 6 1 
57 1 40 1 44 1 6 1 28 1 30 1 11 1 
13 1 55 1 15 1 
41 1 13 1 55 1 15 1 
41 1 13 1 55 1 15 1 
41 1 13 1 55 1 15 1 
13 1 55 1 
41 1 13 1 55 1 15 1 
13 1 55 1 69 1 
13 1 55 1 69 1 
13 1 55 1 69 1 
13 1 55 1 69 1 
34 1 8 2 26 1 58 1 4 1 50 1 17 1 7 1 
14 1 36 1 53 1 68 1 45 1 
14 1 51 1 23 1 53 1 68 1 3 1 45 1 
14 1 51 1 23 1 53 1 68 1 3 1 45 1 54 1 
14 1 51 1 23 1 53 1 68 1 3 1 45 1 54 1 
14 1 51 1 23 1 53 1 68 1 3 1 45 1 
14 1 51 1 23 1 53 1 68 1 3 1 45 1 
14 1 51 1 23 1 53 1 68 1 3 1 45 1 
14 1 53 1 68 1 45 1 
14 1 53 1 68 1 45 1 
14 1 53 1 68 1 45 1 
14 1 9 1 29 1 51 1 23 1 53 1 68 1 3 1 45 1 
14 1 9 1 29 1 51 1 23 1 53 1 68 1 3 1 45 1 
14 1 29 1 51 1 23 1 53 1 68 1 3 1 45 1 
14 1 29 1 51 1 23 1 53 1 68 1 3 1 45 1 
14 1 29 1 51 1 23 1 53 1 68 1 3 1 45 1 
49 1 
43 1 
43 1 
61 1 
65 1 
59 1 
10 1 
21 1 
46 1 
5 1 19 1 
