#tests: test_name, ' ', status(PASSED | FAILED | ERROR), ' ', [exception, { trace_mut_index | '(', { alternative_trace_mut_index, ',' }, ')' }]
jester.tests.IgnoreListTest:testReadingEmptyIgnoreValues()V ERROR java.lang.StringIndexOutOfBoundsException 28 
jester.tests.IgnoreListTest:testReadingIgnoreValues()V FAILED junit.framework.AssertionFailedError 
jester.tests.IgnoreListTest:testReadingIgnoreValuesEndOfLineSpecialCase()V FAILED junit.framework.AssertionFailedError 
jester.tests.IgnoreListTest:testReadingMultipleIgnoreValues()V FAILED junit.framework.AssertionFailedError 
jester.tests.IgnoreListTest:testReadingMultipleIgnoreBlankLines()V ERROR java.lang.StringIndexOutOfBoundsException 28 
jester.tests.IgnoreListTest:testReadingIncorrectFile()V PASSED
jester.tests.TestTesterTest:testTestsMustStartOffWorking()V PASSED
jester.tests.TestTesterTest:testThatTestRunByIterator()V PASSED
jester.tests.ReportItemTest:testXmlEncoding()V ERROR java.lang.StringIndexOutOfBoundsException 28 19 11 
jester.tests.ReportItemTest:testLineNumberOneLine()V ERROR java.lang.StringIndexOutOfBoundsException 28 19 11 0 
jester.tests.ReportItemTest:testLineNumberSomeLines()V ERROR java.lang.StringIndexOutOfBoundsException 28 19 11 0 
jester.tests.TwoStringSwappingCodeManglerTest:testCouldntMangle()V ERROR java.lang.StringIndexOutOfBoundsException 28 19 (4,56) (4,56) 
jester.tests.TwoStringSwappingCodeManglerTest:testSimpleMangle1()V ERROR java.lang.StringIndexOutOfBoundsException 28 19 (4,56) (4,56) 
jester.tests.ReportTest:testBottomScore()V ERROR java.lang.StringIndexOutOfBoundsException 28 19 26 
jester.tests.ReportTest:testCantFinishDifferentFile()V ERROR java.lang.StringIndexOutOfBoundsException 28 19 26 
jester.tests.ReportTest:testCantStartTwoFiles()V ERROR java.lang.StringIndexOutOfBoundsException 28 19 26 
jester.tests.ReportTest:testChangesToSameFileOrderedByIndex()V ERROR java.lang.StringIndexOutOfBoundsException 28 19 26 
jester.tests.ReportTest:testFileScoreSeparateFromTotalScore()V ERROR java.lang.StringIndexOutOfBoundsException 28 19 26 
jester.tests.ReportTest:testInitialScore()V ERROR java.lang.NullPointerException 
jester.tests.ReportTest:testMediumScore()V ERROR java.lang.StringIndexOutOfBoundsException 28 19 26 
jester.tests.ReportTest:testThatChangeThatCausedTestsToFailIsNotIncluded()V ERROR java.lang.StringIndexOutOfBoundsException 28 19 26 
jester.tests.ReportTest:testThatChangeThatDidNotCauseTestsToFailIsIncluded()V ERROR java.lang.StringIndexOutOfBoundsException 28 19 26 
jester.tests.ReportTest:testTopScore()V ERROR java.lang.StringIndexOutOfBoundsException 28 19 26 
jester.tests.ReportTest:testTotalScoreForManyFiles()V ERROR java.lang.StringIndexOutOfBoundsException 28 19 26 
jester.tests.ReportTest:testFileMustBeStarted()V ERROR java.lang.NullPointerException 
jester.tests.MutationsListTest:testDefaults()V FAILED junit.framework.AssertionFailedError 7 (21,22) 
jester.tests.MutationsListTest:testReadMutations()V FAILED junit.framework.AssertionFailedError 32 
jester.tests.MutationsListTest:testReadMutationsIgnoreBogusLinesIncludingBlankOnes()V FAILED junit.framework.AssertionFailedError 32 
jester.tests.MainArgumentsTest:testMissingArgumentsCauseExceptionToBeThrown()V ERROR java.lang.IndexOutOfBoundsException 54 31 
jester.tests.MainArgumentsTest:testMissingFileCauseExceptionToBeThrown()V PASSED
jester.tests.MainArgumentsTest:testMandatoryArguments()V ERROR jester.JesterArgumentException 54 31 
jester.tests.MainArgumentsTest:testThatMultipleMutationDirectoriesOrFilesAreAllowed()V ERROR jester.JesterArgumentException 54 31 
jester.tests.MainArgumentsTest:testClasspathArgument()V ERROR jester.JesterArgumentException 54 31 
jester.tests.MainArgumentsTest:testThatOneCanSpecifyOptionToNotShowProgressDialog()V ERROR jester.JesterArgumentException 54 31 
jester.tests.MainArgumentsTest:testThatClasspathArgumentCanAppearFirst()V ERROR jester.JesterArgumentException 54 31 34 
jester.tests.MainArgumentsTest:testThatClasspathArgumentCanAppearSecond()V ERROR jester.JesterArgumentException 54 31 34 
jester.tests.MainArgumentsTest:testThatClasspathArgumentCanAppearLast()V ERROR jester.JesterArgumentException 54 31 34 
jester.tests.MainArgumentsTest:testThatClasspathArgumentCanAppearInMiddleOfDirectoriesBecauseThereIsNoHarmInIt()V ERROR jester.JesterArgumentException 54 31 34 
jester.tests.ConfigurationTest:testDefaults()V ERROR java.lang.NullPointerException 
jester.tests.XMLReportWriterTest:testWritingChangesAsXMLHasBothGivenAndAbsoluteFilePaths()V ERROR java.lang.StringIndexOutOfBoundsException 28 19 
jester.tests.SimpleIntCodeManglerTest:testCouldntMangle()V ERROR java.lang.StringIndexOutOfBoundsException 28 19 (4,56) (4,56) 
jester.tests.SimpleIntCodeManglerTest:testContinuesIfChangeFails()V ERROR java.lang.StringIndexOutOfBoundsException 28 19 (4,56) (4,56) 
jester.tests.SimpleIntCodeManglerTest:testContinuesIfChangeSucceeds()V ERROR java.lang.StringIndexOutOfBoundsException 28 19 (4,56) (4,56) 
jester.tests.SimpleIntCodeManglerTest:testDoesntTryToChangeBadlyNamedMethodCalls()V ERROR java.lang.StringIndexOutOfBoundsException 28 19 (4,56) (4,56) 
jester.tests.SimpleIntCodeManglerTest:testSimpleMangle()V ERROR java.lang.StringIndexOutOfBoundsException 28 19 (4,56) (4,56) 
jester.tests.SimpleIntCodeManglerTest:testBug955882()V ERROR java.lang.StringIndexOutOfBoundsException 28 19 (4,56) (4,56) 
jester.tests.IgnoreListDocumentTest:testTextIsIgnored()V FAILED junit.framework.AssertionFailedError 
jester.tests.IgnoreListDocumentTest:testTextIsIgnoredForMultipleIgnores()V FAILED junit.framework.AssertionFailedError 
jester.tests.IgnoreListDocumentTest:testCharAtReturnsSpaceInsideIgnoreRegion()V FAILED junit.framework.AssertionFailedError 
jester.tests.ClassTestTesterTest:testThatChangeThatFailsTestsIsNotRecorded()V ERROR java.lang.StringIndexOutOfBoundsException 28 19 (4,56) (4,56) 
jester.tests.ClassTestTesterTest:testThatChangeThatPassesTestsIsRecorded()V ERROR java.lang.StringIndexOutOfBoundsException 28 19 (4,56) (4,56) 
jester.tests.ClassTestTesterTest:testThatOriginalContentsAreNotWrittenBackIfNoChanges()V ERROR java.lang.StringIndexOutOfBoundsException 28 19 (4,56) (4,56) 
jester.tests.ClassTestTesterTest:testThatOriginalContentsAreWrittenBack()V ERROR java.lang.StringIndexOutOfBoundsException 28 19 (4,56) (4,56) 
jester.tests.ClassTestTesterTest:testThatMutationListIsUsed()V ERROR java.lang.StringIndexOutOfBoundsException 28 19 (4,56) (4,56) 
jester.tests.acceptancetests.VeryTestedTest:testBoolean()V PASSED
jester.tests.acceptancetests.VeryTestedTest:testConditionFalseBranch()V PASSED
jester.tests.acceptancetests.VeryTestedTest:testConditionTrueBranch()V FAILED junit.framework.AssertionFailedError 
jester.tests.acceptancetests.VeryTestedTest:testDecrement()V PASSED
jester.tests.acceptancetests.VeryTestedTest:testEqual()V PASSED
jester.tests.acceptancetests.VeryTestedTest:testIncrement()V PASSED
jester.tests.acceptancetests.VeryTestedTest:testInfiniteLoop()V PASSED
jester.tests.acceptancetests.VeryTestedTest:testInt()V PASSED
jester.tests.acceptancetests.VeryTestedTest:testNotEqual()V PASSED
jester.tests.functionaltests.VeryTestedTest:testNumber()V FAILED junit.framework.AssertionFailedError 

#uuts: uut_name, [ '|', mutator_class, '|', change_position_in_file_buffer, '|', change ]
jester.tests.ReportItemTest:lineNumberForCharacterIndex(Ljava.lang.String;I)I
jester.tests.functionaltests.VeryTested:VeryTested()V
jester.RealXMLReportWriter:RealXMLReportWriter(Ljava.io.Writer;)V
jester.IgnorePair:IgnorePair(Ljava.lang.String;Ljava.lang.String;)V
jester.tests.MockClassSourceChanger:setOriginalContents(Ljava.lang.String;Ljester.IgnoreList;)V
jester.tests.acceptancetests.VeryTested:mustTakeCorrectBranchFor(Z)I | CONSTANT | 578 | 1 -> 2
jester.TestTester:run()V
jester.tests.MockMutationMaker:mutate(Ljava.lang.String;Ljava.lang.String;)V
jester.tests.MockClassIterator:iterate(Ljester.ClassTestTester;)V
jester.IgnorePair:toString()Ljava.lang.String;
jester.tests.MockClassIterator:setExpectedIterateCalls(I)V
jester.tests.ReportItemTest:newReportItem(Ljava.lang.String;Ljava.lang.String;Ljava.lang.String;I)Ljester.ReportItem;
jester.MainArguments:MainArguments([Ljava.lang.String;Ljester.FileExistenceChecker;)V
jester.tests.MockTestRunner:testsRunWithoutFailures()Z
jester.tests.acceptancetests.VeryTested:mustIncrement(I)I
jester.tests.acceptancetests.VeryTested:mustReturnTrue()Z
jester.IgnoreList:IgnoreList(Ljava.lang.String;)V
jester.tests.ReportTest:newRealReport(Ljava.io.PrintWriter;)Ljester.Report;
jester.tests.MockMutationMaker:MockMutationMaker()V
jester.IgnoreListDocument:calculateIgnoreRegions()V | ASSIGN | 1677 | = null
jester.TestTester:TestTester(Ljester.TestRunner;Ljester.ClassIterator;Ljester.ClassTestTester;)V
jester.RealMutationsList:visit(Ljava.io.BufferedReader;Ljester.MutationMaker;)V | OPERATOR | 687 | != -> ==
jester.RealMutationsList:visit(Ljester.MutationMaker;)V | STATEMENT | 1159 | stmt -> ;
jester.SourceChangeException:SourceChangeException(Ljava.lang.String;)V
jester.tests.MockClassSourceChanger:MockClassSourceChanger()V
jester.RealReport:RealReport(Ljester.Configuration;Ljava.io.PrintWriter;Ljester.XMLReportWriter;Ljester.ProgressReporter;)V
jester.tests.ReportTest:startFile(Ljester.Report;Ljava.lang.String;Ljava.lang.String;)V
jester.tests.TestConfiguration:TestConfiguration()V
jester.IgnoreList:ignorePairs()Ljava.util.List; | OPERATOR | 496 | == -> !=
jester.tests.acceptancetests.VeryTested:mustBeEqual()Z
jester.RealConfiguration:RealConfiguration(Ljava.lang.String;Ljava.io.PrintStream;)V | CONDITION | 643 | if (x) -> if (!x)
jester.MainArguments:readArguments([Ljava.lang.String;)V
jester.tests.MockMutationMaker:verify()V
jester.IgnoreListDocument:indexOf(Ljava.lang.String;I)I
jester.tests.MainArgumentsTest:checkThatClasspathArgumentCanAppearInAnyOrder([Ljava.lang.String;)V
jester.tests.MockTestRunner:setTestsRunWithoutFailures(Z)V
jester.IgnoreListDocument:charAt(I)C
jester.RealMutationsList:RealMutationsList(Ljava.lang.String;Ljava.io.PrintStream;)V
jester.tests.MockClassIterator:MockClassIterator()V
jester.IgnoreListDocument:isInIgnoreRegion(I)Z
jester.IgnoreListDocument:IgnoreListDocument(Ljava.lang.String;Ljester.IgnoreList;)V
jester.tests.acceptancetests.VeryTested:mustNotBeEqual()Z
jester.tests.acceptancetests.VeryTested:mustDecrement(I)I
jester.tests.MockClassIterator:setExpectedIterate(Ljester.ClassTestTester;)V
jester.tests.MockClassTestTester:MockClassTestTester()V
jester.tests.functionaltests.VeryTested:mustReturnOne()I | CONSTANT | 141 | 1 -> 0
jester.tests.acceptancetests.VeryTested:turnIntoInfiniteLoop()V
jester.RealLogger:RealLogger()V
jester.tests.MockClassSourceChanger:setThrowExceptionOnFirstChangeAttempt(Z)V
jester.tests.ReportTest:newRealReport()Ljester.Report; | RETURN | 579 | return null
jester.tests.acceptancetests.VeryTested:mustReturnOne()I
jester.tests.IgnoreListTest:ignorePair(Ljava.lang.String;Ljava.lang.String;)Ljester.IgnorePair;
jester.tests.MockMutationMaker:addExpectedMutateValues(Ljava.lang.String;Ljava.lang.String;)V
jester.JesterArgumentException:JesterArgumentException(Ljava.lang.String;)V
jester.MainArguments:setTestClassFromArguments(Ljava.util.List;)V | OPERATOR | 3070 | == -> >
jester.tests.MockTestRunner:MockTestRunner()V
jester.tests.MockClassSourceChanger:setOriginalContents(Ljava.lang.String;)V
jester.tests.MockClassIterator:verify()V

#matrix (1 line per test, in order of tests): { mut_index, ' ', mut_call_count, ' ' }
28 1 16 1 
51 1 28 1 9 1 16 1 3 1 
51 1 28 1 9 1 16 1 3 1 
51 1 28 1 9 1 16 1 3 1 
51 1 28 1 16 1 3 1 
28 1 16 1 
13 1 35 1 6 1 23 1 55 1 20 1 
13 1 44 1 20 1 35 1 6 1 8 1 55 1 10 1 57 1 38 1 43 1 
28 1 16 1 11 1 19 1 40 1 
28 1 0 1 16 1 11 1 19 1 40 1 
28 1 0 1 16 1 11 1 19 1 40 1 
28 1 16 1 56 1 4 1 24 1 19 1 40 1 
28 1 16 1 56 1 4 1 24 1 19 1 40 1 
28 1 16 1 19 1 40 1 26 1 49 1 
28 1 16 1 19 1 40 1 26 1 49 1 
28 1 16 1 19 1 40 1 26 1 49 1 
27 1 28 1 16 1 17 1 25 1 19 1 40 1 26 1 
28 1 16 1 19 1 40 1 26 1 49 1 
49 1 
28 1 16 1 19 1 40 1 26 1 49 1 
27 1 28 1 16 1 17 1 25 1 19 1 40 1 26 1 
27 1 28 1 16 1 17 1 25 1 19 1 40 1 26 1 
28 1 16 1 19 1 40 1 26 1 49 1 
28 1 16 1 19 1 40 1 26 1 49 1 
49 1 
18 1 22 1 7 1 52 1 37 1 
18 1 32 1 21 1 52 1 37 1 
18 1 32 1 21 1 52 1 37 1 
12 1 54 1 31 1 
12 1 53 1 54 1 31 1 
12 1 53 1 54 1 31 1 
12 1 53 1 54 1 31 1 
12 1 53 1 54 1 31 1 
12 1 53 1 54 1 31 1 
12 1 53 1 54 1 31 1 34 1 
12 1 53 1 54 1 31 1 34 1 
12 1 53 1 54 1 31 1 34 1 
12 1 53 1 54 1 31 1 34 1 
30 1 47 1 
28 1 2 1 16 1 19 1 40 1 
28 1 16 1 56 1 4 1 24 1 19 1 40 1 
28 1 16 1 56 1 4 1 24 1 19 1 48 1 40 1 
28 1 16 1 56 1 4 1 24 1 19 1 48 1 40 1 
28 1 16 1 56 1 4 1 24 1 19 1 40 1 
28 1 16 1 56 1 4 1 24 1 19 1 40 1 
28 1 16 1 56 1 4 1 24 1 19 1 40 1 
28 1 16 1 19 1 33 1 39 1 40 1 
28 1 16 1 19 1 39 1 33 1 40 1 
28 1 16 1 19 1 36 1 39 1 40 1 
35 1 28 1 55 1 16 1 56 1 4 1 24 1 19 1 40 1 
35 1 28 1 55 1 16 1 56 1 4 1 24 1 19 1 40 1 
28 1 55 1 16 1 56 1 4 1 24 1 19 1 40 1 
28 1 55 1 16 1 56 1 4 1 24 1 19 1 40 1 
28 1 55 1 16 1 56 1 4 1 24 1 19 1 40 1 
15 1 
5 1 
5 1 
42 1 
29 1 
14 1 
46 1 
50 1 
41 1 
1 1 45 1 
