#tests: test_name, ' ', status(PASSED | FAILED | ERROR), ' ', [exception, { trace_mut_index | '(', { alternative_trace_mut_index, ',' }, ')' }]
jester.tests.IgnoreListTest:testReadingEmptyIgnoreValues()V ERROR java.lang.ArrayIndexOutOfBoundsException 9 
jester.tests.IgnoreListTest:testReadingIgnoreValues()V ERROR java.lang.ArrayIndexOutOfBoundsException 9 
jester.tests.IgnoreListTest:testReadingIgnoreValuesEndOfLineSpecialCase()V ERROR java.lang.ArrayIndexOutOfBoundsException 9 
jester.tests.IgnoreListTest:testReadingMultipleIgnoreValues()V ERROR java.lang.ArrayIndexOutOfBoundsException 9 
jester.tests.IgnoreListTest:testReadingMultipleIgnoreBlankLines()V ERROR java.lang.ArrayIndexOutOfBoundsException 9 
jester.tests.IgnoreListTest:testReadingIncorrectFile()V ERROR java.lang.ArrayIndexOutOfBoundsException 9 
jester.tests.TestTesterTest:testTestsMustStartOffWorking()V PASSED
jester.tests.TestTesterTest:testThatTestRunByIterator()V PASSED
jester.tests.ReportItemTest:testXmlEncoding()V ERROR java.lang.ArrayIndexOutOfBoundsException 9 41 5 
jester.tests.ReportItemTest:testLineNumberOneLine()V ERROR java.lang.ArrayIndexOutOfBoundsException 9 41 5 35 
jester.tests.ReportItemTest:testLineNumberSomeLines()V ERROR java.lang.ArrayIndexOutOfBoundsException 9 41 5 35 
jester.tests.TwoStringSwappingCodeManglerTest:testCouldntMangle()V ERROR java.lang.ArrayIndexOutOfBoundsException 9 41 (4,23) (4,23) 
jester.tests.TwoStringSwappingCodeManglerTest:testSimpleMangle1()V ERROR java.lang.ArrayIndexOutOfBoundsException 9 41 (4,23) (4,23) 
jester.tests.ReportTest:testBottomScore()V ERROR jester.SourceChangeException 2 
jester.tests.ReportTest:testCantFinishDifferentFile()V ERROR java.lang.NullPointerException 1 
jester.tests.ReportTest:testCantStartTwoFiles()V FAILED junit.framework.AssertionFailedError 
jester.tests.ReportTest:testChangesToSameFileOrderedByIndex()V ERROR jester.SourceChangeException 2 
jester.tests.ReportTest:testFileScoreSeparateFromTotalScore()V ERROR jester.SourceChangeException 28 
jester.tests.ReportTest:testInitialScore()V PASSED
jester.tests.ReportTest:testMediumScore()V ERROR jester.SourceChangeException 28 
jester.tests.ReportTest:testThatChangeThatCausedTestsToFailIsNotIncluded()V ERROR jester.SourceChangeException 28 
jester.tests.ReportTest:testThatChangeThatDidNotCauseTestsToFailIsIncluded()V ERROR jester.SourceChangeException 2 
jester.tests.ReportTest:testTopScore()V ERROR jester.SourceChangeException 28 
jester.tests.ReportTest:testTotalScoreForManyFiles()V ERROR jester.SourceChangeException 28 
jester.tests.ReportTest:testFileMustBeStarted()V PASSED
jester.tests.MutationsListTest:testDefaults()V PASSED
jester.tests.MutationsListTest:testReadMutations()V FAILED junit.framework.AssertionFailedError 14 
jester.tests.MutationsListTest:testReadMutationsIgnoreBogusLinesIncludingBlankOnes()V FAILED junit.framework.AssertionFailedError 14 
jester.tests.MainArgumentsTest:testMissingArgumentsCauseExceptionToBeThrown()V ERROR java.lang.NullPointerException 25 42 
jester.tests.MainArgumentsTest:testMissingFileCauseExceptionToBeThrown()V ERROR java.lang.NullPointerException 42 
jester.tests.MainArgumentsTest:testMandatoryArguments()V ERROR java.lang.NullPointerException 42 
jester.tests.MainArgumentsTest:testThatMultipleMutationDirectoriesOrFilesAreAllowed()V ERROR java.lang.NullPointerException 42 
jester.tests.MainArgumentsTest:testClasspathArgument()V ERROR java.lang.NullPointerException 42 
jester.tests.MainArgumentsTest:testThatOneCanSpecifyOptionToNotShowProgressDialog()V ERROR java.lang.NullPointerException 42 
jester.tests.MainArgumentsTest:testThatClasspathArgumentCanAppearFirst()V ERROR java.lang.NullPointerException 42 39 
jester.tests.MainArgumentsTest:testThatClasspathArgumentCanAppearSecond()V ERROR java.lang.NullPointerException 42 39 
jester.tests.MainArgumentsTest:testThatClasspathArgumentCanAppearLast()V ERROR java.lang.NullPointerException 42 39 
jester.tests.MainArgumentsTest:testThatClasspathArgumentCanAppearInMiddleOfDirectoriesBecauseThereIsNoHarmInIt()V ERROR java.lang.NullPointerException 42 39 
jester.tests.ConfigurationTest:testDefaults()V ERROR junit.framework.ComparisonFailure 
jester.tests.XMLReportWriterTest:testWritingChangesAsXMLHasBothGivenAndAbsoluteFilePaths()V ERROR java.lang.ArrayIndexOutOfBoundsException 9 41 
jester.tests.SimpleIntCodeManglerTest:testCouldntMangle()V ERROR java.lang.ArrayIndexOutOfBoundsException 9 41 (4,23) (4,23) 
jester.tests.SimpleIntCodeManglerTest:testContinuesIfChangeFails()V ERROR java.lang.ArrayIndexOutOfBoundsException 9 41 (4,23) (4,23) 
jester.tests.SimpleIntCodeManglerTest:testContinuesIfChangeSucceeds()V ERROR java.lang.ArrayIndexOutOfBoundsException 9 41 (4,23) (4,23) 
jester.tests.SimpleIntCodeManglerTest:testDoesntTryToChangeBadlyNamedMethodCalls()V ERROR java.lang.ArrayIndexOutOfBoundsException 9 41 (4,23) (4,23) 
jester.tests.SimpleIntCodeManglerTest:testSimpleMangle()V ERROR java.lang.ArrayIndexOutOfBoundsException 9 41 (4,23) (4,23) 
jester.tests.SimpleIntCodeManglerTest:testBug955882()V ERROR java.lang.ArrayIndexOutOfBoundsException 9 41 (4,23) (4,23) 
jester.tests.IgnoreListDocumentTest:testTextIsIgnored()V ERROR java.lang.ArrayIndexOutOfBoundsException 9 41 
jester.tests.IgnoreListDocumentTest:testTextIsIgnoredForMultipleIgnores()V ERROR java.lang.ArrayIndexOutOfBoundsException 9 41 
jester.tests.IgnoreListDocumentTest:testCharAtReturnsSpaceInsideIgnoreRegion()V ERROR java.lang.ArrayIndexOutOfBoundsException 9 41 
jester.tests.ClassTestTesterTest:testThatChangeThatFailsTestsIsNotRecorded()V ERROR java.lang.ArrayIndexOutOfBoundsException 9 41 (4,23) (4,23) 
jester.tests.ClassTestTesterTest:testThatChangeThatPassesTestsIsRecorded()V ERROR java.lang.ArrayIndexOutOfBoundsException 9 41 (4,23) (4,23) 
jester.tests.ClassTestTesterTest:testThatOriginalContentsAreNotWrittenBackIfNoChanges()V ERROR java.lang.ArrayIndexOutOfBoundsException 9 41 (4,23) (4,23) 
jester.tests.ClassTestTesterTest:testThatOriginalContentsAreWrittenBack()V ERROR java.lang.ArrayIndexOutOfBoundsException 9 41 (4,23) (4,23) 
jester.tests.ClassTestTesterTest:testThatMutationListIsUsed()V ERROR java.lang.ArrayIndexOutOfBoundsException 9 41 (4,23) (4,23) 
jester.tests.acceptancetests.VeryTestedTest:testBoolean()V PASSED
jester.tests.acceptancetests.VeryTestedTest:testConditionFalseBranch()V PASSED
jester.tests.acceptancetests.VeryTestedTest:testConditionTrueBranch()V FAILED junit.framework.AssertionFailedError 
jester.tests.acceptancetests.VeryTestedTest:testDecrement()V PASSED
jester.tests.acceptancetests.VeryTestedTest:testEqual()V PASSED
jester.tests.acceptancetests.VeryTestedTest:testIncrement()V FAILED junit.framework.AssertionFailedError 
jester.tests.acceptancetests.VeryTestedTest:testInfiniteLoop()V ERROR java.lang.ArithmeticException 15 
jester.tests.acceptancetests.VeryTestedTest:testInt()V PASSED
jester.tests.acceptancetests.VeryTestedTest:testNotEqual()V PASSED
jester.tests.functionaltests.VeryTestedTest:testNumber()V PASSED

#uuts: uut_name, [ '|', mutator_class, '|', change_position_in_file_buffer, '|', change ]
jester.tests.acceptancetests.VeryTested:mustIncrement(I)I | OPERATOR | 292 | ++ -> --
jester.RealReport:finishFile(Ljava.lang.String;)V | CONDITION | 1959 | if (x) -> if (!x)
jester.RealReport:changeThatDidNotCauseTestsToFail(ILjava.lang.String;Ljava.lang.String;)V
jester.tests.MockTestRunner:setTestsRunWithoutFailures(Z)V
jester.tests.MockClassSourceChanger:setOriginalContents(Ljava.lang.String;Ljester.IgnoreList;)V
jester.tests.ReportItemTest:newReportItem(Ljava.lang.String;Ljava.lang.String;Ljava.lang.String;I)Ljester.ReportItem;
jester.tests.acceptancetests.VeryTested:mustDecrement(I)I
jester.IgnoreListDocument:IgnoreListDocument(Ljava.lang.String;Ljester.IgnoreList;)V
jester.tests.ReportTest:newRealReport()Ljester.Report;
jester.IgnoreList:ignorePairs()Ljava.util.List; | CONSTANT | 432 | 0 -> -1
jester.tests.MockTestRunner:testsRunWithoutFailures()Z
jester.tests.MockClassIterator:setExpectedIterate(Ljester.ClassTestTester;)V
jester.tests.acceptancetests.VeryTested:mustTakeCorrectBranchFor(Z)I | CONSTANT | 578 | 1 -> 0
jester.tests.ReportTest:newRealReport(Ljava.io.PrintWriter;)Ljester.Report;
jester.tests.MockMutationMaker:verify()V
jester.tests.acceptancetests.VeryTested:turnIntoInfiniteLoop()V | OPERATOR | 712 | += -> /=
jester.tests.MockClassIterator:verify()V
jester.RealConfiguration:RealConfiguration(Ljava.lang.String;Ljava.io.PrintStream;)V
jester.tests.MockClassTestTester:MockClassTestTester()V
jester.tests.MockMutationMaker:addExpectedMutateValues(Ljava.lang.String;Ljava.lang.String;)V
jester.RealConfiguration:shouldReportEagerly()Z
jester.RealConfiguration:sourceFileExtension()Ljava.lang.String;
jester.tests.MockClassIterator:setExpectedIterateCalls(I)V
jester.tests.MockClassSourceChanger:setOriginalContents(Ljava.lang.String;)V
jester.TestTester:TestTester(Ljester.TestRunner;Ljester.ClassIterator;Ljester.ClassTestTester;)V
jester.MainArguments:setTestClassFromArguments(Ljava.util.List;)V | STATEMENT | 3099 | stmt -> ;
jester.RealXMLReportWriter:RealXMLReportWriter(Ljava.io.Writer;)V
jester.RealConfiguration:isTrueProperty(Ljava.lang.String;Z)Z
jester.RealReport:changeThatCausedTestsToFail(ILjava.lang.String;Ljava.lang.String;)V | STATEMENT | 2854 | stmt -> ;
jester.tests.MockMutationMaker:mutate(Ljava.lang.String;Ljava.lang.String;)V
jester.tests.MockMutationMaker:MockMutationMaker()V
jester.tests.functionaltests.VeryTested:mustReturnOne()I
jester.TestTester:run()V
jester.tests.ReportTest:startFile(Ljester.Report;Ljava.lang.String;Ljava.lang.String;)V | STATEMENT | 949 | stmt -> ;
jester.tests.acceptancetests.VeryTested:mustReturnOne()I
jester.tests.ReportItemTest:lineNumberForCharacterIndex(Ljava.lang.String;I)I
jester.SourceChangeException:SourceChangeException(Ljava.lang.String;)V
jester.RealReport:totalScore()I
jester.RealMutationsList:visit(Ljester.MutationMaker;)V
jester.tests.MainArgumentsTest:checkThatClasspathArgumentCanAppearInAnyOrder([Ljava.lang.String;)V
jester.MainArguments:MainArguments([Ljava.lang.String;Ljester.FileExistenceChecker;)V
jester.IgnoreListDocument:calculateIgnoreRegions()V
jester.MainArguments:readArguments([Ljava.lang.String;)V | ASSIGN | 1809 | = null
jester.RealLogger:RealLogger()V
jester.RealMutationsList:visit(Ljava.io.BufferedReader;Ljester.MutationMaker;)V
jester.RealReport:fileNumberOfChangesThatDidNotCauseTestsToFail()I
jester.RealReport:fileNumberOfChanges()I
jester.tests.acceptancetests.VeryTested:mustNotBeEqual()Z
jester.tests.MockTestRunner:MockTestRunner()V
jester.tests.MockClassIterator:iterate(Ljester.ClassTestTester;)V
jester.tests.functionaltests.VeryTested:VeryTested()V
jester.RealReport:RealReport(Ljester.Configuration;Ljava.io.PrintWriter;Ljester.XMLReportWriter;Ljester.ProgressReporter;)V
jester.RealConfiguration:compilationCommand()Ljava.lang.String;
jester.IgnoreList:IgnoreList(Ljava.lang.String;)V
jester.tests.MockClassSourceChanger:setThrowExceptionOnFirstChangeAttempt(Z)V
jester.tests.acceptancetests.VeryTested:mustReturnTrue()Z
jester.RealConfiguration:stringProperty(Ljava.lang.String;Ljava.lang.String;)Ljava.lang.String;
jester.RealMutationsList:RealMutationsList(Ljava.lang.String;Ljava.io.PrintStream;)V
jester.tests.acceptancetests.VeryTested:mustBeEqual()Z
jester.tests.MockClassIterator:MockClassIterator()V
jester.RealReport:fileScore()I
jester.RealReport:score(II)I | OPERATOR | 5280 | / -> >>
jester.RealConfiguration:testRunningCommand()Ljava.lang.String; | RETURN | 1878 | return null
jester.RealMutationsList:visitLine(Ljava.lang.String;Ljester.MutationMaker;)V | CONSTANT | 1934 | 0 -> 1
jester.tests.IgnoreListTest:ignorePair(Ljava.lang.String;Ljava.lang.String;)Ljester.IgnorePair;
jester.tests.MockClassSourceChanger:MockClassSourceChanger()V
jester.RealReport:totalNumberOfChanges()I | OPERATOR | 5427 | + -> >>
jester.IgnorePair:IgnorePair(Ljava.lang.String;Ljava.lang.String;)V
jester.tests.TestConfiguration:TestConfiguration()V

#matrix (1 line per test, in order of tests): { mut_index, ' ', mut_call_count, ' ' }
53 1 9 1 
53 1 67 1 9 1 64 1 
53 1 67 1 9 1 64 1 
53 1 67 1 9 1 64 1 
53 1 67 1 9 1 64 1 
53 1 9 1 
36 1 32 1 24 1 3 1 48 1 10 1 
22 1 32 1 3 1 24 1 48 1 59 1 49 1 16 1 18 1 11 1 10 1 
53 1 7 1 41 1 5 1 9 1 
53 1 7 1 41 1 5 1 9 1 35 1 
53 1 7 1 41 1 5 1 9 1 35 1 
23 1 53 1 4 1 7 1 41 1 9 1 65 1 
23 1 53 1 4 1 7 1 41 1 9 1 65 1 
36 1 8 1 68 1 2 1 51 1 33 1 13 1 
1 1 8 1 68 1 51 1 33 1 13 1 
8 1 68 1 51 1 33 1 13 1 
36 1 68 1 2 1 51 1 33 1 13 1 
36 1 8 1 68 1 51 1 33 1 13 1 28 1 
45 2 66 1 33 1 13 1 46 1 8 1 68 1 37 1 51 1 60 1 61 2 
36 1 8 1 68 1 51 1 33 1 13 1 28 1 
36 1 68 1 51 1 33 1 13 1 28 1 
36 1 68 1 2 1 51 1 33 1 13 1 
36 1 8 1 68 1 51 1 33 1 13 1 28 1 
36 1 8 1 68 1 51 1 33 1 13 1 28 1 
36 2 8 1 68 1 2 1 51 1 13 1 28 1 
57 1 14 1 29 1 38 1 19 1 30 1 
44 1 57 1 14 1 19 1 63 1 30 1 
44 1 57 1 14 1 19 1 63 1 30 1 
25 1 40 1 42 1 
40 1 42 1 
40 1 42 1 
40 1 42 1 
40 1 42 1 
40 1 42 1 
40 1 39 1 42 1 
40 1 39 1 42 1 
40 1 39 1 42 1 
40 1 39 1 42 1 
56 2 27 1 17 1 52 1 62 1 20 1 21 1 43 1 
53 1 7 1 41 1 26 1 9 1 
23 1 53 1 4 1 7 1 41 1 9 1 65 1 
23 1 53 1 4 1 54 1 7 1 41 1 9 1 65 1 
23 1 53 1 4 1 54 1 7 1 41 1 9 1 65 1 
23 1 53 1 4 1 7 1 41 1 9 1 65 1 
23 1 53 1 4 1 7 1 41 1 9 1 65 1 
23 1 53 1 4 1 7 1 41 1 9 1 65 1 
53 1 7 1 41 1 9 1 
53 1 7 1 41 1 9 1 
53 1 7 1 41 1 9 1 
23 1 53 1 4 1 3 1 7 1 41 1 9 1 48 1 65 1 
23 1 53 1 4 1 3 1 7 1 41 1 9 1 48 1 65 1 
23 1 53 1 4 1 7 1 41 1 9 1 48 1 65 1 
23 1 53 1 4 1 7 1 41 1 9 1 48 1 65 1 
23 1 53 1 4 1 7 1 41 1 9 1 48 1 65 1 
55 1 
12 1 
12 1 
6 1 
58 1 
0 1 
15 1 
34 1 
47 1 
31 1 50 1 
