#tests: test_name, ' ', status(PASSED | FAILED | ERROR), ' ', [exception, { trace_mut_index | '(', { alternative_trace_mut_index, ',' }, ')' }]
jester.tests.IgnoreListTest:testReadingEmptyIgnoreValues()V ERROR java.lang.ArrayIndexOutOfBoundsException 2 
jester.tests.IgnoreListTest:testReadingIgnoreValues()V ERROR java.lang.ArrayIndexOutOfBoundsException 2 
jester.tests.IgnoreListTest:testReadingIgnoreValuesEndOfLineSpecialCase()V ERROR java.lang.ArrayIndexOutOfBoundsException 2 
jester.tests.IgnoreListTest:testReadingMultipleIgnoreValues()V ERROR java.lang.ArrayIndexOutOfBoundsException 2 
jester.tests.IgnoreListTest:testReadingMultipleIgnoreBlankLines()V ERROR java.lang.ArrayIndexOutOfBoundsException 2 
jester.tests.IgnoreListTest:testReadingIncorrectFile()V ERROR java.lang.ArrayIndexOutOfBoundsException 2 
jester.tests.TestTesterTest:testTestsMustStartOffWorking()V PASSED
jester.tests.TestTesterTest:testThatTestRunByIterator()V PASSED
jester.tests.ReportItemTest:testXmlEncoding()V ERROR java.lang.ArrayIndexOutOfBoundsException 2 64 63 
jester.tests.ReportItemTest:testLineNumberOneLine()V ERROR java.lang.ArrayIndexOutOfBoundsException 2 64 63 3 
jester.tests.ReportItemTest:testLineNumberSomeLines()V ERROR java.lang.ArrayIndexOutOfBoundsException 2 64 63 3 
jester.tests.TwoStringSwappingCodeManglerTest:testCouldntMangle()V ERROR java.lang.ArrayIndexOutOfBoundsException 2 64 (14,44) (14,44) 
jester.tests.TwoStringSwappingCodeManglerTest:testSimpleMangle1()V ERROR java.lang.ArrayIndexOutOfBoundsException 2 64 (14,44) (14,44) 
jester.tests.ReportTest:testBottomScore()V ERROR java.lang.ArrayIndexOutOfBoundsException 2 64 6 
jester.tests.ReportTest:testCantFinishDifferentFile()V ERROR java.lang.ArrayIndexOutOfBoundsException 2 64 6 
jester.tests.ReportTest:testCantStartTwoFiles()V ERROR java.lang.ArrayIndexOutOfBoundsException 2 64 6 
jester.tests.ReportTest:testChangesToSameFileOrderedByIndex()V ERROR java.lang.ArrayIndexOutOfBoundsException 2 64 6 
jester.tests.ReportTest:testFileScoreSeparateFromTotalScore()V ERROR java.lang.ArrayIndexOutOfBoundsException 2 64 6 
jester.tests.ReportTest:testInitialScore()V ERROR java.lang.ArithmeticException 55 47 
jester.tests.ReportTest:testMediumScore()V ERROR java.lang.ArrayIndexOutOfBoundsException 2 64 6 
jester.tests.ReportTest:testThatChangeThatCausedTestsToFailIsNotIncluded()V ERROR java.lang.ArrayIndexOutOfBoundsException 2 64 6 
jester.tests.ReportTest:testThatChangeThatDidNotCauseTestsToFailIsIncluded()V ERROR java.lang.ArrayIndexOutOfBoundsException 2 64 6 
jester.tests.ReportTest:testTopScore()V ERROR java.lang.ArrayIndexOutOfBoundsException 2 64 6 
jester.tests.ReportTest:testTotalScoreForManyFiles()V ERROR java.lang.ArrayIndexOutOfBoundsException 2 64 6 
jester.tests.ReportTest:testFileMustBeStarted()V PASSED
jester.tests.MutationsListTest:testDefaults()V FAILED junit.framework.AssertionFailedError 30 (20,60) 
jester.tests.MutationsListTest:testReadMutations()V FAILED junit.framework.AssertionFailedError 22 
jester.tests.MutationsListTest:testReadMutationsIgnoreBogusLinesIncludingBlankOnes()V FAILED junit.framework.AssertionFailedError 22 
jester.tests.MainArgumentsTest:testMissingArgumentsCauseExceptionToBeThrown()V ERROR java.lang.IndexOutOfBoundsException 54 41 
jester.tests.MainArgumentsTest:testMissingFileCauseExceptionToBeThrown()V PASSED
jester.tests.MainArgumentsTest:testMandatoryArguments()V ERROR jester.JesterArgumentException 7 41 
jester.tests.MainArgumentsTest:testThatMultipleMutationDirectoriesOrFilesAreAllowed()V ERROR jester.JesterArgumentException 7 41 
jester.tests.MainArgumentsTest:testClasspathArgument()V ERROR jester.JesterArgumentException 7 41 
jester.tests.MainArgumentsTest:testThatOneCanSpecifyOptionToNotShowProgressDialog()V ERROR jester.JesterArgumentException 7 41 
jester.tests.MainArgumentsTest:testThatClasspathArgumentCanAppearFirst()V ERROR java.lang.NullPointerException 48 
jester.tests.MainArgumentsTest:testThatClasspathArgumentCanAppearSecond()V ERROR java.lang.NullPointerException 48 
jester.tests.MainArgumentsTest:testThatClasspathArgumentCanAppearLast()V ERROR java.lang.NullPointerException 48 
jester.tests.MainArgumentsTest:testThatClasspathArgumentCanAppearInMiddleOfDirectoriesBecauseThereIsNoHarmInIt()V ERROR java.lang.NullPointerException 48 
jester.tests.ConfigurationTest:testDefaults()V ERROR java.lang.NullPointerException 43 57 11 
jester.tests.XMLReportWriterTest:testWritingChangesAsXMLHasBothGivenAndAbsoluteFilePaths()V ERROR java.lang.ArrayIndexOutOfBoundsException 2 64 
jester.tests.SimpleIntCodeManglerTest:testCouldntMangle()V ERROR java.lang.ArrayIndexOutOfBoundsException 2 64 (14,44) (14,44) 
jester.tests.SimpleIntCodeManglerTest:testContinuesIfChangeFails()V ERROR java.lang.ArrayIndexOutOfBoundsException 2 64 (14,44) (14,44) 
jester.tests.SimpleIntCodeManglerTest:testContinuesIfChangeSucceeds()V ERROR java.lang.ArrayIndexOutOfBoundsException 2 64 (14,44) (14,44) 
jester.tests.SimpleIntCodeManglerTest:testDoesntTryToChangeBadlyNamedMethodCalls()V ERROR java.lang.ArrayIndexOutOfBoundsException 2 64 (14,44) (14,44) 
jester.tests.SimpleIntCodeManglerTest:testSimpleMangle()V ERROR java.lang.ArrayIndexOutOfBoundsException 2 64 (14,44) (14,44) 
jester.tests.SimpleIntCodeManglerTest:testBug955882()V ERROR java.lang.ArrayIndexOutOfBoundsException 2 64 (14,44) (14,44) 
jester.tests.IgnoreListDocumentTest:testTextIsIgnored()V ERROR java.lang.ArrayIndexOutOfBoundsException 2 64 
jester.tests.IgnoreListDocumentTest:testTextIsIgnoredForMultipleIgnores()V ERROR java.lang.ArrayIndexOutOfBoundsException 2 64 
jester.tests.IgnoreListDocumentTest:testCharAtReturnsSpaceInsideIgnoreRegion()V ERROR java.lang.ArrayIndexOutOfBoundsException 2 64 
jester.tests.ClassTestTesterTest:testThatChangeThatFailsTestsIsNotRecorded()V ERROR java.lang.ArrayIndexOutOfBoundsException 2 64 (14,44) (14,44) 
jester.tests.ClassTestTesterTest:testThatChangeThatPassesTestsIsRecorded()V ERROR java.lang.ArrayIndexOutOfBoundsException 2 64 (14,44) (14,44) 
jester.tests.ClassTestTesterTest:testThatOriginalContentsAreNotWrittenBackIfNoChanges()V ERROR java.lang.ArrayIndexOutOfBoundsException 2 64 (14,44) (14,44) 
jester.tests.ClassTestTesterTest:testThatOriginalContentsAreWrittenBack()V ERROR java.lang.ArrayIndexOutOfBoundsException 2 64 (14,44) (14,44) 
jester.tests.ClassTestTesterTest:testThatMutationListIsUsed()V ERROR java.lang.ArrayIndexOutOfBoundsException 2 64 (14,44) (14,44) 
jester.tests.acceptancetests.VeryTestedTest:testBoolean()V PASSED
jester.tests.acceptancetests.VeryTestedTest:testConditionFalseBranch()V FAILED junit.framework.AssertionFailedError 
jester.tests.acceptancetests.VeryTestedTest:testConditionTrueBranch()V FAILED junit.framework.AssertionFailedError 
jester.tests.acceptancetests.VeryTestedTest:testDecrement()V PASSED
jester.tests.acceptancetests.VeryTestedTest:testEqual()V PASSED
jester.tests.acceptancetests.VeryTestedTest:testIncrement()V PASSED
jester.tests.acceptancetests.VeryTestedTest:testInfiniteLoop()V PASSED
jester.tests.acceptancetests.VeryTestedTest:testInt()V PASSED
jester.tests.acceptancetests.VeryTestedTest:testNotEqual()V PASSED
jester.tests.functionaltests.VeryTestedTest:testNumber()V FAILED junit.framework.AssertionFailedError 

#uuts: uut_name, [ '|', mutator_class, '|', change_position_in_file_buffer, '|', change ]
jester.tests.acceptancetests.VeryTested:turnIntoInfiniteLoop()V
jester.MainArguments:setDirectoriesOrFilesToMutateFromArguments(Ljava.util.List;)V
jester.IgnoreList:ignorePairs()Ljava.util.List; | CONSTANT | 432 | 0 -> -1
jester.tests.ReportItemTest:lineNumberForCharacterIndex(Ljava.lang.String;I)I
jester.RealLogger:RealLogger()V
jester.tests.MockMutationMaker:MockMutationMaker()V
jester.tests.ReportTest:startFile(Ljester.Report;Ljava.lang.String;Ljava.lang.String;)V
jester.MainArguments:checkDirectoriesOrFilesToMutateExist()V | OPERATOR | 2541 | == -> !=
jester.tests.MockClassIterator:setExpectedIterateCalls(I)V
jester.tests.functionaltests.VeryTested:VeryTested()V
jester.RealReport:totalNumberOfChanges()I | OPERATOR | 5427 | + -> >>
jester.RealConfiguration:shouldReportEagerly()Z
jester.TestTester:run()V
jester.RealXMLReportWriter:RealXMLReportWriter(Ljava.io.Writer;)V
jester.tests.MockClassSourceChanger:setOriginalContents(Ljava.lang.String;)V
jester.tests.acceptancetests.VeryTested:mustReturnTrue()Z
jester.tests.acceptancetests.VeryTested:mustReturnOne()I
jester.tests.MockTestRunner:setTestsRunWithoutFailures(Z)V
jester.SourceChangeException:SourceChangeException(Ljava.lang.String;)V
jester.RealConfiguration:stringProperty(Ljava.lang.String;Ljava.lang.String;)Ljava.lang.String;
jester.RealMutationsList:visit(Ljava.io.BufferedReader;Ljester.MutationMaker;)V | ASSIGN | 649 | = null
jester.RealMutationsList:RealMutationsList(Ljava.lang.String;Ljava.io.PrintStream;)V
jester.tests.MockMutationMaker:verify()V
jester.tests.MockClassIterator:verify()V
jester.IgnoreListDocument:IgnoreListDocument(Ljava.lang.String;Ljester.IgnoreList;)V
jester.tests.MockClassIterator:iterate(Ljester.ClassTestTester;)V
jester.tests.MockTestRunner:MockTestRunner()V
jester.MainArguments:setOptionalShouldShowProgressDialogFromArguments(Ljava.util.List;)V
jester.TestTester:TestTester(Ljester.TestRunner;Ljester.ClassIterator;Ljester.ClassTestTester;)V
jester.tests.acceptancetests.VeryTested:mustDecrement(I)I
jester.tests.MockMutationMaker:mutate(Ljava.lang.String;Ljava.lang.String;)V
jester.tests.acceptancetests.VeryTested:mustNotBeEqual()Z
jester.RealReport:changeThatCausedTestsToFail(ILjava.lang.String;Ljava.lang.String;)V | STATEMENT | 2854 | stmt -> ;
jester.IgnorePair:IgnorePair(Ljava.lang.String;Ljava.lang.String;)V
jester.tests.ReportTest:newRealReport(Ljava.io.PrintWriter;)Ljester.Report;
jester.RealReport:changeThatDidNotCauseTestsToFail(ILjava.lang.String;Ljava.lang.String;)V
jester.tests.functionaltests.VeryTested:mustReturnOne()I | CONSTANT | 141 | 1 -> 2
jester.RealConfiguration:RealConfiguration(Ljava.lang.String;Ljava.io.PrintStream;)V
jester.tests.MockClassIterator:MockClassIterator()V
jester.tests.MockClassTestTester:MockClassTestTester()V
jester.tests.acceptancetests.VeryTested:mustBeEqual()Z
jester.MainArguments:readArguments([Ljava.lang.String;)V
jester.tests.MockTestRunner:testsRunWithoutFailures()Z
jester.RealConfiguration:isTrue(Ljava.lang.String;)Z
jester.tests.MockClassSourceChanger:setOriginalContents(Ljava.lang.String;Ljester.IgnoreList;)V
jester.tests.IgnoreListTest:ignorePair(Ljava.lang.String;Ljava.lang.String;)Ljester.IgnorePair;
jester.IgnoreList:IgnoreList(Ljava.lang.String;)V
jester.RealReport:totalScore()I
jester.tests.MainArgumentsTest:checkThatClasspathArgumentCanAppearInAnyOrder([Ljava.lang.String;)V | ASSIGN | 4057 | = null
jester.tests.TestConfiguration:TestConfiguration()V
jester.tests.MockMutationMaker:addExpectedMutateValues(Ljava.lang.String;Ljava.lang.String;)V
jester.JesterArgumentException:JesterArgumentException(Ljava.lang.String;)V
jester.tests.MockClassSourceChanger:MockClassSourceChanger()V
jester.tests.ReportTest:newRealReport()Ljester.Report;
jester.MainArguments:setTestClassFromArguments(Ljava.util.List;)V | CONSTANT | 3091 | 0 -> -1
jester.RealReport:score(II)I | CONSTANT | 5256 | 0 -> -1
jester.tests.acceptancetests.VeryTested:mustTakeCorrectBranchFor(Z)I | CONDITION | 550 | if (x) -> if (!x)
jester.RealConfiguration:isTrueProperty(Ljava.lang.String;Z)Z | STATEMENT | 1322 | stmt -> ;
jester.MainArguments:setOptionalClasspathFromArguments(Ljava.util.List;)V
jester.RealReport:RealReport(Ljester.Configuration;Ljava.io.PrintWriter;Ljester.XMLReportWriter;Ljester.ProgressReporter;)V | STATEMENT | 883 | stmt -> ;
jester.RealMutationsList:visit(Ljester.MutationMaker;)V | STATEMENT | 1304 | stmt -> ;
jester.tests.MockClassIterator:setExpectedIterate(Ljester.ClassTestTester;)V
jester.tests.MockClassSourceChanger:setThrowExceptionOnFirstChangeAttempt(Z)V
jester.tests.ReportItemTest:newReportItem(Ljava.lang.String;Ljava.lang.String;Ljava.lang.String;I)Ljester.ReportItem;
jester.IgnoreListDocument:calculateIgnoreRegions()V
jester.tests.acceptancetests.VeryTested:mustIncrement(I)I
jester.RealConfiguration:compilationCommand()Ljava.lang.String;
jester.MainArguments:MainArguments([Ljava.lang.String;Ljester.FileExistenceChecker;)V

#matrix (1 line per test, in order of tests): { mut_index, ' ', mut_call_count, ' ' }
46 1 2 1 
46 1 45 1 33 1 2 1 
46 1 45 1 33 1 2 1 
46 1 45 1 33 1 2 1 
46 1 45 1 33 1 2 1 
46 1 2 1 
28 1 17 1 42 1 18 1 26 1 12 1 
61 1 28 1 42 1 23 1 17 1 25 1 26 1 8 1 39 1 38 1 12 1 
46 1 2 1 24 1 63 1 64 1 
46 1 2 1 3 1 24 1 63 1 64 1 
46 1 2 1 3 1 24 1 63 1 64 1 
46 1 52 1 2 1 24 1 14 1 64 1 44 1 
46 1 52 1 2 1 24 1 14 1 64 1 44 1 
46 1 6 1 34 1 2 1 53 1 59 1 24 1 49 1 64 1 
46 1 6 1 34 1 2 1 53 1 59 1 24 1 49 1 64 1 
46 1 6 1 34 1 2 1 53 1 59 1 24 1 49 1 64 1 
46 1 6 1 34 1 2 1 59 1 24 1 49 1 64 1 
46 1 6 1 34 1 2 1 53 1 59 1 24 1 49 1 64 1 
55 1 34 1 10 1 53 1 59 1 47 1 49 1 
46 1 6 1 34 1 2 1 53 1 59 1 24 1 49 1 64 1 
46 1 6 1 34 1 2 1 59 1 24 1 49 1 64 1 
46 1 6 1 34 1 2 1 59 1 24 1 49 1 64 1 
46 1 6 1 34 1 2 1 53 1 59 1 24 1 49 1 64 1 
46 1 6 1 34 1 2 1 53 1 59 1 24 1 49 1 64 1 
35 1 32 1 18 2 34 1 53 1 59 1 49 1 
21 1 5 1 30 1 50 1 60 1 
20 1 21 1 22 1 5 1 50 1 
20 1 21 1 22 1 5 1 50 1 
67 1 54 1 41 1 
51 1 7 1 1 1 58 1 27 1 67 1 54 1 41 1 
51 1 7 1 1 1 58 1 27 1 67 1 54 1 41 1 
51 1 7 1 1 1 58 1 27 1 67 1 54 1 41 1 
51 1 7 1 1 1 58 1 27 1 67 1 54 1 41 1 
51 1 7 1 1 1 58 1 27 1 67 1 54 1 41 1 
48 1 
48 1 
48 1 
48 1 
37 1 43 1 11 1 19 1 57 1 4 1 66 1 
46 1 2 1 24 1 13 1 64 1 
46 1 52 1 2 1 24 1 14 1 64 1 44 1 
46 1 62 1 52 1 2 1 24 1 14 1 64 1 44 1 
46 1 62 1 52 1 2 1 24 1 14 1 64 1 44 1 
46 1 52 1 2 1 24 1 14 1 64 1 44 1 
46 1 52 1 2 1 24 1 14 1 64 1 44 1 
46 1 52 1 2 1 24 1 14 1 64 1 44 1 
46 1 2 1 24 1 64 1 
46 1 2 1 24 1 64 1 
46 1 2 1 24 1 64 1 
46 1 17 1 26 1 52 1 2 1 24 1 14 1 64 1 44 1 
46 1 17 1 26 1 52 1 2 1 24 1 14 1 64 1 44 1 
46 1 26 1 52 1 2 1 24 1 14 1 64 1 44 1 
46 1 26 1 52 1 2 1 24 1 14 1 64 1 44 1 
46 1 26 1 52 1 2 1 24 1 14 1 64 1 44 1 
15 1 
56 1 
56 1 
29 1 
40 1 
65 1 
0 1 
16 1 
31 1 
9 1 36 1 
