#tests: test_name, ' ', status(PASSED | FAILED | ERROR), ' ', [exception, { trace_mut_index | '(', { alternative_trace_mut_index, ',' }, ')' }]
jester.tests.IgnoreListTest:testReadingEmptyIgnoreValues()V ERROR java.lang.StringIndexOutOfBoundsException 32 
jester.tests.IgnoreListTest:testReadingIgnoreValues()V FAILED junit.framework.AssertionFailedError 
jester.tests.IgnoreListTest:testReadingIgnoreValuesEndOfLineSpecialCase()V FAILED junit.framework.AssertionFailedError 
jester.tests.IgnoreListTest:testReadingMultipleIgnoreValues()V FAILED junit.framework.AssertionFailedError 
jester.tests.IgnoreListTest:testReadingMultipleIgnoreBlankLines()V ERROR java.lang.StringIndexOutOfBoundsException 32 
jester.tests.IgnoreListTest:testReadingIncorrectFile()V PASSED
jester.tests.TestTesterTest:testTestsMustStartOffWorking()V PASSED
jester.tests.TestTesterTest:testThatTestRunByIterator()V ERROR jester.SourceChangeException 5 
jester.tests.ReportItemTest:testXmlEncoding()V ERROR java.lang.StringIndexOutOfBoundsException 32 48 29 
jester.tests.ReportItemTest:testLineNumberOneLine()V ERROR java.lang.StringIndexOutOfBoundsException 32 48 29 21 
jester.tests.ReportItemTest:testLineNumberSomeLines()V ERROR java.lang.StringIndexOutOfBoundsException 32 48 29 21 
jester.tests.TwoStringSwappingCodeManglerTest:testCouldntMangle()V ERROR java.lang.StringIndexOutOfBoundsException 32 48 (35,55) (35,55) 
jester.tests.TwoStringSwappingCodeManglerTest:testSimpleMangle1()V ERROR java.lang.StringIndexOutOfBoundsException 32 48 (35,55) (35,55) 
jester.tests.ReportTest:testBottomScore()V ERROR java.lang.StringIndexOutOfBoundsException 32 48 33 
jester.tests.ReportTest:testCantFinishDifferentFile()V ERROR java.lang.StringIndexOutOfBoundsException 32 48 33 
jester.tests.ReportTest:testCantStartTwoFiles()V ERROR java.lang.StringIndexOutOfBoundsException 32 48 33 
jester.tests.ReportTest:testChangesToSameFileOrderedByIndex()V ERROR java.lang.StringIndexOutOfBoundsException 32 48 33 
jester.tests.ReportTest:testFileScoreSeparateFromTotalScore()V ERROR java.lang.StringIndexOutOfBoundsException 32 48 33 
jester.tests.ReportTest:testInitialScore()V ERROR java.lang.NullPointerException 
jester.tests.ReportTest:testMediumScore()V ERROR java.lang.StringIndexOutOfBoundsException 32 48 33 
jester.tests.ReportTest:testThatChangeThatCausedTestsToFailIsNotIncluded()V ERROR java.lang.StringIndexOutOfBoundsException 32 48 33 
jester.tests.ReportTest:testThatChangeThatDidNotCauseTestsToFailIsIncluded()V ERROR java.lang.StringIndexOutOfBoundsException 32 48 33 
jester.tests.ReportTest:testTopScore()V ERROR java.lang.StringIndexOutOfBoundsException 32 48 33 
jester.tests.ReportTest:testTotalScoreForManyFiles()V ERROR java.lang.StringIndexOutOfBoundsException 32 48 33 
jester.tests.ReportTest:testFileMustBeStarted()V ERROR java.lang.NullPointerException 
jester.tests.MutationsListTest:testDefaults()V ERROR java.lang.NullPointerException (19,51) 
jester.tests.MutationsListTest:testReadMutations()V FAILED junit.framework.AssertionFailedError 24 
jester.tests.MutationsListTest:testReadMutationsIgnoreBogusLinesIncludingBlankOnes()V FAILED junit.framework.AssertionFailedError 24 
jester.tests.MainArgumentsTest:testMissingArgumentsCauseExceptionToBeThrown()V PASSED
jester.tests.MainArgumentsTest:testMissingFileCauseExceptionToBeThrown()V PASSED
jester.tests.MainArgumentsTest:testMandatoryArguments()V ERROR jester.JesterArgumentException 0 38 
jester.tests.MainArgumentsTest:testThatMultipleMutationDirectoriesOrFilesAreAllowed()V ERROR jester.JesterArgumentException 0 38 
jester.tests.MainArgumentsTest:testClasspathArgument()V ERROR jester.JesterArgumentException 0 38 
jester.tests.MainArgumentsTest:testThatOneCanSpecifyOptionToNotShowProgressDialog()V ERROR jester.JesterArgumentException 0 38 
jester.tests.MainArgumentsTest:testThatClasspathArgumentCanAppearFirst()V ERROR jester.JesterArgumentException 0 38 39 
jester.tests.MainArgumentsTest:testThatClasspathArgumentCanAppearSecond()V ERROR jester.JesterArgumentException 0 38 39 
jester.tests.MainArgumentsTest:testThatClasspathArgumentCanAppearLast()V ERROR jester.JesterArgumentException 0 38 39 
jester.tests.MainArgumentsTest:testThatClasspathArgumentCanAppearInMiddleOfDirectoriesBecauseThereIsNoHarmInIt()V ERROR jester.JesterArgumentException 0 38 39 
jester.tests.ConfigurationTest:testDefaults()V ERROR junit.framework.ComparisonFailure 
jester.tests.XMLReportWriterTest:testWritingChangesAsXMLHasBothGivenAndAbsoluteFilePaths()V ERROR java.lang.StringIndexOutOfBoundsException 32 48 
jester.tests.SimpleIntCodeManglerTest:testCouldntMangle()V ERROR java.lang.StringIndexOutOfBoundsException 32 48 (35,55) (35,55) 
jester.tests.SimpleIntCodeManglerTest:testContinuesIfChangeFails()V ERROR java.lang.StringIndexOutOfBoundsException 32 48 (35,55) (35,55) 
jester.tests.SimpleIntCodeManglerTest:testContinuesIfChangeSucceeds()V ERROR java.lang.StringIndexOutOfBoundsException 32 48 (35,55) (35,55) 
jester.tests.SimpleIntCodeManglerTest:testDoesntTryToChangeBadlyNamedMethodCalls()V ERROR java.lang.StringIndexOutOfBoundsException 32 48 (35,55) (35,55) 
jester.tests.SimpleIntCodeManglerTest:testSimpleMangle()V ERROR java.lang.StringIndexOutOfBoundsException 32 48 (35,55) (35,55) 
jester.tests.SimpleIntCodeManglerTest:testBug955882()V ERROR java.lang.StringIndexOutOfBoundsException 32 48 (35,55) (35,55) 
jester.tests.IgnoreListDocumentTest:testTextIsIgnored()V FAILED junit.framework.AssertionFailedError 
jester.tests.IgnoreListDocumentTest:testTextIsIgnoredForMultipleIgnores()V FAILED junit.framework.AssertionFailedError 
jester.tests.IgnoreListDocumentTest:testCharAtReturnsSpaceInsideIgnoreRegion()V FAILED junit.framework.AssertionFailedError 
jester.tests.ClassTestTesterTest:testThatChangeThatFailsTestsIsNotRecorded()V ERROR java.lang.StringIndexOutOfBoundsException 32 48 (35,55) (35,55) 
jester.tests.ClassTestTesterTest:testThatChangeThatPassesTestsIsRecorded()V ERROR java.lang.StringIndexOutOfBoundsException 32 48 (35,55) (35,55) 
jester.tests.ClassTestTesterTest:testThatOriginalContentsAreNotWrittenBackIfNoChanges()V ERROR java.lang.StringIndexOutOfBoundsException 32 48 (35,55) (35,55) 
jester.tests.ClassTestTesterTest:testThatOriginalContentsAreWrittenBack()V ERROR java.lang.StringIndexOutOfBoundsException 32 48 (35,55) (35,55) 
jester.tests.ClassTestTesterTest:testThatMutationListIsUsed()V ERROR java.lang.StringIndexOutOfBoundsException 32 48 (35,55) (35,55) 
jester.tests.acceptancetests.VeryTestedTest:testBoolean()V PASSED
jester.tests.acceptancetests.VeryTestedTest:testConditionFalseBranch()V PASSED
jester.tests.acceptancetests.VeryTestedTest:testConditionTrueBranch()V PASSED
jester.tests.acceptancetests.VeryTestedTest:testDecrement()V PASSED
jester.tests.acceptancetests.VeryTestedTest:testEqual()V PASSED
jester.tests.acceptancetests.VeryTestedTest:testIncrement()V FAILED junit.framework.AssertionFailedError 
jester.tests.acceptancetests.VeryTestedTest:testInfiniteLoop()V PASSED
jester.tests.acceptancetests.VeryTestedTest:testInt()V FAILED junit.framework.AssertionFailedError 
jester.tests.acceptancetests.VeryTestedTest:testNotEqual()V PASSED
jester.tests.functionaltests.VeryTestedTest:testNumber()V PASSED

#uuts: uut_name, [ '|', mutator_class, '|', change_position_in_file_buffer, '|', change ]
jester.MainArguments:checkDirectoriesOrFilesToMutateExist()V
jester.tests.acceptancetests.VeryTested:mustNotBeEqual()Z
jester.IgnoreListDocument:isInIgnoreRegion(I)Z
jester.MainArguments:setOptionalShouldShowProgressDialogFromArguments(Ljava.util.List;)V | STATEMENT | 4057 | stmt -> ;
jester.tests.acceptancetests.VeryTested:mustReturnOne()I | CONSTANT | 425 | 1 -> 0
jester.TestTester:run()V | STATEMENT | 5225 | stmt -> ;
jester.tests.MockClassTestTester:MockClassTestTester()V
jester.tests.MockClassIterator:setExpectedIterateCalls(I)V
jester.tests.acceptancetests.VeryTested:mustDecrement(I)I
jester.tests.IgnoreListTest:ignorePair(Ljava.lang.String;Ljava.lang.String;)Ljester.IgnorePair;
jester.IgnoreListDocument:indexOf(Ljava.lang.String;I)I
jester.tests.acceptancetests.VeryTested:mustTakeCorrectBranchFor(Z)I
jester.tests.MockMutationMaker:addExpectedMutateValues(Ljava.lang.String;Ljava.lang.String;)V
jester.tests.MockTestRunner:testsRunWithoutFailures()Z
jester.tests.acceptancetests.VeryTested:turnIntoInfiniteLoop()V
jester.TestTester:TestTester(Ljester.TestRunner;Ljester.ClassIterator;Ljester.ClassTestTester;)V
jester.tests.ReportTest:newRealReport(Ljava.io.PrintWriter;)Ljester.Report; | RETURN | 706 | return null
jester.MainArguments:setTestClassFromArguments(Ljava.util.List;)V
jester.RealMutationsList:RealMutationsList(Ljava.lang.String;Ljava.io.PrintStream;)V | STATEMENT | 366 | stmt -> ;
jester.RealMutationsList:visit(Ljester.MutationMaker;)V | STATEMENT | 1304 | stmt -> ;
jester.MainArguments:setOptionalClasspathFromArguments(Ljava.util.List;)V
jester.tests.ReportItemTest:lineNumberForCharacterIndex(Ljava.lang.String;I)I
jester.tests.acceptancetests.VeryTested:mustIncrement(I)I | OPERATOR | 292 | ++ -> --
jester.tests.functionaltests.VeryTested:mustReturnOne()I
jester.tests.MockMutationMaker:verify()V
jester.tests.acceptancetests.VeryTested:mustReturnTrue()Z
jester.SourceChangeException:SourceChangeException(Ljava.lang.String;)V
jester.RealLogger:RealLogger()V
jester.RealConfiguration:compilationCommand()Ljava.lang.String; | RETURN | 1033 | return null
jester.tests.ReportItemTest:newReportItem(Ljava.lang.String;Ljava.lang.String;Ljava.lang.String;I)Ljester.ReportItem;
jester.tests.MockClassIterator:MockClassIterator()V
jester.JesterArgumentException:JesterArgumentException(Ljava.lang.String;)V
jester.IgnoreList:ignorePairs()Ljava.util.List; | OPERATOR | 496 | == -> >
jester.tests.ReportTest:startFile(Ljester.Report;Ljava.lang.String;Ljava.lang.String;)V
jester.IgnoreListDocument:charAt(I)C
jester.tests.MockClassSourceChanger:setOriginalContents(Ljava.lang.String;)V
jester.IgnorePair:IgnorePair(Ljava.lang.String;Ljava.lang.String;)V
jester.tests.MockClassIterator:setExpectedIterate(Ljester.ClassTestTester;)V
jester.MainArguments:readArguments([Ljava.lang.String;)V | STATEMENT | 2118 | stmt -> ;
jester.tests.MainArgumentsTest:checkThatClasspathArgumentCanAppearInAnyOrder([Ljava.lang.String;)V
jester.tests.acceptancetests.VeryTested:mustBeEqual()Z
jester.IgnoreList:IgnoreList(Ljava.lang.String;)V
jester.tests.functionaltests.VeryTested:VeryTested()V
jester.IgnorePair:toString()Ljava.lang.String;
jester.tests.MockClassSourceChanger:MockClassSourceChanger()V
jester.MainArguments:MainArguments([Ljava.lang.String;Ljester.FileExistenceChecker;)V
jester.tests.ReportTest:newRealReport()Ljester.Report; | RETURN | 579 | return null
jester.IgnoreListDocument:IgnoreListDocument(Ljava.lang.String;Ljester.IgnoreList;)V
jester.IgnoreListDocument:calculateIgnoreRegions()V
jester.tests.MockTestRunner:MockTestRunner()V
jester.RealXMLReportWriter:RealXMLReportWriter(Ljava.io.Writer;)V
jester.RealMutationsList:visit(Ljava.io.BufferedReader;Ljester.MutationMaker;)V | OPERATOR | 687 | != -> ==
jester.tests.MockTestRunner:setTestsRunWithoutFailures(Z)V | STATEMENT | 258 | stmt -> ;
jester.tests.MockClassSourceChanger:setThrowExceptionOnFirstChangeAttempt(Z)V
jester.tests.MockMutationMaker:MockMutationMaker()V
jester.tests.MockClassSourceChanger:setOriginalContents(Ljava.lang.String;Ljester.IgnoreList;)V
jester.RealConfiguration:RealConfiguration(Ljava.lang.String;Ljava.io.PrintStream;)V

#matrix (1 line per test, in order of tests): { mut_index, ' ', mut_call_count, ' ' }
41 1 32 1 
43 1 9 1 41 1 36 1 32 1 
43 1 9 1 41 1 36 1 32 1 
43 1 9 1 41 1 36 1 32 1 
9 1 41 1 36 1 32 1 
41 1 32 1 
49 1 5 1 52 1 13 1 26 1 15 1 
37 1 30 1 49 1 5 1 6 1 52 1 13 1 7 1 26 1 15 1 
29 1 41 1 47 1 32 1 48 1 
29 1 21 1 41 1 47 1 32 1 48 1 
29 1 21 1 41 1 47 1 32 1 48 1 
44 1 35 1 41 1 47 1 55 1 32 1 48 1 
44 1 35 1 41 1 47 1 55 1 32 1 48 1 
46 1 41 1 47 1 32 1 33 1 48 1 
46 1 41 1 47 1 32 1 33 1 48 1 
46 1 41 1 47 1 32 1 33 1 48 1 
41 1 47 1 32 1 33 1 48 1 16 1 
46 1 41 1 47 1 32 1 33 1 48 1 
46 1 
46 1 41 1 47 1 32 1 33 1 48 1 
41 1 47 1 32 1 33 1 48 1 16 1 
41 1 47 1 32 1 33 1 48 1 16 1 
46 1 41 1 47 1 32 1 33 1 48 1 
46 1 41 1 47 1 32 1 33 1 48 1 
46 1 
18 1 19 1 12 1 54 1 
18 1 24 1 12 1 51 1 54 1 
18 1 24 1 12 1 51 1 54 1 
17 1 0 1 20 1 38 1 3 1 45 1 31 2 
17 1 0 1 20 1 38 1 3 1 45 1 31 1 
17 1 0 1 20 1 38 1 3 1 45 1 31 1 
17 1 0 1 20 1 38 1 3 1 45 1 31 1 
17 1 0 1 20 1 38 1 3 1 45 1 31 1 
17 1 0 1 20 1 38 1 3 1 45 1 31 1 
17 1 0 1 20 1 38 1 3 1 45 1 39 1 31 1 
17 1 0 1 20 1 38 1 3 1 45 1 39 1 31 1 
17 1 0 1 20 1 38 1 3 1 45 1 39 1 31 1 
17 1 0 1 20 1 38 1 3 1 45 1 39 1 31 1 
27 1 28 1 56 1 
41 1 50 1 47 1 32 1 48 1 
44 1 35 1 41 1 47 1 55 1 32 1 48 1 
44 1 35 1 41 1 47 1 55 1 53 1 32 1 48 1 
44 1 35 1 41 1 47 1 55 1 53 1 32 1 48 1 
44 1 35 1 41 1 47 1 55 1 32 1 48 1 
44 1 35 1 41 1 47 1 55 1 32 1 48 1 
44 1 35 1 41 1 47 1 55 1 32 1 48 1 
2 1 47 1 48 1 10 1 41 1 32 1 
2 1 10 1 41 1 47 1 32 1 48 1 
34 1 2 1 47 1 48 1 41 1 32 1 
44 1 35 1 49 1 41 1 47 1 52 1 55 1 32 1 48 1 
44 1 35 1 49 1 41 1 47 1 52 1 55 1 32 1 48 1 
44 1 35 1 49 1 41 1 47 1 55 1 32 1 48 1 
44 1 35 1 49 1 41 1 47 1 55 1 32 1 48 1 
44 1 35 1 49 1 41 1 47 1 55 1 32 1 48 1 
25 1 
11 1 
11 1 
8 1 
40 1 
22 1 
14 1 
4 1 
1 1 
23 1 42 1 
