#tests: test_name, ' ', status(PASSED | FAILED | ERROR), ' ', [exception, { trace_mut_index | '(', { alternative_trace_mut_index, ',' }, ')' }]
jester.tests.IgnoreListTest:testReadingEmptyIgnoreValues()V PASSED
jester.tests.IgnoreListTest:testReadingIgnoreValues()V FAILED junit.framework.AssertionFailedError 
jester.tests.IgnoreListTest:testReadingIgnoreValuesEndOfLineSpecialCase()V FAILED junit.framework.AssertionFailedError 
jester.tests.IgnoreListTest:testReadingMultipleIgnoreValues()V FAILED junit.framework.AssertionFailedError 
jester.tests.IgnoreListTest:testReadingMultipleIgnoreBlankLines()V FAILED junit.framework.AssertionFailedError 
jester.tests.IgnoreListTest:testReadingIncorrectFile()V PASSED
jester.tests.TestTesterTest:testTestsMustStartOffWorking()V PASSED
jester.tests.TestTesterTest:testThatTestRunByIterator()V PASSED
jester.tests.ReportItemTest:testXmlEncoding()V ERROR java.lang.NullPointerException 26 1 
jester.tests.ReportItemTest:testLineNumberOneLine()V ERROR java.lang.NullPointerException 26 1 9 
jester.tests.ReportItemTest:testLineNumberSomeLines()V ERROR java.lang.NullPointerException 26 1 9 
jester.tests.TwoStringSwappingCodeManglerTest:testCouldntMangle()V ERROR java.lang.NullPointerException 26 (28,64) (28,64) 
jester.tests.TwoStringSwappingCodeManglerTest:testSimpleMangle1()V ERROR java.lang.NullPointerException 26 (28,64) (28,64) 
jester.tests.ReportTest:testBottomScore()V ERROR java.lang.NullPointerException 26 39 
jester.tests.ReportTest:testCantFinishDifferentFile()V ERROR java.lang.NullPointerException 26 39 
jester.tests.ReportTest:testCantStartTwoFiles()V ERROR java.lang.NullPointerException 26 39 
jester.tests.ReportTest:testChangesToSameFileOrderedByIndex()V ERROR java.lang.NullPointerException 26 39 
jester.tests.ReportTest:testFileScoreSeparateFromTotalScore()V ERROR java.lang.NullPointerException 26 39 
jester.tests.ReportTest:testInitialScore()V ERROR java.lang.ArithmeticException 19 38 
jester.tests.ReportTest:testMediumScore()V ERROR java.lang.NullPointerException 26 39 
jester.tests.ReportTest:testThatChangeThatCausedTestsToFailIsNotIncluded()V ERROR java.lang.NullPointerException 26 39 
jester.tests.ReportTest:testThatChangeThatDidNotCauseTestsToFailIsIncluded()V ERROR java.lang.NullPointerException 26 39 
jester.tests.ReportTest:testTopScore()V ERROR java.lang.NullPointerException 26 39 
jester.tests.ReportTest:testTotalScoreForManyFiles()V ERROR java.lang.NullPointerException 26 39 
jester.tests.ReportTest:testFileMustBeStarted()V PASSED
jester.tests.MutationsListTest:testDefaults()V FAILED junit.framework.AssertionFailedError 48 (13,45) 
jester.tests.MutationsListTest:testReadMutations()V FAILED junit.framework.AssertionFailedError 48 34 (13,45) 
jester.tests.MutationsListTest:testReadMutationsIgnoreBogusLinesIncludingBlankOnes()V FAILED junit.framework.AssertionFailedError 48 34 (13,45) 
jester.tests.MainArgumentsTest:testMissingArgumentsCauseExceptionToBeThrown()V PASSED
jester.tests.MainArgumentsTest:testMissingFileCauseExceptionToBeThrown()V ERROR java.lang.NullPointerException 47 56 
jester.tests.MainArgumentsTest:testMandatoryArguments()V ERROR java.lang.NullPointerException 47 56 
jester.tests.MainArgumentsTest:testThatMultipleMutationDirectoriesOrFilesAreAllowed()V ERROR java.lang.NullPointerException 47 56 
jester.tests.MainArgumentsTest:testClasspathArgument()V ERROR java.lang.NullPointerException 47 56 
jester.tests.MainArgumentsTest:testThatOneCanSpecifyOptionToNotShowProgressDialog()V ERROR java.lang.NullPointerException 47 56 
jester.tests.MainArgumentsTest:testThatClasspathArgumentCanAppearFirst()V ERROR java.lang.NullPointerException 47 56 52 
jester.tests.MainArgumentsTest:testThatClasspathArgumentCanAppearSecond()V ERROR java.lang.NullPointerException 47 56 52 
jester.tests.MainArgumentsTest:testThatClasspathArgumentCanAppearLast()V ERROR java.lang.NullPointerException 47 56 52 
jester.tests.MainArgumentsTest:testThatClasspathArgumentCanAppearInMiddleOfDirectoriesBecauseThereIsNoHarmInIt()V ERROR java.lang.NullPointerException 47 56 52 
jester.tests.ConfigurationTest:testDefaults()V PASSED
jester.tests.XMLReportWriterTest:testWritingChangesAsXMLHasBothGivenAndAbsoluteFilePaths()V ERROR java.lang.NullPointerException 26 
jester.tests.SimpleIntCodeManglerTest:testCouldntMangle()V ERROR java.lang.NullPointerException 26 (28,64) (28,64) 
jester.tests.SimpleIntCodeManglerTest:testContinuesIfChangeFails()V ERROR java.lang.NullPointerException 26 (28,64) (28,64) 
jester.tests.SimpleIntCodeManglerTest:testContinuesIfChangeSucceeds()V ERROR java.lang.NullPointerException 26 (28,64) (28,64) 
jester.tests.SimpleIntCodeManglerTest:testDoesntTryToChangeBadlyNamedMethodCalls()V ERROR java.lang.NullPointerException 26 (28,64) (28,64) 
jester.tests.SimpleIntCodeManglerTest:testSimpleMangle()V ERROR java.lang.NullPointerException 26 (28,64) (28,64) 
jester.tests.SimpleIntCodeManglerTest:testBug955882()V ERROR java.lang.NullPointerException 26 (28,64) (28,64) 
jester.tests.IgnoreListDocumentTest:testTextIsIgnored()V ERROR java.lang.NullPointerException 26 
jester.tests.IgnoreListDocumentTest:testTextIsIgnoredForMultipleIgnores()V ERROR java.lang.NullPointerException 26 
jester.tests.IgnoreListDocumentTest:testCharAtReturnsSpaceInsideIgnoreRegion()V ERROR java.lang.NullPointerException 26 
jester.tests.ClassTestTesterTest:testThatChangeThatFailsTestsIsNotRecorded()V ERROR java.lang.NullPointerException 26 (28,64) (28,64) 
jester.tests.ClassTestTesterTest:testThatChangeThatPassesTestsIsRecorded()V ERROR java.lang.NullPointerException 26 (28,64) (28,64) 
jester.tests.ClassTestTesterTest:testThatOriginalContentsAreNotWrittenBackIfNoChanges()V ERROR java.lang.NullPointerException 26 (28,64) (28,64) 
jester.tests.ClassTestTesterTest:testThatOriginalContentsAreWrittenBack()V ERROR java.lang.NullPointerException 26 (28,64) (28,64) 
jester.tests.ClassTestTesterTest:testThatMutationListIsUsed()V ERROR java.lang.NullPointerException 26 (28,64) (28,64) 
jester.tests.acceptancetests.VeryTestedTest:testBoolean()V PASSED
jester.tests.acceptancetests.VeryTestedTest:testConditionFalseBranch()V FAILED junit.framework.AssertionFailedError 
jester.tests.acceptancetests.VeryTestedTest:testConditionTrueBranch()V FAILED junit.framework.AssertionFailedError 
jester.tests.acceptancetests.VeryTestedTest:testDecrement()V PASSED
jester.tests.acceptancetests.VeryTestedTest:testEqual()V PASSED
jester.tests.acceptancetests.VeryTestedTest:testIncrement()V FAILED junit.framework.AssertionFailedError 
jester.tests.acceptancetests.VeryTestedTest:testInfiniteLoop()V PASSED
jester.tests.acceptancetests.VeryTestedTest:testInt()V FAILED junit.framework.AssertionFailedError 
jester.tests.acceptancetests.VeryTestedTest:testNotEqual()V PASSED
jester.tests.functionaltests.VeryTestedTest:testNumber()V PASSED

#uuts: uut_name, [ '|', mutator_class, '|', change_position_in_file_buffer, '|', change ]
jester.tests.MockClassSourceChanger:MockClassSourceChanger()V
jester.tests.ReportItemTest:newReportItem(Ljava.lang.String;Ljava.lang.String;Ljava.lang.String;I)Ljester.ReportItem;
jester.IgnoreList:ignorePairs()Ljava.util.List; | STATEMENT | 419 | stmt -> ;
jester.tests.MockMutationMaker:MockMutationMaker()V
jester.tests.acceptancetests.VeryTested:mustNotBeEqual()Z
jester.IgnoreList:IgnoreList(Ljava.lang.String;)V
jester.tests.MockClassIterator:setExpectedIterateCalls(I)V
jester.tests.MockTestRunner:MockTestRunner()V
jester.tests.functionaltests.VeryTested:VeryTested()V
jester.tests.ReportItemTest:lineNumberForCharacterIndex(Ljava.lang.String;I)I
jester.RealLogger:RealLogger()V
jester.tests.MockClassIterator:verify()V
jester.RealConfiguration:RealConfiguration(Ljava.lang.String;Ljava.io.PrintStream;)V
jester.RealMutationsList:visit(Ljava.io.BufferedReader;Ljester.MutationMaker;)V
jester.IgnorePair:toString()Ljava.lang.String;
jester.tests.MockClassSourceChanger:setThrowExceptionOnFirstChangeAttempt(Z)V
jester.tests.acceptancetests.VeryTested:mustTakeCorrectBranchFor(Z)I | CONDITION | 550 | if (x) -> if (!x)
jester.TestTester:TestTester(Ljester.TestRunner;Ljester.ClassIterator;Ljester.ClassTestTester;)V
jester.RealReport:RealReport(Ljester.Configuration;Ljava.io.PrintWriter;Ljester.XMLReportWriter;Ljester.ProgressReporter;)V | STATEMENT | 883 | stmt -> ;
jester.RealReport:totalNumberOfChanges()I | OPERATOR | 5427 | + -> /
jester.tests.MockClassIterator:iterate(Ljester.ClassTestTester;)V
jester.RealXMLReportWriter:RealXMLReportWriter(Ljava.io.Writer;)V
jester.RealReport:changeThatDidNotCauseTestsToFail(ILjava.lang.String;Ljava.lang.String;)V
jester.tests.MockClassTestTester:MockClassTestTester()V
jester.RealConfiguration:stringProperty(Ljava.lang.String;Ljava.lang.String;)Ljava.lang.String;
jester.RealConfiguration:isTrueProperty(Ljava.lang.String;Z)Z
jester.IgnoreListDocument:calculateIgnoreRegions()V | ASSIGN | 1606 | = null
jester.tests.MockTestRunner:testsRunWithoutFailures()Z
jester.tests.MockClassSourceChanger:setOriginalContents(Ljava.lang.String;Ljester.IgnoreList;)V
jester.tests.acceptancetests.VeryTested:mustDecrement(I)I
jester.tests.functionaltests.VeryTested:mustReturnOne()I
jester.TestTester:run()V
jester.MainArguments:setTestClassFromArguments(Ljava.util.List;)V
jester.RealMutationsList:RealMutationsList(Ljava.lang.String;Ljava.io.PrintStream;)V
jester.RealMutationsList:visitLine(Ljava.lang.String;Ljester.MutationMaker;)V | CONSTANT | 1937 | 1 -> 2
jester.tests.ReportTest:newRealReport()Ljester.Report;
jester.tests.acceptancetests.VeryTested:mustReturnTrue()Z
jester.tests.MockClassIterator:MockClassIterator()V
jester.RealReport:totalScore()I
jester.tests.ReportTest:startFile(Ljester.Report;Ljava.lang.String;Ljava.lang.String;)V
jester.RealConfiguration:compilationCommand()Ljava.lang.String;
jester.RealConfiguration:closeUIOnFinish()Z
jester.tests.MockMutationMaker:addExpectedMutateValues(Ljava.lang.String;Ljava.lang.String;)V
jester.IgnorePair:IgnorePair(Ljava.lang.String;Ljava.lang.String;)V
jester.tests.acceptancetests.VeryTested:mustBeEqual()Z
jester.RealMutationsList:visit(Ljester.MutationMaker;)V | STATEMENT | 1304 | stmt -> ;
jester.RealConfiguration:sourceFileExtension()Ljava.lang.String;
jester.MainArguments:setDirectoriesOrFilesToMutateFromArguments(Ljava.util.List;)V | STATEMENT | 3461 | stmt -> ;
jester.tests.MockMutationMaker:mutate(Ljava.lang.String;Ljava.lang.String;)V
jester.tests.IgnoreListTest:ignorePair(Ljava.lang.String;Ljava.lang.String;)Ljester.IgnorePair;
jester.RealReport:changeThatCausedTestsToFail(ILjava.lang.String;Ljava.lang.String;)V | ASSIGN | 2644 | = null
jester.JesterArgumentException:JesterArgumentException(Ljava.lang.String;)V
jester.tests.MainArgumentsTest:checkThatClasspathArgumentCanAppearInAnyOrder([Ljava.lang.String;)V
jester.RealConfiguration:testRunningCommand()Ljava.lang.String;
jester.tests.acceptancetests.VeryTested:mustIncrement(I)I | OPERATOR | 292 | ++ -> --
jester.tests.MockTestRunner:setTestsRunWithoutFailures(Z)V
jester.MainArguments:readArguments([Ljava.lang.String;)V | CONDITION | 2300 | if (x) -> if (!x)
jester.MainArguments:MainArguments([Ljava.lang.String;Ljester.FileExistenceChecker;)V
jester.tests.acceptancetests.VeryTested:mustReturnOne()I | CONSTANT | 425 | 1 -> 0
jester.tests.ReportTest:newRealReport(Ljava.io.PrintWriter;)Ljester.Report;
jester.tests.TestConfiguration:TestConfiguration()V
jester.RealConfiguration:shouldReportEagerly()Z
jester.tests.MockClassIterator:setExpectedIterate(Ljester.ClassTestTester;)V
jester.tests.acceptancetests.VeryTested:turnIntoInfiniteLoop()V
jester.tests.MockClassSourceChanger:setOriginalContents(Ljava.lang.String;)V
jester.IgnoreListDocument:IgnoreListDocument(Ljava.lang.String;Ljester.IgnoreList;)V
jester.SourceChangeException:SourceChangeException(Ljava.lang.String;)V
jester.RealConfiguration:testsPassString()Ljava.lang.String;

#matrix (1 line per test, in order of tests): { mut_index, ' ', mut_call_count, ' ' }
2 1 5 1 
2 1 49 1 14 1 5 1 43 1 
2 1 49 1 14 1 5 1 43 1 
2 1 49 1 14 1 5 1 43 1 
2 1 49 1 14 1 5 1 43 1 
2 1 5 1 
55 1 27 1 17 1 66 1 31 1 7 1 
55 1 17 1 37 1 20 1 23 1 7 1 6 1 27 1 62 1 11 1 31 1 
26 1 1 1 2 1 65 1 5 1 
26 1 1 1 2 1 9 1 65 1 5 1 
26 1 1 1 2 1 9 1 65 1 5 1 
26 1 28 1 0 1 2 1 64 1 65 1 5 1 
26 1 28 1 0 1 2 1 64 1 65 1 5 1 
26 1 18 1 2 1 35 1 59 1 65 1 39 1 5 1 60 1 
26 1 18 1 2 1 35 1 59 1 65 1 39 1 5 1 60 1 
26 1 18 1 2 1 35 1 59 1 65 1 39 1 5 1 60 1 
26 1 18 1 2 1 59 1 65 1 39 1 5 1 60 1 
26 1 18 1 2 1 35 1 59 1 65 1 39 1 5 1 60 1 
18 1 19 1 35 1 59 1 38 1 60 1 
26 1 18 1 2 1 35 1 59 1 65 1 39 1 5 1 60 1 
26 1 18 1 2 1 59 1 65 1 39 1 5 1 60 1 
26 1 18 1 2 1 59 1 65 1 39 1 5 1 60 1 
26 1 18 1 2 1 35 1 59 1 65 1 39 1 5 1 60 1 
26 1 18 1 2 1 35 1 59 1 65 1 39 1 5 1 60 1 
18 1 35 1 50 1 59 1 22 1 66 2 60 1 
33 1 3 1 42 1 45 1 48 1 
34 1 33 1 3 1 42 1 48 1 13 1 
34 1 33 1 3 1 42 1 48 1 13 1 
32 1 56 1 47 1 57 1 51 2 
32 1 56 1 47 1 57 1 
32 1 56 1 47 1 57 1 
32 1 56 1 47 1 57 1 
32 1 56 1 47 1 57 1 
32 1 56 1 47 1 57 1 
32 1 56 1 47 1 57 1 52 1 
32 1 56 1 47 1 57 1 52 1 
32 1 56 1 47 1 57 1 52 1 
32 1 56 1 47 1 57 1 52 1 
40 1 24 4 41 1 61 1 25 2 46 1 10 1 12 1 53 1 67 1 
26 1 2 1 21 1 65 1 5 1 
26 1 28 1 0 1 2 1 64 1 65 1 5 1 
26 1 28 1 0 1 2 1 64 1 65 1 5 1 15 1 
26 1 28 1 0 1 2 1 64 1 65 1 5 1 15 1 
26 1 28 1 0 1 2 1 64 1 65 1 5 1 
26 1 28 1 0 1 2 1 64 1 65 1 5 1 
26 1 28 1 0 1 2 1 64 1 65 1 5 1 
26 1 2 1 65 1 5 1 
26 1 2 1 65 1 5 1 
26 1 2 1 65 1 5 1 
55 1 26 1 28 1 0 1 2 1 64 1 65 1 5 1 7 1 
55 1 26 1 28 1 0 1 2 1 64 1 65 1 5 1 7 1 
26 1 28 1 0 1 2 1 64 1 65 1 5 1 7 1 
26 1 28 1 0 1 2 1 64 1 65 1 5 1 7 1 
26 1 28 1 0 1 2 1 64 1 65 1 5 1 7 1 
36 1 
16 1 
16 1 
29 1 
44 1 
54 1 
63 1 
58 1 
4 1 
8 1 30 1 
