#tests: test_name, ' ', status(PASSED | FAILED | ERROR), ' ', [exception, { trace_mut_index | '(', { alternative_trace_mut_index, ',' }, ')' }]
jester.tests.IgnoreListTest:testReadingEmptyIgnoreValues()V ERROR java.lang.ArrayIndexOutOfBoundsException 57 
jester.tests.IgnoreListTest:testReadingIgnoreValues()V ERROR java.lang.ArrayIndexOutOfBoundsException 57 
jester.tests.IgnoreListTest:testReadingIgnoreValuesEndOfLineSpecialCase()V ERROR java.lang.ArrayIndexOutOfBoundsException 57 
jester.tests.IgnoreListTest:testReadingMultipleIgnoreValues()V ERROR java.lang.ArrayIndexOutOfBoundsException 57 
jester.tests.IgnoreListTest:testReadingMultipleIgnoreBlankLines()V ERROR java.lang.ArrayIndexOutOfBoundsException 57 
jester.tests.IgnoreListTest:testReadingIncorrectFile()V ERROR java.lang.ArrayIndexOutOfBoundsException 57 
jester.tests.TestTesterTest:testTestsMustStartOffWorking()V PASSED
jester.tests.TestTesterTest:testThatTestRunByIterator()V PASSED
jester.tests.ReportItemTest:testXmlEncoding()V ERROR java.lang.ArrayIndexOutOfBoundsException 57 9 49 
jester.tests.ReportItemTest:testLineNumberOneLine()V ERROR java.lang.ArrayIndexOutOfBoundsException 57 9 49 15 
jester.tests.ReportItemTest:testLineNumberSomeLines()V ERROR java.lang.ArrayIndexOutOfBoundsException 57 9 49 15 
jester.tests.TwoStringSwappingCodeManglerTest:testCouldntMangle()V ERROR java.lang.ArrayIndexOutOfBoundsException 57 9 (40,52) (40,52) 
jester.tests.TwoStringSwappingCodeManglerTest:testSimpleMangle1()V ERROR java.lang.ArrayIndexOutOfBoundsException 57 9 (40,52) (40,52) 
jester.tests.ReportTest:testBottomScore()V ERROR java.lang.ArrayIndexOutOfBoundsException 57 9 58 
jester.tests.ReportTest:testCantFinishDifferentFile()V ERROR java.lang.ArrayIndexOutOfBoundsException 57 9 58 
jester.tests.ReportTest:testCantStartTwoFiles()V ERROR java.lang.ArrayIndexOutOfBoundsException 57 9 58 
jester.tests.ReportTest:testChangesToSameFileOrderedByIndex()V ERROR java.lang.ArrayIndexOutOfBoundsException 57 9 58 
jester.tests.ReportTest:testFileScoreSeparateFromTotalScore()V ERROR java.lang.ArrayIndexOutOfBoundsException 57 9 58 
jester.tests.ReportTest:testInitialScore()V ERROR java.lang.NullPointerException 
jester.tests.ReportTest:testMediumScore()V ERROR java.lang.ArrayIndexOutOfBoundsException 57 9 58 
jester.tests.ReportTest:testThatChangeThatCausedTestsToFailIsNotIncluded()V ERROR java.lang.ArrayIndexOutOfBoundsException 57 9 58 
jester.tests.ReportTest:testThatChangeThatDidNotCauseTestsToFailIsIncluded()V ERROR java.lang.ArrayIndexOutOfBoundsException 57 9 58 
jester.tests.ReportTest:testTopScore()V ERROR java.lang.ArrayIndexOutOfBoundsException 57 9 58 
jester.tests.ReportTest:testTotalScoreForManyFiles()V ERROR java.lang.ArrayIndexOutOfBoundsException 57 9 58 
jester.tests.ReportTest:testFileMustBeStarted()V ERROR java.lang.NullPointerException 
jester.tests.MutationsListTest:testDefaults()V FAILED junit.framework.AssertionFailedError 32 (44,46) 
jester.tests.MutationsListTest:testReadMutations()V FAILED junit.framework.AssertionFailedError 13 
jester.tests.MutationsListTest:testReadMutationsIgnoreBogusLinesIncludingBlankOnes()V FAILED junit.framework.AssertionFailedError 13 
jester.tests.MainArgumentsTest:testMissingArgumentsCauseExceptionToBeThrown()V ERROR java.lang.IndexOutOfBoundsException 7 1 
jester.tests.MainArgumentsTest:testMissingFileCauseExceptionToBeThrown()V ERROR java.lang.IndexOutOfBoundsException 0 1 
jester.tests.MainArgumentsTest:testMandatoryArguments()V ERROR java.lang.IndexOutOfBoundsException 0 1 
jester.tests.MainArgumentsTest:testThatMultipleMutationDirectoriesOrFilesAreAllowed()V ERROR java.lang.IndexOutOfBoundsException 0 1 
jester.tests.MainArgumentsTest:testClasspathArgument()V ERROR java.lang.IndexOutOfBoundsException 0 1 
jester.tests.MainArgumentsTest:testThatOneCanSpecifyOptionToNotShowProgressDialog()V ERROR java.lang.IndexOutOfBoundsException 0 1 
jester.tests.MainArgumentsTest:testThatClasspathArgumentCanAppearFirst()V ERROR java.lang.IndexOutOfBoundsException 0 1 24 
jester.tests.MainArgumentsTest:testThatClasspathArgumentCanAppearSecond()V ERROR java.lang.IndexOutOfBoundsException 0 1 24 
jester.tests.MainArgumentsTest:testThatClasspathArgumentCanAppearLast()V ERROR java.lang.IndexOutOfBoundsException 0 1 24 
jester.tests.MainArgumentsTest:testThatClasspathArgumentCanAppearInMiddleOfDirectoriesBecauseThereIsNoHarmInIt()V ERROR java.lang.IndexOutOfBoundsException 0 1 24 
jester.tests.ConfigurationTest:testDefaults()V PASSED
jester.tests.XMLReportWriterTest:testWritingChangesAsXMLHasBothGivenAndAbsoluteFilePaths()V ERROR java.lang.ArrayIndexOutOfBoundsException 57 9 
jester.tests.SimpleIntCodeManglerTest:testCouldntMangle()V ERROR java.lang.ArrayIndexOutOfBoundsException 57 9 (40,52) (40,52) 
jester.tests.SimpleIntCodeManglerTest:testContinuesIfChangeFails()V ERROR java.lang.ArrayIndexOutOfBoundsException 57 9 (40,52) (40,52) 
jester.tests.SimpleIntCodeManglerTest:testContinuesIfChangeSucceeds()V ERROR java.lang.ArrayIndexOutOfBoundsException 57 9 (40,52) (40,52) 
jester.tests.SimpleIntCodeManglerTest:testDoesntTryToChangeBadlyNamedMethodCalls()V ERROR java.lang.ArrayIndexOutOfBoundsException 57 9 (40,52) (40,52) 
jester.tests.SimpleIntCodeManglerTest:testSimpleMangle()V ERROR java.lang.ArrayIndexOutOfBoundsException 57 9 (40,52) (40,52) 
jester.tests.SimpleIntCodeManglerTest:testBug955882()V ERROR java.lang.ArrayIndexOutOfBoundsException 57 9 (40,52) (40,52) 
jester.tests.IgnoreListDocumentTest:testTextIsIgnored()V ERROR java.lang.ArrayIndexOutOfBoundsException 57 9 
jester.tests.IgnoreListDocumentTest:testTextIsIgnoredForMultipleIgnores()V ERROR java.lang.ArrayIndexOutOfBoundsException 57 9 
jester.tests.IgnoreListDocumentTest:testCharAtReturnsSpaceInsideIgnoreRegion()V ERROR java.lang.ArrayIndexOutOfBoundsException 57 9 
jester.tests.ClassTestTesterTest:testThatChangeThatFailsTestsIsNotRecorded()V ERROR java.lang.ArrayIndexOutOfBoundsException 57 9 (40,52) (40,52) 
jester.tests.ClassTestTesterTest:testThatChangeThatPassesTestsIsRecorded()V ERROR java.lang.ArrayIndexOutOfBoundsException 57 9 (40,52) (40,52) 
jester.tests.ClassTestTesterTest:testThatOriginalContentsAreNotWrittenBackIfNoChanges()V ERROR java.lang.ArrayIndexOutOfBoundsException 57 9 (40,52) (40,52) 
jester.tests.ClassTestTesterTest:testThatOriginalContentsAreWrittenBack()V ERROR java.lang.ArrayIndexOutOfBoundsException 57 9 (40,52) (40,52) 
jester.tests.ClassTestTesterTest:testThatMutationListIsUsed()V ERROR java.lang.ArrayIndexOutOfBoundsException 57 9 (40,52) (40,52) 
jester.tests.acceptancetests.VeryTestedTest:testBoolean()V PASSED
jester.tests.acceptancetests.VeryTestedTest:testConditionFalseBranch()V PASSED
jester.tests.acceptancetests.VeryTestedTest:testConditionTrueBranch()V PASSED
jester.tests.acceptancetests.VeryTestedTest:testDecrement()V PASSED
jester.tests.acceptancetests.VeryTestedTest:testEqual()V PASSED
jester.tests.acceptancetests.VeryTestedTest:testIncrement()V PASSED
jester.tests.acceptancetests.VeryTestedTest:testInfiniteLoop()V PASSED
jester.tests.acceptancetests.VeryTestedTest:testInt()V PASSED
jester.tests.acceptancetests.VeryTestedTest:testNotEqual()V PASSED
jester.tests.functionaltests.VeryTestedTest:testNumber()V FAILED junit.framework.AssertionFailedError 

#uuts: uut_name, [ '|', mutator_class, '|', change_position_in_file_buffer, '|', change ]
jester.MainArguments:setDirectoriesOrFilesToMutateFromArguments(Ljava.util.List;)V | STATEMENT | 3504 | stmt -> ;
jester.MainArguments:readArguments([Ljava.lang.String;)V
jester.tests.MockClassSourceChanger:MockClassSourceChanger()V
jester.tests.MockClassIterator:setExpectedIterateCalls(I)V
jester.RealConfiguration:isTrueProperty(Ljava.lang.String;Z)Z
jester.MainArguments:MainArguments([Ljava.lang.String;Ljester.FileExistenceChecker;)V
jester.RealConfiguration:RealConfiguration(Ljava.lang.String;Ljava.io.PrintStream;)V
jester.MainArguments:setTestClassFromArguments(Ljava.util.List;)V | STATEMENT | 3099 | stmt -> ;
jester.tests.ReportTest:newRealReport()Ljester.Report; | RETURN | 579 | return null
jester.IgnoreListDocument:calculateIgnoreRegions()V
jester.TestTester:run()V
jester.tests.MockClassTestTester:MockClassTestTester()V
jester.tests.acceptancetests.VeryTested:turnIntoInfiniteLoop()V
jester.tests.MockMutationMaker:verify()V
jester.tests.ReportTest:newRealReport(Ljava.io.PrintWriter;)Ljester.Report; | RETURN | 706 | return null
jester.tests.ReportItemTest:lineNumberForCharacterIndex(Ljava.lang.String;I)I
jester.tests.functionaltests.VeryTested:VeryTested()V
jester.RealConfiguration:testRunningCommand()Ljava.lang.String;
jester.RealConfiguration:compilationCommand()Ljava.lang.String;
jester.tests.acceptancetests.VeryTested:mustTakeCorrectBranchFor(Z)I
jester.IgnoreListDocument:IgnoreListDocument(Ljava.lang.String;Ljester.IgnoreList;)V
jester.IgnoreList:IgnoreList(Ljava.lang.String;)V
jester.tests.acceptancetests.VeryTested:mustIncrement(I)I
jester.RealConfiguration:testsPassString()Ljava.lang.String;
jester.tests.MainArgumentsTest:checkThatClasspathArgumentCanAppearInAnyOrder([Ljava.lang.String;)V
jester.RealLogger:RealLogger()V
jester.RealMutationsList:RealMutationsList(Ljava.lang.String;Ljava.io.PrintStream;)V
jester.tests.MockClassIterator:iterate(Ljester.ClassTestTester;)V
jester.TestTester:TestTester(Ljester.TestRunner;Ljester.ClassIterator;Ljester.ClassTestTester;)V
jester.tests.IgnoreListTest:ignorePair(Ljava.lang.String;Ljava.lang.String;)Ljester.IgnorePair; | RETURN | 2632 | return null
jester.tests.acceptancetests.VeryTested:mustDecrement(I)I
jester.SourceChangeException:SourceChangeException(Ljava.lang.String;)V
jester.tests.MockMutationMaker:mutate(Ljava.lang.String;Ljava.lang.String;)V
jester.RealConfiguration:sourceFileExtension()Ljava.lang.String;
jester.tests.MockClassIterator:MockClassIterator()V
jester.tests.MockClassSourceChanger:setThrowExceptionOnFirstChangeAttempt(Z)V
jester.tests.MockClassIterator:verify()V
jester.RealXMLReportWriter:RealXMLReportWriter(Ljava.io.Writer;)V | STATEMENT | 234 | stmt -> ;
jester.tests.MockMutationMaker:addExpectedMutateValues(Ljava.lang.String;Ljava.lang.String;)V
jester.tests.MockTestRunner:setTestsRunWithoutFailures(Z)V
jester.tests.MockClassSourceChanger:setOriginalContents(Ljava.lang.String;)V
jester.tests.functionaltests.VeryTested:mustReturnOne()I | CONSTANT | 141 | 1 -> 0
jester.tests.acceptancetests.VeryTested:mustNotBeEqual()Z
jester.RealConfiguration:stringProperty(Ljava.lang.String;Ljava.lang.String;)Ljava.lang.String;
jester.RealMutationsList:visit(Ljester.MutationMaker;)V | STATEMENT | 1204 | stmt -> ;
jester.RealConfiguration:closeUIOnFinish()Z
jester.RealMutationsList:visit(Ljava.io.BufferedReader;Ljester.MutationMaker;)V | ASSIGN | 649 | = null
jester.tests.MockTestRunner:testsRunWithoutFailures()Z
jester.tests.acceptancetests.VeryTested:mustReturnOne()I
jester.tests.ReportItemTest:newReportItem(Ljava.lang.String;Ljava.lang.String;Ljava.lang.String;I)Ljester.ReportItem;
jester.tests.MockTestRunner:MockTestRunner()V
jester.tests.MockMutationMaker:MockMutationMaker()V
jester.tests.MockClassSourceChanger:setOriginalContents(Ljava.lang.String;Ljester.IgnoreList;)V
jester.RealConfiguration:shouldReportEagerly()Z
jester.tests.acceptancetests.VeryTested:mustReturnTrue()Z
jester.tests.MockClassIterator:setExpectedIterate(Ljester.ClassTestTester;)V
jester.tests.acceptancetests.VeryTested:mustBeEqual()Z
jester.IgnoreList:ignorePairs()Ljava.util.List; | CONSTANT | 432 | 0 -> -1
jester.tests.ReportTest:startFile(Ljester.Report;Ljava.lang.String;Ljava.lang.String;)V

#matrix (1 line per test, in order of tests): { mut_index, ' ', mut_call_count, ' ' }
21 1 57 1 
21 1 29 1 57 1 
21 1 29 1 57 1 
21 1 29 1 57 1 
21 1 29 1 57 1 
21 1 57 1 
47 1 39 1 28 1 10 1 50 1 31 1 
39 1 28 1 27 1 3 1 47 1 50 1 10 1 34 1 11 1 55 1 36 1 
9 1 49 1 21 1 20 1 57 1 
9 1 49 1 15 1 21 1 20 1 57 1 
9 1 49 1 15 1 21 1 20 1 57 1 
9 1 40 1 2 1 52 1 21 1 20 1 57 1 
9 1 40 1 2 1 52 1 21 1 20 1 57 1 
9 1 8 1 21 1 20 1 57 1 58 1 
9 1 8 1 21 1 20 1 57 1 58 1 
9 1 8 1 21 1 20 1 57 1 58 1 
9 1 21 1 20 1 57 1 14 1 58 1 
9 1 8 1 21 1 20 1 57 1 58 1 
8 1 
9 1 8 1 21 1 20 1 57 1 58 1 
9 1 21 1 20 1 57 1 14 1 58 1 
9 1 21 1 20 1 57 1 14 1 58 1 
9 1 8 1 21 1 20 1 57 1 58 1 
9 1 8 1 21 1 20 1 57 1 58 1 
8 1 
44 1 32 1 51 1 26 1 38 1 
46 1 51 1 13 1 26 1 38 1 
46 1 51 1 13 1 26 1 38 1 
1 1 5 1 7 1 
0 1 1 1 5 1 7 1 
0 1 1 1 5 1 7 1 
0 1 1 1 5 1 7 1 
0 1 1 1 5 1 7 1 
0 1 1 1 5 1 7 1 
0 1 1 1 5 1 24 1 7 1 
0 1 1 1 5 1 24 1 7 1 
0 1 1 1 5 1 24 1 7 1 
0 1 1 1 5 1 24 1 7 1 
17 1 18 1 4 2 6 1 43 4 45 1 33 1 53 1 23 1 25 1 
9 1 21 1 20 1 57 1 37 1 
9 1 40 1 2 1 52 1 21 1 20 1 57 1 
9 1 40 1 2 1 52 1 35 1 21 1 20 1 57 1 
9 1 40 1 2 1 52 1 35 1 21 1 20 1 57 1 
9 1 40 1 2 1 52 1 21 1 20 1 57 1 
9 1 40 1 2 1 52 1 21 1 20 1 57 1 
9 1 40 1 2 1 52 1 21 1 20 1 57 1 
9 1 21 1 20 1 57 1 
9 1 21 1 20 1 57 1 
9 1 21 1 20 1 57 1 
9 1 39 1 40 1 50 1 2 1 52 1 21 1 20 1 57 1 
9 1 39 1 40 1 50 1 2 1 52 1 21 1 20 1 57 1 
9 1 40 1 50 1 2 1 52 1 21 1 20 1 57 1 
9 1 40 1 50 1 2 1 52 1 21 1 20 1 57 1 
9 1 40 1 50 1 2 1 52 1 21 1 20 1 57 1 
54 1 
19 1 
19 1 
30 1 
56 1 
22 1 
12 1 
48 1 
42 1 
41 1 16 1 
