#tests: test_name, ' ', status(PASSED | FAILED | ERROR), ' ', [exception, { trace_mut_index | '(', { alternative_trace_mut_index, ',' }, ')' }]
jester.tests.IgnoreListTest:testReadingEmptyIgnoreValues()V ERROR java.lang.StringIndexOutOfBoundsException 31 
jester.tests.IgnoreListTest:testReadingIgnoreValues()V PASSED
jester.tests.IgnoreListTest:testReadingIgnoreValuesEndOfLineSpecialCase()V PASSED
jester.tests.IgnoreListTest:testReadingMultipleIgnoreValues()V PASSED
jester.tests.IgnoreListTest:testReadingMultipleIgnoreBlankLines()V ERROR java.lang.StringIndexOutOfBoundsException 31 
jester.tests.IgnoreListTest:testReadingIncorrectFile()V PASSED
jester.tests.TestTesterTest:testTestsMustStartOffWorking()V PASSED
jester.tests.TestTesterTest:testThatTestRunByIterator()V PASSED
jester.tests.ReportItemTest:testXmlEncoding()V ERROR java.lang.StringIndexOutOfBoundsException 31 (34,65) 57 
jester.tests.ReportItemTest:testLineNumberOneLine()V ERROR java.lang.StringIndexOutOfBoundsException 31 (34,65) 57 62 
jester.tests.ReportItemTest:testLineNumberSomeLines()V ERROR java.lang.StringIndexOutOfBoundsException 31 (34,65) 57 62 
jester.tests.TwoStringSwappingCodeManglerTest:testCouldntMangle()V ERROR java.lang.StringIndexOutOfBoundsException 31 (34,65) (2,63) (2,63) 
jester.tests.TwoStringSwappingCodeManglerTest:testSimpleMangle1()V ERROR java.lang.StringIndexOutOfBoundsException 31 (34,65) (2,63) (2,63) 
jester.tests.ReportTest:testBottomScore()V ERROR java.lang.StringIndexOutOfBoundsException 31 (34,65) 36 
jester.tests.ReportTest:testCantFinishDifferentFile()V ERROR java.lang.StringIndexOutOfBoundsException 31 (34,65) 36 
jester.tests.ReportTest:testCantStartTwoFiles()V ERROR java.lang.StringIndexOutOfBoundsException 31 (34,65) 36 
jester.tests.ReportTest:testChangesToSameFileOrderedByIndex()V ERROR java.lang.StringIndexOutOfBoundsException 31 (34,65) 36 
jester.tests.ReportTest:testFileScoreSeparateFromTotalScore()V ERROR java.lang.StringIndexOutOfBoundsException 31 (34,65) 36 
jester.tests.ReportTest:testInitialScore()V ERROR java.lang.ArithmeticException 41 32 
jester.tests.ReportTest:testMediumScore()V ERROR java.lang.StringIndexOutOfBoundsException 31 (34,65) 36 
jester.tests.ReportTest:testThatChangeThatCausedTestsToFailIsNotIncluded()V ERROR java.lang.StringIndexOutOfBoundsException 31 (34,65) 36 
jester.tests.ReportTest:testThatChangeThatDidNotCauseTestsToFailIsIncluded()V ERROR java.lang.StringIndexOutOfBoundsException 31 (34,65) 36 
jester.tests.ReportTest:testTopScore()V ERROR java.lang.StringIndexOutOfBoundsException 31 (34,65) 36 
jester.tests.ReportTest:testTotalScoreForManyFiles()V ERROR java.lang.StringIndexOutOfBoundsException 31 (34,65) 36 
jester.tests.ReportTest:testFileMustBeStarted()V PASSED
jester.tests.MutationsListTest:testDefaults()V PASSED
jester.tests.MutationsListTest:testReadMutations()V FAILED junit.framework.AssertionFailedError 46 
jester.tests.MutationsListTest:testReadMutationsIgnoreBogusLinesIncludingBlankOnes()V FAILED junit.framework.AssertionFailedError 46 
jester.tests.MainArgumentsTest:testMissingArgumentsCauseExceptionToBeThrown()V ERROR java.lang.ArrayIndexOutOfBoundsException 4 
jester.tests.MainArgumentsTest:testMissingFileCauseExceptionToBeThrown()V ERROR java.lang.ArrayIndexOutOfBoundsException 4 
jester.tests.MainArgumentsTest:testMandatoryArguments()V ERROR java.lang.ArrayIndexOutOfBoundsException 4 
jester.tests.MainArgumentsTest:testThatMultipleMutationDirectoriesOrFilesAreAllowed()V ERROR java.lang.ArrayIndexOutOfBoundsException 4 
jester.tests.MainArgumentsTest:testClasspathArgument()V ERROR java.lang.ArrayIndexOutOfBoundsException 4 
jester.tests.MainArgumentsTest:testThatOneCanSpecifyOptionToNotShowProgressDialog()V ERROR java.lang.ArrayIndexOutOfBoundsException 4 
jester.tests.MainArgumentsTest:testThatClasspathArgumentCanAppearFirst()V ERROR java.lang.ArrayIndexOutOfBoundsException 4 13 
jester.tests.MainArgumentsTest:testThatClasspathArgumentCanAppearSecond()V ERROR java.lang.ArrayIndexOutOfBoundsException 4 13 
jester.tests.MainArgumentsTest:testThatClasspathArgumentCanAppearLast()V ERROR java.lang.ArrayIndexOutOfBoundsException 4 13 
jester.tests.MainArgumentsTest:testThatClasspathArgumentCanAppearInMiddleOfDirectoriesBecauseThereIsNoHarmInIt()V ERROR java.lang.ArrayIndexOutOfBoundsException 4 13 
jester.tests.ConfigurationTest:testDefaults()V ERROR junit.framework.ComparisonFailure 
jester.tests.XMLReportWriterTest:testWritingChangesAsXMLHasBothGivenAndAbsoluteFilePaths()V ERROR java.lang.StringIndexOutOfBoundsException 31 (34,65) 
jester.tests.SimpleIntCodeManglerTest:testCouldntMangle()V ERROR java.lang.StringIndexOutOfBoundsException 31 (34,65) (2,63) (2,63) 
jester.tests.SimpleIntCodeManglerTest:testContinuesIfChangeFails()V ERROR java.lang.StringIndexOutOfBoundsException 31 (34,65) (2,63) (2,63) 
jester.tests.SimpleIntCodeManglerTest:testContinuesIfChangeSucceeds()V ERROR java.lang.StringIndexOutOfBoundsException 31 (34,65) (2,63) (2,63) 
jester.tests.SimpleIntCodeManglerTest:testDoesntTryToChangeBadlyNamedMethodCalls()V ERROR java.lang.StringIndexOutOfBoundsException 31 (34,65) (2,63) (2,63) 
jester.tests.SimpleIntCodeManglerTest:testSimpleMangle()V ERROR java.lang.StringIndexOutOfBoundsException 31 (34,65) (2,63) (2,63) 
jester.tests.SimpleIntCodeManglerTest:testBug955882()V ERROR java.lang.StringIndexOutOfBoundsException 31 (34,65) (2,63) (2,63) 
jester.tests.IgnoreListDocumentTest:testTextIsIgnored()V ERROR java.lang.NullPointerException (34,65) (34,65) 
jester.tests.IgnoreListDocumentTest:testTextIsIgnoredForMultipleIgnores()V ERROR java.lang.NullPointerException (34,65) (34,65) 
jester.tests.IgnoreListDocumentTest:testCharAtReturnsSpaceInsideIgnoreRegion()V ERROR java.lang.NullPointerException (34,65) (34,65) 
jester.tests.ClassTestTesterTest:testThatChangeThatFailsTestsIsNotRecorded()V ERROR java.lang.StringIndexOutOfBoundsException 31 (34,65) (2,63) (2,63) 
jester.tests.ClassTestTesterTest:testThatChangeThatPassesTestsIsRecorded()V ERROR java.lang.StringIndexOutOfBoundsException 31 (34,65) (2,63) (2,63) 
jester.tests.ClassTestTesterTest:testThatOriginalContentsAreNotWrittenBackIfNoChanges()V ERROR java.lang.StringIndexOutOfBoundsException 31 (34,65) (2,63) (2,63) 
jester.tests.ClassTestTesterTest:testThatOriginalContentsAreWrittenBack()V ERROR java.lang.StringIndexOutOfBoundsException 31 (34,65) (2,63) (2,63) 
jester.tests.ClassTestTesterTest:testThatMutationListIsUsed()V ERROR java.lang.StringIndexOutOfBoundsException 31 (34,65) (2,63) (2,63) 
jester.tests.acceptancetests.VeryTestedTest:testBoolean()V PASSED
jester.tests.acceptancetests.VeryTestedTest:testConditionFalseBranch()V FAILED junit.framework.AssertionFailedError 
jester.tests.acceptancetests.VeryTestedTest:testConditionTrueBranch()V PASSED
jester.tests.acceptancetests.VeryTestedTest:testDecrement()V PASSED
jester.tests.acceptancetests.VeryTestedTest:testEqual()V PASSED
jester.tests.acceptancetests.VeryTestedTest:testIncrement()V PASSED
jester.tests.acceptancetests.VeryTestedTest:testInfiniteLoop()V ERROR java.lang.ArithmeticException 40 
jester.tests.acceptancetests.VeryTestedTest:testInt()V PASSED
jester.tests.acceptancetests.VeryTestedTest:testNotEqual()V PASSED
jester.tests.functionaltests.VeryTestedTest:testNumber()V PASSED

#uuts: uut_name, [ '|', mutator_class, '|', change_position_in_file_buffer, '|', change ]
jester.IgnoreList:IgnoreList(Ljava.lang.String;)V
jester.tests.MockClassIterator:MockClassIterator()V
jester.tests.MockClassSourceChanger:setOriginalContents(Ljava.lang.String;Ljester.IgnoreList;)V
jester.RealReport:RealReport(Ljester.Configuration;Ljava.io.PrintWriter;Ljester.XMLReportWriter;Ljester.ProgressReporter;)V | STATEMENT | 819 | stmt -> ;
jester.MainArguments:readArguments([Ljava.lang.String;)V | CONSTANT | 1882 | 0 -> -1
jester.RealReport:changeThatDidNotCauseTestsToFail(ILjava.lang.String;Ljava.lang.String;)V
jester.RealMutationsList:visit(Ljava.io.BufferedReader;Ljester.MutationMaker;)V | STATEMENT | 707 | stmt -> ;
jester.IgnorePair:getEnd()Ljava.lang.String;
jester.TestTester:run()V
jester.ConfigurationException:ConfigurationException(Ljava.lang.String;)V
jester.IgnorePair:equals(Ljava.lang.Object;)Z
jester.RealMutationsList:RealMutationsList(Ljava.lang.String;Ljava.io.PrintStream;)V
jester.tests.ReportTest:newRealReport(Ljava.io.PrintWriter;)Ljester.Report;
jester.tests.MainArgumentsTest:checkThatClasspathArgumentCanAppearInAnyOrder([Ljava.lang.String;)V
jester.tests.MockMutationMaker:MockMutationMaker()V
jester.tests.MockClassIterator:iterate(Ljester.ClassTestTester;)V
jester.RealXMLReportWriter:RealXMLReportWriter(Ljava.io.Writer;)V
jester.SourceChangeException:SourceChangeException(Ljava.lang.String;)V
jester.tests.functionaltests.VeryTested:mustReturnOne()I
jester.tests.MockClassTestTester:MockClassTestTester()V
jester.tests.MockMutationMaker:addExpectedMutateValues(Ljava.lang.String;Ljava.lang.String;)V
jester.tests.MockMutationMaker:mutate(Ljava.lang.String;Ljava.lang.String;)V
jester.IgnorePair:getStart()Ljava.lang.String; | RETURN | 600 | return null
jester.tests.acceptancetests.VeryTested:mustTakeCorrectBranchFor(Z)I | CONSTANT | 604 | 0 -> 1
jester.tests.MockClassIterator:setExpectedIterateCalls(I)V
jester.tests.acceptancetests.VeryTested:mustNotBeEqual()Z
jester.tests.MockTestRunner:setTestsRunWithoutFailures(Z)V
jester.MainArguments:MainArguments([Ljava.lang.String;Ljester.FileExistenceChecker;)V
jester.IgnorePair:IgnorePair(Ljava.lang.String;Ljava.lang.String;)V
jester.tests.functionaltests.VeryTested:VeryTested()V
jester.tests.acceptancetests.VeryTested:mustDecrement(I)I
jester.IgnoreList:ignorePairs()Ljava.util.List; | STATEMENT | 492 | stmt -> ;
jester.RealReport:fileScore()I
jester.RealReport:totalNumberOfChanges()I | OPERATOR | 5427 | + -> -
jester.IgnoreListDocument:calculateIgnoreRegions()V
jester.RealConfiguration:compilationCommand()Ljava.lang.String; | RETURN | 1033 | return null
jester.tests.ReportTest:startFile(Ljester.Report;Ljava.lang.String;Ljava.lang.String;)V
jester.tests.MockClassSourceChanger:setThrowExceptionOnFirstChangeAttempt(Z)V
jester.tests.acceptancetests.VeryTested:mustBeEqual()Z
jester.tests.MockClassIterator:setExpectedIterate(Ljester.ClassTestTester;)V
jester.tests.acceptancetests.VeryTested:turnIntoInfiniteLoop()V | OPERATOR | 712 | += -> /=
jester.RealReport:fileNumberOfChanges()I | OPERATOR | 3908 | + -> /
jester.IgnorePair:equals(Ljester.IgnorePair;)Z
jester.RealMutationsList:visit(Ljester.MutationMaker;)V
jester.IgnoreListDocument:IgnoreListDocument(Ljava.lang.String;Ljester.IgnoreList;)V
jester.TestTester:TestTester(Ljester.TestRunner;Ljester.ClassIterator;Ljester.ClassTestTester;)V
jester.tests.MockMutationMaker:verify()V
jester.tests.IgnoreListTest:ignorePair(Ljava.lang.String;Ljava.lang.String;)Ljester.IgnorePair;
jester.tests.TestConfiguration:TestConfiguration()V
jester.tests.acceptancetests.VeryTested:mustReturnOne()I
jester.tests.ReportTest:newRealReport()Ljester.Report;
jester.RealReport:totalScore()I
jester.tests.MockTestRunner:testsRunWithoutFailures()Z
jester.RealConfiguration:RealConfiguration(Ljava.lang.String;Ljava.io.PrintStream;)V
jester.tests.MockTestRunner:MockTestRunner()V
jester.tests.MockClassSourceChanger:MockClassSourceChanger()V
jester.RealReport:fileNumberOfChangesThatDidNotCauseTestsToFail()I
jester.tests.ReportItemTest:newReportItem(Ljava.lang.String;Ljava.lang.String;Ljava.lang.String;I)Ljester.ReportItem;
jester.RealLogger:RealLogger()V
jester.RealReport:score(II)I | OPERATOR | 5280 | / -> %
jester.tests.acceptancetests.VeryTested:mustIncrement(I)I
jester.RealReport:changeThatCausedTestsToFail(ILjava.lang.String;Ljava.lang.String;)V
jester.tests.ReportItemTest:lineNumberForCharacterIndex(Ljava.lang.String;I)I
jester.tests.MockClassSourceChanger:setOriginalContents(Ljava.lang.String;)V
jester.tests.acceptancetests.VeryTested:mustReturnTrue()Z
jester.IgnoreListDocument:calculateIgnoreRegions(Ljester.IgnorePair;)V | OPERATOR | 2016 | == -> !=
jester.tests.MockClassIterator:verify()V

#matrix (1 line per test, in order of tests): { mut_index, ' ', mut_call_count, ' ' }
0 1 31 1 
42 1 0 1 28 2 31 1 10 1 47 1 
42 1 0 1 28 2 31 1 10 1 47 1 
42 1 0 1 28 2 31 1 10 1 47 1 
0 1 28 2 31 1 47 1 
0 1 31 1 9 1 17 1 
52 1 8 1 54 1 26 1 17 1 45 1 
24 1 8 1 1 1 26 1 45 1 52 1 54 1 15 1 39 1 66 1 19 1 
0 1 31 1 44 1 34 1 57 1 
0 1 31 1 62 1 44 1 34 1 57 1 
0 1 31 1 62 1 44 1 34 1 57 1 
0 1 31 1 63 1 44 1 2 1 55 1 34 1 
0 1 31 1 63 1 44 1 2 1 55 1 34 1 
36 1 0 1 31 1 44 1 50 1 48 1 34 1 3 1 12 1 
36 1 0 1 31 1 44 1 50 1 48 1 34 1 3 1 12 1 
36 1 0 1 31 1 44 1 50 1 48 1 34 1 3 1 12 1 
36 1 0 1 31 1 44 1 48 1 34 1 3 1 12 1 
36 1 0 1 31 1 44 1 50 1 48 1 34 1 3 1 12 1 
41 1 59 1 33 1 32 1 50 1 3 1 51 1 12 1 48 1 56 1 
36 1 0 1 31 1 44 1 50 1 48 1 34 1 3 1 12 1 
36 1 0 1 31 1 44 1 48 1 34 1 3 1 12 1 
36 1 0 1 31 1 44 1 48 1 34 1 3 1 12 1 
36 1 0 1 31 1 44 1 50 1 48 1 34 1 3 1 12 1 
36 1 0 1 31 1 44 1 50 1 48 1 34 1 3 1 12 1 
5 1 61 1 50 1 48 1 17 2 3 1 12 1 
43 1 20 1 21 1 11 1 46 1 14 1 
20 1 11 1 46 1 14 1 6 1 
20 1 11 1 46 1 14 1 6 1 
4 1 27 1 
4 1 27 1 
4 1 27 1 
4 1 27 1 
4 1 27 1 
4 1 27 1 
4 1 27 1 13 1 
4 1 27 1 13 1 
4 1 27 1 13 1 
4 1 27 1 13 1 
58 1 53 1 35 1 
0 1 31 1 44 1 16 1 34 1 
0 1 31 1 63 1 44 1 2 1 55 1 34 1 
0 1 31 1 63 1 37 1 44 1 2 1 55 1 34 1 
0 1 31 1 63 1 37 1 44 1 2 1 55 1 34 1 
0 1 31 1 63 1 44 1 2 1 55 1 34 1 
0 1 31 1 63 1 44 1 2 1 55 1 34 1 
0 1 31 1 63 1 44 1 2 1 55 1 34 1 
28 1 0 1 31 1 65 1 44 1 7 1 34 1 22 1 
28 1 0 1 31 1 65 1 44 1 7 1 34 1 22 1 
28 1 0 1 31 1 65 1 44 1 7 1 34 1 22 1 
0 1 31 1 54 1 63 1 44 1 2 1 55 1 26 1 34 1 
0 1 31 1 54 1 63 1 44 1 2 1 55 1 26 1 34 1 
0 1 31 1 54 1 63 1 44 1 2 1 55 1 34 1 
0 1 31 1 54 1 63 1 44 1 2 1 55 1 34 1 
0 1 31 1 54 1 63 1 44 1 2 1 55 1 34 1 
64 1 
23 1 
23 1 
30 1 
38 1 
60 1 
40 1 
49 1 
25 1 
29 1 18 1 
