#tests: test_name, ' ', status(PASSED | FAILED | ERROR), ' ', [exception, { trace_mut_index | '(', { alternative_trace_mut_index, ',' }, ')' }]
jester.tests.IgnoreListTest:testReadingEmptyIgnoreValues()V ERROR java.lang.StringIndexOutOfBoundsException 68 
jester.tests.IgnoreListTest:testReadingIgnoreValues()V FAILED junit.framework.AssertionFailedError 
jester.tests.IgnoreListTest:testReadingIgnoreValuesEndOfLineSpecialCase()V FAILED junit.framework.AssertionFailedError 
jester.tests.IgnoreListTest:testReadingMultipleIgnoreValues()V FAILED junit.framework.AssertionFailedError 
jester.tests.IgnoreListTest:testReadingMultipleIgnoreBlankLines()V ERROR java.lang.StringIndexOutOfBoundsException 68 
jester.tests.IgnoreListTest:testReadingIncorrectFile()V PASSED
jester.tests.TestTesterTest:testTestsMustStartOffWorking()V PASSED
jester.tests.TestTesterTest:testThatTestRunByIterator()V FAILED junit.framework.AssertionFailedError 61 
jester.tests.ReportItemTest:testXmlEncoding()V ERROR java.lang.StringIndexOutOfBoundsException 68 17 29 
jester.tests.ReportItemTest:testLineNumberOneLine()V ERROR java.lang.StringIndexOutOfBoundsException 68 17 29 7 
jester.tests.ReportItemTest:testLineNumberSomeLines()V ERROR java.lang.StringIndexOutOfBoundsException 68 17 29 7 
jester.tests.TwoStringSwappingCodeManglerTest:testCouldntMangle()V ERROR java.lang.StringIndexOutOfBoundsException 68 17 (36,46) (36,46) 
jester.tests.TwoStringSwappingCodeManglerTest:testSimpleMangle1()V ERROR java.lang.StringIndexOutOfBoundsException 68 17 (36,46) (36,46) 
jester.tests.ReportTest:testBottomScore()V ERROR jester.SourceChangeException 20 
jester.tests.ReportTest:testCantFinishDifferentFile()V ERROR java.lang.NullPointerException 26 
jester.tests.ReportTest:testCantStartTwoFiles()V FAILED junit.framework.AssertionFailedError 
jester.tests.ReportTest:testChangesToSameFileOrderedByIndex()V ERROR jester.SourceChangeException 20 
jester.tests.ReportTest:testFileScoreSeparateFromTotalScore()V ERROR java.lang.NullPointerException 28 19 11 
jester.tests.ReportTest:testInitialScore()V PASSED
jester.tests.ReportTest:testMediumScore()V ERROR java.lang.NullPointerException 28 19 11 
jester.tests.ReportTest:testThatChangeThatCausedTestsToFailIsNotIncluded()V ERROR java.lang.NullPointerException 28 19 11 
jester.tests.ReportTest:testThatChangeThatDidNotCauseTestsToFailIsIncluded()V ERROR jester.SourceChangeException 20 
jester.tests.ReportTest:testTopScore()V ERROR java.lang.NullPointerException 28 19 11 
jester.tests.ReportTest:testTotalScoreForManyFiles()V ERROR java.lang.NullPointerException 28 19 11 
jester.tests.ReportTest:testFileMustBeStarted()V ERROR java.lang.NullPointerException 28 19 11 
jester.tests.MutationsListTest:testDefaults()V FAILED junit.framework.AssertionFailedError 40 (43,63) 
jester.tests.MutationsListTest:testReadMutations()V FAILED junit.framework.AssertionFailedError 65 
jester.tests.MutationsListTest:testReadMutationsIgnoreBogusLinesIncludingBlankOnes()V FAILED junit.framework.AssertionFailedError 65 
jester.tests.MainArgumentsTest:testMissingArgumentsCauseExceptionToBeThrown()V PASSED
jester.tests.MainArgumentsTest:testMissingFileCauseExceptionToBeThrown()V PASSED
jester.tests.MainArgumentsTest:testMandatoryArguments()V ERROR jester.JesterArgumentException 48 59 
jester.tests.MainArgumentsTest:testThatMultipleMutationDirectoriesOrFilesAreAllowed()V ERROR jester.JesterArgumentException 48 59 
jester.tests.MainArgumentsTest:testClasspathArgument()V ERROR jester.JesterArgumentException 48 59 
jester.tests.MainArgumentsTest:testThatOneCanSpecifyOptionToNotShowProgressDialog()V ERROR jester.JesterArgumentException 48 59 
jester.tests.MainArgumentsTest:testThatClasspathArgumentCanAppearFirst()V ERROR jester.JesterArgumentException 48 59 18 
jester.tests.MainArgumentsTest:testThatClasspathArgumentCanAppearSecond()V ERROR jester.JesterArgumentException 48 59 18 
jester.tests.MainArgumentsTest:testThatClasspathArgumentCanAppearLast()V ERROR jester.JesterArgumentException 48 59 18 
jester.tests.MainArgumentsTest:testThatClasspathArgumentCanAppearInMiddleOfDirectoriesBecauseThereIsNoHarmInIt()V ERROR jester.JesterArgumentException 48 59 18 
jester.tests.ConfigurationTest:testDefaults()V ERROR java.lang.NullPointerException 
jester.tests.XMLReportWriterTest:testWritingChangesAsXMLHasBothGivenAndAbsoluteFilePaths()V ERROR java.lang.StringIndexOutOfBoundsException 68 17 
jester.tests.SimpleIntCodeManglerTest:testCouldntMangle()V ERROR java.lang.StringIndexOutOfBoundsException 68 17 (36,46) (36,46) 
jester.tests.SimpleIntCodeManglerTest:testContinuesIfChangeFails()V ERROR java.lang.StringIndexOutOfBoundsException 68 17 (36,46) (36,46) 
jester.tests.SimpleIntCodeManglerTest:testContinuesIfChangeSucceeds()V ERROR java.lang.StringIndexOutOfBoundsException 68 17 (36,46) (36,46) 
jester.tests.SimpleIntCodeManglerTest:testDoesntTryToChangeBadlyNamedMethodCalls()V ERROR java.lang.StringIndexOutOfBoundsException 68 17 (36,46) (36,46) 
jester.tests.SimpleIntCodeManglerTest:testSimpleMangle()V ERROR java.lang.StringIndexOutOfBoundsException 68 17 (36,46) (36,46) 
jester.tests.SimpleIntCodeManglerTest:testBug955882()V ERROR java.lang.StringIndexOutOfBoundsException 68 17 (36,46) (36,46) 
jester.tests.IgnoreListDocumentTest:testTextIsIgnored()V FAILED junit.framework.AssertionFailedError 
jester.tests.IgnoreListDocumentTest:testTextIsIgnoredForMultipleIgnores()V FAILED junit.framework.AssertionFailedError 
jester.tests.IgnoreListDocumentTest:testCharAtReturnsSpaceInsideIgnoreRegion()V FAILED junit.framework.AssertionFailedError 
jester.tests.ClassTestTesterTest:testThatChangeThatFailsTestsIsNotRecorded()V ERROR java.lang.StringIndexOutOfBoundsException 68 17 (36,46) (36,46) 
jester.tests.ClassTestTesterTest:testThatChangeThatPassesTestsIsRecorded()V ERROR java.lang.StringIndexOutOfBoundsException 68 17 (36,46) (36,46) 
jester.tests.ClassTestTesterTest:testThatOriginalContentsAreNotWrittenBackIfNoChanges()V ERROR java.lang.StringIndexOutOfBoundsException 68 17 (36,46) (36,46) 
jester.tests.ClassTestTesterTest:testThatOriginalContentsAreWrittenBack()V ERROR java.lang.StringIndexOutOfBoundsException 68 17 (36,46) (36,46) 
jester.tests.ClassTestTesterTest:testThatMutationListIsUsed()V ERROR java.lang.StringIndexOutOfBoundsException 68 17 (36,46) (36,46) 
jester.tests.acceptancetests.VeryTestedTest:testBoolean()V PASSED
jester.tests.acceptancetests.VeryTestedTest:testConditionFalseBranch()V FAILED junit.framework.AssertionFailedError 
jester.tests.acceptancetests.VeryTestedTest:testConditionTrueBranch()V PASSED
jester.tests.acceptancetests.VeryTestedTest:testDecrement()V PASSED
jester.tests.acceptancetests.VeryTestedTest:testEqual()V PASSED
jester.tests.acceptancetests.VeryTestedTest:testIncrement()V PASSED
jester.tests.acceptancetests.VeryTestedTest:testInfiniteLoop()V PASSED
jester.tests.acceptancetests.VeryTestedTest:testInt()V PASSED
jester.tests.acceptancetests.VeryTestedTest:testNotEqual()V PASSED
jester.tests.functionaltests.VeryTestedTest:testNumber()V FAILED junit.framework.AssertionFailedError 

#uuts: uut_name, [ '|', mutator_class, '|', change_position_in_file_buffer, '|', change ]
jester.tests.acceptancetests.VeryTested:mustDecrement(I)I
jester.tests.acceptancetests.VeryTested:mustBeEqual()Z
jester.IgnorePair:IgnorePair(Ljava.lang.String;Ljava.lang.String;)V
jester.TestTester:run()V | STATEMENT | 5225 | stmt -> ;
jester.tests.MockMutationMaker:MockMutationMaker()V
jester.tests.MockMutationMaker:addExpectedMutateValues(Ljava.lang.String;Ljava.lang.String;)V
jester.tests.acceptancetests.VeryTested:mustIncrement(I)I
jester.tests.ReportItemTest:lineNumberForCharacterIndex(Ljava.lang.String;I)I
jester.JesterArgumentException:JesterArgumentException(Ljava.lang.String;)V
jester.RealReport:totalNumberOfChanges()I
jester.IgnoreListDocument:indexOf(Ljava.lang.String;I)I
jester.RealReport:changeThatCausedTestsToFail(ILjava.lang.String;Ljava.lang.String;)V | OPERATOR | 2465 | == -> !=
jester.tests.MockClassIterator:MockClassIterator()V
jester.RealLogger:RealLogger()V
jester.RealReport:greenBar()V
jester.tests.ReportTest:newRealReport()Ljester.Report;
jester.RealReport:score(II)I | CONSTANT | 5325 | 100 -> 101
jester.IgnoreListDocument:calculateIgnoreRegions()V
jester.tests.MainArgumentsTest:checkThatClasspathArgumentCanAppearInAnyOrder([Ljava.lang.String;)V
jester.ReportItem:toString()Ljava.lang.String; | OPERATOR | 916 | - -> *
jester.RealReport:changeThatDidNotCauseTestsToFail(ILjava.lang.String;Ljava.lang.String;)V
jester.tests.MockProgressReporter:setColor(Ljava.awt.Color;)V
jester.IgnoreListDocument:isInIgnoreRegion(I)Z
jester.RealConfiguration:RealConfiguration(Ljava.lang.String;Ljava.io.PrintStream;)V | CONDITION | 643 | if (x) -> if (!x)
jester.TestTester:TestTester(Ljester.TestRunner;Ljester.ClassIterator;Ljester.ClassTestTester;)V
jester.tests.ReportTest:newRealReport(Ljava.io.PrintWriter;)Ljester.Report;
jester.RealReport:finishFile(Ljava.lang.String;)V
jester.ReportItem:ReportItem(Ljava.lang.String;Ljester.IgnoreListDocument;ILjava.lang.String;Ljava.lang.String;)V | STATEMENT | 425 | stmt -> ;
jester.ReportItem:lineNumber()I | OPERATOR | 1939 | ++ -> --
jester.tests.ReportItemTest:newReportItem(Ljava.lang.String;Ljava.lang.String;Ljava.lang.String;I)Ljester.ReportItem;
jester.IgnoreListDocument:charAt(I)C
jester.IgnorePair:toString()Ljava.lang.String;
jester.tests.MockClassIterator:setExpectedIterate(Ljester.ClassTestTester;)V
jester.tests.acceptancetests.VeryTested:mustReturnTrue()Z
jester.tests.acceptancetests.VeryTested:mustNotBeEqual()Z
jester.MainArguments:MainArguments([Ljava.lang.String;Ljester.FileExistenceChecker;)V
jester.tests.MockClassSourceChanger:setOriginalContents(Ljava.lang.String;Ljester.IgnoreList;)V
jester.tests.MockTestRunner:testsRunWithoutFailures()Z
jester.tests.acceptancetests.VeryTested:mustReturnOne()I
jester.tests.MockClassTestTester:MockClassTestTester()V
jester.tests.MockMutationMaker:mutate(Ljava.lang.String;Ljava.lang.String;)V
jester.tests.TestConfiguration:TestConfiguration()V
jester.RealXMLReportWriter:RealXMLReportWriter(Ljava.io.Writer;)V
jester.RealMutationsList:visit(Ljester.MutationMaker;)V | STATEMENT | 1204 | stmt -> ;
jester.tests.ReportTest:startFile(Ljester.Report;Ljava.lang.String;Ljava.lang.String;)V | STATEMENT | 949 | stmt -> ;
jester.tests.acceptancetests.VeryTested:turnIntoInfiniteLoop()V
jester.tests.MockClassSourceChanger:setOriginalContents(Ljava.lang.String;)V
jester.RealMutationsList:RealMutationsList(Ljava.lang.String;Ljava.io.PrintStream;)V
jester.MainArguments:setTestClassFromArguments(Ljava.util.List;)V
jester.RealReport:fileNumberOfChangesThatDidNotCauseTestsToFail()I
jester.RealReport:RealReport(Ljester.Configuration;Ljava.io.PrintWriter;Ljester.XMLReportWriter;Ljester.ProgressReporter;)V | STATEMENT | 883 | stmt -> ;
jester.tests.MockClassSourceChanger:MockClassSourceChanger()V
jester.tests.IgnoreListTest:ignorePair(Ljava.lang.String;Ljava.lang.String;)Ljester.IgnorePair;
jester.IgnoreList:IgnoreList(Ljava.lang.String;)V
jester.tests.MockClassSourceChanger:setThrowExceptionOnFirstChangeAttempt(Z)V
jester.tests.MockClassIterator:setExpectedIterateCalls(I)V
jester.RealReport:fileNumberOfChanges()I
jester.RealReport:totalScore()I
jester.RealReport:fileScore()I
jester.MainArguments:readArguments([Ljava.lang.String;)V | STATEMENT | 1918 | stmt -> ;
jester.tests.functionaltests.VeryTested:mustReturnOne()I | CONSTANT | 141 | 1 -> 0
jester.tests.MockClassIterator:verify()V
jester.IgnoreListDocument:IgnoreListDocument(Ljava.lang.String;Ljester.IgnoreList;)V
jester.RealMutationsList:visit(Ljava.io.BufferedReader;Ljester.MutationMaker;)V | STATEMENT | 707 | stmt -> ;
jester.tests.functionaltests.VeryTested:VeryTested()V
jester.tests.MockMutationMaker:verify()V
jester.tests.MockTestRunner:MockTestRunner()V
jester.tests.acceptancetests.VeryTested:mustTakeCorrectBranchFor(Z)I | CONSTANT | 604 | 0 -> 1
jester.IgnoreList:ignorePairs()Ljava.util.List; | OPERATOR | 496 | == -> !=
jester.tests.MockTestRunner:setTestsRunWithoutFailures(Z)V
jester.SourceChangeException:SourceChangeException(Ljava.lang.String;)V

#matrix (1 line per test, in order of tests): { mut_index, ' ', mut_call_count, ' ' }
68 1 53 1 
68 1 2 1 53 1 52 1 31 1 
68 1 2 1 53 1 52 1 31 1 
68 1 2 1 53 1 52 1 31 1 
68 1 2 1 53 1 52 1 
68 1 53 1 
37 1 3 1 24 1 69 1 70 1 66 1 
32 1 3 1 66 1 61 1 37 1 39 1 69 1 24 1 55 1 12 1 
62 1 68 1 17 1 53 1 29 1 
62 1 68 1 17 1 53 1 7 1 29 1 
62 1 68 1 17 1 53 1 7 1 29 1 
62 1 51 1 68 1 36 1 46 1 17 1 53 1 
62 1 51 1 68 1 36 1 46 1 17 1 53 1 
20 1 15 1 25 1 70 1 50 1 44 1 41 1 
15 1 25 1 26 1 50 1 44 1 41 1 
15 1 25 1 50 1 44 1 41 1 
20 1 25 1 70 1 50 1 44 1 41 1 
19 1 11 1 21 1 14 1 15 1 25 1 28 1 27 1 50 1 44 1 41 1 
58 1 15 1 49 2 16 2 9 1 50 1 44 1 25 1 56 1 57 1 41 1 
19 1 11 1 21 1 14 1 15 1 25 1 28 1 27 1 50 1 44 1 41 1 
19 1 11 1 21 1 14 1 25 1 28 1 27 1 50 1 44 1 41 1 
20 1 25 1 70 1 50 1 44 1 41 1 
19 1 11 1 21 1 14 1 15 1 25 1 28 1 27 1 50 1 44 1 41 1 
19 1 11 1 21 1 14 1 15 1 25 1 28 1 27 1 50 1 44 1 41 1 
19 1 11 1 21 1 14 1 15 1 25 1 28 1 27 1 50 1 41 1 
47 1 4 1 5 1 43 1 40 1 
47 1 4 1 5 1 63 1 65 1 
47 1 4 1 5 1 63 1 65 1 
8 1 48 1 59 1 35 1 
8 1 48 1 59 1 35 1 
8 1 48 1 59 1 35 1 
8 1 48 1 59 1 35 1 
8 1 48 1 59 1 35 1 
8 1 48 1 59 1 35 1 
8 1 48 1 59 1 18 1 35 1 
8 1 48 1 59 1 18 1 35 1 
8 1 48 1 59 1 18 1 35 1 
8 1 48 1 59 1 18 1 35 1 
23 1 13 1 
62 1 68 1 42 1 17 1 53 1 
62 1 51 1 68 1 36 1 46 1 17 1 53 1 
62 1 51 1 68 1 36 1 46 1 17 1 53 1 54 1 
62 1 51 1 68 1 36 1 46 1 17 1 53 1 54 1 
62 1 51 1 68 1 36 1 46 1 17 1 53 1 
62 1 51 1 68 1 36 1 46 1 17 1 53 1 
62 1 51 1 68 1 36 1 46 1 17 1 53 1 
10 1 22 1 62 1 68 1 53 1 17 1 
62 1 68 1 17 1 53 1 10 1 22 1 
22 1 62 1 68 1 53 1 17 1 30 1 
62 1 51 1 68 1 36 1 46 1 17 1 53 1 69 1 66 1 
62 1 51 1 68 1 36 1 46 1 17 1 53 1 69 1 66 1 
62 1 51 1 68 1 36 1 46 1 17 1 53 1 66 1 
62 1 51 1 68 1 36 1 46 1 17 1 53 1 66 1 
62 1 51 1 68 1 36 1 46 1 17 1 53 1 66 1 
33 1 
67 1 
67 1 
0 1 
1 1 
6 1 
45 1 
38 1 
34 1 
64 1 60 1 
