#tests: test_name, ' ', status(PASSED | FAILED | ERROR), ' ', [exception, { trace_mut_index | '(', { alternative_trace_mut_index, ',' }, ')' }]
jester.tests.IgnoreListTest:testReadingEmptyIgnoreValues()V ERROR java.lang.StringIndexOutOfBoundsException 50 
jester.tests.IgnoreListTest:testReadingIgnoreValues()V FAILED junit.framework.AssertionFailedError 
jester.tests.IgnoreListTest:testReadingIgnoreValuesEndOfLineSpecialCase()V FAILED junit.framework.AssertionFailedError 
jester.tests.IgnoreListTest:testReadingMultipleIgnoreValues()V FAILED junit.framework.AssertionFailedError 
jester.tests.IgnoreListTest:testReadingMultipleIgnoreBlankLines()V ERROR java.lang.StringIndexOutOfBoundsException 50 
jester.tests.IgnoreListTest:testReadingIncorrectFile()V PASSED
jester.tests.TestTesterTest:testTestsMustStartOffWorking()V PASSED
jester.tests.TestTesterTest:testThatTestRunByIterator()V PASSED
jester.tests.ReportItemTest:testXmlEncoding()V ERROR java.lang.StringIndexOutOfBoundsException 50 12 29 
jester.tests.ReportItemTest:testLineNumberOneLine()V ERROR java.lang.StringIndexOutOfBoundsException 50 12 29 43 
jester.tests.ReportItemTest:testLineNumberSomeLines()V ERROR java.lang.StringIndexOutOfBoundsException 50 12 29 43 
jester.tests.TwoStringSwappingCodeManglerTest:testCouldntMangle()V ERROR java.lang.StringIndexOutOfBoundsException 50 12 (40,45) (40,45) 
jester.tests.TwoStringSwappingCodeManglerTest:testSimpleMangle1()V ERROR java.lang.StringIndexOutOfBoundsException 50 12 (40,45) (40,45) 
jester.tests.ReportTest:testBottomScore()V ERROR java.lang.NullPointerException 
jester.tests.ReportTest:testCantFinishDifferentFile()V ERROR java.lang.NullPointerException 
jester.tests.ReportTest:testCantStartTwoFiles()V FAILED junit.framework.AssertionFailedError 
jester.tests.ReportTest:testChangesToSameFileOrderedByIndex()V ERROR jester.SourceChangeException 55 
jester.tests.ReportTest:testFileScoreSeparateFromTotalScore()V ERROR java.lang.NullPointerException 
jester.tests.ReportTest:testInitialScore()V ERROR java.lang.NullPointerException 
jester.tests.ReportTest:testMediumScore()V ERROR java.lang.NullPointerException 
jester.tests.ReportTest:testThatChangeThatCausedTestsToFailIsNotIncluded()V ERROR jester.SourceChangeException 59 
jester.tests.ReportTest:testThatChangeThatDidNotCauseTestsToFailIsIncluded()V ERROR jester.SourceChangeException 55 
jester.tests.ReportTest:testTopScore()V ERROR java.lang.NullPointerException 
jester.tests.ReportTest:testTotalScoreForManyFiles()V ERROR java.lang.NullPointerException 
jester.tests.ReportTest:testFileMustBeStarted()V ERROR java.lang.NullPointerException 
jester.tests.MutationsListTest:testDefaults()V PASSED
jester.tests.MutationsListTest:testReadMutations()V FAILED junit.framework.AssertionFailedError 53 
jester.tests.MutationsListTest:testReadMutationsIgnoreBogusLinesIncludingBlankOnes()V ERROR java.lang.StringIndexOutOfBoundsException 52 (23,47) 
jester.tests.MainArgumentsTest:testMissingArgumentsCauseExceptionToBeThrown()V PASSED
jester.tests.MainArgumentsTest:testMissingFileCauseExceptionToBeThrown()V PASSED
jester.tests.MainArgumentsTest:testMandatoryArguments()V PASSED
jester.tests.MainArgumentsTest:testThatMultipleMutationDirectoriesOrFilesAreAllowed()V ERROR jester.JesterArgumentException 54 64 
jester.tests.MainArgumentsTest:testClasspathArgument()V ERROR junit.framework.ComparisonFailure 
jester.tests.MainArgumentsTest:testThatOneCanSpecifyOptionToNotShowProgressDialog()V PASSED
jester.tests.MainArgumentsTest:testThatClasspathArgumentCanAppearFirst()V ERROR jester.JesterArgumentException 54 64 16 
jester.tests.MainArgumentsTest:testThatClasspathArgumentCanAppearSecond()V ERROR jester.JesterArgumentException 54 64 16 
jester.tests.MainArgumentsTest:testThatClasspathArgumentCanAppearLast()V ERROR jester.JesterArgumentException 54 64 16 
jester.tests.MainArgumentsTest:testThatClasspathArgumentCanAppearInMiddleOfDirectoriesBecauseThereIsNoHarmInIt()V ERROR jester.JesterArgumentException 54 64 16 
jester.tests.ConfigurationTest:testDefaults()V ERROR junit.framework.ComparisonFailure 
jester.tests.XMLReportWriterTest:testWritingChangesAsXMLHasBothGivenAndAbsoluteFilePaths()V ERROR java.lang.StringIndexOutOfBoundsException 50 12 
jester.tests.SimpleIntCodeManglerTest:testCouldntMangle()V ERROR java.lang.StringIndexOutOfBoundsException 50 12 (40,45) (40,45) 
jester.tests.SimpleIntCodeManglerTest:testContinuesIfChangeFails()V ERROR java.lang.StringIndexOutOfBoundsException 50 12 (40,45) (40,45) 
jester.tests.SimpleIntCodeManglerTest:testContinuesIfChangeSucceeds()V ERROR java.lang.StringIndexOutOfBoundsException 50 12 (40,45) (40,45) 
jester.tests.SimpleIntCodeManglerTest:testDoesntTryToChangeBadlyNamedMethodCalls()V ERROR java.lang.StringIndexOutOfBoundsException 50 12 (40,45) (40,45) 
jester.tests.SimpleIntCodeManglerTest:testSimpleMangle()V ERROR java.lang.StringIndexOutOfBoundsException 50 12 (40,45) (40,45) 
jester.tests.SimpleIntCodeManglerTest:testBug955882()V ERROR java.lang.StringIndexOutOfBoundsException 50 12 (40,45) (40,45) 
jester.tests.IgnoreListDocumentTest:testTextIsIgnored()V FAILED junit.framework.AssertionFailedError 
jester.tests.IgnoreListDocumentTest:testTextIsIgnoredForMultipleIgnores()V FAILED junit.framework.AssertionFailedError 
jester.tests.IgnoreListDocumentTest:testCharAtReturnsSpaceInsideIgnoreRegion()V FAILED junit.framework.AssertionFailedError 
jester.tests.ClassTestTesterTest:testThatChangeThatFailsTestsIsNotRecorded()V ERROR java.lang.StringIndexOutOfBoundsException 50 12 (40,45) (40,45) 
jester.tests.ClassTestTesterTest:testThatChangeThatPassesTestsIsRecorded()V ERROR java.lang.StringIndexOutOfBoundsException 50 12 (40,45) (40,45) 
jester.tests.ClassTestTesterTest:testThatOriginalContentsAreNotWrittenBackIfNoChanges()V ERROR java.lang.StringIndexOutOfBoundsException 50 12 (40,45) (40,45) 
jester.tests.ClassTestTesterTest:testThatOriginalContentsAreWrittenBack()V ERROR java.lang.StringIndexOutOfBoundsException 50 12 (40,45) (40,45) 
jester.tests.ClassTestTesterTest:testThatMutationListIsUsed()V ERROR java.lang.StringIndexOutOfBoundsException 50 12 (40,45) (40,45) 
jester.tests.acceptancetests.VeryTestedTest:testBoolean()V PASSED
jester.tests.acceptancetests.VeryTestedTest:testConditionFalseBranch()V PASSED
jester.tests.acceptancetests.VeryTestedTest:testConditionTrueBranch()V FAILED junit.framework.AssertionFailedError 
jester.tests.acceptancetests.VeryTestedTest:testDecrement()V PASSED
jester.tests.acceptancetests.VeryTestedTest:testEqual()V PASSED
jester.tests.acceptancetests.VeryTestedTest:testIncrement()V PASSED
jester.tests.acceptancetests.VeryTestedTest:testInfiniteLoop()V PASSED
jester.tests.acceptancetests.VeryTestedTest:testInt()V PASSED
jester.tests.acceptancetests.VeryTestedTest:testNotEqual()V PASSED
jester.tests.functionaltests.VeryTestedTest:testNumber()V PASSED

#uuts: uut_name, [ '|', mutator_class, '|', change_position_in_file_buffer, '|', change ]
jester.IgnoreListDocument:indexOf(Ljava.lang.String;I)I
jester.tests.MockTestRunner:setTestsRunWithoutFailures(Z)V
jester.MainArguments:setOptionalShouldShowProgressDialogFromArguments(Ljava.util.List;)V
jester.tests.MockClassIterator:iterate(Ljester.ClassTestTester;)V
jester.tests.functionaltests.VeryTested:mustReturnOne()I
jester.IgnoreListDocument:charAt(I)C
jester.tests.MainArgumentsTest.1:exists(Ljava.lang.String;)Z
jester.IgnoreListDocument:isInIgnoreRegion(I)Z
jester.tests.MockMutationMaker:MockMutationMaker()V
jester.tests.MockClassSourceChanger:setThrowExceptionOnFirstChangeAttempt(Z)V
jester.TestTester:run()V
jester.tests.MockMutationMaker:mutate(Ljava.lang.String;Ljava.lang.String;)V
jester.IgnoreListDocument:calculateIgnoreRegions()V | ASSIGN | 1677 | = null
jester.tests.ReportTest:startFile(Ljester.Report;Ljava.lang.String;Ljava.lang.String;)V | STATEMENT | 949 | stmt -> ;
jester.tests.TestConfiguration:TestConfiguration()V
jester.tests.MockMutationMaker:addExpectedMutateValues(Ljava.lang.String;Ljava.lang.String;)V
jester.tests.MainArgumentsTest:checkThatClasspathArgumentCanAppearInAnyOrder([Ljava.lang.String;)V
jester.IgnorePair:toString()Ljava.lang.String;
jester.tests.MainArgumentsTest.2:exists(Ljava.lang.String;)Z
jester.IgnoreList:IgnoreList(Ljava.lang.String;)V
jester.tests.MainArgumentsTest:assertEquals([Ljava.lang.String;[Ljava.lang.String;)V
jester.JesterArgumentException:JesterArgumentException(Ljava.lang.String;)V
jester.TestTester:TestTester(Ljester.TestRunner;Ljester.ClassIterator;Ljester.ClassTestTester;)V
jester.RealMutationsList:visit(Ljester.MutationMaker;)V
jester.RealXMLReportWriter:RealXMLReportWriter(Ljava.io.Writer;)V
jester.IgnoreListDocument:IgnoreListDocument(Ljava.lang.String;Ljester.IgnoreList;)V
jester.RealReport:RealReport(Ljester.Configuration;Ljava.io.PrintWriter;Ljester.XMLReportWriter;Ljester.ProgressReporter;)V
jester.tests.functionaltests.VeryTested:VeryTested()V
jester.tests.acceptancetests.VeryTested:mustReturnTrue()Z
jester.tests.ReportItemTest:newReportItem(Ljava.lang.String;Ljava.lang.String;Ljava.lang.String;I)Ljester.ReportItem;
jester.RealConfiguration:stringProperty(Ljava.lang.String;Ljava.lang.String;)Ljava.lang.String; | CONDITION | 1755 | if (x) -> if (!x)
jester.tests.acceptancetests.VeryTested:mustIncrement(I)I
jester.MainArguments:MainArguments([Ljava.lang.String;Ljester.FileExistenceChecker;)V
jester.tests.MockClassSourceChanger:MockClassSourceChanger()V
jester.RealConfiguration:compilationCommand()Ljava.lang.String;
jester.tests.MockClassIterator:MockClassIterator()V
jester.tests.MockClassTestTester:MockClassTestTester()V
jester.tests.acceptancetests.VeryTested:mustReturnOne()I
jester.tests.acceptancetests.VeryTested:turnIntoInfiniteLoop()V
jester.RealConfiguration:RealConfiguration(Ljava.lang.String;Ljava.io.PrintStream;)V
jester.tests.MockClassSourceChanger:setOriginalContents(Ljava.lang.String;Ljester.IgnoreList;)V
jester.MainArguments:getTestClassName()Ljava.lang.String;
jester.RealMutationsList:RealMutationsList(Ljava.lang.String;Ljava.io.PrintStream;)V
jester.tests.ReportItemTest:lineNumberForCharacterIndex(Ljava.lang.String;I)I
jester.MainArguments:getDirectoryOrFileNames()[Ljava.lang.String;
jester.tests.MockClassSourceChanger:setOriginalContents(Ljava.lang.String;)V
jester.tests.MockClassIterator:setExpectedIterate(Ljester.ClassTestTester;)V
jester.RealMutationsList:visit(Ljava.io.BufferedReader;Ljester.MutationMaker;)V
jester.tests.ReportTest:newRealReport()Ljester.Report; | RETURN | 579 | return null
jester.tests.acceptancetests.VeryTested:mustDecrement(I)I
jester.IgnoreList:ignorePairs()Ljava.util.List; | OPERATOR | 496 | == -> !=
jester.tests.IgnoreListTest:ignorePair(Ljava.lang.String;Ljava.lang.String;)Ljester.IgnorePair;
jester.RealMutationsList:visitLine(Ljava.lang.String;Ljester.MutationMaker;)V | CONDITION | 1856 | if (x) -> if (!x)
jester.tests.MockMutationMaker:verify()V
jester.MainArguments:setDirectoriesOrFilesToMutateFromArguments(Ljava.util.List;)V | OPERATOR | 3338 | < -> !=
jester.RealReport:changeThatDidNotCauseTestsToFail(ILjava.lang.String;Ljava.lang.String;)V | ASSIGN | 3291 | = null
jester.RealLogger:RealLogger()V
jester.tests.acceptancetests.VeryTested:mustBeEqual()Z
jester.tests.acceptancetests.VeryTested:mustNotBeEqual()Z
jester.RealReport:changeThatCausedTestsToFail(ILjava.lang.String;Ljava.lang.String;)V
jester.tests.acceptancetests.VeryTested:mustTakeCorrectBranchFor(Z)I | CONSTANT | 578 | 1 -> 0
jester.tests.MockClassIterator:verify()V
jester.tests.MockTestRunner:testsRunWithoutFailures()Z
jester.SourceChangeException:SourceChangeException(Ljava.lang.String;)V
jester.MainArguments:readArguments([Ljava.lang.String;)V | STATEMENT | 2177 | stmt -> ;
jester.MainArguments:checkDirectoriesOrFilesToMutateExist()V
jester.MainArguments:shouldShowProgressDialog()Z
jester.IgnorePair:IgnorePair(Ljava.lang.String;Ljava.lang.String;)V
jester.tests.MockTestRunner:MockTestRunner()V
jester.tests.ReportTest:newRealReport(Ljava.io.PrintWriter;)Ljester.Report;
jester.MainArguments:setTestClassFromArguments(Ljava.util.List;)V
jester.tests.MockClassIterator:setExpectedIterateCalls(I)V

#matrix (1 line per test, in order of tests): { mut_index, ' ', mut_call_count, ' ' }
50 1 19 1 
50 1 51 1 17 1 19 1 67 1 
50 1 51 1 17 1 19 1 67 1 
50 1 51 1 17 1 19 1 67 1 
50 1 51 1 19 1 67 1 
50 1 19 1 
68 1 22 1 1 1 62 1 10 1 63 1 
68 1 35 1 1 1 36 1 61 1 3 1 62 1 71 1 46 1 22 1 10 1 
50 1 12 1 29 1 25 1 19 1 
43 1 50 1 12 1 29 1 25 1 19 1 
43 1 50 1 12 1 29 1 25 1 19 1 
45 1 33 1 50 1 12 1 40 1 25 1 19 1 
45 1 33 1 50 1 12 1 40 1 25 1 19 1 
48 1 13 1 
48 1 13 1 
48 1 13 1 
26 1 69 1 55 1 14 1 13 1 63 1 
48 1 13 1 
48 1 
48 1 13 1 
59 1 26 1 69 1 14 1 13 1 63 1 
26 1 69 1 55 1 14 1 13 1 63 1 
48 1 13 1 
48 1 13 1 
48 1 
42 1 15 1 53 1 8 1 23 1 11 1 
42 1 15 1 52 1 53 1 8 1 47 1 
42 1 15 1 52 1 8 1 47 1 
32 1 21 2 54 1 70 1 64 1 
32 1 21 1 54 1 70 1 2 1 18 1 65 1 64 1 
41 1 70 1 2 1 44 1 64 1 65 1 6 1 32 1 20 1 54 1 
32 1 21 1 54 1 70 1 64 1 
41 1 70 1 2 1 44 1 64 1 65 1 6 1 20 1 32 1 54 1 
32 1 54 1 70 1 2 1 66 1 65 1 64 1 6 1 
32 1 21 1 54 1 70 1 16 1 64 1 
32 1 21 1 54 1 70 1 16 1 64 1 
32 1 21 1 54 1 70 1 16 1 64 1 
32 1 21 1 54 1 70 1 16 1 64 1 
56 1 39 1 30 1 34 1 
50 1 24 1 12 1 25 1 19 1 
45 1 33 1 50 1 12 1 40 1 25 1 19 1 
45 1 9 1 33 1 50 1 12 1 40 1 25 1 19 1 
45 1 9 1 33 1 50 1 12 1 40 1 25 1 19 1 
45 1 33 1 50 1 12 1 40 1 25 1 19 1 
45 1 33 1 50 1 12 1 40 1 25 1 19 1 
45 1 33 1 50 1 12 1 40 1 25 1 19 1 
0 1 50 1 19 1 7 1 12 1 25 1 
0 1 7 1 50 1 12 1 25 1 19 1 
50 1 5 1 19 1 7 1 12 1 25 1 
68 1 45 1 33 1 1 1 50 1 12 1 40 1 25 1 19 1 
68 1 45 1 33 1 1 1 50 1 12 1 40 1 25 1 19 1 
68 1 45 1 33 1 50 1 12 1 40 1 25 1 19 1 
68 1 45 1 33 1 50 1 12 1 40 1 25 1 19 1 
68 1 45 1 33 1 50 1 12 1 40 1 25 1 19 1 
28 1 
60 1 
60 1 
49 1 
57 1 
31 1 
38 1 
37 1 
58 1 
27 1 4 1 
