#tests: test_name, ' ', status(PASSED | FAILED | ERROR), ' ', [exception, { trace_mut_index | '(', { alternative_trace_mut_index, ',' }, ')' }]
jester.tests.IgnoreListTest:testReadingEmptyIgnoreValues()V ERROR java.lang.ArrayIndexOutOfBoundsException 38 
jester.tests.IgnoreListTest:testReadingIgnoreValues()V ERROR java.lang.ArrayIndexOutOfBoundsException 38 
jester.tests.IgnoreListTest:testReadingIgnoreValuesEndOfLineSpecialCase()V ERROR java.lang.ArrayIndexOutOfBoundsException 38 
jester.tests.IgnoreListTest:testReadingMultipleIgnoreValues()V ERROR java.lang.ArrayIndexOutOfBoundsException 38 
jester.tests.IgnoreListTest:testReadingMultipleIgnoreBlankLines()V ERROR java.lang.ArrayIndexOutOfBoundsException 38 
jester.tests.IgnoreListTest:testReadingIncorrectFile()V ERROR java.lang.ArrayIndexOutOfBoundsException 38 
jester.tests.TestTesterTest:testTestsMustStartOffWorking()V ERROR java.lang.NullPointerException 36 
jester.tests.TestTesterTest:testThatTestRunByIterator()V ERROR jester.SourceChangeException 36 
jester.tests.ReportItemTest:testXmlEncoding()V ERROR java.lang.ArrayIndexOutOfBoundsException 38 24 5 
jester.tests.ReportItemTest:testLineNumberOneLine()V ERROR java.lang.ArrayIndexOutOfBoundsException 38 24 5 58 
jester.tests.ReportItemTest:testLineNumberSomeLines()V ERROR java.lang.ArrayIndexOutOfBoundsException 38 24 5 58 
jester.tests.TwoStringSwappingCodeManglerTest:testCouldntMangle()V ERROR java.lang.ArrayIndexOutOfBoundsException 38 24 (0,48) (0,48) 
jester.tests.TwoStringSwappingCodeManglerTest:testSimpleMangle1()V ERROR java.lang.ArrayIndexOutOfBoundsException 38 24 (0,48) (0,48) 
jester.tests.ReportTest:testBottomScore()V ERROR java.lang.ArrayIndexOutOfBoundsException 38 24 43 
jester.tests.ReportTest:testCantFinishDifferentFile()V ERROR java.lang.ArrayIndexOutOfBoundsException 38 24 43 
jester.tests.ReportTest:testCantStartTwoFiles()V ERROR java.lang.ArrayIndexOutOfBoundsException 38 24 43 
jester.tests.ReportTest:testChangesToSameFileOrderedByIndex()V ERROR java.lang.ArrayIndexOutOfBoundsException 38 24 43 
jester.tests.ReportTest:testFileScoreSeparateFromTotalScore()V ERROR java.lang.ArrayIndexOutOfBoundsException 38 24 43 
jester.tests.ReportTest:testInitialScore()V ERROR java.lang.ArrayIndexOutOfBoundsException 38 24 43 
jester.tests.ReportTest:testMediumScore()V ERROR java.lang.ArrayIndexOutOfBoundsException 38 24 43 
jester.tests.ReportTest:testThatChangeThatCausedTestsToFailIsNotIncluded()V ERROR java.lang.ArrayIndexOutOfBoundsException 38 24 43 
jester.tests.ReportTest:testThatChangeThatDidNotCauseTestsToFailIsIncluded()V ERROR java.lang.ArrayIndexOutOfBoundsException 38 24 43 
jester.tests.ReportTest:testTopScore()V ERROR java.lang.ArrayIndexOutOfBoundsException 38 24 43 
jester.tests.ReportTest:testTotalScoreForManyFiles()V ERROR java.lang.ArrayIndexOutOfBoundsException 38 24 43 
jester.tests.ReportTest:testFileMustBeStarted()V PASSED
jester.tests.MutationsListTest:testDefaults()V FAILED junit.framework.AssertionFailedError 55 
jester.tests.MutationsListTest:testReadMutations()V ERROR java.lang.NullPointerException 30 (7,47) 
jester.tests.MutationsListTest:testReadMutationsIgnoreBogusLinesIncludingBlankOnes()V ERROR java.lang.NullPointerException 30 (7,47) 
jester.tests.MainArgumentsTest:testMissingArgumentsCauseExceptionToBeThrown()V ERROR java.lang.ArrayIndexOutOfBoundsException 23 
jester.tests.MainArgumentsTest:testMissingFileCauseExceptionToBeThrown()V ERROR java.lang.ArrayIndexOutOfBoundsException 23 
jester.tests.MainArgumentsTest:testMandatoryArguments()V ERROR java.lang.ArrayIndexOutOfBoundsException 23 
jester.tests.MainArgumentsTest:testThatMultipleMutationDirectoriesOrFilesAreAllowed()V ERROR java.lang.ArrayIndexOutOfBoundsException 23 
jester.tests.MainArgumentsTest:testClasspathArgument()V ERROR java.lang.ArrayIndexOutOfBoundsException 23 
jester.tests.MainArgumentsTest:testThatOneCanSpecifyOptionToNotShowProgressDialog()V ERROR java.lang.ArrayIndexOutOfBoundsException 23 
jester.tests.MainArgumentsTest:testThatClasspathArgumentCanAppearFirst()V ERROR java.lang.ArrayIndexOutOfBoundsException 23 14 
jester.tests.MainArgumentsTest:testThatClasspathArgumentCanAppearSecond()V ERROR java.lang.ArrayIndexOutOfBoundsException 23 14 
jester.tests.MainArgumentsTest:testThatClasspathArgumentCanAppearLast()V ERROR java.lang.ArrayIndexOutOfBoundsException 23 14 
jester.tests.MainArgumentsTest:testThatClasspathArgumentCanAppearInMiddleOfDirectoriesBecauseThereIsNoHarmInIt()V ERROR java.lang.ArrayIndexOutOfBoundsException 23 14 
jester.tests.ConfigurationTest:testDefaults()V ERROR java.lang.NullPointerException 
jester.tests.XMLReportWriterTest:testWritingChangesAsXMLHasBothGivenAndAbsoluteFilePaths()V ERROR java.lang.ArrayIndexOutOfBoundsException 38 24 
jester.tests.SimpleIntCodeManglerTest:testCouldntMangle()V ERROR java.lang.ArrayIndexOutOfBoundsException 38 24 (0,48) (0,48) 
jester.tests.SimpleIntCodeManglerTest:testContinuesIfChangeFails()V ERROR java.lang.ArrayIndexOutOfBoundsException 38 24 (0,48) (0,48) 
jester.tests.SimpleIntCodeManglerTest:testContinuesIfChangeSucceeds()V ERROR java.lang.ArrayIndexOutOfBoundsException 38 24 (0,48) (0,48) 
jester.tests.SimpleIntCodeManglerTest:testDoesntTryToChangeBadlyNamedMethodCalls()V ERROR java.lang.ArrayIndexOutOfBoundsException 38 24 (0,48) (0,48) 
jester.tests.SimpleIntCodeManglerTest:testSimpleMangle()V ERROR java.lang.ArrayIndexOutOfBoundsException 38 24 (0,48) (0,48) 
jester.tests.SimpleIntCodeManglerTest:testBug955882()V ERROR java.lang.ArrayIndexOutOfBoundsException 38 24 (0,48) (0,48) 
jester.tests.IgnoreListDocumentTest:testTextIsIgnored()V ERROR java.lang.ArrayIndexOutOfBoundsException 38 24 
jester.tests.IgnoreListDocumentTest:testTextIsIgnoredForMultipleIgnores()V ERROR java.lang.ArrayIndexOutOfBoundsException 38 24 
jester.tests.IgnoreListDocumentTest:testCharAtReturnsSpaceInsideIgnoreRegion()V ERROR java.lang.ArrayIndexOutOfBoundsException 38 24 
jester.tests.ClassTestTesterTest:testThatChangeThatFailsTestsIsNotRecorded()V ERROR java.lang.ArrayIndexOutOfBoundsException 38 24 (0,48) (0,48) 
jester.tests.ClassTestTesterTest:testThatChangeThatPassesTestsIsRecorded()V ERROR java.lang.ArrayIndexOutOfBoundsException 38 24 (0,48) (0,48) 
jester.tests.ClassTestTesterTest:testThatOriginalContentsAreNotWrittenBackIfNoChanges()V ERROR java.lang.ArrayIndexOutOfBoundsException 38 24 (0,48) (0,48) 
jester.tests.ClassTestTesterTest:testThatOriginalContentsAreWrittenBack()V ERROR java.lang.ArrayIndexOutOfBoundsException 38 24 (0,48) (0,48) 
jester.tests.ClassTestTesterTest:testThatMutationListIsUsed()V ERROR java.lang.ArrayIndexOutOfBoundsException 38 24 (0,48) (0,48) 
jester.tests.acceptancetests.VeryTestedTest:testBoolean()V PASSED
jester.tests.acceptancetests.VeryTestedTest:testConditionFalseBranch()V PASSED
jester.tests.acceptancetests.VeryTestedTest:testConditionTrueBranch()V PASSED
jester.tests.acceptancetests.VeryTestedTest:testDecrement()V PASSED
jester.tests.acceptancetests.VeryTestedTest:testEqual()V PASSED
jester.tests.acceptancetests.VeryTestedTest:testIncrement()V PASSED
jester.tests.acceptancetests.VeryTestedTest:testInfiniteLoop()V PASSED
jester.tests.acceptancetests.VeryTestedTest:testInt()V PASSED
jester.tests.acceptancetests.VeryTestedTest:testNotEqual()V PASSED
jester.tests.functionaltests.VeryTestedTest:testNumber()V FAILED junit.framework.AssertionFailedError 

#uuts: uut_name, [ '|', mutator_class, '|', change_position_in_file_buffer, '|', change ]
jester.tests.MockClassSourceChanger:setOriginalContents(Ljava.lang.String;)V
jester.tests.functionaltests.VeryTested:VeryTested()V
jester.tests.acceptancetests.VeryTested:mustReturnTrue()Z
jester.tests.functionaltests.VeryTested:mustReturnOne()I | CONSTANT | 141 | 1 -> 0
jester.tests.acceptancetests.VeryTested:mustTakeCorrectBranchFor(Z)I
jester.tests.ReportItemTest:newReportItem(Ljava.lang.String;Ljava.lang.String;Ljava.lang.String;I)Ljester.ReportItem;
jester.tests.MockClassSourceChanger:setThrowExceptionOnFirstChangeAttempt(Z)V
jester.RealMutationsList:visit(Ljava.io.BufferedReader;Ljester.MutationMaker;)V
jester.IgnoreListDocument:IgnoreListDocument(Ljava.lang.String;Ljester.IgnoreList;)V
jester.tests.MockClassIterator:MockClassIterator()V
jester.tests.MockClassSourceChanger:MockClassSourceChanger()V
jester.tests.ReportTest:newRealReport()Ljester.Report;
jester.tests.acceptancetests.VeryTested:mustReturnOne()I
jester.tests.MockTestRunner:testsRunWithoutFailures()Z
jester.tests.MainArgumentsTest:checkThatClasspathArgumentCanAppearInAnyOrder([Ljava.lang.String;)V
jester.TestTester:TestTester(Ljester.TestRunner;Ljester.ClassIterator;Ljester.ClassTestTester;)V
jester.tests.MockMutationMaker:addExpectedMutateValues(Ljava.lang.String;Ljava.lang.String;)V
jester.RealReport:score(II)I | STATEMENT | 5265 | stmt -> ;
jester.tests.MockTestRunner:MockTestRunner()V
jester.tests.acceptancetests.VeryTested:mustNotBeEqual()Z
jester.RealReport:fileNumberOfChangesThatDidNotCauseTestsToFail()I
jester.RealMutationsList:RealMutationsList(Ljava.lang.String;Ljava.io.PrintStream;)V
jester.RealReport:RealReport(Ljester.Configuration;Ljava.io.PrintWriter;Ljester.XMLReportWriter;Ljester.ProgressReporter;)V
jester.MainArguments:readArguments([Ljava.lang.String;)V | CONSTANT | 1882 | 0 -> -1
jester.IgnoreListDocument:calculateIgnoreRegions()V | ASSIGN | 1677 | = null
jester.tests.IgnoreListTest:ignorePair(Ljava.lang.String;Ljava.lang.String;)Ljester.IgnorePair;
jester.RealConfiguration:RealConfiguration(Ljava.lang.String;Ljava.io.PrintStream;)V | CONDITION | 643 | if (x) -> if (!x)
jester.RealXMLReportWriter:RealXMLReportWriter(Ljava.io.Writer;)V
jester.RealReport:fileNumberOfChanges()I
jester.tests.MockMutationMaker:MockMutationMaker()V
jester.RealMutationsList:visitLine(Ljava.lang.String;Ljester.MutationMaker;)V | ASSIGN | 2085 | = null
jester.RealReport:fileScore()I
jester.tests.MockTestRunner:setTestsRunWithoutFailures(Z)V
jester.RealReport:totalNumberOfChanges()I | OPERATOR | 5427 | + -> -
jester.RealReport:totalScore()I
jester.RealLogger:RealLogger()V
jester.TestTester:run()V | CONDITION | 5014 | if (x) -> if (!x)
jester.SourceChangeException:SourceChangeException(Ljava.lang.String;)V
jester.IgnoreList:ignorePairs()Ljava.util.List; | CONSTANT | 432 | 0 -> -1
jester.tests.MockClassTestTester:MockClassTestTester()V
jester.tests.acceptancetests.VeryTested:mustBeEqual()Z
jester.tests.ReportTest:newRealReport(Ljava.io.PrintWriter;)Ljester.Report;
jester.IgnoreList:IgnoreList(Ljava.lang.String;)V
jester.tests.ReportTest:startFile(Ljester.Report;Ljava.lang.String;Ljava.lang.String;)V
jester.tests.acceptancetests.VeryTested:turnIntoInfiniteLoop()V
jester.RealReport:changeThatCausedTestsToFail(ILjava.lang.String;Ljava.lang.String;)V
jester.MainArguments:MainArguments([Ljava.lang.String;Ljester.FileExistenceChecker;)V | STATEMENT | 867 | stmt -> ;
jester.RealMutationsList:visit(Ljester.MutationMaker;)V
jester.tests.MockClassSourceChanger:setOriginalContents(Ljava.lang.String;Ljester.IgnoreList;)V
jester.tests.MockClassIterator:setExpectedIterateCalls(I)V
jester.RealReport:changeThatDidNotCauseTestsToFail(ILjava.lang.String;Ljava.lang.String;)V
jester.tests.MockClassIterator:setExpectedIterate(Ljester.ClassTestTester;)V
jester.tests.MockMutationMaker:mutate(Ljava.lang.String;Ljava.lang.String;)V | STATEMENT | 892 | stmt -> ;
jester.tests.TestConfiguration:TestConfiguration()V
jester.IgnorePair:IgnorePair(Ljava.lang.String;Ljava.lang.String;)V
jester.tests.MockMutationMaker:verify()V
jester.tests.acceptancetests.VeryTested:mustDecrement(I)I
jester.tests.acceptancetests.VeryTested:mustIncrement(I)I
jester.tests.ReportItemTest:lineNumberForCharacterIndex(Ljava.lang.String;I)I

#matrix (1 line per test, in order of tests): { mut_index, ' ', mut_call_count, ' ' }
38 1 42 1 
38 1 54 1 42 1 25 1 
38 1 54 1 42 1 25 1 
38 1 54 1 42 1 25 1 
38 1 54 1 42 1 25 1 
38 1 42 1 
18 1 32 1 13 1 36 1 15 1 
51 1 39 1 18 1 32 1 9 1 13 1 37 1 36 1 49 1 15 1 
38 1 5 1 42 1 8 1 24 1 
38 1 5 1 42 1 8 1 58 1 24 1 
38 1 5 1 42 1 8 1 58 1 24 1 
38 1 42 1 8 1 48 1 0 1 10 1 24 1 
38 1 42 1 8 1 48 1 0 1 10 1 24 1 
38 1 53 1 41 1 42 1 22 1 8 1 11 1 24 1 43 1 
38 1 53 1 41 1 42 1 22 1 8 1 11 1 24 1 43 1 
38 1 53 1 41 1 42 1 22 1 8 1 11 1 24 1 43 1 
38 1 53 1 41 1 42 1 22 1 8 1 24 1 43 1 
38 1 53 1 41 1 42 1 22 1 8 1 11 1 24 1 43 1 
28 1 31 1 34 1 33 1 20 2 38 1 53 1 41 1 42 1 22 1 8 1 11 1 24 1 43 1 17 2 
38 1 53 1 41 1 42 1 22 1 8 1 11 1 24 1 43 1 
38 1 53 1 41 1 42 1 22 1 8 1 24 1 43 1 
38 1 53 1 41 1 42 1 22 1 8 1 24 1 43 1 
38 1 53 1 41 1 42 1 22 1 8 1 11 1 24 1 43 1 
38 1 53 1 41 1 42 1 22 1 8 1 11 1 24 1 43 1 
53 1 41 1 22 1 11 1 37 2 45 1 50 1 
29 1 16 1 47 1 52 1 21 1 55 1 
29 1 30 1 21 1 7 1 16 1 
29 1 30 1 21 1 7 1 16 1 
46 1 23 1 
46 1 23 1 
46 1 23 1 
46 1 23 1 
46 1 23 1 
46 1 23 1 
46 1 23 1 14 1 
46 1 23 1 14 1 
46 1 23 1 14 1 
46 1 23 1 14 1 
35 1 26 1 
38 1 27 1 42 1 8 1 24 1 
38 1 42 1 8 1 48 1 0 1 10 1 24 1 
38 1 6 1 42 1 8 1 48 1 0 1 10 1 24 1 
38 1 6 1 42 1 8 1 48 1 0 1 10 1 24 1 
38 1 42 1 8 1 48 1 0 1 10 1 24 1 
38 1 42 1 8 1 48 1 0 1 10 1 24 1 
38 1 42 1 8 1 48 1 0 1 10 1 24 1 
38 1 42 1 8 1 24 1 
38 1 42 1 8 1 24 1 
38 1 42 1 8 1 24 1 
38 1 18 1 42 1 8 1 48 1 0 1 32 1 10 1 24 1 
38 1 18 1 42 1 8 1 48 1 0 1 32 1 10 1 24 1 
38 1 18 1 42 1 8 1 48 1 0 1 10 1 24 1 
38 1 18 1 42 1 8 1 48 1 0 1 10 1 24 1 
38 1 18 1 42 1 8 1 48 1 0 1 10 1 24 1 
2 1 
4 1 
4 1 
56 1 
40 1 
57 1 
44 1 
12 1 
19 1 
1 1 3 1 
