#tests: test_name, ' ', status(PASSED | FAILED | ERROR), ' ', [exception, { trace_mut_index | '(', { alternative_trace_mut_index, ',' }, ')' }]
jester.tests.IgnoreListTest:testReadingEmptyIgnoreValues()V ERROR java.lang.StringIndexOutOfBoundsException 59 
jester.tests.IgnoreListTest:testReadingIgnoreValues()V FAILED junit.framework.AssertionFailedError 
jester.tests.IgnoreListTest:testReadingIgnoreValuesEndOfLineSpecialCase()V FAILED junit.framework.AssertionFailedError 
jester.tests.IgnoreListTest:testReadingMultipleIgnoreValues()V FAILED junit.framework.AssertionFailedError 
jester.tests.IgnoreListTest:testReadingMultipleIgnoreBlankLines()V ERROR java.lang.StringIndexOutOfBoundsException 59 
jester.tests.IgnoreListTest:testReadingIncorrectFile()V PASSED
jester.tests.TestTesterTest:testTestsMustStartOffWorking()V PASSED
jester.tests.TestTesterTest:testThatTestRunByIterator()V PASSED
jester.tests.ReportItemTest:testXmlEncoding()V ERROR java.lang.StringIndexOutOfBoundsException 59 63 55 
jester.tests.ReportItemTest:testLineNumberOneLine()V ERROR java.lang.StringIndexOutOfBoundsException 59 63 55 35 
jester.tests.ReportItemTest:testLineNumberSomeLines()V ERROR java.lang.StringIndexOutOfBoundsException 59 63 55 35 
jester.tests.TwoStringSwappingCodeManglerTest:testCouldntMangle()V ERROR java.lang.StringIndexOutOfBoundsException 59 63 (25,57) (25,57) 
jester.tests.TwoStringSwappingCodeManglerTest:testSimpleMangle1()V ERROR java.lang.StringIndexOutOfBoundsException 59 63 (25,57) (25,57) 
jester.tests.ReportTest:testBottomScore()V ERROR jester.SourceChangeException 68 
jester.tests.ReportTest:testCantFinishDifferentFile()V ERROR java.lang.NullPointerException 10 
jester.tests.ReportTest:testCantStartTwoFiles()V FAILED junit.framework.AssertionFailedError 
jester.tests.ReportTest:testChangesToSameFileOrderedByIndex()V ERROR jester.SourceChangeException 68 
jester.tests.ReportTest:testFileScoreSeparateFromTotalScore()V ERROR jester.SourceChangeException 37 
jester.tests.ReportTest:testInitialScore()V PASSED
jester.tests.ReportTest:testMediumScore()V ERROR jester.SourceChangeException 37 
jester.tests.ReportTest:testThatChangeThatCausedTestsToFailIsNotIncluded()V ERROR jester.SourceChangeException 37 
jester.tests.ReportTest:testThatChangeThatDidNotCauseTestsToFailIsIncluded()V ERROR jester.SourceChangeException 68 
jester.tests.ReportTest:testTopScore()V ERROR jester.SourceChangeException 37 
jester.tests.ReportTest:testTotalScoreForManyFiles()V ERROR jester.SourceChangeException 37 
jester.tests.ReportTest:testFileMustBeStarted()V PASSED
jester.tests.MutationsListTest:testDefaults()V PASSED
jester.tests.MutationsListTest:testReadMutations()V FAILED junit.framework.AssertionFailedError 0 
jester.tests.MutationsListTest:testReadMutationsIgnoreBogusLinesIncludingBlankOnes()V FAILED junit.framework.AssertionFailedError 0 
jester.tests.MainArgumentsTest:testMissingArgumentsCauseExceptionToBeThrown()V ERROR java.lang.ArrayIndexOutOfBoundsException 26 
jester.tests.MainArgumentsTest:testMissingFileCauseExceptionToBeThrown()V ERROR java.lang.ArrayIndexOutOfBoundsException 26 
jester.tests.MainArgumentsTest:testMandatoryArguments()V ERROR java.lang.ArrayIndexOutOfBoundsException 26 
jester.tests.MainArgumentsTest:testThatMultipleMutationDirectoriesOrFilesAreAllowed()V ERROR java.lang.ArrayIndexOutOfBoundsException 26 
jester.tests.MainArgumentsTest:testClasspathArgument()V ERROR java.lang.ArrayIndexOutOfBoundsException 26 
jester.tests.MainArgumentsTest:testThatOneCanSpecifyOptionToNotShowProgressDialog()V ERROR java.lang.ArrayIndexOutOfBoundsException 26 
jester.tests.MainArgumentsTest:testThatClasspathArgumentCanAppearFirst()V ERROR java.lang.ArrayIndexOutOfBoundsException 26 3 
jester.tests.MainArgumentsTest:testThatClasspathArgumentCanAppearSecond()V ERROR java.lang.ArrayIndexOutOfBoundsException 26 3 
jester.tests.MainArgumentsTest:testThatClasspathArgumentCanAppearLast()V ERROR java.lang.ArrayIndexOutOfBoundsException 26 3 
jester.tests.MainArgumentsTest:testThatClasspathArgumentCanAppearInMiddleOfDirectoriesBecauseThereIsNoHarmInIt()V ERROR java.lang.ArrayIndexOutOfBoundsException 26 3 
jester.tests.ConfigurationTest:testDefaults()V ERROR java.lang.NullPointerException 13 66 27 
jester.tests.XMLReportWriterTest:testWritingChangesAsXMLHasBothGivenAndAbsoluteFilePaths()V ERROR java.lang.StringIndexOutOfBoundsException 59 63 
jester.tests.SimpleIntCodeManglerTest:testCouldntMangle()V ERROR java.lang.StringIndexOutOfBoundsException 59 63 (25,57) (25,57) 
jester.tests.SimpleIntCodeManglerTest:testContinuesIfChangeFails()V ERROR java.lang.StringIndexOutOfBoundsException 59 63 (25,57) (25,57) 
jester.tests.SimpleIntCodeManglerTest:testContinuesIfChangeSucceeds()V ERROR java.lang.StringIndexOutOfBoundsException 59 63 (25,57) (25,57) 
jester.tests.SimpleIntCodeManglerTest:testDoesntTryToChangeBadlyNamedMethodCalls()V ERROR java.lang.StringIndexOutOfBoundsException 59 63 (25,57) (25,57) 
jester.tests.SimpleIntCodeManglerTest:testSimpleMangle()V ERROR java.lang.StringIndexOutOfBoundsException 59 63 (25,57) (25,57) 
jester.tests.SimpleIntCodeManglerTest:testBug955882()V ERROR java.lang.StringIndexOutOfBoundsException 59 63 (25,57) (25,57) 
jester.tests.IgnoreListDocumentTest:testTextIsIgnored()V FAILED junit.framework.AssertionFailedError 
jester.tests.IgnoreListDocumentTest:testTextIsIgnoredForMultipleIgnores()V FAILED junit.framework.AssertionFailedError 
jester.tests.IgnoreListDocumentTest:testCharAtReturnsSpaceInsideIgnoreRegion()V FAILED junit.framework.AssertionFailedError 
jester.tests.ClassTestTesterTest:testThatChangeThatFailsTestsIsNotRecorded()V ERROR java.lang.StringIndexOutOfBoundsException 59 63 (25,57) (25,57) 
jester.tests.ClassTestTesterTest:testThatChangeThatPassesTestsIsRecorded()V ERROR java.lang.StringIndexOutOfBoundsException 59 63 (25,57) (25,57) 
jester.tests.ClassTestTesterTest:testThatOriginalContentsAreNotWrittenBackIfNoChanges()V ERROR java.lang.StringIndexOutOfBoundsException 59 63 (25,57) (25,57) 
jester.tests.ClassTestTesterTest:testThatOriginalContentsAreWrittenBack()V ERROR java.lang.StringIndexOutOfBoundsException 59 63 (25,57) (25,57) 
jester.tests.ClassTestTesterTest:testThatMutationListIsUsed()V ERROR java.lang.StringIndexOutOfBoundsException 59 63 (25,57) (25,57) 
jester.tests.acceptancetests.VeryTestedTest:testBoolean()V PASSED
jester.tests.acceptancetests.VeryTestedTest:testConditionFalseBranch()V PASSED
jester.tests.acceptancetests.VeryTestedTest:testConditionTrueBranch()V FAILED junit.framework.AssertionFailedError 
jester.tests.acceptancetests.VeryTestedTest:testDecrement()V PASSED
jester.tests.acceptancetests.VeryTestedTest:testEqual()V PASSED
jester.tests.acceptancetests.VeryTestedTest:testIncrement()V PASSED
jester.tests.acceptancetests.VeryTestedTest:testInfiniteLoop()V PASSED
jester.tests.acceptancetests.VeryTestedTest:testInt()V PASSED
jester.tests.acceptancetests.VeryTestedTest:testNotEqual()V PASSED
jester.tests.functionaltests.VeryTestedTest:testNumber()V FAILED junit.framework.AssertionFailedError 

#uuts: uut_name, [ '|', mutator_class, '|', change_position_in_file_buffer, '|', change ]
jester.tests.MockMutationMaker:verify()V
jester.RealMutationsList:visit(Ljava.io.BufferedReader;Ljester.MutationMaker;)V
jester.tests.MockClassIterator:setExpectedIterateCalls(I)V
jester.tests.MainArgumentsTest:checkThatClasspathArgumentCanAppearInAnyOrder([Ljava.lang.String;)V
jester.RealConfiguration:stringProperty(Ljava.lang.String;Ljava.lang.String;)Ljava.lang.String;
jester.tests.MockClassIterator:iterate(Ljester.ClassTestTester;)V
jester.tests.MockMutationMaker:mutate(Ljava.lang.String;Ljava.lang.String;)V
jester.RealReport:fileNumberOfChangesThatDidNotCauseTestsToFail()I
jester.RealMutationsList:visitLine(Ljava.lang.String;Ljester.MutationMaker;)V | CONSTANT | 2060 | 2 -> 3
jester.SourceChangeException:SourceChangeException(Ljava.lang.String;)V
jester.RealReport:finishFile(Ljava.lang.String;)V
jester.tests.MockClassTestTester:MockClassTestTester()V
jester.MainArguments:MainArguments([Ljava.lang.String;Ljester.FileExistenceChecker;)V | STATEMENT | 867 | stmt -> ;
jester.RealConfiguration:isTrue(Ljava.lang.String;)Z
jester.IgnoreListDocument:IgnoreListDocument(Ljava.lang.String;Ljester.IgnoreList;)V
jester.tests.MockClassSourceChanger:setThrowExceptionOnFirstChangeAttempt(Z)V
jester.tests.ReportTest:newRealReport(Ljava.io.PrintWriter;)Ljester.Report;
jester.RealConfiguration:RealConfiguration(Ljava.lang.String;Ljava.io.PrintStream;)V
jester.tests.acceptancetests.VeryTested:mustReturnTrue()Z
jester.RealReport:fileNumberOfChanges()I
jester.RealMutationsList:visit(Ljester.MutationMaker;)V
jester.tests.functionaltests.VeryTested:mustReturnOne()I | CONSTANT | 141 | 1 -> 0
jester.IgnoreListDocument:indexOf(Ljava.lang.String;I)I
jester.RealReport:RealReport(Ljester.Configuration;Ljava.io.PrintWriter;Ljester.XMLReportWriter;Ljester.ProgressReporter;)V
jester.tests.MockTestRunner:testsRunWithoutFailures()Z
jester.tests.MockClassSourceChanger:setOriginalContents(Ljava.lang.String;Ljester.IgnoreList;)V
jester.MainArguments:readArguments([Ljava.lang.String;)V | CONSTANT | 1882 | 0 -> -1
jester.RealConfiguration:shouldReportEagerly()Z
jester.tests.acceptancetests.VeryTested:turnIntoInfiniteLoop()V
jester.tests.acceptancetests.VeryTested:mustNotBeEqual()Z
jester.tests.acceptancetests.VeryTested:mustBeEqual()Z
jester.TestTester:run()V
jester.tests.MockClassIterator:verify()V
jester.tests.ReportTest:startFile(Ljester.Report;Ljava.lang.String;Ljava.lang.String;)V | STATEMENT | 949 | stmt -> ;
jester.RealReport:fileScore()I
jester.tests.ReportItemTest:lineNumberForCharacterIndex(Ljava.lang.String;I)I
jester.tests.MockClassIterator:MockClassIterator()V
jester.RealReport:changeThatCausedTestsToFail(ILjava.lang.String;Ljava.lang.String;)V
jester.tests.MockMutationMaker:addExpectedMutateValues(Ljava.lang.String;Ljava.lang.String;)V
jester.RealReport:totalNumberOfChanges()I
jester.tests.ReportTest:newRealReport()Ljester.Report;
jester.tests.TestConfiguration:TestConfiguration()V
jester.IgnoreListDocument:charAt(I)C
jester.tests.MockTestRunner:setTestsRunWithoutFailures(Z)V
jester.TestTester:TestTester(Ljester.TestRunner;Ljester.ClassIterator;Ljester.ClassTestTester;)V
jester.tests.acceptancetests.VeryTested:mustReturnOne()I
jester.tests.MockTestRunner:MockTestRunner()V
jester.RealMutationsList:RealMutationsList(Ljava.lang.String;Ljava.io.PrintStream;)V
jester.RealReport:totalScore()I
jester.RealXMLReportWriter:RealXMLReportWriter(Ljava.io.Writer;)V
jester.tests.functionaltests.VeryTested:VeryTested()V
jester.tests.MockClassIterator:setExpectedIterate(Ljester.ClassTestTester;)V
jester.tests.acceptancetests.VeryTested:mustTakeCorrectBranchFor(Z)I | CONSTANT | 578 | 1 -> 0
jester.tests.MockMutationMaker:MockMutationMaker()V
jester.IgnoreList:IgnoreList(Ljava.lang.String;)V
jester.tests.ReportItemTest:newReportItem(Ljava.lang.String;Ljava.lang.String;Ljava.lang.String;I)Ljester.ReportItem;
jester.tests.MockClassSourceChanger:MockClassSourceChanger()V
jester.tests.MockClassSourceChanger:setOriginalContents(Ljava.lang.String;)V
jester.RealLogger:RealLogger()V
jester.IgnoreList:ignorePairs()Ljava.util.List; | OPERATOR | 496 | == -> >
jester.RealConfiguration:compilationCommand()Ljava.lang.String;
jester.IgnoreListDocument:isInIgnoreRegion(I)Z
jester.RealReport:score(II)I | OPERATOR | 5280 | / -> >>
jester.IgnoreListDocument:calculateIgnoreRegions()V
jester.tests.IgnoreListTest:ignorePair(Ljava.lang.String;Ljava.lang.String;)Ljester.IgnorePair; | RETURN | 2632 | return null
jester.tests.acceptancetests.VeryTested:mustIncrement(I)I
jester.RealConfiguration:isTrueProperty(Ljava.lang.String;Z)Z | STATEMENT | 1322 | stmt -> ;
jester.tests.acceptancetests.VeryTested:mustDecrement(I)I
jester.RealReport:changeThatDidNotCauseTestsToFail(ILjava.lang.String;Ljava.lang.String;)V | ASSIGN | 3291 | = null

#matrix (1 line per test, in order of tests): { mut_index, ' ', mut_call_count, ' ' }
54 1 59 1 
64 1 54 1 59 1 
64 1 54 1 59 1 
64 1 54 1 59 1 
64 1 54 1 59 1 
54 1 59 1 
43 1 44 1 24 1 9 1 46 1 31 1 
36 1 2 1 31 1 5 1 51 1 43 1 44 1 32 1 24 1 46 1 11 1 
63 1 14 1 54 1 59 1 55 1 
35 1 63 1 14 1 54 1 59 1 55 1 
35 1 63 1 14 1 54 1 59 1 55 1 
63 1 14 1 56 1 57 1 25 1 54 1 59 1 
63 1 14 1 56 1 57 1 25 1 54 1 59 1 
23 1 41 1 9 1 16 1 68 1 33 1 40 1 
23 1 41 1 10 1 16 1 33 1 40 1 
23 1 41 1 16 1 33 1 40 1 
23 1 41 1 9 1 16 1 68 1 33 1 
23 1 41 1 37 1 9 1 16 1 33 1 40 1 
48 1 19 1 39 1 40 1 23 1 41 1 7 2 16 1 33 1 62 2 34 1 
23 1 41 1 37 1 9 1 16 1 33 1 40 1 
23 1 41 1 37 1 9 1 16 1 33 1 
23 1 41 1 9 1 16 1 68 1 33 1 
23 1 41 1 37 1 9 1 16 1 33 1 40 1 
23 1 41 1 37 1 9 1 16 1 33 1 40 1 
23 1 41 1 37 1 9 2 16 1 68 1 40 1 
0 1 38 1 20 1 6 1 53 1 47 1 
0 1 38 1 1 1 8 1 53 1 47 1 
0 1 1 1 38 1 6 1 8 1 47 1 53 1 
26 1 12 1 
26 1 12 1 
26 1 12 1 
26 1 12 1 
26 1 12 1 
26 1 12 1 
26 1 3 1 12 1 
26 1 3 1 12 1 
26 1 3 1 12 1 
26 1 3 1 12 1 
13 1 60 1 58 1 17 1 4 1 27 1 66 1 
63 1 14 1 49 1 54 1 59 1 
63 1 14 1 56 1 57 1 25 1 54 1 59 1 
63 1 14 1 56 1 57 1 25 1 54 1 59 1 15 1 
63 1 14 1 56 1 57 1 25 1 54 1 59 1 15 1 
63 1 14 1 56 1 57 1 25 1 54 1 59 1 
63 1 14 1 56 1 57 1 25 1 54 1 59 1 
63 1 14 1 56 1 57 1 25 1 54 1 59 1 
63 1 14 1 59 1 22 1 54 1 61 1 
63 1 14 1 61 1 54 1 59 1 22 1 
63 1 14 1 59 1 42 1 54 1 61 1 
63 1 14 1 43 1 56 1 46 1 57 1 25 1 54 1 59 1 
63 1 14 1 43 1 56 1 46 1 57 1 25 1 54 1 59 1 
63 1 14 1 56 1 46 1 57 1 25 1 54 1 59 1 
63 1 14 1 56 1 46 1 57 1 25 1 54 1 59 1 
63 1 14 1 56 1 46 1 57 1 25 1 54 1 59 1 
18 1 
52 1 
52 1 
67 1 
30 1 
65 1 
28 1 
45 1 
29 1 
50 1 21 1 
