#tests: test_name, ' ', status(PASSED | FAILED | ERROR), ' ', [exception, { trace_mut_index | '(', { alternative_trace_mut_index, ',' }, ')' }]
jester.tests.IgnoreListTest:testReadingEmptyIgnoreValues()V ERROR java.lang.ArrayIndexOutOfBoundsException 57 
jester.tests.IgnoreListTest:testReadingIgnoreValues()V ERROR java.lang.ArrayIndexOutOfBoundsException 57 
jester.tests.IgnoreListTest:testReadingIgnoreValuesEndOfLineSpecialCase()V ERROR java.lang.ArrayIndexOutOfBoundsException 57 
jester.tests.IgnoreListTest:testReadingMultipleIgnoreValues()V ERROR java.lang.ArrayIndexOutOfBoundsException 57 
jester.tests.IgnoreListTest:testReadingMultipleIgnoreBlankLines()V ERROR java.lang.ArrayIndexOutOfBoundsException 57 
jester.tests.IgnoreListTest:testReadingIncorrectFile()V ERROR java.lang.ArrayIndexOutOfBoundsException 57 
jester.tests.TestTesterTest:testTestsMustStartOffWorking()V PASSED
jester.tests.TestTesterTest:testThatTestRunByIterator()V PASSED
jester.tests.ReportItemTest:testXmlEncoding()V ERROR java.lang.ArrayIndexOutOfBoundsException 57 16 35 
jester.tests.ReportItemTest:testLineNumberOneLine()V ERROR java.lang.ArrayIndexOutOfBoundsException 57 16 35 46 
jester.tests.ReportItemTest:testLineNumberSomeLines()V ERROR java.lang.ArrayIndexOutOfBoundsException 57 16 35 46 
jester.tests.TwoStringSwappingCodeManglerTest:testCouldntMangle()V ERROR java.lang.ArrayIndexOutOfBoundsException 57 16 (18,25) (18,25) 
jester.tests.TwoStringSwappingCodeManglerTest:testSimpleMangle1()V ERROR java.lang.ArrayIndexOutOfBoundsException 57 16 (18,25) (18,25) 
jester.tests.ReportTest:testBottomScore()V ERROR java.lang.ArrayIndexOutOfBoundsException 57 16 43 
jester.tests.ReportTest:testCantFinishDifferentFile()V ERROR java.lang.ArrayIndexOutOfBoundsException 57 16 43 
jester.tests.ReportTest:testCantStartTwoFiles()V ERROR java.lang.ArrayIndexOutOfBoundsException 57 16 43 
jester.tests.ReportTest:testChangesToSameFileOrderedByIndex()V ERROR java.lang.ArrayIndexOutOfBoundsException 57 16 43 
jester.tests.ReportTest:testFileScoreSeparateFromTotalScore()V ERROR java.lang.ArrayIndexOutOfBoundsException 57 16 43 
jester.tests.ReportTest:testInitialScore()V ERROR java.lang.ArithmeticException 33 31 
jester.tests.ReportTest:testMediumScore()V ERROR java.lang.ArrayIndexOutOfBoundsException 57 16 43 
jester.tests.ReportTest:testThatChangeThatCausedTestsToFailIsNotIncluded()V ERROR java.lang.ArrayIndexOutOfBoundsException 57 16 43 
jester.tests.ReportTest:testThatChangeThatDidNotCauseTestsToFailIsIncluded()V ERROR java.lang.ArrayIndexOutOfBoundsException 57 16 43 
jester.tests.ReportTest:testTopScore()V ERROR java.lang.ArrayIndexOutOfBoundsException 57 16 43 
jester.tests.ReportTest:testTotalScoreForManyFiles()V ERROR java.lang.ArrayIndexOutOfBoundsException 57 16 43 
jester.tests.ReportTest:testFileMustBeStarted()V PASSED
jester.tests.MutationsListTest:testDefaults()V FAILED junit.framework.AssertionFailedError 10 (23,66) 
jester.tests.MutationsListTest:testReadMutations()V FAILED junit.framework.AssertionFailedError 10 34 (23,66) 
jester.tests.MutationsListTest:testReadMutationsIgnoreBogusLinesIncludingBlankOnes()V FAILED junit.framework.AssertionFailedError 10 34 (23,66) 
jester.tests.MainArgumentsTest:testMissingArgumentsCauseExceptionToBeThrown()V ERROR java.lang.IndexOutOfBoundsException 30 63 
jester.tests.MainArgumentsTest:testMissingFileCauseExceptionToBeThrown()V PASSED
jester.tests.MainArgumentsTest:testMandatoryArguments()V PASSED
jester.tests.MainArgumentsTest:testThatMultipleMutationDirectoriesOrFilesAreAllowed()V PASSED
jester.tests.MainArgumentsTest:testClasspathArgument()V ERROR junit.framework.ComparisonFailure 
jester.tests.MainArgumentsTest:testThatOneCanSpecifyOptionToNotShowProgressDialog()V ERROR java.lang.StringIndexOutOfBoundsException 58 63 
jester.tests.MainArgumentsTest:testThatClasspathArgumentCanAppearFirst()V ERROR junit.framework.ComparisonFailure 62 
jester.tests.MainArgumentsTest:testThatClasspathArgumentCanAppearSecond()V ERROR junit.framework.ComparisonFailure 62 
jester.tests.MainArgumentsTest:testThatClasspathArgumentCanAppearLast()V ERROR junit.framework.ComparisonFailure 62 
jester.tests.MainArgumentsTest:testThatClasspathArgumentCanAppearInMiddleOfDirectoriesBecauseThereIsNoHarmInIt()V ERROR junit.framework.ComparisonFailure 62 
jester.tests.ConfigurationTest:testDefaults()V ERROR junit.framework.ComparisonFailure 
jester.tests.XMLReportWriterTest:testWritingChangesAsXMLHasBothGivenAndAbsoluteFilePaths()V ERROR java.lang.ArrayIndexOutOfBoundsException 57 16 
jester.tests.SimpleIntCodeManglerTest:testCouldntMangle()V ERROR java.lang.ArrayIndexOutOfBoundsException 57 16 (18,25) (18,25) 
jester.tests.SimpleIntCodeManglerTest:testContinuesIfChangeFails()V ERROR java.lang.ArrayIndexOutOfBoundsException 57 16 (18,25) (18,25) 
jester.tests.SimpleIntCodeManglerTest:testContinuesIfChangeSucceeds()V ERROR java.lang.ArrayIndexOutOfBoundsException 57 16 (18,25) (18,25) 
jester.tests.SimpleIntCodeManglerTest:testDoesntTryToChangeBadlyNamedMethodCalls()V ERROR java.lang.ArrayIndexOutOfBoundsException 57 16 (18,25) (18,25) 
jester.tests.SimpleIntCodeManglerTest:testSimpleMangle()V ERROR java.lang.ArrayIndexOutOfBoundsException 57 16 (18,25) (18,25) 
jester.tests.SimpleIntCodeManglerTest:testBug955882()V ERROR java.lang.ArrayIndexOutOfBoundsException 57 16 (18,25) (18,25) 
jester.tests.IgnoreListDocumentTest:testTextIsIgnored()V ERROR java.lang.ArrayIndexOutOfBoundsException 57 16 
jester.tests.IgnoreListDocumentTest:testTextIsIgnoredForMultipleIgnores()V ERROR java.lang.ArrayIndexOutOfBoundsException 57 16 
jester.tests.IgnoreListDocumentTest:testCharAtReturnsSpaceInsideIgnoreRegion()V ERROR java.lang.ArrayIndexOutOfBoundsException 57 16 
jester.tests.ClassTestTesterTest:testThatChangeThatFailsTestsIsNotRecorded()V ERROR java.lang.ArrayIndexOutOfBoundsException 57 16 (18,25) (18,25) 
jester.tests.ClassTestTesterTest:testThatChangeThatPassesTestsIsRecorded()V ERROR java.lang.ArrayIndexOutOfBoundsException 57 16 (18,25) (18,25) 
jester.tests.ClassTestTesterTest:testThatOriginalContentsAreNotWrittenBackIfNoChanges()V ERROR java.lang.ArrayIndexOutOfBoundsException 57 16 (18,25) (18,25) 
jester.tests.ClassTestTesterTest:testThatOriginalContentsAreWrittenBack()V ERROR java.lang.ArrayIndexOutOfBoundsException 57 16 (18,25) (18,25) 
jester.tests.ClassTestTesterTest:testThatMutationListIsUsed()V ERROR java.lang.ArrayIndexOutOfBoundsException 57 16 (18,25) (18,25) 
jester.tests.acceptancetests.VeryTestedTest:testBoolean()V PASSED
jester.tests.acceptancetests.VeryTestedTest:testConditionFalseBranch()V PASSED
jester.tests.acceptancetests.VeryTestedTest:testConditionTrueBranch()V FAILED junit.framework.AssertionFailedError 
jester.tests.acceptancetests.VeryTestedTest:testDecrement()V PASSED
jester.tests.acceptancetests.VeryTestedTest:testEqual()V FAILED junit.framework.AssertionFailedError 
jester.tests.acceptancetests.VeryTestedTest:testIncrement()V PASSED
jester.tests.acceptancetests.VeryTestedTest:testInfiniteLoop()V PASSED
jester.tests.acceptancetests.VeryTestedTest:testInt()V PASSED
jester.tests.acceptancetests.VeryTestedTest:testNotEqual()V PASSED
jester.tests.functionaltests.VeryTestedTest:testNumber()V PASSED

#uuts: uut_name, [ '|', mutator_class, '|', change_position_in_file_buffer, '|', change ]
jester.TestTester:TestTester(Ljester.TestRunner;Ljester.ClassIterator;Ljester.ClassTestTester;)V
jester.RealConfiguration:RealConfiguration(Ljava.lang.String;Ljava.io.PrintStream;)V
jester.RealXMLReportWriter:RealXMLReportWriter(Ljava.io.Writer;)V
jester.tests.acceptancetests.VeryTested:mustReturnTrue()Z
jester.tests.MockTestRunner:MockTestRunner()V
jester.tests.MockClassSourceChanger:MockClassSourceChanger()V
jester.MainArguments:getDirectoryOrFileNames()[Ljava.lang.String;
jester.tests.MockTestRunner:setTestsRunWithoutFailures(Z)V
jester.tests.acceptancetests.VeryTested:mustBeEqual()Z | OPERATOR | 170 | == -> !=
jester.tests.MainArgumentsTest:assertEquals([Ljava.lang.String;[Ljava.lang.String;)V
jester.tests.MockMutationMaker:mutate(Ljava.lang.String;Ljava.lang.String;)V
jester.RealReport:RealReport(Ljester.Configuration;Ljava.io.PrintWriter;Ljester.XMLReportWriter;Ljester.ProgressReporter;)V | STATEMENT | 819 | stmt -> ;
jester.tests.MockMutationMaker:MockMutationMaker()V
jester.tests.ReportTest:newRealReport(Ljava.io.PrintWriter;)Ljester.Report;
jester.tests.MockClassIterator:setExpectedIterate(Ljester.ClassTestTester;)V
jester.TestTester:run()V
jester.IgnoreListDocument:calculateIgnoreRegions()V | ASSIGN | 1677 | = null
jester.tests.functionaltests.VeryTested:mustReturnOne()I
jester.tests.MockClassSourceChanger:setOriginalContents(Ljava.lang.String;)V
jester.IgnorePair:IgnorePair(Ljava.lang.String;Ljava.lang.String;)V
jester.tests.MainArgumentsTest.1:exists(Ljava.lang.String;)Z
jester.tests.ReportTest:newRealReport()Ljester.Report;
jester.tests.MockClassIterator:setExpectedIterateCalls(I)V
jester.RealMutationsList:visit(Ljava.io.BufferedReader;Ljester.MutationMaker;)V
jester.tests.MockClassTestTester:MockClassTestTester()V
jester.tests.MockClassSourceChanger:setOriginalContents(Ljava.lang.String;Ljester.IgnoreList;)V
jester.IgnoreList:IgnoreList(Ljava.lang.String;)V
jester.RealMutationsList:RealMutationsList(Ljava.lang.String;Ljava.io.PrintStream;)V
jester.RealReport:changeThatDidNotCauseTestsToFail(ILjava.lang.String;Ljava.lang.String;)V
jester.tests.MockTestRunner:testsRunWithoutFailures()Z
jester.MainArguments:setTestClassFromArguments(Ljava.util.List;)V | STATEMENT | 3099 | stmt -> ;
jester.RealReport:totalScore()I
jester.MainArguments:MainArguments([Ljava.lang.String;Ljester.FileExistenceChecker;)V
jester.RealReport:totalNumberOfChanges()I | OPERATOR | 5427 | + -> /
jester.RealMutationsList:visitLine(Ljava.lang.String;Ljester.MutationMaker;)V | CONSTANT | 2351 | 0 -> 1
jester.tests.ReportItemTest:newReportItem(Ljava.lang.String;Ljava.lang.String;Ljava.lang.String;I)Ljester.ReportItem;
jester.tests.MainArgumentsTest.2:exists(Ljava.lang.String;)Z
jester.tests.TestConfiguration:TestConfiguration()V
jester.JesterArgumentException:JesterArgumentException(Ljava.lang.String;)V
jester.MainArguments:setDirectoriesOrFilesToMutateFromArguments(Ljava.util.List;)V
jester.SourceChangeException:SourceChangeException(Ljava.lang.String;)V
jester.RealLogger:RealLogger()V
jester.tests.MockClassSourceChanger:setThrowExceptionOnFirstChangeAttempt(Z)V
jester.tests.ReportTest:startFile(Ljester.Report;Ljava.lang.String;Ljava.lang.String;)V
jester.tests.MockClassIterator:verify()V
jester.MainArguments:shouldShowProgressDialog()Z
jester.tests.ReportItemTest:lineNumberForCharacterIndex(Ljava.lang.String;I)I
jester.RealConfiguration:compilationCommand()Ljava.lang.String;
jester.tests.IgnoreListTest:ignorePair(Ljava.lang.String;Ljava.lang.String;)Ljester.IgnorePair;
jester.tests.MockClassIterator:iterate(Ljester.ClassTestTester;)V
jester.tests.acceptancetests.VeryTested:turnIntoInfiniteLoop()V
jester.MainArguments:checkDirectoriesOrFilesToMutateExist()V
jester.MainArguments:getTestClassName()Ljava.lang.String;
jester.IgnoreListDocument:IgnoreListDocument(Ljava.lang.String;Ljester.IgnoreList;)V
jester.tests.MockClassIterator:MockClassIterator()V
jester.tests.acceptancetests.VeryTested:mustNotBeEqual()Z
jester.RealReport:changeThatCausedTestsToFail(ILjava.lang.String;Ljava.lang.String;)V
jester.IgnoreList:ignorePairs()Ljava.util.List; | CONSTANT | 432 | 0 -> -1
jester.MainArguments:setOptionalClasspathFromArguments(Ljava.util.List;)V | CONDITION | 3770 | if (x) -> if (!x)
jester.RealConfiguration:stringProperty(Ljava.lang.String;Ljava.lang.String;)Ljava.lang.String; | CONDITION | 1755 | if (x) -> if (!x)
jester.tests.MockMutationMaker:addExpectedMutateValues(Ljava.lang.String;Ljava.lang.String;)V
jester.tests.acceptancetests.VeryTested:mustIncrement(I)I
jester.tests.MainArgumentsTest:checkThatClasspathArgumentCanAppearInAnyOrder([Ljava.lang.String;)V
jester.MainArguments:readArguments([Ljava.lang.String;)V
jester.tests.acceptancetests.VeryTested:mustReturnOne()I
jester.MainArguments:setOptionalShouldShowProgressDialogFromArguments(Ljava.util.List;)V
jester.RealMutationsList:visit(Ljester.MutationMaker;)V | STATEMENT | 1204 | stmt -> ;
jester.tests.acceptancetests.VeryTested:mustDecrement(I)I
jester.tests.functionaltests.VeryTested:VeryTested()V
jester.tests.acceptancetests.VeryTested:mustTakeCorrectBranchFor(Z)I | CONSTANT | 578 | 1 -> 0

#matrix (1 line per test, in order of tests): { mut_index, ' ', mut_call_count, ' ' }
57 1 26 1 
57 1 19 1 26 1 48 1 
57 1 19 1 26 1 48 1 
57 1 19 1 26 1 48 1 
57 1 19 1 26 1 48 1 
57 1 26 1 
0 1 4 1 40 1 7 1 15 1 29 1 
0 1 22 1 14 1 15 1 49 1 24 1 44 1 4 1 7 1 29 1 54 1 
57 1 26 1 35 1 16 1 53 1 
57 1 46 1 26 1 35 1 16 1 53 1 
57 1 46 1 26 1 35 1 16 1 53 1 
57 1 25 1 5 1 18 1 26 1 16 1 53 1 
57 1 25 1 5 1 18 1 26 1 16 1 53 1 
57 1 11 1 13 1 26 1 43 1 16 1 53 1 37 1 21 1 
57 1 11 1 13 1 26 1 43 1 16 1 53 1 37 1 21 1 
57 1 11 1 13 1 26 1 43 1 16 1 53 1 37 1 21 1 
57 1 11 1 13 1 26 1 43 1 16 1 53 1 37 1 
57 1 11 1 13 1 26 1 43 1 16 1 53 1 37 1 21 1 
11 1 13 1 33 1 31 1 37 1 21 1 
57 1 11 1 13 1 26 1 43 1 16 1 53 1 37 1 21 1 
57 1 11 1 13 1 26 1 43 1 16 1 53 1 37 1 
57 1 11 1 13 1 26 1 43 1 16 1 53 1 37 1 
57 1 11 1 13 1 26 1 43 1 16 1 53 1 37 1 21 1 
57 1 11 1 13 1 26 1 43 1 16 1 53 1 37 1 21 1 
11 1 40 2 13 1 28 1 56 1 37 1 21 1 
12 1 66 1 27 1 10 1 60 1 
12 1 23 1 34 1 27 1 10 1 60 1 
12 1 23 1 34 1 27 1 10 1 60 1 
30 1 32 1 63 1 
38 1 58 1 39 1 51 1 65 1 30 1 36 1 32 1 63 1 
39 1 30 1 32 1 63 1 58 1 65 1 51 1 6 1 52 1 9 1 20 1 
39 1 30 1 32 1 63 1 58 1 65 1 51 1 6 1 52 1 9 1 20 1 
39 1 30 1 32 1 63 1 58 1 6 1 65 1 51 1 52 1 9 1 20 1 
45 1 58 1 39 1 51 1 65 1 30 1 20 1 32 1 63 1 
39 1 30 1 62 1 32 1 63 1 58 1 6 1 65 1 51 1 52 1 9 1 20 1 
39 1 30 1 62 1 32 1 63 1 58 1 6 1 65 1 51 1 52 1 9 1 20 1 
39 1 30 1 62 1 32 1 63 1 58 1 6 1 65 1 51 1 52 1 9 1 20 1 
39 1 30 1 62 1 32 1 63 1 58 1 6 1 65 1 51 1 52 1 9 1 20 1 
1 1 41 1 59 1 47 1 
57 1 26 1 16 1 53 1 2 1 
57 1 25 1 5 1 18 1 26 1 16 1 53 1 
57 1 25 1 5 1 18 1 26 1 42 1 16 1 53 1 
57 1 25 1 5 1 18 1 26 1 42 1 16 1 53 1 
57 1 25 1 5 1 18 1 26 1 16 1 53 1 
57 1 25 1 5 1 18 1 26 1 16 1 53 1 
57 1 25 1 5 1 18 1 26 1 16 1 53 1 
57 1 26 1 16 1 53 1 
57 1 26 1 16 1 53 1 
57 1 26 1 16 1 53 1 
57 1 25 1 5 1 4 1 7 1 18 1 26 1 16 1 53 1 
57 1 25 1 5 1 4 1 7 1 18 1 26 1 16 1 53 1 
57 1 25 1 5 1 4 1 18 1 26 1 16 1 53 1 
57 1 25 1 5 1 4 1 18 1 26 1 16 1 53 1 
57 1 25 1 5 1 4 1 18 1 26 1 16 1 53 1 
3 1 
69 1 
69 1 
67 1 
8 1 
61 1 
50 1 
64 1 
55 1 
17 1 68 1 
