#tests: test_name, ' ', status(PASSED | FAILED | ERROR), ' ', [exception, { trace_mut_index | '(', { alternative_trace_mut_index, ',' }, ')' }]
jester.tests.IgnoreListTest:testReadingEmptyIgnoreValues()V ERROR java.lang.ArrayIndexOutOfBoundsException 35 
jester.tests.IgnoreListTest:testReadingIgnoreValues()V ERROR java.lang.ArrayIndexOutOfBoundsException 35 
jester.tests.IgnoreListTest:testReadingIgnoreValuesEndOfLineSpecialCase()V ERROR java.lang.ArrayIndexOutOfBoundsException 35 
jester.tests.IgnoreListTest:testReadingMultipleIgnoreValues()V ERROR java.lang.ArrayIndexOutOfBoundsException 35 
jester.tests.IgnoreListTest:testReadingMultipleIgnoreBlankLines()V ERROR java.lang.ArrayIndexOutOfBoundsException 35 
jester.tests.IgnoreListTest:testReadingIncorrectFile()V PASSED
jester.tests.TestTesterTest:testTestsMustStartOffWorking()V PASSED
jester.tests.TestTesterTest:testThatTestRunByIterator()V ERROR jester.SourceChangeException 0 
jester.tests.ReportItemTest:testXmlEncoding()V ERROR java.lang.ArrayIndexOutOfBoundsException 35 21 54 
jester.tests.ReportItemTest:testLineNumberOneLine()V ERROR java.lang.ArrayIndexOutOfBoundsException 35 21 54 6 
jester.tests.ReportItemTest:testLineNumberSomeLines()V ERROR java.lang.ArrayIndexOutOfBoundsException 35 21 54 6 
jester.tests.TwoStringSwappingCodeManglerTest:testCouldntMangle()V ERROR java.lang.ArrayIndexOutOfBoundsException 35 21 (42,51) (42,51) 
jester.tests.TwoStringSwappingCodeManglerTest:testSimpleMangle1()V ERROR java.lang.ArrayIndexOutOfBoundsException 35 21 (42,51) (42,51) 
jester.tests.ReportTest:testBottomScore()V ERROR java.lang.ArrayIndexOutOfBoundsException 35 21 12 
jester.tests.ReportTest:testCantFinishDifferentFile()V ERROR java.lang.ArrayIndexOutOfBoundsException 35 21 12 
jester.tests.ReportTest:testCantStartTwoFiles()V ERROR java.lang.ArrayIndexOutOfBoundsException 35 21 12 
jester.tests.ReportTest:testChangesToSameFileOrderedByIndex()V ERROR java.lang.ArrayIndexOutOfBoundsException 35 21 12 
jester.tests.ReportTest:testFileScoreSeparateFromTotalScore()V ERROR java.lang.ArrayIndexOutOfBoundsException 35 21 12 
jester.tests.ReportTest:testInitialScore()V ERROR java.lang.NullPointerException 
jester.tests.ReportTest:testMediumScore()V ERROR java.lang.ArrayIndexOutOfBoundsException 35 21 12 
jester.tests.ReportTest:testThatChangeThatCausedTestsToFailIsNotIncluded()V ERROR java.lang.ArrayIndexOutOfBoundsException 35 21 12 
jester.tests.ReportTest:testThatChangeThatDidNotCauseTestsToFailIsIncluded()V ERROR java.lang.ArrayIndexOutOfBoundsException 35 21 12 
jester.tests.ReportTest:testTopScore()V ERROR java.lang.ArrayIndexOutOfBoundsException 35 21 12 
jester.tests.ReportTest:testTotalScoreForManyFiles()V ERROR java.lang.ArrayIndexOutOfBoundsException 35 21 12 
jester.tests.ReportTest:testFileMustBeStarted()V ERROR java.lang.NullPointerException 
jester.tests.MutationsListTest:testDefaults()V ERROR java.lang.NullPointerException (16,38) 
jester.tests.MutationsListTest:testReadMutations()V FAILED junit.framework.AssertionFailedError 20 
jester.tests.MutationsListTest:testReadMutationsIgnoreBogusLinesIncludingBlankOnes()V FAILED junit.framework.AssertionFailedError 20 
jester.tests.MainArgumentsTest:testMissingArgumentsCauseExceptionToBeThrown()V PASSED
jester.tests.MainArgumentsTest:testMissingFileCauseExceptionToBeThrown()V ERROR java.lang.IndexOutOfBoundsException 45 41 
jester.tests.MainArgumentsTest:testMandatoryArguments()V ERROR java.lang.IndexOutOfBoundsException 45 41 
jester.tests.MainArgumentsTest:testThatMultipleMutationDirectoriesOrFilesAreAllowed()V ERROR java.lang.IndexOutOfBoundsException 45 41 
jester.tests.MainArgumentsTest:testClasspathArgument()V ERROR java.lang.IndexOutOfBoundsException 45 41 
jester.tests.MainArgumentsTest:testThatOneCanSpecifyOptionToNotShowProgressDialog()V ERROR java.lang.IndexOutOfBoundsException 45 41 
jester.tests.MainArgumentsTest:testThatClasspathArgumentCanAppearFirst()V ERROR java.lang.NullPointerException 29 
jester.tests.MainArgumentsTest:testThatClasspathArgumentCanAppearSecond()V ERROR java.lang.NullPointerException 29 
jester.tests.MainArgumentsTest:testThatClasspathArgumentCanAppearLast()V ERROR java.lang.NullPointerException 29 
jester.tests.MainArgumentsTest:testThatClasspathArgumentCanAppearInMiddleOfDirectoriesBecauseThereIsNoHarmInIt()V ERROR java.lang.NullPointerException 29 
jester.tests.ConfigurationTest:testDefaults()V ERROR junit.framework.ComparisonFailure 
jester.tests.XMLReportWriterTest:testWritingChangesAsXMLHasBothGivenAndAbsoluteFilePaths()V ERROR java.lang.ArrayIndexOutOfBoundsException 35 21 
jester.tests.SimpleIntCodeManglerTest:testCouldntMangle()V ERROR java.lang.ArrayIndexOutOfBoundsException 35 21 (42,51) (42,51) 
jester.tests.SimpleIntCodeManglerTest:testContinuesIfChangeFails()V ERROR java.lang.ArrayIndexOutOfBoundsException 35 21 (42,51) (42,51) 
jester.tests.SimpleIntCodeManglerTest:testContinuesIfChangeSucceeds()V ERROR java.lang.ArrayIndexOutOfBoundsException 35 21 (42,51) (42,51) 
jester.tests.SimpleIntCodeManglerTest:testDoesntTryToChangeBadlyNamedMethodCalls()V ERROR java.lang.ArrayIndexOutOfBoundsException 35 21 (42,51) (42,51) 
jester.tests.SimpleIntCodeManglerTest:testSimpleMangle()V ERROR java.lang.ArrayIndexOutOfBoundsException 35 21 (42,51) (42,51) 
jester.tests.SimpleIntCodeManglerTest:testBug955882()V ERROR java.lang.ArrayIndexOutOfBoundsException 35 21 (42,51) (42,51) 
jester.tests.IgnoreListDocumentTest:testTextIsIgnored()V ERROR java.lang.ArrayIndexOutOfBoundsException 35 21 
jester.tests.IgnoreListDocumentTest:testTextIsIgnoredForMultipleIgnores()V ERROR java.lang.ArrayIndexOutOfBoundsException 35 21 
jester.tests.IgnoreListDocumentTest:testCharAtReturnsSpaceInsideIgnoreRegion()V ERROR java.lang.ArrayIndexOutOfBoundsException 35 21 
jester.tests.ClassTestTesterTest:testThatChangeThatFailsTestsIsNotRecorded()V ERROR java.lang.ArrayIndexOutOfBoundsException 35 21 (42,51) (42,51) 
jester.tests.ClassTestTesterTest:testThatChangeThatPassesTestsIsRecorded()V ERROR java.lang.ArrayIndexOutOfBoundsException 35 21 (42,51) (42,51) 
jester.tests.ClassTestTesterTest:testThatOriginalContentsAreNotWrittenBackIfNoChanges()V ERROR java.lang.ArrayIndexOutOfBoundsException 35 21 (42,51) (42,51) 
jester.tests.ClassTestTesterTest:testThatOriginalContentsAreWrittenBack()V ERROR java.lang.ArrayIndexOutOfBoundsException 35 21 (42,51) (42,51) 
jester.tests.ClassTestTesterTest:testThatMutationListIsUsed()V ERROR java.lang.ArrayIndexOutOfBoundsException 35 21 (42,51) (42,51) 
jester.tests.acceptancetests.VeryTestedTest:testBoolean()V PASSED
jester.tests.acceptancetests.VeryTestedTest:testConditionFalseBranch()V PASSED
jester.tests.acceptancetests.VeryTestedTest:testConditionTrueBranch()V PASSED
jester.tests.acceptancetests.VeryTestedTest:testDecrement()V PASSED
jester.tests.acceptancetests.VeryTestedTest:testEqual()V PASSED
jester.tests.acceptancetests.VeryTestedTest:testIncrement()V PASSED
jester.tests.acceptancetests.VeryTestedTest:testInfiniteLoop()V PASSED
jester.tests.acceptancetests.VeryTestedTest:testInt()V PASSED
jester.tests.acceptancetests.VeryTestedTest:testNotEqual()V PASSED
jester.tests.functionaltests.VeryTestedTest:testNumber()V PASSED

#uuts: uut_name, [ '|', mutator_class, '|', change_position_in_file_buffer, '|', change ]
jester.TestTester:run()V | STATEMENT | 5225 | stmt -> ;
jester.tests.MockClassIterator:setExpectedIterate(Ljester.ClassTestTester;)V
jester.SourceChangeException:SourceChangeException(Ljava.lang.String;)V
jester.IgnorePair:IgnorePair(Ljava.lang.String;Ljava.lang.String;)V
jester.IgnoreListDocument:IgnoreListDocument(Ljava.lang.String;Ljester.IgnoreList;)V
jester.tests.IgnoreListTest:ignorePair(Ljava.lang.String;Ljava.lang.String;)Ljester.IgnorePair;
jester.tests.ReportItemTest:lineNumberForCharacterIndex(Ljava.lang.String;I)I
jester.tests.acceptancetests.VeryTested:mustReturnTrue()Z
jester.MainArguments:MainArguments([Ljava.lang.String;Ljester.FileExistenceChecker;)V
jester.tests.acceptancetests.VeryTested:mustDecrement(I)I
jester.tests.MockClassSourceChanger:MockClassSourceChanger()V
jester.RealMutationsList:RealMutationsList(Ljava.lang.String;Ljava.io.PrintStream;)V | STATEMENT | 366 | stmt -> ;
jester.tests.ReportTest:startFile(Ljester.Report;Ljava.lang.String;Ljava.lang.String;)V
jester.tests.MockMutationMaker:MockMutationMaker()V
jester.tests.TestConfiguration:TestConfiguration()V
jester.RealConfiguration:RealConfiguration(Ljava.lang.String;Ljava.io.PrintStream;)V
jester.RealMutationsList:visit(Ljester.MutationMaker;)V
jester.RealConfiguration:stringProperty(Ljava.lang.String;Ljava.lang.String;)Ljava.lang.String; | CONDITION | 1755 | if (x) -> if (!x)
jester.RealLogger:RealLogger()V
jester.tests.ReportTest:newRealReport()Ljester.Report; | RETURN | 579 | return null
jester.tests.MockMutationMaker:verify()V
jester.IgnoreListDocument:calculateIgnoreRegions()V
jester.tests.acceptancetests.VeryTested:turnIntoInfiniteLoop()V
jester.ConfigurationException:ConfigurationException(Ljava.lang.String;)V
jester.tests.MockTestRunner:setTestsRunWithoutFailures(Z)V | STATEMENT | 258 | stmt -> ;
jester.tests.acceptancetests.VeryTested:mustNotBeEqual()Z
jester.tests.MockClassIterator:setExpectedIterateCalls(I)V
jester.TestTester:TestTester(Ljester.TestRunner;Ljester.ClassIterator;Ljester.ClassTestTester;)V
jester.tests.MockClassTestTester:MockClassTestTester()V
jester.tests.MainArgumentsTest:checkThatClasspathArgumentCanAppearInAnyOrder([Ljava.lang.String;)V | ASSIGN | 4057 | = null
jester.tests.acceptancetests.VeryTested:mustTakeCorrectBranchFor(Z)I
jester.MainArguments:setTestClassFromArguments(Ljava.util.List;)V
jester.RealConfiguration:compilationCommand()Ljava.lang.String;
jester.tests.ReportTest:newRealReport(Ljava.io.PrintWriter;)Ljester.Report;
jester.tests.MockTestRunner:testsRunWithoutFailures()Z
jester.IgnoreList:ignorePairs()Ljava.util.List; | OPERATOR | 453 | ++ -> --
jester.tests.acceptancetests.VeryTested:mustIncrement(I)I
jester.tests.acceptancetests.VeryTested:mustReturnOne()I
jester.RealMutationsList:visit(Ljava.io.BufferedReader;Ljester.MutationMaker;)V | OPERATOR | 687 | != -> ==
jester.RealXMLReportWriter:RealXMLReportWriter(Ljava.io.Writer;)V
jester.IgnoreList:IgnoreList(Ljava.lang.String;)V
jester.MainArguments:readArguments([Ljava.lang.String;)V
jester.tests.MockClassSourceChanger:setOriginalContents(Ljava.lang.String;Ljester.IgnoreList;)V
jester.tests.MockClassSourceChanger:setThrowExceptionOnFirstChangeAttempt(Z)V
jester.JesterArgumentException:JesterArgumentException(Ljava.lang.String;)V
jester.MainArguments:setDirectoriesOrFilesToMutateFromArguments(Ljava.util.List;)V | STATEMENT | 3504 | stmt -> ;
jester.tests.functionaltests.VeryTested:VeryTested()V
jester.tests.MockTestRunner:MockTestRunner()V
jester.tests.functionaltests.VeryTested:mustReturnOne()I
jester.tests.MockClassIterator:MockClassIterator()V
jester.tests.MockMutationMaker:addExpectedMutateValues(Ljava.lang.String;Ljava.lang.String;)V
jester.tests.MockClassSourceChanger:setOriginalContents(Ljava.lang.String;)V
jester.tests.acceptancetests.VeryTested:mustBeEqual()Z
jester.RealReport:RealReport(Ljester.Configuration;Ljava.io.PrintWriter;Ljester.XMLReportWriter;Ljester.ProgressReporter;)V
jester.tests.ReportItemTest:newReportItem(Ljava.lang.String;Ljava.lang.String;Ljava.lang.String;I)Ljester.ReportItem;

#matrix (1 line per test, in order of tests): { mut_index, ' ', mut_call_count, ' ' }
40 1 35 1 
40 1 35 1 3 2 5 1 
40 1 35 1 3 2 5 1 
40 1 35 1 3 2 5 1 
40 1 35 1 3 2 5 1 
40 1 2 1 23 1 35 1 
0 1 27 1 2 1 34 1 24 1 47 1 
0 1 1 1 27 1 2 1 28 1 34 1 24 1 47 1 26 1 49 1 
40 1 35 1 4 1 21 1 54 1 
40 1 35 1 4 1 6 1 21 1 54 1 
40 1 35 1 4 1 6 1 21 1 54 1 
40 1 42 1 10 1 35 1 4 1 51 1 21 1 
40 1 42 1 10 1 35 1 4 1 51 1 21 1 
40 1 12 1 35 1 4 1 19 1 21 1 
40 1 12 1 35 1 4 1 19 1 21 1 
40 1 12 1 35 1 4 1 19 1 21 1 
40 1 33 1 12 1 35 1 4 1 14 1 53 1 21 1 
40 1 12 1 35 1 4 1 19 1 21 1 
19 1 
40 1 12 1 35 1 4 1 19 1 21 1 
40 1 33 1 12 1 35 1 4 1 14 1 53 1 21 1 
40 1 33 1 12 1 35 1 4 1 14 1 53 1 21 1 
40 1 12 1 35 1 4 1 19 1 21 1 
40 1 12 1 35 1 4 1 19 1 21 1 
19 1 
16 1 50 1 11 1 13 1 
20 1 50 1 11 1 13 1 38 1 
20 1 50 1 11 1 13 1 38 1 
41 1 44 2 45 1 31 1 8 1 
41 1 45 1 31 1 8 1 
41 1 45 1 31 1 8 1 
41 1 45 1 31 1 8 1 
41 1 45 1 31 1 8 1 
41 1 45 1 31 1 8 1 
29 1 
29 1 
29 1 
29 1 
15 1 17 1 18 1 32 1 
40 1 35 1 4 1 39 1 21 1 
40 1 42 1 10 1 35 1 4 1 51 1 21 1 
40 1 42 1 10 1 43 1 35 1 4 1 51 1 21 1 
40 1 42 1 10 1 43 1 35 1 4 1 51 1 21 1 
40 1 42 1 10 1 35 1 4 1 51 1 21 1 
40 1 42 1 10 1 35 1 4 1 51 1 21 1 
40 1 42 1 10 1 35 1 4 1 51 1 21 1 
40 1 3 1 35 1 4 1 21 1 
40 1 3 1 35 1 4 1 21 1 
40 1 3 1 35 1 4 1 21 1 
40 1 42 1 10 1 35 1 4 1 51 1 24 1 21 1 47 1 
40 1 42 1 10 1 35 1 4 1 51 1 24 1 21 1 47 1 
40 1 42 1 10 1 35 1 4 1 51 1 21 1 47 1 
40 1 42 1 10 1 35 1 4 1 51 1 21 1 47 1 
40 1 42 1 10 1 35 1 4 1 51 1 21 1 47 1 
7 1 
30 1 
30 1 
9 1 
52 1 
36 1 
22 1 
37 1 
25 1 
48 1 46 1 
