#tests: test_name, ' ', status(PASSED | FAILED | ERROR), ' ', [exception, { trace_mut_index | '(', { alternative_trace_mut_index, ',' }, ')' }]
jester.tests.IgnoreListTest:testReadingEmptyIgnoreValues()V ERROR java.lang.StringIndexOutOfBoundsException 44 
jester.tests.IgnoreListTest:testReadingIgnoreValues()V PASSED
jester.tests.IgnoreListTest:testReadingIgnoreValuesEndOfLineSpecialCase()V PASSED
jester.tests.IgnoreListTest:testReadingMultipleIgnoreValues()V PASSED
jester.tests.IgnoreListTest:testReadingMultipleIgnoreBlankLines()V ERROR java.lang.StringIndexOutOfBoundsException 44 
jester.tests.IgnoreListTest:testReadingIncorrectFile()V PASSED
jester.tests.TestTesterTest:testTestsMustStartOffWorking()V ERROR java.lang.NullPointerException 18 
jester.tests.TestTesterTest:testThatTestRunByIterator()V ERROR jester.SourceChangeException 18 
jester.tests.ReportItemTest:testXmlEncoding()V ERROR java.lang.StringIndexOutOfBoundsException 44 (14,26) 58 
jester.tests.ReportItemTest:testLineNumberOneLine()V ERROR java.lang.StringIndexOutOfBoundsException 44 (14,26) 58 17 
jester.tests.ReportItemTest:testLineNumberSomeLines()V ERROR java.lang.StringIndexOutOfBoundsException 44 (14,26) 58 17 
jester.tests.TwoStringSwappingCodeManglerTest:testCouldntMangle()V ERROR java.lang.StringIndexOutOfBoundsException 44 (14,26) (33,64) (33,64) 
jester.tests.TwoStringSwappingCodeManglerTest:testSimpleMangle1()V ERROR java.lang.StringIndexOutOfBoundsException 44 (14,26) (33,64) (33,64) 
jester.tests.ReportTest:testBottomScore()V ERROR jester.SourceChangeException 16 
jester.tests.ReportTest:testCantFinishDifferentFile()V ERROR java.lang.NullPointerException 21 
jester.tests.ReportTest:testCantStartTwoFiles()V FAILED junit.framework.AssertionFailedError 
jester.tests.ReportTest:testChangesToSameFileOrderedByIndex()V ERROR jester.SourceChangeException 16 
jester.tests.ReportTest:testFileScoreSeparateFromTotalScore()V ERROR jester.SourceChangeException 43 
jester.tests.ReportTest:testInitialScore()V PASSED
jester.tests.ReportTest:testMediumScore()V ERROR jester.SourceChangeException 43 
jester.tests.ReportTest:testThatChangeThatCausedTestsToFailIsNotIncluded()V ERROR jester.SourceChangeException 43 
jester.tests.ReportTest:testThatChangeThatDidNotCauseTestsToFailIsIncluded()V ERROR jester.SourceChangeException 16 
jester.tests.ReportTest:testTopScore()V ERROR jester.SourceChangeException 43 
jester.tests.ReportTest:testTotalScoreForManyFiles()V ERROR jester.SourceChangeException 43 
jester.tests.ReportTest:testFileMustBeStarted()V PASSED
jester.tests.MutationsListTest:testDefaults()V FAILED junit.framework.AssertionFailedError 13 (7,40) 
jester.tests.MutationsListTest:testReadMutations()V ERROR java.lang.ArrayIndexOutOfBoundsException 27 (7,40) 
jester.tests.MutationsListTest:testReadMutationsIgnoreBogusLinesIncludingBlankOnes()V ERROR java.lang.ArrayIndexOutOfBoundsException 27 (7,40) 
jester.tests.MainArgumentsTest:testMissingArgumentsCauseExceptionToBeThrown()V PASSED
jester.tests.MainArgumentsTest:testMissingFileCauseExceptionToBeThrown()V ERROR java.lang.NullPointerException 31 70 
jester.tests.MainArgumentsTest:testMandatoryArguments()V ERROR java.lang.NullPointerException 31 70 
jester.tests.MainArgumentsTest:testThatMultipleMutationDirectoriesOrFilesAreAllowed()V ERROR jester.JesterArgumentException 29 70 
jester.tests.MainArgumentsTest:testClasspathArgument()V ERROR java.lang.NullPointerException 31 70 
jester.tests.MainArgumentsTest:testThatOneCanSpecifyOptionToNotShowProgressDialog()V ERROR java.lang.NullPointerException 31 70 
jester.tests.MainArgumentsTest:testThatClasspathArgumentCanAppearFirst()V ERROR jester.JesterArgumentException 29 70 37 
jester.tests.MainArgumentsTest:testThatClasspathArgumentCanAppearSecond()V ERROR jester.JesterArgumentException 29 70 37 
jester.tests.MainArgumentsTest:testThatClasspathArgumentCanAppearLast()V ERROR jester.JesterArgumentException 29 70 37 
jester.tests.MainArgumentsTest:testThatClasspathArgumentCanAppearInMiddleOfDirectoriesBecauseThereIsNoHarmInIt()V ERROR jester.JesterArgumentException 29 70 37 
jester.tests.ConfigurationTest:testDefaults()V ERROR junit.framework.ComparisonFailure 
jester.tests.XMLReportWriterTest:testWritingChangesAsXMLHasBothGivenAndAbsoluteFilePaths()V ERROR java.lang.StringIndexOutOfBoundsException 44 (14,26) 
jester.tests.SimpleIntCodeManglerTest:testCouldntMangle()V ERROR java.lang.StringIndexOutOfBoundsException 44 (14,26) (33,64) (33,64) 
jester.tests.SimpleIntCodeManglerTest:testContinuesIfChangeFails()V ERROR java.lang.StringIndexOutOfBoundsException 44 (14,26) (33,64) (33,64) 
jester.tests.SimpleIntCodeManglerTest:testContinuesIfChangeSucceeds()V ERROR java.lang.StringIndexOutOfBoundsException 44 (14,26) (33,64) (33,64) 
jester.tests.SimpleIntCodeManglerTest:testDoesntTryToChangeBadlyNamedMethodCalls()V ERROR java.lang.StringIndexOutOfBoundsException 44 (14,26) (33,64) (33,64) 
jester.tests.SimpleIntCodeManglerTest:testSimpleMangle()V ERROR java.lang.StringIndexOutOfBoundsException 44 (14,26) (33,64) (33,64) 
jester.tests.SimpleIntCodeManglerTest:testBug955882()V ERROR java.lang.StringIndexOutOfBoundsException 44 (14,26) (33,64) (33,64) 
jester.tests.IgnoreListDocumentTest:testTextIsIgnored()V ERROR java.lang.NullPointerException (14,26) (14,26) 
jester.tests.IgnoreListDocumentTest:testTextIsIgnoredForMultipleIgnores()V ERROR java.lang.NullPointerException (14,26) (14,26) 
jester.tests.IgnoreListDocumentTest:testCharAtReturnsSpaceInsideIgnoreRegion()V ERROR java.lang.NullPointerException (14,26) (14,26) 
jester.tests.ClassTestTesterTest:testThatChangeThatFailsTestsIsNotRecorded()V ERROR java.lang.StringIndexOutOfBoundsException 44 (14,26) (33,64) (33,64) 
jester.tests.ClassTestTesterTest:testThatChangeThatPassesTestsIsRecorded()V ERROR java.lang.StringIndexOutOfBoundsException 44 (14,26) (33,64) (33,64) 
jester.tests.ClassTestTesterTest:testThatOriginalContentsAreNotWrittenBackIfNoChanges()V ERROR java.lang.StringIndexOutOfBoundsException 44 (14,26) (33,64) (33,64) 
jester.tests.ClassTestTesterTest:testThatOriginalContentsAreWrittenBack()V ERROR java.lang.StringIndexOutOfBoundsException 44 (14,26) (33,64) (33,64) 
jester.tests.ClassTestTesterTest:testThatMutationListIsUsed()V ERROR java.lang.StringIndexOutOfBoundsException 44 (14,26) (33,64) (33,64) 
jester.tests.acceptancetests.VeryTestedTest:testBoolean()V PASSED
jester.tests.acceptancetests.VeryTestedTest:testConditionFalseBranch()V PASSED
jester.tests.acceptancetests.VeryTestedTest:testConditionTrueBranch()V PASSED
jester.tests.acceptancetests.VeryTestedTest:testDecrement()V PASSED
jester.tests.acceptancetests.VeryTestedTest:testEqual()V PASSED
jester.tests.acceptancetests.VeryTestedTest:testIncrement()V PASSED
jester.tests.acceptancetests.VeryTestedTest:testInfiniteLoop()V PASSED
jester.tests.acceptancetests.VeryTestedTest:testInt()V FAILED junit.framework.AssertionFailedError 
jester.tests.acceptancetests.VeryTestedTest:testNotEqual()V PASSED
jester.tests.functionaltests.VeryTestedTest:testNumber()V PASSED

#uuts: uut_name, [ '|', mutator_class, '|', change_position_in_file_buffer, '|', change ]
jester.RealLogger:RealLogger()V
jester.IgnoreListDocument:IgnoreListDocument(Ljava.lang.String;Ljester.IgnoreList;)V
jester.tests.MockTestRunner:MockTestRunner()V
jester.tests.ReportTest:newRealReport()Ljester.Report;
jester.tests.MockClassIterator:setExpectedIterateCalls(I)V
jester.tests.acceptancetests.VeryTested:mustTakeCorrectBranchFor(Z)I
jester.tests.IgnoreListTest:ignorePair(Ljava.lang.String;Ljava.lang.String;)Ljester.IgnorePair;
jester.RealMutationsList:visit(Ljester.MutationMaker;)V | STATEMENT | 1159 | stmt -> ;
jester.IgnorePair:equals(Ljava.lang.Object;)Z
jester.tests.functionaltests.VeryTested:VeryTested()V
jester.RealReport:fileNumberOfChangesThatDidNotCauseTestsToFail()I
jester.JesterArgumentException:JesterArgumentException(Ljava.lang.String;)V
jester.RealReport:fileScore()I
jester.tests.MockMutationMaker:mutate(Ljava.lang.String;Ljava.lang.String;)V
jester.IgnoreListDocument:calculateIgnoreRegions()V
jester.IgnorePair:equals(Ljester.IgnorePair;)Z
jester.RealReport:changeThatDidNotCauseTestsToFail(ILjava.lang.String;Ljava.lang.String;)V | ASSIGN | 3291 | = null
jester.tests.ReportItemTest:lineNumberForCharacterIndex(Ljava.lang.String;I)I
jester.TestTester:run()V | CONDITION | 5014 | if (x) -> if (!x)
jester.IgnorePair:IgnorePair(Ljava.lang.String;Ljava.lang.String;)V
jester.tests.MockTestRunner:setTestsRunWithoutFailures(Z)V
jester.RealReport:finishFile(Ljava.lang.String;)V
jester.tests.acceptancetests.VeryTested:turnIntoInfiniteLoop()V
jester.RealReport:fileNumberOfChanges()I
jester.tests.MockClassSourceChanger:setThrowExceptionOnFirstChangeAttempt(Z)V | STATEMENT | 2243 | stmt -> ;
jester.tests.TestConfiguration:TestConfiguration()V
jester.IgnoreListDocument:calculateIgnoreRegions(Ljester.IgnorePair;)V
jester.RealMutationsList:visitLine(Ljava.lang.String;Ljester.MutationMaker;)V | CONSTANT | 2060 | 2 -> 1
jester.MainArguments:MainArguments([Ljava.lang.String;Ljester.FileExistenceChecker;)V
jester.MainArguments:setDirectoriesOrFilesToMutateFromArguments(Ljava.util.List;)V | OPERATOR | 3338 | < -> !=
jester.tests.MockClassIterator:setExpectedIterate(Ljester.ClassTestTester;)V
jester.MainArguments:setOptionalClasspathFromArguments(Ljava.util.List;)V | ASSIGN | 3683 | = null
jester.RealReport:RealReport(Ljester.Configuration;Ljava.io.PrintWriter;Ljester.XMLReportWriter;Ljester.ProgressReporter;)V | STATEMENT | 819 | stmt -> ;
jester.tests.MockClassSourceChanger:setOriginalContents(Ljava.lang.String;Ljester.IgnoreList;)V
jester.tests.MockMutationMaker:addExpectedMutateValues(Ljava.lang.String;Ljava.lang.String;)V
jester.RealMutationsList:RealMutationsList(Ljava.lang.String;Ljava.io.PrintStream;)V
jester.MainArguments:setTestClassFromArguments(Ljava.util.List;)V
jester.tests.MainArgumentsTest:checkThatClasspathArgumentCanAppearInAnyOrder([Ljava.lang.String;)V
jester.IgnorePair:getEnd()Ljava.lang.String;
jester.RealConfiguration:stringProperty(Ljava.lang.String;Ljava.lang.String;)Ljava.lang.String; | RETURN | 1788 | return null
jester.RealMutationsList:visit(Ljava.io.BufferedReader;Ljester.MutationMaker;)V
jester.tests.MockMutationMaker:MockMutationMaker()V
jester.RealReport:totalScore()I
jester.RealReport:changeThatCausedTestsToFail(ILjava.lang.String;Ljava.lang.String;)V | ASSIGN | 2644 | = null
jester.IgnoreList:ignorePairs()Ljava.util.List; | STATEMENT | 492 | stmt -> ;
jester.RealReport:totalNumberOfChanges()I
jester.tests.MockClassSourceChanger:MockClassSourceChanger()V
jester.RealConfiguration:compilationCommand()Ljava.lang.String;
jester.tests.MockTestRunner:testsRunWithoutFailures()Z
jester.TestTester:TestTester(Ljester.TestRunner;Ljester.ClassIterator;Ljester.ClassTestTester;)V
jester.tests.acceptancetests.VeryTested:mustNotBeEqual()Z
jester.SourceChangeException:SourceChangeException(Ljava.lang.String;)V
jester.tests.functionaltests.VeryTested:mustReturnOne()I
jester.tests.MockClassTestTester:MockClassTestTester()V
jester.tests.ReportTest:startFile(Ljester.Report;Ljava.lang.String;Ljava.lang.String;)V | STATEMENT | 949 | stmt -> ;
jester.IgnoreList:IgnoreList(Ljava.lang.String;)V
jester.tests.ReportTest:newRealReport(Ljava.io.PrintWriter;)Ljester.Report;
jester.IgnorePair:getStart()Ljava.lang.String; | RETURN | 600 | return null
jester.tests.ReportItemTest:newReportItem(Ljava.lang.String;Ljava.lang.String;Ljava.lang.String;I)Ljester.ReportItem;
jester.tests.acceptancetests.VeryTested:mustBeEqual()Z
jester.RealConfiguration:RealConfiguration(Ljava.lang.String;Ljava.io.PrintStream;)V
jester.tests.acceptancetests.VeryTested:mustDecrement(I)I
jester.ConfigurationException:ConfigurationException(Ljava.lang.String;)V
jester.tests.MockClassIterator:MockClassIterator()V
jester.tests.MockClassSourceChanger:setOriginalContents(Ljava.lang.String;)V
jester.tests.acceptancetests.VeryTested:mustIncrement(I)I
jester.RealXMLReportWriter:RealXMLReportWriter(Ljava.io.Writer;)V
jester.tests.acceptancetests.VeryTested:mustReturnTrue()Z
jester.tests.acceptancetests.VeryTested:mustReturnOne()I | CONSTANT | 425 | 1 -> 2
jester.RealReport:score(II)I | OPERATOR | 5280 | / -> >>
jester.MainArguments:readArguments([Ljava.lang.String;)V

#matrix (1 line per test, in order of tests): { mut_index, ' ', mut_call_count, ' ' }
44 1 55 1 
6 1 15 1 44 1 8 1 19 2 55 1 
6 1 15 1 44 1 8 1 19 2 55 1 
6 1 15 1 44 1 8 1 19 2 55 1 
6 1 44 1 19 2 55 1 
44 1 62 1 55 1 51 1 
48 1 2 1 49 1 20 1 18 1 
48 1 2 1 63 1 53 1 30 1 4 1 49 1 20 1 51 1 18 1 
14 1 58 1 44 1 55 1 1 1 
14 1 58 1 44 1 55 1 17 1 1 1 
14 1 58 1 44 1 55 1 17 1 1 1 
14 1 33 1 44 1 46 1 55 1 64 1 1 1 
14 1 33 1 44 1 46 1 55 1 64 1 1 1 
32 1 25 1 16 1 3 1 54 1 56 1 51 1 
21 1 32 1 25 1 3 1 54 1 56 1 
32 1 25 1 3 1 54 1 56 1 
32 1 25 1 16 1 54 1 56 1 51 1 
32 1 25 1 3 1 54 1 56 1 51 1 43 1 
25 1 45 1 10 2 54 1 12 1 56 1 32 1 3 1 42 1 69 2 23 1 
32 1 25 1 3 1 54 1 56 1 51 1 43 1 
32 1 25 1 54 1 56 1 51 1 43 1 
32 1 25 1 16 1 54 1 56 1 51 1 
32 1 25 1 3 1 54 1 56 1 51 1 43 1 
32 1 25 1 3 1 54 1 56 1 51 1 43 1 
32 1 25 1 16 1 3 1 56 1 51 2 43 1 
35 1 7 1 13 1 34 1 41 1 
35 1 27 1 40 1 34 1 41 1 
35 1 27 1 40 1 34 1 41 1 
36 1 11 2 29 1 28 1 70 1 
36 1 29 1 28 1 31 1 70 1 
36 1 29 1 28 1 31 1 70 1 
36 1 11 1 29 1 28 1 70 1 
36 1 29 1 28 1 31 1 70 1 
36 1 29 1 28 1 31 1 70 1 
36 1 37 1 11 1 29 1 28 1 70 1 
36 1 37 1 11 1 29 1 28 1 70 1 
36 1 37 1 11 1 29 1 28 1 70 1 
36 1 37 1 11 1 29 1 28 1 70 1 
39 1 0 1 60 1 47 1 
14 1 44 1 55 1 1 1 66 1 
14 1 33 1 44 1 46 1 55 1 64 1 1 1 
14 1 33 1 24 1 44 1 46 1 55 1 64 1 1 1 
14 1 33 1 24 1 44 1 46 1 55 1 64 1 1 1 
14 1 33 1 44 1 46 1 55 1 64 1 1 1 
14 1 33 1 44 1 46 1 55 1 64 1 1 1 
14 1 33 1 44 1 46 1 55 1 64 1 1 1 
57 1 14 1 44 1 26 1 38 1 19 1 55 1 1 1 
57 1 14 1 44 1 26 1 38 1 19 1 55 1 1 1 
57 1 14 1 44 1 26 1 38 1 19 1 55 1 1 1 
14 1 33 1 44 1 2 1 46 1 55 1 20 1 64 1 1 1 
14 1 33 1 44 1 2 1 46 1 55 1 20 1 64 1 1 1 
14 1 33 1 44 1 2 1 46 1 55 1 64 1 1 1 
14 1 33 1 44 1 2 1 46 1 55 1 64 1 1 1 
14 1 33 1 44 1 2 1 46 1 55 1 64 1 1 1 
67 1 
5 1 
5 1 
61 1 
59 1 
65 1 
22 1 
68 1 
50 1 
9 1 52 1 
