#tests: test_name, ' ', status(PASSED | FAILED | ERROR), ' ', [exception, { trace_mut_index | '(', { alternative_trace_mut_index, ',' }, ')' }]
jester.tests.IgnoreListTest:testReadingEmptyIgnoreValues()V ERROR java.lang.ArrayIndexOutOfBoundsException 31 
jester.tests.IgnoreListTest:testReadingIgnoreValues()V ERROR java.lang.ArrayIndexOutOfBoundsException 31 
jester.tests.IgnoreListTest:testReadingIgnoreValuesEndOfLineSpecialCase()V ERROR java.lang.ArrayIndexOutOfBoundsException 31 
jester.tests.IgnoreListTest:testReadingMultipleIgnoreValues()V ERROR java.lang.ArrayIndexOutOfBoundsException 31 
jester.tests.IgnoreListTest:testReadingMultipleIgnoreBlankLines()V ERROR java.lang.ArrayIndexOutOfBoundsException 31 
jester.tests.IgnoreListTest:testReadingIncorrectFile()V ERROR java.lang.ArrayIndexOutOfBoundsException 31 
jester.tests.TestTesterTest:testTestsMustStartOffWorking()V PASSED
jester.tests.TestTesterTest:testThatTestRunByIterator()V PASSED
jester.tests.ReportItemTest:testXmlEncoding()V ERROR java.lang.ArrayIndexOutOfBoundsException 31 48 12 
jester.tests.ReportItemTest:testLineNumberOneLine()V ERROR java.lang.ArrayIndexOutOfBoundsException 31 48 12 21 
jester.tests.ReportItemTest:testLineNumberSomeLines()V ERROR java.lang.ArrayIndexOutOfBoundsException 31 48 12 21 
jester.tests.TwoStringSwappingCodeManglerTest:testCouldntMangle()V ERROR java.lang.ArrayIndexOutOfBoundsException 31 48 (16,44) (16,44) 
jester.tests.TwoStringSwappingCodeManglerTest:testSimpleMangle1()V ERROR java.lang.ArrayIndexOutOfBoundsException 31 48 (16,44) (16,44) 
jester.tests.ReportTest:testBottomScore()V ERROR java.lang.ArrayIndexOutOfBoundsException 31 48 34 
jester.tests.ReportTest:testCantFinishDifferentFile()V ERROR java.lang.ArrayIndexOutOfBoundsException 31 48 34 
jester.tests.ReportTest:testCantStartTwoFiles()V ERROR java.lang.ArrayIndexOutOfBoundsException 31 48 34 
jester.tests.ReportTest:testChangesToSameFileOrderedByIndex()V ERROR java.lang.ArrayIndexOutOfBoundsException 31 48 34 
jester.tests.ReportTest:testFileScoreSeparateFromTotalScore()V ERROR java.lang.ArrayIndexOutOfBoundsException 31 48 34 
jester.tests.ReportTest:testInitialScore()V ERROR java.lang.ArithmeticException 33 38 
jester.tests.ReportTest:testMediumScore()V ERROR java.lang.ArrayIndexOutOfBoundsException 31 48 34 
jester.tests.ReportTest:testThatChangeThatCausedTestsToFailIsNotIncluded()V ERROR java.lang.ArrayIndexOutOfBoundsException 31 48 34 
jester.tests.ReportTest:testThatChangeThatDidNotCauseTestsToFailIsIncluded()V ERROR java.lang.ArrayIndexOutOfBoundsException 31 48 34 
jester.tests.ReportTest:testTopScore()V ERROR java.lang.ArrayIndexOutOfBoundsException 31 48 34 
jester.tests.ReportTest:testTotalScoreForManyFiles()V ERROR java.lang.ArrayIndexOutOfBoundsException 31 48 34 
jester.tests.ReportTest:testFileMustBeStarted()V ERROR java.lang.NullPointerException 0 2 23 
jester.tests.MutationsListTest:testDefaults()V FAILED junit.framework.AssertionFailedError 47 (42,64) 
jester.tests.MutationsListTest:testReadMutations()V FAILED junit.framework.AssertionFailedError 25 
jester.tests.MutationsListTest:testReadMutationsIgnoreBogusLinesIncludingBlankOnes()V FAILED junit.framework.AssertionFailedError 25 
jester.tests.MainArgumentsTest:testMissingArgumentsCauseExceptionToBeThrown()V PASSED
jester.tests.MainArgumentsTest:testMissingFileCauseExceptionToBeThrown()V PASSED
jester.tests.MainArgumentsTest:testMandatoryArguments()V ERROR jester.JesterArgumentException 67 
jester.tests.MainArgumentsTest:testThatMultipleMutationDirectoriesOrFilesAreAllowed()V ERROR jester.JesterArgumentException 67 
jester.tests.MainArgumentsTest:testClasspathArgument()V ERROR jester.JesterArgumentException 67 
jester.tests.MainArgumentsTest:testThatOneCanSpecifyOptionToNotShowProgressDialog()V ERROR jester.JesterArgumentException 67 
jester.tests.MainArgumentsTest:testThatClasspathArgumentCanAppearFirst()V ERROR jester.JesterArgumentException 67 54 
jester.tests.MainArgumentsTest:testThatClasspathArgumentCanAppearSecond()V ERROR jester.JesterArgumentException 67 54 
jester.tests.MainArgumentsTest:testThatClasspathArgumentCanAppearLast()V ERROR jester.JesterArgumentException 67 54 
jester.tests.MainArgumentsTest:testThatClasspathArgumentCanAppearInMiddleOfDirectoriesBecauseThereIsNoHarmInIt()V ERROR jester.JesterArgumentException 67 54 
jester.tests.ConfigurationTest:testDefaults()V ERROR java.lang.NullPointerException 9 5 45 
jester.tests.XMLReportWriterTest:testWritingChangesAsXMLHasBothGivenAndAbsoluteFilePaths()V ERROR java.lang.ArrayIndexOutOfBoundsException 31 48 
jester.tests.SimpleIntCodeManglerTest:testCouldntMangle()V ERROR java.lang.ArrayIndexOutOfBoundsException 31 48 (16,44) (16,44) 
jester.tests.SimpleIntCodeManglerTest:testContinuesIfChangeFails()V ERROR java.lang.ArrayIndexOutOfBoundsException 31 48 (16,44) (16,44) 
jester.tests.SimpleIntCodeManglerTest:testContinuesIfChangeSucceeds()V ERROR java.lang.ArrayIndexOutOfBoundsException 31 48 (16,44) (16,44) 
jester.tests.SimpleIntCodeManglerTest:testDoesntTryToChangeBadlyNamedMethodCalls()V ERROR java.lang.ArrayIndexOutOfBoundsException 31 48 (16,44) (16,44) 
jester.tests.SimpleIntCodeManglerTest:testSimpleMangle()V ERROR java.lang.ArrayIndexOutOfBoundsException 31 48 (16,44) (16,44) 
jester.tests.SimpleIntCodeManglerTest:testBug955882()V ERROR java.lang.ArrayIndexOutOfBoundsException 31 48 (16,44) (16,44) 
jester.tests.IgnoreListDocumentTest:testTextIsIgnored()V ERROR java.lang.ArrayIndexOutOfBoundsException 31 48 
jester.tests.IgnoreListDocumentTest:testTextIsIgnoredForMultipleIgnores()V ERROR java.lang.ArrayIndexOutOfBoundsException 31 48 
jester.tests.IgnoreListDocumentTest:testCharAtReturnsSpaceInsideIgnoreRegion()V ERROR java.lang.ArrayIndexOutOfBoundsException 31 48 
jester.tests.ClassTestTesterTest:testThatChangeThatFailsTestsIsNotRecorded()V ERROR java.lang.ArrayIndexOutOfBoundsException 31 48 (16,44) (16,44) 
jester.tests.ClassTestTesterTest:testThatChangeThatPassesTestsIsRecorded()V ERROR java.lang.ArrayIndexOutOfBoundsException 31 48 (16,44) (16,44) 
jester.tests.ClassTestTesterTest:testThatOriginalContentsAreNotWrittenBackIfNoChanges()V ERROR java.lang.ArrayIndexOutOfBoundsException 31 48 (16,44) (16,44) 
jester.tests.ClassTestTesterTest:testThatOriginalContentsAreWrittenBack()V ERROR java.lang.ArrayIndexOutOfBoundsException 31 48 (16,44) (16,44) 
jester.tests.ClassTestTesterTest:testThatMutationListIsUsed()V ERROR java.lang.ArrayIndexOutOfBoundsException 31 48 (16,44) (16,44) 
jester.tests.acceptancetests.VeryTestedTest:testBoolean()V PASSED
jester.tests.acceptancetests.VeryTestedTest:testConditionFalseBranch()V PASSED
jester.tests.acceptancetests.VeryTestedTest:testConditionTrueBranch()V PASSED
jester.tests.acceptancetests.VeryTestedTest:testDecrement()V PASSED
jester.tests.acceptancetests.VeryTestedTest:testEqual()V FAILED junit.framework.AssertionFailedError 
jester.tests.acceptancetests.VeryTestedTest:testIncrement()V PASSED
jester.tests.acceptancetests.VeryTestedTest:testInfiniteLoop()V PASSED
jester.tests.acceptancetests.VeryTestedTest:testInt()V PASSED
jester.tests.acceptancetests.VeryTestedTest:testNotEqual()V PASSED
jester.tests.functionaltests.VeryTestedTest:testNumber()V PASSED

#uuts: uut_name, [ '|', mutator_class, '|', change_position_in_file_buffer, '|', change ]
jester.ReportItem:lineNumber()I
jester.tests.MockClassIterator:setExpectedIterate(Ljester.ClassTestTester;)V
jester.ReportItem:toString()Ljava.lang.String; | OPERATOR | 986 | + -> -
jester.tests.acceptancetests.VeryTested:mustNotBeEqual()Z
jester.tests.MockClassIterator:verify()V
jester.RealConfiguration:isTrueProperty(Ljava.lang.String;Z)Z | CONDITION | 1322 | if (x) -> if (!x)
jester.IgnoreList:IgnoreList(Ljava.lang.String;)V
jester.tests.acceptancetests.VeryTested:mustTakeCorrectBranchFor(Z)I
jester.RealConfiguration:RealConfiguration(Ljava.lang.String;Ljava.io.PrintStream;)V
jester.RealConfiguration:isTrue(Ljava.lang.String;)Z
jester.RealMutationsList:RealMutationsList(Ljava.lang.String;Ljava.io.PrintStream;)V
jester.tests.functionaltests.VeryTested:VeryTested()V
jester.tests.ReportItemTest:newReportItem(Ljava.lang.String;Ljava.lang.String;Ljava.lang.String;I)Ljester.ReportItem;
jester.tests.acceptancetests.VeryTested:turnIntoInfiniteLoop()V
jester.RealConfiguration:compilationCommand()Ljava.lang.String;
jester.tests.acceptancetests.VeryTested:mustBeEqual()Z | OPERATOR | 170 | == -> !=
jester.tests.MockClassSourceChanger:setOriginalContents(Ljava.lang.String;Ljester.IgnoreList;)V
jester.tests.MockClassIterator:setExpectedIterateCalls(I)V
jester.tests.MockClassIterator:MockClassIterator()V
jester.SourceChangeException:SourceChangeException(Ljava.lang.String;)V
jester.RealConfiguration:stringProperty(Ljava.lang.String;Ljava.lang.String;)Ljava.lang.String;
jester.tests.ReportItemTest:lineNumberForCharacterIndex(Ljava.lang.String;I)I
jester.MainArguments:setOptionalClasspathFromArguments(Ljava.util.List;)V
jester.RealReport:changeThatCausedTestsToFail(ILjava.lang.String;Ljava.lang.String;)V | CONDITION | 2461 | if (x) -> if (!x)
jester.RealReport:greenBar()V
jester.tests.MockMutationMaker:verify()V
jester.tests.acceptancetests.VeryTested:mustIncrement(I)I
jester.tests.MockMutationMaker:addExpectedMutateValues(Ljava.lang.String;Ljava.lang.String;)V
jester.RealReport:RealReport(Ljester.Configuration;Ljava.io.PrintWriter;Ljester.XMLReportWriter;Ljester.ProgressReporter;)V
jester.tests.MockProgressReporter:setColor(Ljava.awt.Color;)V
jester.TestTester:TestTester(Ljester.TestRunner;Ljester.ClassIterator;Ljester.ClassTestTester;)V
jester.IgnoreList:ignorePairs()Ljava.util.List; | CONSTANT | 432 | 0 -> -1
jester.MainArguments:MainArguments([Ljava.lang.String;Ljester.FileExistenceChecker;)V
jester.RealReport:score(II)I | CONDITION | 5233 | if (x) -> if (!x)
jester.tests.ReportTest:startFile(Ljester.Report;Ljava.lang.String;Ljava.lang.String;)V
jester.tests.MockTestRunner:testsRunWithoutFailures()Z
jester.tests.MockClassTestTester:MockClassTestTester()V
jester.ReportItem:ReportItem(Ljava.lang.String;Ljester.IgnoreListDocument;ILjava.lang.String;Ljava.lang.String;)V
jester.RealReport:totalScore()I
jester.tests.ReportTest:newRealReport()Ljester.Report;
jester.tests.MockTestRunner:setTestsRunWithoutFailures(Z)V
jester.tests.MockClassIterator:iterate(Ljester.ClassTestTester;)V
jester.RealMutationsList:visit(Ljava.io.BufferedReader;Ljester.MutationMaker;)V | ASSIGN | 649 | = null
jester.tests.IgnoreListTest:ignorePair(Ljava.lang.String;Ljava.lang.String;)Ljester.IgnorePair; | RETURN | 2632 | return null
jester.tests.MockClassSourceChanger:setOriginalContents(Ljava.lang.String;)V
jester.RealConfiguration:shouldReportEagerly()Z
jester.tests.MockTestRunner:MockTestRunner()V
jester.tests.MockMutationMaker:mutate(Ljava.lang.String;Ljava.lang.String;)V
jester.IgnoreListDocument:calculateIgnoreRegions()V
jester.MainArguments:setOptionalShouldShowProgressDialogFromArguments(Ljava.util.List;)V | CONDITION | 4165 | if (x) -> if (!x)
jester.tests.functionaltests.VeryTested:mustReturnOne()I
jester.tests.ReportTest:newRealReport(Ljava.io.PrintWriter;)Ljester.Report;
jester.tests.acceptancetests.VeryTested:mustDecrement(I)I
jester.JesterArgumentException:JesterArgumentException(Ljava.lang.String;)V
jester.tests.MainArgumentsTest:checkThatClasspathArgumentCanAppearInAnyOrder([Ljava.lang.String;)V
jester.tests.acceptancetests.VeryTested:mustReturnOne()I
jester.tests.acceptancetests.VeryTested:mustReturnTrue()Z
jester.tests.MockClassSourceChanger:MockClassSourceChanger()V
jester.tests.MockMutationMaker:MockMutationMaker()V
jester.RealXMLReportWriter:RealXMLReportWriter(Ljava.io.Writer;)V | STATEMENT | 234 | stmt -> ;
jester.RealReport:totalNumberOfChanges()I | OPERATOR | 5427 | + -> >>
jester.RealLogger:RealLogger()V
jester.MainArguments:setTestClassFromArguments(Ljava.util.List;)V | STATEMENT | 3173 | stmt -> ;
jester.tests.MockClassSourceChanger:setThrowExceptionOnFirstChangeAttempt(Z)V
jester.RealMutationsList:visit(Ljester.MutationMaker;)V | STATEMENT | 1159 | stmt -> ;
jester.IgnoreListDocument:IgnoreListDocument(Ljava.lang.String;Ljester.IgnoreList;)V
jester.tests.TestConfiguration:TestConfiguration()V
jester.MainArguments:readArguments([Ljava.lang.String;)V | STATEMENT | 2118 | stmt -> ;
jester.TestTester:run()V

#matrix (1 line per test, in order of tests): { mut_index, ' ', mut_call_count, ' ' }
31 1 6 1 
31 1 6 1 43 1 
31 1 6 1 43 1 
31 1 6 1 43 1 
31 1 6 1 43 1 
31 1 6 1 
30 1 46 1 40 1 19 1 35 1 68 1 
1 1 46 1 40 1 17 1 4 1 41 1 30 1 18 1 35 1 68 1 36 1 
48 1 31 1 12 1 65 1 6 1 
21 1 48 1 31 1 12 1 65 1 6 1 
21 1 48 1 31 1 12 1 65 1 6 1 
48 1 31 1 16 1 65 1 6 1 44 1 57 1 
48 1 31 1 16 1 65 1 6 1 44 1 57 1 
28 1 48 1 31 1 39 1 51 1 65 1 6 1 34 1 66 1 
28 1 48 1 31 1 39 1 51 1 65 1 6 1 34 1 66 1 
28 1 48 1 31 1 39 1 51 1 65 1 6 1 34 1 66 1 
28 1 48 1 31 1 51 1 65 1 6 1 34 1 66 1 
28 1 48 1 31 1 39 1 51 1 65 1 6 1 34 1 66 1 
28 1 60 1 39 1 51 1 33 1 66 1 38 1 
28 1 48 1 31 1 39 1 51 1 65 1 6 1 34 1 66 1 
28 1 48 1 31 1 51 1 65 1 6 1 34 1 66 1 
28 1 48 1 31 1 51 1 65 1 6 1 34 1 66 1 
28 1 48 1 31 1 39 1 51 1 65 1 6 1 34 1 66 1 
28 1 48 1 31 1 39 1 51 1 65 1 6 1 34 1 66 1 
28 1 0 1 29 1 23 1 39 1 51 1 2 1 24 1 66 1 37 1 
58 1 10 1 27 1 47 1 64 1 
58 1 42 1 10 1 27 1 25 1 
58 1 42 1 10 1 27 1 25 1 
22 1 49 1 32 1 53 2 67 1 62 1 
22 1 49 1 32 1 53 1 67 1 62 1 
22 1 49 1 32 1 53 1 67 1 62 1 
22 1 49 1 32 1 53 1 67 1 62 1 
22 1 49 1 32 1 53 1 67 1 62 1 
22 1 49 1 32 1 53 1 67 1 62 1 
22 1 49 1 32 1 53 1 54 1 67 1 62 1 
22 1 49 1 32 1 53 1 54 1 67 1 62 1 
22 1 49 1 32 1 53 1 54 1 67 1 62 1 
22 1 49 1 32 1 53 1 54 1 67 1 62 1 
9 1 45 1 5 1 20 1 14 1 8 1 61 1 
59 1 48 1 31 1 65 1 6 1 
48 1 31 1 16 1 65 1 6 1 44 1 57 1 
63 1 48 1 31 1 16 1 65 1 6 1 44 1 57 1 
63 1 48 1 31 1 16 1 65 1 6 1 44 1 57 1 
48 1 31 1 16 1 65 1 6 1 44 1 57 1 
48 1 31 1 16 1 65 1 6 1 44 1 57 1 
48 1 31 1 16 1 65 1 6 1 44 1 57 1 
48 1 31 1 65 1 6 1 
48 1 31 1 65 1 6 1 
48 1 31 1 65 1 6 1 
48 1 31 1 46 1 16 1 40 1 65 1 6 1 44 1 57 1 
48 1 31 1 46 1 16 1 40 1 65 1 6 1 44 1 57 1 
48 1 31 1 46 1 16 1 65 1 6 1 44 1 57 1 
48 1 31 1 46 1 16 1 65 1 6 1 44 1 57 1 
48 1 31 1 46 1 16 1 65 1 6 1 44 1 57 1 
56 1 
7 1 
7 1 
52 1 
15 1 
26 1 
13 1 
55 1 
3 1 
11 1 50 1 
