#tests: test_name, ' ', status(PASSED | FAILED | ERROR), ' ', [exception, { trace_mut_index | '(', { alternative_trace_mut_index, ',' }, ')' }]
jester.tests.IgnoreListTest:testReadingEmptyIgnoreValues()V ERROR java.lang.ArrayIndexOutOfBoundsException 33 
jester.tests.IgnoreListTest:testReadingIgnoreValues()V ERROR java.lang.ArrayIndexOutOfBoundsException 33 
jester.tests.IgnoreListTest:testReadingIgnoreValuesEndOfLineSpecialCase()V ERROR java.lang.ArrayIndexOutOfBoundsException 33 
jester.tests.IgnoreListTest:testReadingMultipleIgnoreValues()V ERROR java.lang.ArrayIndexOutOfBoundsException 33 
jester.tests.IgnoreListTest:testReadingMultipleIgnoreBlankLines()V ERROR java.lang.ArrayIndexOutOfBoundsException 33 
jester.tests.IgnoreListTest:testReadingIncorrectFile()V ERROR java.lang.ArrayIndexOutOfBoundsException 33 
jester.tests.TestTesterTest:testTestsMustStartOffWorking()V PASSED
jester.tests.TestTesterTest:testThatTestRunByIterator()V PASSED
jester.tests.ReportItemTest:testXmlEncoding()V ERROR java.lang.ArrayIndexOutOfBoundsException 33 18 7 
jester.tests.ReportItemTest:testLineNumberOneLine()V ERROR java.lang.ArrayIndexOutOfBoundsException 33 18 7 63 
jester.tests.ReportItemTest:testLineNumberSomeLines()V ERROR java.lang.ArrayIndexOutOfBoundsException 33 18 7 63 
jester.tests.TwoStringSwappingCodeManglerTest:testCouldntMangle()V ERROR java.lang.ArrayIndexOutOfBoundsException 33 18 (35,38) (35,38) 
jester.tests.TwoStringSwappingCodeManglerTest:testSimpleMangle1()V ERROR java.lang.ArrayIndexOutOfBoundsException 33 18 (35,38) (35,38) 
jester.tests.ReportTest:testBottomScore()V ERROR java.lang.ArrayIndexOutOfBoundsException 33 18 39 
jester.tests.ReportTest:testCantFinishDifferentFile()V ERROR java.lang.ArrayIndexOutOfBoundsException 33 18 39 
jester.tests.ReportTest:testCantStartTwoFiles()V ERROR java.lang.ArrayIndexOutOfBoundsException 33 18 39 
jester.tests.ReportTest:testChangesToSameFileOrderedByIndex()V ERROR java.lang.ArrayIndexOutOfBoundsException 33 18 39 
jester.tests.ReportTest:testFileScoreSeparateFromTotalScore()V ERROR java.lang.ArrayIndexOutOfBoundsException 33 18 39 
jester.tests.ReportTest:testInitialScore()V ERROR java.lang.ArithmeticException 64 46 
jester.tests.ReportTest:testMediumScore()V ERROR java.lang.ArrayIndexOutOfBoundsException 33 18 39 
jester.tests.ReportTest:testThatChangeThatCausedTestsToFailIsNotIncluded()V ERROR java.lang.ArrayIndexOutOfBoundsException 33 18 39 
jester.tests.ReportTest:testThatChangeThatDidNotCauseTestsToFailIsIncluded()V ERROR java.lang.ArrayIndexOutOfBoundsException 33 18 39 
jester.tests.ReportTest:testTopScore()V ERROR java.lang.ArrayIndexOutOfBoundsException 33 18 39 
jester.tests.ReportTest:testTotalScoreForManyFiles()V ERROR java.lang.ArrayIndexOutOfBoundsException 33 18 39 
jester.tests.ReportTest:testFileMustBeStarted()V PASSED
jester.tests.MutationsListTest:testDefaults()V ERROR java.lang.NullPointerException (3,14) 
jester.tests.MutationsListTest:testReadMutations()V ERROR java.lang.ArrayIndexOutOfBoundsException 17 (3,14) 
jester.tests.MutationsListTest:testReadMutationsIgnoreBogusLinesIncludingBlankOnes()V ERROR java.lang.ArrayIndexOutOfBoundsException 17 (3,14) 
jester.tests.MainArgumentsTest:testMissingArgumentsCauseExceptionToBeThrown()V ERROR java.lang.ArrayIndexOutOfBoundsException 19 49 
jester.tests.MainArgumentsTest:testMissingFileCauseExceptionToBeThrown()V ERROR java.lang.ArrayIndexOutOfBoundsException 19 49 
jester.tests.MainArgumentsTest:testMandatoryArguments()V ERROR java.lang.ArrayIndexOutOfBoundsException 19 49 
jester.tests.MainArgumentsTest:testThatMultipleMutationDirectoriesOrFilesAreAllowed()V ERROR java.lang.ArrayIndexOutOfBoundsException 19 49 
jester.tests.MainArgumentsTest:testClasspathArgument()V ERROR java.lang.ArrayIndexOutOfBoundsException 19 49 
jester.tests.MainArgumentsTest:testThatOneCanSpecifyOptionToNotShowProgressDialog()V ERROR java.lang.ArrayIndexOutOfBoundsException 19 49 
jester.tests.MainArgumentsTest:testThatClasspathArgumentCanAppearFirst()V ERROR java.lang.ArrayIndexOutOfBoundsException 19 49 16 
jester.tests.MainArgumentsTest:testThatClasspathArgumentCanAppearSecond()V ERROR java.lang.ArrayIndexOutOfBoundsException 19 49 16 
jester.tests.MainArgumentsTest:testThatClasspathArgumentCanAppearLast()V ERROR java.lang.ArrayIndexOutOfBoundsException 19 49 16 
jester.tests.MainArgumentsTest:testThatClasspathArgumentCanAppearInMiddleOfDirectoriesBecauseThereIsNoHarmInIt()V ERROR java.lang.ArrayIndexOutOfBoundsException 19 49 16 
jester.tests.ConfigurationTest:testDefaults()V PASSED
jester.tests.XMLReportWriterTest:testWritingChangesAsXMLHasBothGivenAndAbsoluteFilePaths()V ERROR java.lang.ArrayIndexOutOfBoundsException 33 18 
jester.tests.SimpleIntCodeManglerTest:testCouldntMangle()V ERROR java.lang.ArrayIndexOutOfBoundsException 33 18 (35,38) (35,38) 
jester.tests.SimpleIntCodeManglerTest:testContinuesIfChangeFails()V ERROR java.lang.ArrayIndexOutOfBoundsException 33 18 (35,38) (35,38) 
jester.tests.SimpleIntCodeManglerTest:testContinuesIfChangeSucceeds()V ERROR java.lang.ArrayIndexOutOfBoundsException 33 18 (35,38) (35,38) 
jester.tests.SimpleIntCodeManglerTest:testDoesntTryToChangeBadlyNamedMethodCalls()V ERROR java.lang.ArrayIndexOutOfBoundsException 33 18 (35,38) (35,38) 
jester.tests.SimpleIntCodeManglerTest:testSimpleMangle()V ERROR java.lang.ArrayIndexOutOfBoundsException 33 18 (35,38) (35,38) 
jester.tests.SimpleIntCodeManglerTest:testBug955882()V ERROR java.lang.ArrayIndexOutOfBoundsException 33 18 (35,38) (35,38) 
jester.tests.IgnoreListDocumentTest:testTextIsIgnored()V ERROR java.lang.ArrayIndexOutOfBoundsException 33 18 
jester.tests.IgnoreListDocumentTest:testTextIsIgnoredForMultipleIgnores()V ERROR java.lang.ArrayIndexOutOfBoundsException 33 18 
jester.tests.IgnoreListDocumentTest:testCharAtReturnsSpaceInsideIgnoreRegion()V ERROR java.lang.ArrayIndexOutOfBoundsException 33 18 
jester.tests.ClassTestTesterTest:testThatChangeThatFailsTestsIsNotRecorded()V ERROR java.lang.ArrayIndexOutOfBoundsException 33 18 (35,38) (35,38) 
jester.tests.ClassTestTesterTest:testThatChangeThatPassesTestsIsRecorded()V ERROR java.lang.ArrayIndexOutOfBoundsException 33 18 (35,38) (35,38) 
jester.tests.ClassTestTesterTest:testThatOriginalContentsAreNotWrittenBackIfNoChanges()V ERROR java.lang.ArrayIndexOutOfBoundsException 33 18 (35,38) (35,38) 
jester.tests.ClassTestTesterTest:testThatOriginalContentsAreWrittenBack()V ERROR java.lang.ArrayIndexOutOfBoundsException 33 18 (35,38) (35,38) 
jester.tests.ClassTestTesterTest:testThatMutationListIsUsed()V ERROR java.lang.ArrayIndexOutOfBoundsException 33 18 (35,38) (35,38) 
jester.tests.acceptancetests.VeryTestedTest:testBoolean()V PASSED
jester.tests.acceptancetests.VeryTestedTest:testConditionFalseBranch()V PASSED
jester.tests.acceptancetests.VeryTestedTest:testConditionTrueBranch()V FAILED junit.framework.AssertionFailedError 
jester.tests.acceptancetests.VeryTestedTest:testDecrement()V PASSED
jester.tests.acceptancetests.VeryTestedTest:testEqual()V PASSED
jester.tests.acceptancetests.VeryTestedTest:testIncrement()V FAILED junit.framework.AssertionFailedError 
jester.tests.acceptancetests.VeryTestedTest:testInfiniteLoop()V PASSED
jester.tests.acceptancetests.VeryTestedTest:testInt()V PASSED
jester.tests.acceptancetests.VeryTestedTest:testNotEqual()V PASSED
jester.tests.functionaltests.VeryTestedTest:testNumber()V PASSED

#uuts: uut_name, [ '|', mutator_class, '|', change_position_in_file_buffer, '|', change ]
jester.tests.acceptancetests.VeryTested:mustIncrement(I)I | OPERATOR | 292 | ++ -> --
jester.tests.acceptancetests.VeryTested:mustNotBeEqual()Z
jester.tests.MockClassIterator:verify()V
jester.RealMutationsList:visit(Ljava.io.BufferedReader;Ljester.MutationMaker;)V
jester.tests.acceptancetests.VeryTested:mustBeEqual()Z
jester.tests.MockTestRunner:setTestsRunWithoutFailures(Z)V
jester.tests.acceptancetests.VeryTested:mustTakeCorrectBranchFor(Z)I | CONSTANT | 578 | 1 -> 0
jester.tests.ReportItemTest:newReportItem(Ljava.lang.String;Ljava.lang.String;Ljava.lang.String;I)Ljester.ReportItem;
jester.tests.MockTestRunner:testsRunWithoutFailures()Z
jester.SourceChangeException:SourceChangeException(Ljava.lang.String;)V
jester.RealConfiguration:isTrueProperty(Ljava.lang.String;Z)Z
jester.tests.MockTestRunner:MockTestRunner()V
jester.tests.IgnoreListTest:ignorePair(Ljava.lang.String;Ljava.lang.String;)Ljester.IgnorePair;
jester.tests.ReportTest:newRealReport(Ljava.io.PrintWriter;)Ljester.Report;
jester.RealMutationsList:visit(Ljester.MutationMaker;)V | STATEMENT | 1304 | stmt -> ;
jester.JesterArgumentException:JesterArgumentException(Ljava.lang.String;)V
jester.tests.MainArgumentsTest:checkThatClasspathArgumentCanAppearInAnyOrder([Ljava.lang.String;)V
jester.RealMutationsList:visitLine(Ljava.lang.String;Ljester.MutationMaker;)V | CONSTANT | 2363 | 1 -> 2
jester.IgnoreListDocument:calculateIgnoreRegions()V | ASSIGN | 1677 | = null
jester.MainArguments:setTestClassFromArguments(Ljava.util.List;)V | CONSTANT | 3213 | 0 -> -1
jester.tests.MockClassSourceChanger:MockClassSourceChanger()V
jester.RealConfiguration:RealConfiguration(Ljava.lang.String;Ljava.io.PrintStream;)V
jester.RealConfiguration:closeUIOnFinish()Z
jester.RealConfiguration:stringProperty(Ljava.lang.String;Ljava.lang.String;)Ljava.lang.String;
jester.RealMutationsList:RealMutationsList(Ljava.lang.String;Ljava.io.PrintStream;)V | STATEMENT | 366 | stmt -> ;
jester.tests.ReportTest:newRealReport()Ljester.Report;
jester.TestTester:run()V
jester.IgnoreList:IgnoreList(Ljava.lang.String;)V
jester.tests.MockClassIterator:setExpectedIterateCalls(I)V
jester.tests.MockClassIterator:iterate(Ljester.ClassTestTester;)V
jester.tests.acceptancetests.VeryTested:mustReturnOne()I
jester.tests.MockClassSourceChanger:setThrowExceptionOnFirstChangeAttempt(Z)V
jester.RealConfiguration:testsPassString()Ljava.lang.String;
jester.IgnoreList:ignorePairs()Ljava.util.List; | CONSTANT | 432 | 0 -> -1
jester.tests.MockMutationMaker:MockMutationMaker()V
jester.tests.MockClassSourceChanger:setOriginalContents(Ljava.lang.String;)V
jester.tests.acceptancetests.VeryTested:turnIntoInfiniteLoop()V
jester.MainArguments:MainArguments([Ljava.lang.String;Ljester.FileExistenceChecker;)V | STATEMENT | 867 | stmt -> ;
jester.tests.MockClassSourceChanger:setOriginalContents(Ljava.lang.String;Ljester.IgnoreList;)V
jester.tests.ReportTest:startFile(Ljester.Report;Ljava.lang.String;Ljava.lang.String;)V
jester.RealConfiguration:testRunningCommand()Ljava.lang.String;
jester.tests.functionaltests.VeryTested:VeryTested()V
jester.TestTester:TestTester(Ljester.TestRunner;Ljester.ClassIterator;Ljester.ClassTestTester;)V
jester.tests.MockClassIterator:MockClassIterator()V
jester.RealReport:RealReport(Ljester.Configuration;Ljava.io.PrintWriter;Ljester.XMLReportWriter;Ljester.ProgressReporter;)V
jester.RealConfiguration:sourceFileExtension()Ljava.lang.String;
jester.RealReport:totalScore()I
jester.RealReport:totalNumberOfChanges()I
jester.RealLogger:RealLogger()V
jester.MainArguments:readArguments([Ljava.lang.String;)V
jester.RealReport:changeThatCausedTestsToFail(ILjava.lang.String;Ljava.lang.String;)V
jester.RealConfiguration:compilationCommand()Ljava.lang.String;
jester.tests.functionaltests.VeryTested:mustReturnOne()I
jester.tests.acceptancetests.VeryTested:mustDecrement(I)I
jester.tests.MockClassIterator:setExpectedIterate(Ljester.ClassTestTester;)V
jester.RealReport:changeThatDidNotCauseTestsToFail(ILjava.lang.String;Ljava.lang.String;)V | CONDITION | 3454 | if (x) -> if (!x)
jester.IgnoreListDocument:IgnoreListDocument(Ljava.lang.String;Ljester.IgnoreList;)V
jester.tests.MockClassTestTester:MockClassTestTester()V
jester.tests.TestConfiguration:TestConfiguration()V
jester.tests.acceptancetests.VeryTested:mustReturnTrue()Z
jester.tests.MockMutationMaker:addExpectedMutateValues(Ljava.lang.String;Ljava.lang.String;)V
jester.RealConfiguration:shouldReportEagerly()Z
jester.IgnorePair:IgnorePair(Ljava.lang.String;Ljava.lang.String;)V
jester.tests.ReportItemTest:lineNumberForCharacterIndex(Ljava.lang.String;I)I
jester.RealReport:score(II)I | CONSTANT | 5256 | 0 -> -1
jester.RealXMLReportWriter:RealXMLReportWriter(Ljava.io.Writer;)V

#matrix (1 line per test, in order of tests): { mut_index, ' ', mut_call_count, ' ' }
27 1 33 1 
27 1 62 1 33 1 12 1 
27 1 62 1 33 1 12 1 
27 1 62 1 33 1 12 1 
27 1 62 1 33 1 12 1 
27 1 33 1 
42 1 5 1 9 1 8 1 26 1 11 1 
2 1 54 1 26 1 57 1 43 1 42 1 28 1 29 1 5 1 8 1 11 1 
27 1 18 1 33 1 7 1 56 1 
27 1 18 1 63 1 33 1 7 1 56 1 
27 1 18 1 63 1 33 1 7 1 56 1 
35 1 27 1 18 1 38 1 20 1 33 1 56 1 
35 1 27 1 18 1 38 1 20 1 33 1 56 1 
13 1 44 1 58 1 27 1 18 1 33 1 39 1 56 1 25 1 
13 1 44 1 58 1 27 1 18 1 33 1 39 1 56 1 25 1 
13 1 44 1 58 1 27 1 18 1 33 1 39 1 56 1 25 1 
13 1 44 1 58 1 27 1 18 1 33 1 39 1 56 1 
13 1 44 1 58 1 27 1 18 1 33 1 39 1 56 1 25 1 
13 1 44 1 58 1 46 1 47 1 64 1 25 1 
13 1 44 1 58 1 27 1 18 1 33 1 39 1 56 1 25 1 
13 1 44 1 58 1 27 1 18 1 33 1 39 1 56 1 
13 1 44 1 58 1 27 1 18 1 33 1 39 1 56 1 
13 1 44 1 58 1 27 1 18 1 33 1 39 1 56 1 25 1 
13 1 44 1 58 1 27 1 18 1 33 1 39 1 56 1 25 1 
13 1 50 1 44 1 58 1 9 2 55 1 25 1 
34 1 14 1 24 1 60 1 
34 1 17 1 3 1 24 1 60 1 
34 1 17 1 3 1 24 1 60 1 
49 1 15 1 19 1 37 1 
49 1 19 1 37 1 
49 1 19 1 37 1 
49 1 19 1 37 1 
49 1 19 1 37 1 
49 1 19 1 37 1 
49 1 16 1 19 1 37 1 
49 1 16 1 19 1 37 1 
49 1 16 1 19 1 37 1 
49 1 16 1 19 1 37 1 
48 1 51 1 21 1 40 1 22 1 23 4 61 1 45 1 32 1 10 2 
27 1 18 1 33 1 65 1 56 1 
35 1 27 1 18 1 38 1 20 1 33 1 56 1 
35 1 27 1 18 1 38 1 31 1 20 1 33 1 56 1 
35 1 27 1 18 1 38 1 31 1 20 1 33 1 56 1 
35 1 27 1 18 1 38 1 20 1 33 1 56 1 
35 1 27 1 18 1 38 1 20 1 33 1 56 1 
35 1 27 1 18 1 38 1 20 1 33 1 56 1 
27 1 18 1 33 1 56 1 
27 1 18 1 33 1 56 1 
27 1 18 1 33 1 56 1 
35 1 27 1 18 1 38 1 5 1 20 1 33 1 56 1 11 1 
35 1 27 1 18 1 38 1 5 1 20 1 33 1 56 1 11 1 
35 1 27 1 18 1 38 1 20 1 33 1 56 1 11 1 
35 1 27 1 18 1 38 1 20 1 33 1 56 1 11 1 
35 1 27 1 18 1 38 1 20 1 33 1 56 1 11 1 
59 1 
6 1 
6 1 
53 1 
4 1 
0 1 
36 1 
30 1 
1 1 
52 1 41 1 
