#tests: test_name, ' ', status(PASSED | FAILED | ERROR), ' ', [exception, { trace_mut_index | '(', { alternative_trace_mut_index, ',' }, ')' }]
jester.tests.IgnoreListTest:testReadingEmptyIgnoreValues()V ERROR java.lang.ArrayIndexOutOfBoundsException 8 
jester.tests.IgnoreListTest:testReadingIgnoreValues()V ERROR java.lang.ArrayIndexOutOfBoundsException 8 
jester.tests.IgnoreListTest:testReadingIgnoreValuesEndOfLineSpecialCase()V ERROR java.lang.ArrayIndexOutOfBoundsException 8 
jester.tests.IgnoreListTest:testReadingMultipleIgnoreValues()V ERROR java.lang.ArrayIndexOutOfBoundsException 8 
jester.tests.IgnoreListTest:testReadingMultipleIgnoreBlankLines()V ERROR java.lang.ArrayIndexOutOfBoundsException 8 
jester.tests.IgnoreListTest:testReadingIncorrectFile()V PASSED
jester.tests.TestTesterTest:testTestsMustStartOffWorking()V PASSED
jester.tests.TestTesterTest:testThatTestRunByIterator()V PASSED
jester.tests.ReportItemTest:testXmlEncoding()V ERROR java.lang.ArrayIndexOutOfBoundsException 8 14 25 
jester.tests.ReportItemTest:testLineNumberOneLine()V ERROR java.lang.ArrayIndexOutOfBoundsException 8 14 25 29 
jester.tests.ReportItemTest:testLineNumberSomeLines()V ERROR java.lang.ArrayIndexOutOfBoundsException 8 14 25 29 
jester.tests.TwoStringSwappingCodeManglerTest:testCouldntMangle()V ERROR java.lang.ArrayIndexOutOfBoundsException 8 14 (16,33) (16,33) 
jester.tests.TwoStringSwappingCodeManglerTest:testSimpleMangle1()V ERROR java.lang.ArrayIndexOutOfBoundsException 8 14 (16,33) (16,33) 
jester.tests.ReportTest:testBottomScore()V ERROR java.lang.ArrayIndexOutOfBoundsException 8 14 42 
jester.tests.ReportTest:testCantFinishDifferentFile()V ERROR java.lang.ArrayIndexOutOfBoundsException 8 14 42 
jester.tests.ReportTest:testCantStartTwoFiles()V ERROR java.lang.ArrayIndexOutOfBoundsException 8 14 42 
jester.tests.ReportTest:testChangesToSameFileOrderedByIndex()V ERROR java.lang.ArrayIndexOutOfBoundsException 8 14 42 
jester.tests.ReportTest:testFileScoreSeparateFromTotalScore()V ERROR java.lang.ArrayIndexOutOfBoundsException 8 14 42 
jester.tests.ReportTest:testInitialScore()V ERROR java.lang.NullPointerException 
jester.tests.ReportTest:testMediumScore()V ERROR java.lang.ArrayIndexOutOfBoundsException 8 14 42 
jester.tests.ReportTest:testThatChangeThatCausedTestsToFailIsNotIncluded()V ERROR java.lang.ArrayIndexOutOfBoundsException 8 14 42 
jester.tests.ReportTest:testThatChangeThatDidNotCauseTestsToFailIsIncluded()V ERROR java.lang.ArrayIndexOutOfBoundsException 8 14 42 
jester.tests.ReportTest:testTopScore()V ERROR java.lang.ArrayIndexOutOfBoundsException 8 14 42 
jester.tests.ReportTest:testTotalScoreForManyFiles()V ERROR java.lang.ArrayIndexOutOfBoundsException 8 14 42 
jester.tests.ReportTest:testFileMustBeStarted()V ERROR java.lang.NullPointerException 
jester.tests.MutationsListTest:testDefaults()V FAILED junit.framework.AssertionFailedError 41 (26,43) 
jester.tests.MutationsListTest:testReadMutations()V ERROR java.lang.ArrayIndexOutOfBoundsException 54 (26,43) 
jester.tests.MutationsListTest:testReadMutationsIgnoreBogusLinesIncludingBlankOnes()V ERROR java.lang.ArrayIndexOutOfBoundsException 54 (26,43) 
jester.tests.MainArgumentsTest:testMissingArgumentsCauseExceptionToBeThrown()V ERROR java.lang.IndexOutOfBoundsException 37 36 
jester.tests.MainArgumentsTest:testMissingFileCauseExceptionToBeThrown()V PASSED
jester.tests.MainArgumentsTest:testMandatoryArguments()V ERROR jester.JesterArgumentException 37 36 
jester.tests.MainArgumentsTest:testThatMultipleMutationDirectoriesOrFilesAreAllowed()V ERROR jester.JesterArgumentException 37 36 
jester.tests.MainArgumentsTest:testClasspathArgument()V ERROR jester.JesterArgumentException 37 36 
jester.tests.MainArgumentsTest:testThatOneCanSpecifyOptionToNotShowProgressDialog()V ERROR jester.JesterArgumentException 37 36 
jester.tests.MainArgumentsTest:testThatClasspathArgumentCanAppearFirst()V ERROR jester.JesterArgumentException 37 36 34 
jester.tests.MainArgumentsTest:testThatClasspathArgumentCanAppearSecond()V ERROR jester.JesterArgumentException 37 36 34 
jester.tests.MainArgumentsTest:testThatClasspathArgumentCanAppearLast()V ERROR jester.JesterArgumentException 37 36 34 
jester.tests.MainArgumentsTest:testThatClasspathArgumentCanAppearInMiddleOfDirectoriesBecauseThereIsNoHarmInIt()V ERROR jester.JesterArgumentException 37 36 34 
jester.tests.ConfigurationTest:testDefaults()V ERROR junit.framework.ComparisonFailure 
jester.tests.XMLReportWriterTest:testWritingChangesAsXMLHasBothGivenAndAbsoluteFilePaths()V ERROR java.lang.ArrayIndexOutOfBoundsException 8 14 
jester.tests.SimpleIntCodeManglerTest:testCouldntMangle()V ERROR java.lang.ArrayIndexOutOfBoundsException 8 14 (16,33) (16,33) 
jester.tests.SimpleIntCodeManglerTest:testContinuesIfChangeFails()V ERROR java.lang.ArrayIndexOutOfBoundsException 8 14 (16,33) (16,33) 
jester.tests.SimpleIntCodeManglerTest:testContinuesIfChangeSucceeds()V ERROR java.lang.ArrayIndexOutOfBoundsException 8 14 (16,33) (16,33) 
jester.tests.SimpleIntCodeManglerTest:testDoesntTryToChangeBadlyNamedMethodCalls()V ERROR java.lang.ArrayIndexOutOfBoundsException 8 14 (16,33) (16,33) 
jester.tests.SimpleIntCodeManglerTest:testSimpleMangle()V ERROR java.lang.ArrayIndexOutOfBoundsException 8 14 (16,33) (16,33) 
jester.tests.SimpleIntCodeManglerTest:testBug955882()V ERROR java.lang.ArrayIndexOutOfBoundsException 8 14 (16,33) (16,33) 
jester.tests.IgnoreListDocumentTest:testTextIsIgnored()V ERROR java.lang.ArrayIndexOutOfBoundsException 8 14 
jester.tests.IgnoreListDocumentTest:testTextIsIgnoredForMultipleIgnores()V ERROR java.lang.ArrayIndexOutOfBoundsException 8 14 
jester.tests.IgnoreListDocumentTest:testCharAtReturnsSpaceInsideIgnoreRegion()V ERROR java.lang.ArrayIndexOutOfBoundsException 8 14 
jester.tests.ClassTestTesterTest:testThatChangeThatFailsTestsIsNotRecorded()V ERROR java.lang.ArrayIndexOutOfBoundsException 8 14 (16,33) (16,33) 
jester.tests.ClassTestTesterTest:testThatChangeThatPassesTestsIsRecorded()V ERROR java.lang.ArrayIndexOutOfBoundsException 8 14 (16,33) (16,33) 
jester.tests.ClassTestTesterTest:testThatOriginalContentsAreNotWrittenBackIfNoChanges()V ERROR java.lang.ArrayIndexOutOfBoundsException 8 14 (16,33) (16,33) 
jester.tests.ClassTestTesterTest:testThatOriginalContentsAreWrittenBack()V ERROR java.lang.ArrayIndexOutOfBoundsException 8 14 (16,33) (16,33) 
jester.tests.ClassTestTesterTest:testThatMutationListIsUsed()V ERROR java.lang.ArrayIndexOutOfBoundsException 8 14 (16,33) (16,33) 
jester.tests.acceptancetests.VeryTestedTest:testBoolean()V PASSED
jester.tests.acceptancetests.VeryTestedTest:testConditionFalseBranch()V FAILED junit.framework.AssertionFailedError 
jester.tests.acceptancetests.VeryTestedTest:testConditionTrueBranch()V FAILED junit.framework.AssertionFailedError 
jester.tests.acceptancetests.VeryTestedTest:testDecrement()V PASSED
jester.tests.acceptancetests.VeryTestedTest:testEqual()V PASSED
jester.tests.acceptancetests.VeryTestedTest:testIncrement()V PASSED
jester.tests.acceptancetests.VeryTestedTest:testInfiniteLoop()V ERROR java.lang.ArithmeticException 27 
jester.tests.acceptancetests.VeryTestedTest:testInt()V PASSED
jester.tests.acceptancetests.VeryTestedTest:testNotEqual()V PASSED
jester.tests.functionaltests.VeryTestedTest:testNumber()V FAILED junit.framework.AssertionFailedError 

#uuts: uut_name, [ '|', mutator_class, '|', change_position_in_file_buffer, '|', change ]
jester.tests.MockMutationMaker:addExpectedMutateValues(Ljava.lang.String;Ljava.lang.String;)V
jester.TestTester:run()V
jester.RealConfiguration:compilationCommand()Ljava.lang.String;
jester.tests.MockClassIterator:iterate(Ljester.ClassTestTester;)V
jester.tests.MockClassSourceChanger:setThrowExceptionOnFirstChangeAttempt(Z)V
jester.tests.MockTestRunner:setTestsRunWithoutFailures(Z)V
jester.tests.acceptancetests.VeryTested:mustReturnOne()I
jester.tests.MockClassIterator:setExpectedIterateCalls(I)V
jester.IgnoreList:ignorePairs()Ljava.util.List; | OPERATOR | 453 | ++ -> --
jester.tests.MockClassIterator:setExpectedIterate(Ljester.ClassTestTester;)V
jester.tests.MockTestRunner:testsRunWithoutFailures()Z
jester.RealConfiguration:RealConfiguration(Ljava.lang.String;Ljava.io.PrintStream;)V
jester.RealXMLReportWriter:RealXMLReportWriter(Ljava.io.Writer;)V
jester.tests.acceptancetests.VeryTested:mustIncrement(I)I
jester.IgnoreListDocument:calculateIgnoreRegions()V
jester.tests.acceptancetests.VeryTested:mustBeEqual()Z
jester.tests.MockClassSourceChanger:setOriginalContents(Ljava.lang.String;Ljester.IgnoreList;)V
jester.IgnorePair:IgnorePair(Ljava.lang.String;Ljava.lang.String;)V
jester.RealConfiguration:stringProperty(Ljava.lang.String;Ljava.lang.String;)Ljava.lang.String; | CONDITION | 1755 | if (x) -> if (!x)
jester.tests.ReportTest:newRealReport(Ljava.io.PrintWriter;)Ljester.Report; | RETURN | 706 | return null
jester.tests.acceptancetests.VeryTested:mustNotBeEqual()Z
jester.ConfigurationException:ConfigurationException(Ljava.lang.String;)V
jester.tests.MockClassTestTester:MockClassTestTester()V
jester.JesterArgumentException:JesterArgumentException(Ljava.lang.String;)V
jester.tests.MockMutationMaker:MockMutationMaker()V
jester.tests.ReportItemTest:newReportItem(Ljava.lang.String;Ljava.lang.String;Ljava.lang.String;I)Ljester.ReportItem;
jester.RealMutationsList:visit(Ljava.io.BufferedReader;Ljester.MutationMaker;)V
jester.tests.acceptancetests.VeryTested:turnIntoInfiniteLoop()V | OPERATOR | 712 | += -> /=
jester.SourceChangeException:SourceChangeException(Ljava.lang.String;)V
jester.tests.ReportItemTest:lineNumberForCharacterIndex(Ljava.lang.String;I)I
jester.IgnoreList:IgnoreList(Ljava.lang.String;)V
jester.RealMutationsList:RealMutationsList(Ljava.lang.String;Ljava.io.PrintStream;)V
jester.tests.acceptancetests.VeryTested:mustTakeCorrectBranchFor(Z)I | CONDITION | 550 | if (x) -> if (!x)
jester.tests.MockClassSourceChanger:setOriginalContents(Ljava.lang.String;)V
jester.tests.MainArgumentsTest:checkThatClasspathArgumentCanAppearInAnyOrder([Ljava.lang.String;)V
jester.tests.MockClassSourceChanger:MockClassSourceChanger()V
jester.MainArguments:readArguments([Ljava.lang.String;)V | STATEMENT | 2177 | stmt -> ;
jester.MainArguments:setTestClassFromArguments(Ljava.util.List;)V | CONDITION | 3067 | if (x) -> if (!x)
jester.tests.MockTestRunner:MockTestRunner()V
jester.tests.functionaltests.VeryTested:mustReturnOne()I | CONSTANT | 141 | 1 -> 0
jester.tests.acceptancetests.VeryTested:mustDecrement(I)I
jester.tests.MockMutationMaker:mutate(Ljava.lang.String;Ljava.lang.String;)V | STATEMENT | 892 | stmt -> ;
jester.tests.ReportTest:startFile(Ljester.Report;Ljava.lang.String;Ljava.lang.String;)V
jester.RealMutationsList:visit(Ljester.MutationMaker;)V | STATEMENT | 1204 | stmt -> ;
jester.RealLogger:RealLogger()V
jester.tests.acceptancetests.VeryTested:mustReturnTrue()Z
jester.tests.functionaltests.VeryTested:VeryTested()V
jester.IgnoreListDocument:IgnoreListDocument(Ljava.lang.String;Ljester.IgnoreList;)V
jester.TestTester:TestTester(Ljester.TestRunner;Ljester.ClassIterator;Ljester.ClassTestTester;)V
jester.tests.MockClassIterator:verify()V
jester.tests.MockClassIterator:MockClassIterator()V
jester.MainArguments:MainArguments([Ljava.lang.String;Ljester.FileExistenceChecker;)V | STATEMENT | 867 | stmt -> ;
jester.tests.IgnoreListTest:ignorePair(Ljava.lang.String;Ljava.lang.String;)Ljester.IgnorePair; | RETURN | 2632 | return null
jester.tests.ReportTest:newRealReport()Ljester.Report; | RETURN | 579 | return null
jester.RealMutationsList:visitLine(Ljava.lang.String;Ljester.MutationMaker;)V | CONSTANT | 2363 | 1 -> 2

#matrix (1 line per test, in order of tests): { mut_index, ' ', mut_call_count, ' ' }
30 1 8 1 
52 1 30 1 8 1 17 1 
52 1 30 1 8 1 17 1 
52 1 30 1 8 1 17 1 
52 1 30 1 8 1 17 1 
21 1 28 1 30 1 8 1 
1 1 28 1 38 1 5 1 48 1 10 1 
1 1 3 1 38 1 22 1 5 1 50 1 48 1 49 1 7 1 9 1 10 1 
47 1 30 1 14 1 8 1 25 1 
47 1 29 1 30 1 14 1 8 1 25 1 
47 1 29 1 30 1 14 1 8 1 25 1 
47 1 30 1 14 1 33 1 35 1 8 1 16 1 
47 1 30 1 14 1 33 1 35 1 8 1 16 1 
47 1 53 1 30 1 14 1 42 1 8 1 
47 1 53 1 30 1 14 1 42 1 8 1 
47 1 53 1 30 1 14 1 42 1 8 1 
47 1 30 1 14 1 42 1 8 1 19 1 
47 1 53 1 30 1 14 1 42 1 8 1 
53 1 
47 1 53 1 30 1 14 1 42 1 8 1 
47 1 30 1 14 1 42 1 8 1 19 1 
47 1 30 1 14 1 42 1 8 1 19 1 
47 1 53 1 30 1 14 1 42 1 8 1 
47 1 53 1 30 1 14 1 42 1 8 1 
53 1 
0 1 41 1 24 1 43 1 31 1 
0 1 24 1 26 1 54 1 31 1 
0 1 24 1 26 1 54 1 31 1 
51 1 37 1 36 1 
51 1 37 1 23 1 36 1 
51 1 37 1 23 1 36 1 
51 1 37 1 23 1 36 1 
51 1 37 1 23 1 36 1 
51 1 37 1 23 1 36 1 
51 1 37 1 23 1 34 1 36 1 
51 1 37 1 23 1 34 1 36 1 
51 1 37 1 23 1 34 1 36 1 
51 1 37 1 23 1 34 1 36 1 
2 1 11 1 44 1 18 1 
47 1 12 1 30 1 14 1 8 1 
47 1 30 1 14 1 33 1 35 1 8 1 16 1 
47 1 4 1 30 1 14 1 33 1 35 1 8 1 16 1 
47 1 4 1 30 1 14 1 33 1 35 1 8 1 16 1 
47 1 30 1 14 1 33 1 35 1 8 1 16 1 
47 1 30 1 14 1 33 1 35 1 8 1 16 1 
47 1 30 1 14 1 33 1 35 1 8 1 16 1 
47 1 30 1 14 1 8 1 17 1 
47 1 30 1 14 1 8 1 17 1 
47 1 30 1 14 1 8 1 17 1 
47 1 38 1 5 1 30 1 14 1 33 1 35 1 8 1 16 1 
47 1 38 1 5 1 30 1 14 1 33 1 35 1 8 1 16 1 
47 1 38 1 30 1 14 1 33 1 35 1 8 1 16 1 
47 1 38 1 30 1 14 1 33 1 35 1 8 1 16 1 
47 1 38 1 30 1 14 1 33 1 35 1 8 1 16 1 
45 1 
32 1 
32 1 
40 1 
15 1 
13 1 
27 1 
6 1 
20 1 
46 1 39 1 
